Shadow Model Test
  Steps: 200000
  Seed:  3


=========================================================
  Shadow Model Test Report
=========================================================
  Steps run:         200000
  Submits:           164479
  Cancels:           21228
  Amends:            14293
  Trades produced:   41212
  Divergences total: 0  (BUG=0  KNOWN=0)

  ── Stress statistics ────────────────────────────────────
  Wall time:              1.613 s
  Throughput:             124008 steps/sec
  Cumulative trades:      41212
  Peak book orders:       77
  Peak stop orders:       652
  Peak bid levels:        22
  Peak ask levels:        18
  Max fills in one step:  21
  Sweep events (bid→0):   10534
  Sweep events (ask→0):   10456
  Book-cross violations:  0


  Result: PASS
=========================================================
