Shadow Model Test
  Steps: 200000
  Seed:  4


=========================================================
  Shadow Model Test Report
=========================================================
  Steps run:         200000
  Submits:           164417
  Cancels:           21304
  Amends:            14279
  Trades produced:   40529
  Divergences total: 0  (BUG=0  KNOWN=0)

  ── Stress statistics ────────────────────────────────────
  Wall time:              1.710 s
  Throughput:             116944 steps/sec
  Cumulative trades:      40529
  Peak book orders:       53
  Peak stop orders:       774
  Peak bid levels:        20
  Peak ask levels:        18
  Max fills in one step:  21
  Sweep events (bid→0):   10691
  Sweep events (ask→0):   10616
  Book-cross violations:  0


  Result: PASS
=========================================================
