Shadow Model Test
  Steps: 200000
  Seed:  48


=========================================================
  Shadow Model Test Report
=========================================================
  Steps run:         200000
  Submits:           164618
  Cancels:           21150
  Amends:            14232
  Trades produced:   41207
  Divergences total: 0  (BUG=0  KNOWN=0)

  ── Stress statistics ────────────────────────────────────
  Wall time:              1.290 s
  Throughput:             155095 steps/sec
  Cumulative trades:      41207
  Peak book orders:       59
  Peak stop orders:       498
  Peak bid levels:        19
  Peak ask levels:        24
  Max fills in one step:  24
  Sweep events (bid→0):   10473
  Sweep events (ask→0):   10351
  Book-cross violations:  0


  Result: PASS
=========================================================
