Shadow Model Test
  Steps: 200000
  Seed:  8


=========================================================
  Shadow Model Test Report
=========================================================
  Steps run:         200000
  Submits:           164147
  Cancels:           21402
  Amends:            14451
  Trades produced:   41068
  Divergences total: 0  (BUG=0  KNOWN=0)

  ── Stress statistics ────────────────────────────────────
  Wall time:              1.254 s
  Throughput:             159476 steps/sec
  Cumulative trades:      41068
  Peak book orders:       55
  Peak stop orders:       526
  Peak bid levels:        18
  Peak ask levels:        21
  Max fills in one step:  21
  Sweep events (bid→0):   10503
  Sweep events (ask→0):   10349
  Book-cross violations:  0


  Result: PASS
=========================================================
