Shadow Model Test
  Steps: 200000
  Seed:  42


=========================================================
  Shadow Model Test Report
=========================================================
  Steps run:         200000
  Submits:           164049
  Cancels:           21370
  Amends:            14581
  Trades produced:   41535
  Divergences total: 0  (BUG=0  KNOWN=0)

  ── Stress statistics ────────────────────────────────────
  Wall time:              1.631 s
  Throughput:             122642 steps/sec
  Cumulative trades:      41535
  Peak book orders:       48
  Peak stop orders:       753
  Peak bid levels:        16
  Peak ask levels:        19
  Max fills in one step:  22
  Sweep events (bid→0):   10515
  Sweep events (ask→0):   10509
  Book-cross violations:  0


  Result: PASS
=========================================================
