Shadow Model Test
  Steps: 200000
  Seed:  62


=========================================================
  Shadow Model Test Report
=========================================================
  Steps run:         200000
  Submits:           164514
  Cancels:           21290
  Amends:            14196
  Trades produced:   40531
  Divergences total: 0  (BUG=0  KNOWN=0)

  ── Stress statistics ────────────────────────────────────
  Wall time:              1.635 s
  Throughput:             122348 steps/sec
  Cumulative trades:      40531
  Peak book orders:       79
  Peak stop orders:       740
  Peak bid levels:        21
  Peak ask levels:        19
  Max fills in one step:  22
  Sweep events (bid→0):   10630
  Sweep events (ask→0):   10397
  Book-cross violations:  0


  Result: PASS
=========================================================
