Shadow Model Test
  Steps: 200000
  Seed:  13


=========================================================
  Shadow Model Test Report
=========================================================
  Steps run:         200000
  Submits:           164392
  Cancels:           21403
  Amends:            14205
  Trades produced:   41047
  Divergences total: 0  (BUG=0  KNOWN=0)

  ── Stress statistics ────────────────────────────────────
  Wall time:              1.493 s
  Throughput:             133923 steps/sec
  Cumulative trades:      41047
  Peak book orders:       83
  Peak stop orders:       679
  Peak bid levels:        19
  Peak ask levels:        19
  Max fills in one step:  21
  Sweep events (bid→0):   10502
  Sweep events (ask→0):   10471
  Book-cross violations:  0


  Result: PASS
=========================================================
