Shadow Model Test
  Steps: 200000
  Seed:  18


=========================================================
  Shadow Model Test Report
=========================================================
  Steps run:         200000
  Submits:           164682
  Cancels:           21117
  Amends:            14201
  Trades produced:   41034
  Divergences total: 0  (BUG=0  KNOWN=0)

  ── Stress statistics ────────────────────────────────────
  Wall time:              1.350 s
  Throughput:             148107 steps/sec
  Cumulative trades:      41034
  Peak book orders:       51
  Peak stop orders:       596
  Peak bid levels:        18
  Peak ask levels:        15
  Max fills in one step:  20
  Sweep events (bid→0):   10463
  Sweep events (ask→0):   10397
  Book-cross violations:  0


  Result: PASS
=========================================================
