Shadow Model Test
  Steps: 200000
  Seed:  32


=========================================================
  Shadow Model Test Report
=========================================================
  Steps run:         200000
  Submits:           164357
  Cancels:           21343
  Amends:            14300
  Trades produced:   40830
  Divergences total: 0  (BUG=0  KNOWN=0)

  ── Stress statistics ────────────────────────────────────
  Wall time:              1.863 s
  Throughput:             107370 steps/sec
  Cumulative trades:      40830
  Peak book orders:       67
  Peak stop orders:       879
  Peak bid levels:        20
  Peak ask levels:        19
  Max fills in one step:  23
  Sweep events (bid→0):   10652
  Sweep events (ask→0):   10476
  Book-cross violations:  0


  Result: PASS
=========================================================
