Shadow Model Test
  Steps: 200000
  Seed:  24


=========================================================
  Shadow Model Test Report
=========================================================
  Steps run:         200000
  Submits:           164572
  Cancels:           21280
  Amends:            14148
  Trades produced:   40767
  Divergences total: 0  (BUG=0  KNOWN=0)

  ── Stress statistics ────────────────────────────────────
  Wall time:              1.431 s
  Throughput:             139737 steps/sec
  Cumulative trades:      40767
  Peak book orders:       66
  Peak stop orders:       610
  Peak bid levels:        19
  Peak ask levels:        18
  Max fills in one step:  25
  Sweep events (bid→0):   10601
  Sweep events (ask→0):   10555
  Book-cross violations:  0


  Result: PASS
=========================================================
