Shadow Model Test
  Steps: 200000
  Seed:  5


=========================================================
  Shadow Model Test Report
=========================================================
  Steps run:         200000
  Submits:           164740
  Cancels:           21280
  Amends:            13980
  Trades produced:   40707
  Divergences total: 0  (BUG=0  KNOWN=0)

  ── Stress statistics ────────────────────────────────────
  Wall time:              1.621 s
  Throughput:             123409 steps/sec
  Cumulative trades:      40707
  Peak book orders:       97
  Peak stop orders:       822
  Peak bid levels:        22
  Peak ask levels:        24
  Max fills in one step:  22
  Sweep events (bid→0):   10686
  Sweep events (ask→0):   10645
  Book-cross violations:  0


  Result: PASS
=========================================================
