Shadow Model Test
  Steps: 200000
  Seed:  52


=========================================================
  Shadow Model Test Report
=========================================================
  Steps run:         200000
  Submits:           164537
  Cancels:           21201
  Amends:            14262
  Trades produced:   40975
  Divergences total: 0  (BUG=0  KNOWN=0)

  ── Stress statistics ────────────────────────────────────
  Wall time:              1.563 s
  Throughput:             127936 steps/sec
  Cumulative trades:      40975
  Peak book orders:       73
  Peak stop orders:       668
  Peak bid levels:        20
  Peak ask levels:        19
  Max fills in one step:  21
  Sweep events (bid→0):   10475
  Sweep events (ask→0):   10383
  Book-cross violations:  0


  Result: PASS
=========================================================
