Shadow Model Test
  Steps: 200000
  Seed:  40


=========================================================
  Shadow Model Test Report
=========================================================
  Steps run:         200000
  Submits:           164611
  Cancels:           21297
  Amends:            14092
  Trades produced:   40457
  Divergences total: 0  (BUG=0  KNOWN=0)

  ── Stress statistics ────────────────────────────────────
  Wall time:              1.332 s
  Throughput:             150144 steps/sec
  Cumulative trades:      40457
  Peak book orders:       42
  Peak stop orders:       592
  Peak bid levels:        17
  Peak ask levels:        18
  Max fills in one step:  20
  Sweep events (bid→0):   10635
  Sweep events (ask→0):   10520
  Book-cross violations:  0


  Result: PASS
=========================================================
