Shadow Model Test
  Steps: 200000
  Seed:  31


=========================================================
  Shadow Model Test Report
=========================================================
  Steps run:         200000
  Submits:           164628
  Cancels:           21361
  Amends:            14011
  Trades produced:   41461
  Divergences total: 0  (BUG=0  KNOWN=0)

  ── Stress statistics ────────────────────────────────────
  Wall time:              1.856 s
  Throughput:             107741 steps/sec
  Cumulative trades:      41461
  Peak book orders:       51
  Peak stop orders:       806
  Peak bid levels:        16
  Peak ask levels:        20
  Max fills in one step:  21
  Sweep events (bid→0):   10627
  Sweep events (ask→0):   10521
  Book-cross violations:  0


  Result: PASS
=========================================================
