Shadow Model Test
  Steps: 200000
  Seed:  30


=========================================================
  Shadow Model Test Report
=========================================================
  Steps run:         200000
  Submits:           164718
  Cancels:           21186
  Amends:            14096
  Trades produced:   41301
  Divergences total: 0  (BUG=0  KNOWN=0)

  ── Stress statistics ────────────────────────────────────
  Wall time:              1.730 s
  Throughput:             115637 steps/sec
  Cumulative trades:      41301
  Peak book orders:       86
  Peak stop orders:       581
  Peak bid levels:        17
  Peak ask levels:        21
  Max fills in one step:  22
  Sweep events (bid→0):   10495
  Sweep events (ask→0):   10417
  Book-cross violations:  0


  Result: PASS
=========================================================
