Shadow Model Test
  Steps: 200000
  Seed:  14


=========================================================
  Shadow Model Test Report
=========================================================
  Steps run:         200000
  Submits:           164790
  Cancels:           21190
  Amends:            14020
  Trades produced:   40790
  Divergences total: 0  (BUG=0  KNOWN=0)

  ── Stress statistics ────────────────────────────────────
  Wall time:              1.564 s
  Throughput:             127840 steps/sec
  Cumulative trades:      40790
  Peak book orders:       108
  Peak stop orders:       813
  Peak bid levels:        23
  Peak ask levels:        21
  Max fills in one step:  21
  Sweep events (bid→0):   10508
  Sweep events (ask→0):   10523
  Book-cross violations:  0


  Result: PASS
=========================================================
