Shadow Model Test
  Steps: 200000
  Seed:  58


=========================================================
  Shadow Model Test Report
=========================================================
  Steps run:         200000
  Submits:           164538
  Cancels:           21321
  Amends:            14141
  Trades produced:   40889
  Divergences total: 0  (BUG=0  KNOWN=0)

  ── Stress statistics ────────────────────────────────────
  Wall time:              1.756 s
  Throughput:             113909 steps/sec
  Cumulative trades:      40889
  Peak book orders:       76
  Peak stop orders:       754
  Peak bid levels:        22
  Peak ask levels:        20
  Max fills in one step:  20
  Sweep events (bid→0):   10461
  Sweep events (ask→0):   10561
  Book-cross violations:  0


  Result: PASS
=========================================================
