Shadow Model Test
  Steps: 200000
  Seed:  44


=========================================================
  Shadow Model Test Report
=========================================================
  Steps run:         200000
  Submits:           164377
  Cancels:           21394
  Amends:            14229
  Trades produced:   40666
  Divergences total: 0  (BUG=0  KNOWN=0)

  ── Stress statistics ────────────────────────────────────
  Wall time:              1.815 s
  Throughput:             110209 steps/sec
  Cumulative trades:      40666
  Peak book orders:       54
  Peak stop orders:       737
  Peak bid levels:        21
  Peak ask levels:        17
  Max fills in one step:  25
  Sweep events (bid→0):   10439
  Sweep events (ask→0):   10339
  Book-cross violations:  0


  Result: PASS
=========================================================
