Shadow Model Test
  Steps: 200000
  Seed:  22


=========================================================
  Shadow Model Test Report
=========================================================
  Steps run:         200000
  Submits:           164259
  Cancels:           21448
  Amends:            14293
  Trades produced:   40627
  Divergences total: 0  (BUG=0  KNOWN=0)

  ── Stress statistics ────────────────────────────────────
  Wall time:              1.539 s
  Throughput:             129971 steps/sec
  Cumulative trades:      40627
  Peak book orders:       51
  Peak stop orders:       522
  Peak bid levels:        20
  Peak ask levels:        19
  Max fills in one step:  25
  Sweep events (bid→0):   10482
  Sweep events (ask→0):   10482
  Book-cross violations:  0


  Result: PASS
=========================================================
