Shadow Model Test
  Steps: 200000
  Seed:  2


=========================================================
  Shadow Model Test Report
=========================================================
  Steps run:         200000
  Submits:           164838
  Cancels:           21126
  Amends:            14036
  Trades produced:   41291
  Divergences total: 0  (BUG=0  KNOWN=0)

  ── Stress statistics ────────────────────────────────────
  Wall time:              1.636 s
  Throughput:             122249 steps/sec
  Cumulative trades:      41291
  Peak book orders:       75
  Peak stop orders:       600
  Peak bid levels:        18
  Peak ask levels:        22
  Max fills in one step:  21
  Sweep events (bid→0):   10591
  Sweep events (ask→0):   10516
  Book-cross violations:  0


  Result: PASS
=========================================================
