Shadow Model Test
  Steps: 200000
  Seed:  17


=========================================================
  Shadow Model Test Report
=========================================================
  Steps run:         200000
  Submits:           164397
  Cancels:           21403
  Amends:            14200
  Trades produced:   40425
  Divergences total: 0  (BUG=0  KNOWN=0)

  ── Stress statistics ────────────────────────────────────
  Wall time:              1.757 s
  Throughput:             113843 steps/sec
  Cumulative trades:      40425
  Peak book orders:       62
  Peak stop orders:       777
  Peak bid levels:        19
  Peak ask levels:        19
  Max fills in one step:  24
  Sweep events (bid→0):   10330
  Sweep events (ask→0):   10474
  Book-cross violations:  0


  Result: PASS
=========================================================
