Shadow Model Test
  Steps: 200000
  Seed:  38


=========================================================
  Shadow Model Test Report
=========================================================
  Steps run:         200000
  Submits:           164615
  Cancels:           21201
  Amends:            14184
  Trades produced:   40757
  Divergences total: 0  (BUG=0  KNOWN=0)

  ── Stress statistics ────────────────────────────────────
  Wall time:              1.487 s
  Throughput:             134479 steps/sec
  Cumulative trades:      40757
  Peak book orders:       79
  Peak stop orders:       508
  Peak bid levels:        20
  Peak ask levels:        21
  Max fills in one step:  22
  Sweep events (bid→0):   10510
  Sweep events (ask→0):   10532
  Book-cross violations:  0


  Result: PASS
=========================================================
