Shadow Model Test
  Steps: 200000
  Seed:  49


=========================================================
  Shadow Model Test Report
=========================================================
  Steps run:         200000
  Submits:           164479
  Cancels:           21236
  Amends:            14285
  Trades produced:   40678
  Divergences total: 0  (BUG=0  KNOWN=0)

  ── Stress statistics ────────────────────────────────────
  Wall time:              1.920 s
  Throughput:             104162 steps/sec
  Cumulative trades:      40678
  Peak book orders:       89
  Peak stop orders:       768
  Peak bid levels:        23
  Peak ask levels:        20
  Max fills in one step:  25
  Sweep events (bid→0):   10480
  Sweep events (ask→0):   10576
  Book-cross violations:  0


  Result: PASS
=========================================================
