Shadow Model Test
  Steps: 200000
  Seed:  19


=========================================================
  Shadow Model Test Report
=========================================================
  Steps run:         200000
  Submits:           164308
  Cancels:           21506
  Amends:            14186
  Trades produced:   40908
  Divergences total: 0  (BUG=0  KNOWN=0)

  ── Stress statistics ────────────────────────────────────
  Wall time:              1.369 s
  Throughput:             146128 steps/sec
  Cumulative trades:      40908
  Peak book orders:       71
  Peak stop orders:       548
  Peak bid levels:        20
  Peak ask levels:        19
  Max fills in one step:  21
  Sweep events (bid→0):   10518
  Sweep events (ask→0):   10348
  Book-cross violations:  0


  Result: PASS
=========================================================
