Shadow Model Test
  Steps: 200000
  Seed:  55


=========================================================
  Shadow Model Test Report
=========================================================
  Steps run:         200000
  Submits:           164223
  Cancels:           21424
  Amends:            14353
  Trades produced:   40869
  Divergences total: 0  (BUG=0  KNOWN=0)

  ── Stress statistics ────────────────────────────────────
  Wall time:              1.891 s
  Throughput:             105772 steps/sec
  Cumulative trades:      40869
  Peak book orders:       75
  Peak stop orders:       939
  Peak bid levels:        20
  Peak ask levels:        20
  Max fills in one step:  22
  Sweep events (bid→0):   10499
  Sweep events (ask→0):   10449
  Book-cross violations:  0


  Result: PASS
=========================================================
