Shadow Model Test
  Steps: 200000
  Seed:  50


=========================================================
  Shadow Model Test Report
=========================================================
  Steps run:         200000
  Submits:           164685
  Cancels:           21133
  Amends:            14182
  Trades produced:   41253
  Divergences total: 0  (BUG=0  KNOWN=0)

  ── Stress statistics ────────────────────────────────────
  Wall time:              1.600 s
  Throughput:             125034 steps/sec
  Cumulative trades:      41253
  Peak book orders:       71
  Peak stop orders:       583
  Peak bid levels:        20
  Peak ask levels:        20
  Max fills in one step:  29
  Sweep events (bid→0):   10519
  Sweep events (ask→0):   10466
  Book-cross violations:  0


  Result: PASS
=========================================================
