Shadow Model Test
  Steps: 200000
  Seed:  64


=========================================================
  Shadow Model Test Report
=========================================================
  Steps run:         200000
  Submits:           164688
  Cancels:           21310
  Amends:            14002
  Trades produced:   40525
  Divergences total: 0  (BUG=0  KNOWN=0)

  ── Stress statistics ────────────────────────────────────
  Wall time:              1.230 s
  Throughput:             162601 steps/sec
  Cumulative trades:      40525
  Peak book orders:       57
  Peak stop orders:       419
  Peak bid levels:        21
  Peak ask levels:        18
  Max fills in one step:  22
  Sweep events (bid→0):   10580
  Sweep events (ask→0):   10550
  Book-cross violations:  0


  Result: PASS
=========================================================
