Shadow Model Test
  Steps: 250000
  Seed:  98


=========================================================
  Shadow Model Test Report
=========================================================
  Steps run:         250000
  Submits:           205445
  Cancels:           26624
  Amends:            17931
  Trades produced:   51027
  Divergences total: 0  (BUG=0  KNOWN=0)

  ── Stress statistics ────────────────────────────────────
  Wall time:              2.141 s
  Throughput:             116743 steps/sec
  Cumulative trades:      51027
  Peak book orders:       98
  Peak stop orders:       813
  Peak bid levels:        19
  Peak ask levels:        19
  Max fills in one step:  21
  Sweep events (bid→0):   12827
  Sweep events (ask→0):   13202
  Book-cross violations:  0


  Result: PASS
=========================================================
