Shadow Model Test
  Steps: 250000
  Seed:  27


=========================================================
  Shadow Model Test Report
=========================================================
  Steps run:         250000
  Submits:           205515
  Cancels:           26667
  Amends:            17818
  Trades produced:   50958
  Divergences total: 0  (BUG=0  KNOWN=0)

  ── Stress statistics ────────────────────────────────────
  Wall time:              2.188 s
  Throughput:             114235 steps/sec
  Cumulative trades:      50958
  Peak book orders:       84
  Peak stop orders:       788
  Peak bid levels:        21
  Peak ask levels:        20
  Max fills in one step:  27
  Sweep events (bid→0):   13169
  Sweep events (ask→0):   12922
  Book-cross violations:  0


  Result: PASS
=========================================================
