Shadow Model Test
  Steps: 250000
  Seed:  206


=========================================================
  Shadow Model Test Report
=========================================================
  Steps run:         250000
  Submits:           205698
  Cancels:           26436
  Amends:            17866
  Trades produced:   51480
  Divergences total: 0  (BUG=0  KNOWN=0)

  ── Stress statistics ────────────────────────────────────
  Wall time:              1.862 s
  Throughput:             134246 steps/sec
  Cumulative trades:      51480
  Peak book orders:       65
  Peak stop orders:       633
  Peak bid levels:        23
  Peak ask levels:        21
  Max fills in one step:  22
  Sweep events (bid→0):   13109
  Sweep events (ask→0):   12960
  Book-cross violations:  0


  Result: PASS
=========================================================
