Shadow Model Test
  Steps: 250000
  Seed:  118


=========================================================
  Shadow Model Test Report
=========================================================
  Steps run:         250000
  Submits:           205444
  Cancels:           26731
  Amends:            17825
  Trades produced:   51344
  Divergences total: 0  (BUG=0  KNOWN=0)

  ── Stress statistics ────────────────────────────────────
  Wall time:              1.869 s
  Throughput:             133745 steps/sec
  Cumulative trades:      51344
  Peak book orders:       51
  Peak stop orders:       646
  Peak bid levels:        21
  Peak ask levels:        20
  Max fills in one step:  21
  Sweep events (bid→0):   13192
  Sweep events (ask→0):   13107
  Book-cross violations:  0


  Result: PASS
=========================================================
