Shadow Model Test
  Steps: 250000
  Seed:  123


=========================================================
  Shadow Model Test Report
=========================================================
  Steps run:         250000
  Submits:           205791
  Cancels:           26525
  Amends:            17684
  Trades produced:   51857
  Divergences total: 0  (BUG=0  KNOWN=0)

  ── Stress statistics ────────────────────────────────────
  Wall time:              2.244 s
  Throughput:             111401 steps/sec
  Cumulative trades:      51857
  Peak book orders:       117
  Peak stop orders:       857
  Peak bid levels:        19
  Peak ask levels:        21
  Max fills in one step:  24
  Sweep events (bid→0):   13333
  Sweep events (ask→0):   13192
  Book-cross violations:  0


  Result: PASS
=========================================================
