Shadow Model Test
  Steps: 250000
  Seed:  200


=========================================================
  Shadow Model Test Report
=========================================================
  Steps run:         250000
  Submits:           205668
  Cancels:           26621
  Amends:            17711
  Trades produced:   51050
  Divergences total: 0  (BUG=0  KNOWN=0)

  ── Stress statistics ────────────────────────────────────
  Wall time:              2.041 s
  Throughput:             122475 steps/sec
  Cumulative trades:      51050
  Peak book orders:       84
  Peak stop orders:       648
  Peak bid levels:        22
  Peak ask levels:        16
  Max fills in one step:  22
  Sweep events (bid→0):   13178
  Sweep events (ask→0):   13069
  Book-cross violations:  0


  Result: PASS
=========================================================
