Shadow Model Test
  Steps: 250000
  Seed:  8


=========================================================
  Shadow Model Test Report
=========================================================
  Steps run:         250000
  Submits:           205117
  Cancels:           26715
  Amends:            18168
  Trades produced:   51343
  Divergences total: 0  (BUG=0  KNOWN=0)

  ── Stress statistics ────────────────────────────────────
  Wall time:              1.848 s
  Throughput:             135266 steps/sec
  Cumulative trades:      51343
  Peak book orders:       55
  Peak stop orders:       773
  Peak bid levels:        18
  Peak ask levels:        21
  Max fills in one step:  21
  Sweep events (bid→0):   13104
  Sweep events (ask→0):   12966
  Book-cross violations:  0


  Result: PASS
=========================================================
