Shadow Model Test
  Steps: 250000
  Seed:  255


=========================================================
  Shadow Model Test Report
=========================================================
  Steps run:         250000
  Submits:           205616
  Cancels:           26792
  Amends:            17592
  Trades produced:   50919
  Divergences total: 0  (BUG=0  KNOWN=0)

  ── Stress statistics ────────────────────────────────────
  Wall time:              2.007 s
  Throughput:             124590 steps/sec
  Cumulative trades:      50919
  Peak book orders:       54
  Peak stop orders:       689
  Peak bid levels:        19
  Peak ask levels:        18
  Max fills in one step:  25
  Sweep events (bid→0):   13305
  Sweep events (ask→0):   13219
  Book-cross violations:  0


  Result: PASS
=========================================================
