Shadow Model Test
  Steps: 250000
  Seed:  239


=========================================================
  Shadow Model Test Report
=========================================================
  Steps run:         250000
  Submits:           205565
  Cancels:           26786
  Amends:            17649
  Trades produced:   50953
  Divergences total: 0  (BUG=0  KNOWN=0)

  ── Stress statistics ────────────────────────────────────
  Wall time:              1.866 s
  Throughput:             133942 steps/sec
  Cumulative trades:      50953
  Peak book orders:       90
  Peak stop orders:       731
  Peak bid levels:        23
  Peak ask levels:        22
  Max fills in one step:  22
  Sweep events (bid→0):   13158
  Sweep events (ask→0):   13065
  Book-cross violations:  0


  Result: PASS
=========================================================
