Shadow Model Test
  Steps: 250000
  Seed:  211


=========================================================
  Shadow Model Test Report
=========================================================
  Steps run:         250000
  Submits:           205632
  Cancels:           26563
  Amends:            17805
  Trades produced:   51240
  Divergences total: 0  (BUG=0  KNOWN=0)

  ── Stress statistics ────────────────────────────────────
  Wall time:              1.973 s
  Throughput:             126720 steps/sec
  Cumulative trades:      51240
  Peak book orders:       56
  Peak stop orders:       572
  Peak bid levels:        21
  Peak ask levels:        21
  Max fills in one step:  19
  Sweep events (bid→0):   13020
  Sweep events (ask→0):   13169
  Book-cross violations:  0


  Result: PASS
=========================================================
