Shadow Model Test
  Steps: 250000
  Seed:  168


=========================================================
  Shadow Model Test Report
=========================================================
  Steps run:         250000
  Submits:           205595
  Cancels:           26673
  Amends:            17732
  Trades produced:   51060
  Divergences total: 0  (BUG=0  KNOWN=0)

  ── Stress statistics ────────────────────────────────────
  Wall time:              2.678 s
  Throughput:             93340 steps/sec
  Cumulative trades:      51060
  Peak book orders:       64
  Peak stop orders:       1104
  Peak bid levels:        17
  Peak ask levels:        20
  Max fills in one step:  23
  Sweep events (bid→0):   13153
  Sweep events (ask→0):   13010
  Book-cross violations:  0


  Result: PASS
=========================================================
