Shadow Model Test
  Steps: 250000
  Seed:  174


=========================================================
  Shadow Model Test Report
=========================================================
  Steps run:         250000
  Submits:           205799
  Cancels:           26466
  Amends:            17735
  Trades produced:   51247
  Divergences total: 0  (BUG=0  KNOWN=0)

  ── Stress statistics ────────────────────────────────────
  Wall time:              2.115 s
  Throughput:             118189 steps/sec
  Cumulative trades:      51247
  Peak book orders:       102
  Peak stop orders:       628
  Peak bid levels:        16
  Peak ask levels:        20
  Max fills in one step:  28
  Sweep events (bid→0):   12978
  Sweep events (ask→0):   12945
  Book-cross violations:  0


  Result: PASS
=========================================================
