Shadow Model Test
  Steps: 250000
  Seed:  235


=========================================================
  Shadow Model Test Report
=========================================================
  Steps run:         250000
  Submits:           205467
  Cancels:           26570
  Amends:            17963
  Trades produced:   51305
  Divergences total: 0  (BUG=0  KNOWN=0)

  ── Stress statistics ────────────────────────────────────
  Wall time:              1.936 s
  Throughput:             129114 steps/sec
  Cumulative trades:      51305
  Peak book orders:       91
  Peak stop orders:       689
  Peak bid levels:        19
  Peak ask levels:        24
  Max fills in one step:  24
  Sweep events (bid→0):   12959
  Sweep events (ask→0):   13269
  Book-cross violations:  0


  Result: PASS
=========================================================
