Shadow Model Test
  Steps: 250000
  Seed:  146


=========================================================
  Shadow Model Test Report
=========================================================
  Steps run:         250000
  Submits:           205457
  Cancels:           26476
  Amends:            18067
  Trades produced:   51264
  Divergences total: 0  (BUG=0  KNOWN=0)

  ── Stress statistics ────────────────────────────────────
  Wall time:              1.927 s
  Throughput:             129756 steps/sec
  Cumulative trades:      51264
  Peak book orders:       81
  Peak stop orders:       663
  Peak bid levels:        22
  Peak ask levels:        20
  Max fills in one step:  31
  Sweep events (bid→0):   12923
  Sweep events (ask→0):   12942
  Book-cross violations:  0


  Result: PASS
=========================================================
