Shadow Model Test
  Steps: 250000
  Seed:  94


=========================================================
  Shadow Model Test Report
=========================================================
  Steps run:         250000
  Submits:           205674
  Cancels:           26462
  Amends:            17864
  Trades produced:   51410
  Divergences total: 0  (BUG=0  KNOWN=0)

  ── Stress statistics ────────────────────────────────────
  Wall time:              2.892 s
  Throughput:             86454 steps/sec
  Cumulative trades:      51410
  Peak book orders:       74
  Peak stop orders:       1092
  Peak bid levels:        20
  Peak ask levels:        21
  Max fills in one step:  23
  Sweep events (bid→0):   13070
  Sweep events (ask→0):   13112
  Book-cross violations:  0


  Result: PASS
=========================================================
