Shadow Model Test
  Steps: 250000
  Seed:  20


=========================================================
  Shadow Model Test Report
=========================================================
  Steps run:         250000
  Submits:           205636
  Cancels:           26540
  Amends:            17824
  Trades produced:   51307
  Divergences total: 0  (BUG=0  KNOWN=0)

  ── Stress statistics ────────────────────────────────────
  Wall time:              2.287 s
  Throughput:             109309 steps/sec
  Cumulative trades:      51307
  Peak book orders:       77
  Peak stop orders:       687
  Peak bid levels:        21
  Peak ask levels:        19
  Max fills in one step:  25
  Sweep events (bid→0):   13139
  Sweep events (ask→0):   13088
  Book-cross violations:  0


  Result: PASS
=========================================================
