Shadow Model Test
  Steps: 250000
  Seed:  32


=========================================================
  Shadow Model Test Report
=========================================================
  Steps run:         250000
  Submits:           205346
  Cancels:           26751
  Amends:            17903
  Trades produced:   51088
  Divergences total: 0  (BUG=0  KNOWN=0)

  ── Stress statistics ────────────────────────────────────
  Wall time:              2.504 s
  Throughput:             99841 steps/sec
  Cumulative trades:      51088
  Peak book orders:       77
  Peak stop orders:       955
  Peak bid levels:        22
  Peak ask levels:        19
  Max fills in one step:  27
  Sweep events (bid→0):   13275
  Sweep events (ask→0):   13019
  Book-cross violations:  0


  Result: PASS
=========================================================
