Shadow Model Test
  Steps: 250000
  Seed:  120


=========================================================
  Shadow Model Test Report
=========================================================
  Steps run:         250000
  Submits:           205799
  Cancels:           26391
  Amends:            17810
  Trades produced:   51020
  Divergences total: 0  (BUG=0  KNOWN=0)

  ── Stress statistics ────────────────────────────────────
  Wall time:              2.134 s
  Throughput:             117137 steps/sec
  Cumulative trades:      51020
  Peak book orders:       51
  Peak stop orders:       699
  Peak bid levels:        21
  Peak ask levels:        17
  Max fills in one step:  20
  Sweep events (bid→0):   13237
  Sweep events (ask→0):   13140
  Book-cross violations:  0


  Result: PASS
=========================================================
