Shadow Model Test
  Steps: 250000
  Seed:  58


=========================================================
  Shadow Model Test Report
=========================================================
  Steps run:         250000
  Submits:           205621
  Cancels:           26647
  Amends:            17732
  Trades produced:   51200
  Divergences total: 0  (BUG=0  KNOWN=0)

  ── Stress statistics ────────────────────────────────────
  Wall time:              2.167 s
  Throughput:             115367 steps/sec
  Cumulative trades:      51200
  Peak book orders:       78
  Peak stop orders:       754
  Peak bid levels:        22
  Peak ask levels:        20
  Max fills in one step:  20
  Sweep events (bid→0):   13060
  Sweep events (ask→0):   13177
  Book-cross violations:  0


  Result: PASS
=========================================================
