Shadow Model Test
  Steps: 250000
  Seed:  22


=========================================================
  Shadow Model Test Report
=========================================================
  Steps run:         250000
  Submits:           205433
  Cancels:           26708
  Amends:            17859
  Trades produced:   51131
  Divergences total: 0  (BUG=0  KNOWN=0)

  ── Stress statistics ────────────────────────────────────
  Wall time:              2.011 s
  Throughput:             124347 steps/sec
  Cumulative trades:      51131
  Peak book orders:       51
  Peak stop orders:       638
  Peak bid levels:        20
  Peak ask levels:        19
  Max fills in one step:  25
  Sweep events (bid→0):   13150
  Sweep events (ask→0):   13046
  Book-cross violations:  0


  Result: PASS
=========================================================
