Shadow Model Test
  Steps: 250000
  Seed:  251


=========================================================
  Shadow Model Test Report
=========================================================
  Steps run:         250000
  Submits:           205533
  Cancels:           26498
  Amends:            17969
  Trades produced:   51102
  Divergences total: 0  (BUG=0  KNOWN=0)

  ── Stress statistics ────────────────────────────────────
  Wall time:              3.159 s
  Throughput:             79143 steps/sec
  Cumulative trades:      51102
  Peak book orders:       51
  Peak stop orders:       1188
  Peak bid levels:        21
  Peak ask levels:        19
  Max fills in one step:  23
  Sweep events (bid→0):   13230
  Sweep events (ask→0):   13054
  Book-cross violations:  0


  Result: PASS
=========================================================
