Shadow Model Test
  Steps: 250000
  Seed:  216


=========================================================
  Shadow Model Test Report
=========================================================
  Steps run:         250000
  Submits:           205743
  Cancels:           26597
  Amends:            17660
  Trades produced:   51444
  Divergences total: 0  (BUG=0  KNOWN=0)

  ── Stress statistics ────────────────────────────────────
  Wall time:              1.938 s
  Throughput:             129030 steps/sec
  Cumulative trades:      51444
  Peak book orders:       68
  Peak stop orders:       777
  Peak bid levels:        21
  Peak ask levels:        21
  Max fills in one step:  23
  Sweep events (bid→0):   13132
  Sweep events (ask→0):   13134
  Book-cross violations:  0


  Result: PASS
=========================================================
