Shadow Model Test
  Steps: 250000
  Seed:  101


=========================================================
  Shadow Model Test Report
=========================================================
  Steps run:         250000
  Submits:           205506
  Cancels:           26819
  Amends:            17675
  Trades produced:   51060
  Divergences total: 0  (BUG=0  KNOWN=0)

  ── Stress statistics ────────────────────────────────────
  Wall time:              1.788 s
  Throughput:             139859 steps/sec
  Cumulative trades:      51060
  Peak book orders:       71
  Peak stop orders:       572
  Peak bid levels:        23
  Peak ask levels:        18
  Max fills in one step:  21
  Sweep events (bid→0):   13154
  Sweep events (ask→0):   13166
  Book-cross violations:  0


  Result: PASS
=========================================================
