Shadow Model Test
  Steps: 250000
  Seed:  17


=========================================================
  Shadow Model Test Report
=========================================================
  Steps run:         250000
  Submits:           205466
  Cancels:           26714
  Amends:            17820
  Trades produced:   50853
  Divergences total: 0  (BUG=0  KNOWN=0)

  ── Stress statistics ────────────────────────────────────
  Wall time:              2.346 s
  Throughput:             106547 steps/sec
  Cumulative trades:      50853
  Peak book orders:       145
  Peak stop orders:       1015
  Peak bid levels:        21
  Peak ask levels:        23
  Max fills in one step:  26
  Sweep events (bid→0):   12963
  Sweep events (ask→0):   13036
  Book-cross violations:  0


  Result: PASS
=========================================================
