Shadow Model Test
  Steps: 250000
  Seed:  88


=========================================================
  Shadow Model Test Report
=========================================================
  Steps run:         250000
  Submits:           206071
  Cancels:           26327
  Amends:            17602
  Trades produced:   51577
  Divergences total: 0  (BUG=0  KNOWN=0)

  ── Stress statistics ────────────────────────────────────
  Wall time:              1.920 s
  Throughput:             130237 steps/sec
  Cumulative trades:      51577
  Peak book orders:       68
  Peak stop orders:       594
  Peak bid levels:        20
  Peak ask levels:        19
  Max fills in one step:  24
  Sweep events (bid→0):   13116
  Sweep events (ask→0):   13009
  Book-cross violations:  0


  Result: PASS
=========================================================
