Shadow Model Test
  Steps: 250000
  Seed:  40


=========================================================
  Shadow Model Test Report
=========================================================
  Steps run:         250000
  Submits:           205842
  Cancels:           26595
  Amends:            17563
  Trades produced:   50782
  Divergences total: 0  (BUG=0  KNOWN=0)

  ── Stress statistics ────────────────────────────────────
  Wall time:              1.955 s
  Throughput:             127847 steps/sec
  Cumulative trades:      50782
  Peak book orders:       48
  Peak stop orders:       829
  Peak bid levels:        17
  Peak ask levels:        18
  Max fills in one step:  20
  Sweep events (bid→0):   13276
  Sweep events (ask→0):   13192
  Book-cross violations:  0


  Result: PASS
=========================================================
