Shadow Model Test
  Steps: 250000
  Seed:  46


=========================================================
  Shadow Model Test Report
=========================================================
  Steps run:         250000
  Submits:           205685
  Cancels:           26580
  Amends:            17735
  Trades produced:   51314
  Divergences total: 0  (BUG=0  KNOWN=0)

  ── Stress statistics ────────────────────────────────────
  Wall time:              2.156 s
  Throughput:             115931 steps/sec
  Cumulative trades:      51314
  Peak book orders:       86
  Peak stop orders:       856
  Peak bid levels:        23
  Peak ask levels:        21
  Max fills in one step:  21
  Sweep events (bid→0):   13192
  Sweep events (ask→0):   13141
  Book-cross violations:  0


  Result: PASS
=========================================================
