Shadow Model Test
  Steps: 250000
  Seed:  25


=========================================================
  Shadow Model Test Report
=========================================================
  Steps run:         250000
  Submits:           205566
  Cancels:           26634
  Amends:            17800
  Trades produced:   50874
  Divergences total: 0  (BUG=0  KNOWN=0)

  ── Stress statistics ────────────────────────────────────
  Wall time:              1.739 s
  Throughput:             143761 steps/sec
  Cumulative trades:      50874
  Peak book orders:       67
  Peak stop orders:       614
  Peak bid levels:        19
  Peak ask levels:        21
  Max fills in one step:  24
  Sweep events (bid→0):   13356
  Sweep events (ask→0):   13074
  Book-cross violations:  0


  Result: PASS
=========================================================
