Shadow Model Test
  Steps: 250000
  Seed:  114


=========================================================
  Shadow Model Test Report
=========================================================
  Steps run:         250000
  Submits:           205728
  Cancels:           26560
  Amends:            17712
  Trades produced:   51455
  Divergences total: 0  (BUG=0  KNOWN=0)

  ── Stress statistics ────────────────────────────────────
  Wall time:              1.915 s
  Throughput:             130546 steps/sec
  Cumulative trades:      51455
  Peak book orders:       69
  Peak stop orders:       671
  Peak bid levels:        23
  Peak ask levels:        18
  Max fills in one step:  21
  Sweep events (bid→0):   13209
  Sweep events (ask→0):   13106
  Book-cross violations:  0


  Result: PASS
=========================================================
