Shadow Model Test
  Steps: 250000
  Seed:  48


=========================================================
  Shadow Model Test Report
=========================================================
  Steps run:         250000
  Submits:           205800
  Cancels:           26449
  Amends:            17751
  Trades produced:   51543
  Divergences total: 0  (BUG=0  KNOWN=0)

  ── Stress statistics ────────────────────────────────────
  Wall time:              1.706 s
  Throughput:             146519 steps/sec
  Cumulative trades:      51543
  Peak book orders:       59
  Peak stop orders:       498
  Peak bid levels:        19
  Peak ask levels:        24
  Max fills in one step:  24
  Sweep events (bid→0):   13043
  Sweep events (ask→0):   13031
  Book-cross violations:  0


  Result: PASS
=========================================================
