Shadow Model Test
  Steps: 250000
  Seed:  177


=========================================================
  Shadow Model Test Report
=========================================================
  Steps run:         250000
  Submits:           205788
  Cancels:           26547
  Amends:            17665
  Trades produced:   51355
  Divergences total: 0  (BUG=0  KNOWN=0)

  ── Stress statistics ────────────────────────────────────
  Wall time:              1.751 s
  Throughput:             142805 steps/sec
  Cumulative trades:      51355
  Peak book orders:       89
  Peak stop orders:       681
  Peak bid levels:        23
  Peak ask levels:        21
  Max fills in one step:  21
  Sweep events (bid→0):   13100
  Sweep events (ask→0):   13208
  Book-cross violations:  0


  Result: PASS
=========================================================
