Shadow Model Test
  Steps: 250000
  Seed:  133


=========================================================
  Shadow Model Test Report
=========================================================
  Steps run:         250000
  Submits:           205649
  Cancels:           26703
  Amends:            17648
  Trades produced:   50155
  Divergences total: 0  (BUG=0  KNOWN=0)

  ── Stress statistics ────────────────────────────────────
  Wall time:              2.283 s
  Throughput:             109517 steps/sec
  Cumulative trades:      50155
  Peak book orders:       65
  Peak stop orders:       751
  Peak bid levels:        18
  Peak ask levels:        18
  Max fills in one step:  22
  Sweep events (bid→0):   13334
  Sweep events (ask→0):   12963
  Book-cross violations:  0


  Result: PASS
=========================================================
