Shadow Model Test
  Steps: 250000
  Seed:  245


=========================================================
  Shadow Model Test Report
=========================================================
  Steps run:         250000
  Submits:           205455
  Cancels:           26789
  Amends:            17756
  Trades produced:   51496
  Divergences total: 0  (BUG=0  KNOWN=0)

  ── Stress statistics ────────────────────────────────────
  Wall time:              1.801 s
  Throughput:             138806 steps/sec
  Cumulative trades:      51496
  Peak book orders:       49
  Peak stop orders:       584
  Peak bid levels:        17
  Peak ask levels:        20
  Max fills in one step:  20
  Sweep events (bid→0):   13324
  Sweep events (ask→0):   12989
  Book-cross violations:  0


  Result: PASS
=========================================================
