Shadow Model Test
  Steps: 250000
  Seed:  54


=========================================================
  Shadow Model Test Report
=========================================================
  Steps run:         250000
  Submits:           205806
  Cancels:           26583
  Amends:            17611
  Trades produced:   50863
  Divergences total: 0  (BUG=0  KNOWN=0)

  ── Stress statistics ────────────────────────────────────
  Wall time:              2.269 s
  Throughput:             110181 steps/sec
  Cumulative trades:      50863
  Peak book orders:       64
  Peak stop orders:       700
  Peak bid levels:        22
  Peak ask levels:        20
  Max fills in one step:  24
  Sweep events (bid→0):   13185
  Sweep events (ask→0):   13247
  Book-cross violations:  0


  Result: PASS
=========================================================
