Shadow Model Test
  Steps: 250000
  Seed:  159


=========================================================
  Shadow Model Test Report
=========================================================
  Steps run:         250000
  Submits:           205557
  Cancels:           26575
  Amends:            17868
  Trades produced:   51397
  Divergences total: 0  (BUG=0  KNOWN=0)

  ── Stress statistics ────────────────────────────────────
  Wall time:              2.827 s
  Throughput:             88429 steps/sec
  Cumulative trades:      51397
  Peak book orders:       101
  Peak stop orders:       1063
  Peak bid levels:        20
  Peak ask levels:        17
  Max fills in one step:  20
  Sweep events (bid→0):   12984
  Sweep events (ask→0):   12962
  Book-cross violations:  0


  Result: PASS
=========================================================
