Shadow Model Test
  Steps: 250000
  Seed:  131


=========================================================
  Shadow Model Test Report
=========================================================
  Steps run:         250000
  Submits:           205685
  Cancels:           26553
  Amends:            17762
  Trades produced:   51414
  Divergences total: 0  (BUG=0  KNOWN=0)

  ── Stress statistics ────────────────────────────────────
  Wall time:              2.041 s
  Throughput:             122505 steps/sec
  Cumulative trades:      51414
  Peak book orders:       64
  Peak stop orders:       708
  Peak bid levels:        20
  Peak ask levels:        18
  Max fills in one step:  22
  Sweep events (bid→0):   13141
  Sweep events (ask→0):   13127
  Book-cross violations:  0


  Result: PASS
=========================================================
