Shadow Model Test
  Steps: 250000
  Seed:  173


=========================================================
  Shadow Model Test Report
=========================================================
  Steps run:         250000
  Submits:           205624
  Cancels:           26674
  Amends:            17702
  Trades produced:   51288
  Divergences total: 0  (BUG=0  KNOWN=0)

  ── Stress statistics ────────────────────────────────────
  Wall time:              2.495 s
  Throughput:             100216 steps/sec
  Cumulative trades:      51288
  Peak book orders:       92
  Peak stop orders:       902
  Peak bid levels:        21
  Peak ask levels:        24
  Max fills in one step:  21
  Sweep events (bid→0):   13120
  Sweep events (ask→0):   13066
  Book-cross violations:  0


  Result: PASS
=========================================================
