Shadow Model Test
  Steps: 250000
  Seed:  187


=========================================================
  Shadow Model Test Report
=========================================================
  Steps run:         250000
  Submits:           205694
  Cancels:           26584
  Amends:            17722
  Trades produced:   51648
  Divergences total: 0  (BUG=0  KNOWN=0)

  ── Stress statistics ────────────────────────────────────
  Wall time:              2.049 s
  Throughput:             122026 steps/sec
  Cumulative trades:      51648
  Peak book orders:       72
  Peak stop orders:       691
  Peak bid levels:        25
  Peak ask levels:        22
  Max fills in one step:  43
  Sweep events (bid→0):   13099
  Sweep events (ask→0):   13078
  Book-cross violations:  0


  Result: PASS
=========================================================
