Shadow Model Test
  Steps: 250000
  Seed:  244


=========================================================
  Shadow Model Test Report
=========================================================
  Steps run:         250000
  Submits:           205698
  Cancels:           26755
  Amends:            17547
  Trades produced:   50732
  Divergences total: 0  (BUG=0  KNOWN=0)

  ── Stress statistics ────────────────────────────────────
  Wall time:              2.500 s
  Throughput:             99998 steps/sec
  Cumulative trades:      50732
  Peak book orders:       89
  Peak stop orders:       959
  Peak bid levels:        20
  Peak ask levels:        16
  Max fills in one step:  20
  Sweep events (bid→0):   13213
  Sweep events (ask→0):   13286
  Book-cross violations:  0


  Result: PASS
=========================================================
