Shadow Model Test
  Steps: 250000
  Seed:  195


=========================================================
  Shadow Model Test Report
=========================================================
  Steps run:         250000
  Submits:           205921
  Cancels:           26578
  Amends:            17501
  Trades produced:   50943
  Divergences total: 0  (BUG=0  KNOWN=0)

  ── Stress statistics ────────────────────────────────────
  Wall time:              1.926 s
  Throughput:             129798 steps/sec
  Cumulative trades:      50943
  Peak book orders:       96
  Peak stop orders:       700
  Peak bid levels:        23
  Peak ask levels:        21
  Max fills in one step:  23
  Sweep events (bid→0):   13181
  Sweep events (ask→0):   13131
  Book-cross violations:  0


  Result: PASS
=========================================================
