Shadow Model Test
  Steps: 250000
  Seed:  194


=========================================================
  Shadow Model Test Report
=========================================================
  Steps run:         250000
  Submits:           205554
  Cancels:           26622
  Amends:            17824
  Trades produced:   51243
  Divergences total: 0  (BUG=0  KNOWN=0)

  ── Stress statistics ────────────────────────────────────
  Wall time:              2.172 s
  Throughput:             115109 steps/sec
  Cumulative trades:      51243
  Peak book orders:       61
  Peak stop orders:       877
  Peak bid levels:        18
  Peak ask levels:        23
  Max fills in one step:  22
  Sweep events (bid→0):   13027
  Sweep events (ask→0):   12980
  Book-cross violations:  0


  Result: PASS
=========================================================
