Shadow Model Test
  Steps: 250000
  Seed:  210


=========================================================
  Shadow Model Test Report
=========================================================
  Steps run:         250000
  Submits:           205867
  Cancels:           26416
  Amends:            17717
  Trades produced:   50873
  Divergences total: 0  (BUG=0  KNOWN=0)

  ── Stress statistics ────────────────────────────────────
  Wall time:              2.370 s
  Throughput:             105495 steps/sec
  Cumulative trades:      50873
  Peak book orders:       86
  Peak stop orders:       813
  Peak bid levels:        20
  Peak ask levels:        23
  Max fills in one step:  21
  Sweep events (bid→0):   13210
  Sweep events (ask→0):   13162
  Book-cross violations:  0


  Result: PASS
=========================================================
