Shadow Model Test
  Steps: 250000
  Seed:  246


=========================================================
  Shadow Model Test Report
=========================================================
  Steps run:         250000
  Submits:           205580
  Cancels:           26674
  Amends:            17746
  Trades produced:   50804
  Divergences total: 0  (BUG=0  KNOWN=0)

  ── Stress statistics ────────────────────────────────────
  Wall time:              1.856 s
  Throughput:             134690 steps/sec
  Cumulative trades:      50804
  Peak book orders:       64
  Peak stop orders:       545
  Peak bid levels:        21
  Peak ask levels:        21
  Max fills in one step:  24
  Sweep events (bid→0):   13154
  Sweep events (ask→0):   12986
  Book-cross violations:  0


  Result: PASS
=========================================================
