Shadow Model Test
  Steps: 250000
  Seed:  64


=========================================================
  Shadow Model Test Report
=========================================================
  Steps run:         250000
  Submits:           205729
  Cancels:           26680
  Amends:            17591
  Trades produced:   50802
  Divergences total: 0  (BUG=0  KNOWN=0)

  ── Stress statistics ────────────────────────────────────
  Wall time:              1.647 s
  Throughput:             151803 steps/sec
  Cumulative trades:      50802
  Peak book orders:       57
  Peak stop orders:       559
  Peak bid levels:        21
  Peak ask levels:        18
  Max fills in one step:  22
  Sweep events (bid→0):   13219
  Sweep events (ask→0):   13228
  Book-cross violations:  0


  Result: PASS
=========================================================
