Shadow Model Test
  Steps: 250000
  Seed:  143


=========================================================
  Shadow Model Test Report
=========================================================
  Steps run:         250000
  Submits:           205515
  Cancels:           26363
  Amends:            18122
  Trades produced:   51426
  Divergences total: 0  (BUG=0  KNOWN=0)

  ── Stress statistics ────────────────────────────────────
  Wall time:              1.966 s
  Throughput:             127190 steps/sec
  Cumulative trades:      51426
  Peak book orders:       88
  Peak stop orders:       702
  Peak bid levels:        21
  Peak ask levels:        22
  Max fills in one step:  22
  Sweep events (bid→0):   12988
  Sweep events (ask→0):   12882
  Book-cross violations:  0


  Result: PASS
=========================================================
