Shadow Model Test
  Steps: 250000
  Seed:  49


=========================================================
  Shadow Model Test Report
=========================================================
  Steps run:         250000
  Submits:           205648
  Cancels:           26491
  Amends:            17861
  Trades produced:   51091
  Divergences total: 0  (BUG=0  KNOWN=0)

  ── Stress statistics ────────────────────────────────────
  Wall time:              2.411 s
  Throughput:             103677 steps/sec
  Cumulative trades:      51091
  Peak book orders:       89
  Peak stop orders:       803
  Peak bid levels:        23
  Peak ask levels:        20
  Max fills in one step:  25
  Sweep events (bid→0):   13037
  Sweep events (ask→0):   13152
  Book-cross violations:  0


  Result: PASS
=========================================================
