Shadow Model Test
  Steps: 250000
  Seed:  55


=========================================================
  Shadow Model Test Report
=========================================================
  Steps run:         250000
  Submits:           205329
  Cancels:           26852
  Amends:            17819
  Trades produced:   51065
  Divergences total: 0  (BUG=0  KNOWN=0)

  ── Stress statistics ────────────────────────────────────
  Wall time:              2.427 s
  Throughput:             103024 steps/sec
  Cumulative trades:      51065
  Peak book orders:       75
  Peak stop orders:       939
  Peak bid levels:        20
  Peak ask levels:        20
  Max fills in one step:  22
  Sweep events (bid→0):   13074
  Sweep events (ask→0):   13167
  Book-cross violations:  0


  Result: PASS
=========================================================
