Shadow Model Test
  Steps: 250000
  Seed:  45


=========================================================
  Shadow Model Test Report
=========================================================
  Steps run:         250000
  Submits:           205520
  Cancels:           26748
  Amends:            17732
  Trades produced:   51081
  Divergences total: 0  (BUG=0  KNOWN=0)

  ── Stress statistics ────────────────────────────────────
  Wall time:              1.775 s
  Throughput:             140823 steps/sec
  Cumulative trades:      51081
  Peak book orders:       49
  Peak stop orders:       504
  Peak bid levels:        17
  Peak ask levels:        17
  Max fills in one step:  22
  Sweep events (bid→0):   13112
  Sweep events (ask→0):   13009
  Book-cross violations:  0


  Result: PASS
=========================================================
