Shadow Model Test
  Steps: 250000
  Seed:  10


=========================================================
  Shadow Model Test Report
=========================================================
  Steps run:         250000
  Submits:           205577
  Cancels:           26556
  Amends:            17867
  Trades produced:   51000
  Divergences total: 0  (BUG=0  KNOWN=0)

  ── Stress statistics ────────────────────────────────────
  Wall time:              2.426 s
  Throughput:             103041 steps/sec
  Cumulative trades:      51000
  Peak book orders:       56
  Peak stop orders:       988
  Peak bid levels:        18
  Peak ask levels:        19
  Max fills in one step:  21
  Sweep events (bid→0):   13048
  Sweep events (ask→0):   13048
  Book-cross violations:  0


  Result: PASS
=========================================================
