Shadow Model Test
  Steps: 250000
  Seed:  128


=========================================================
  Shadow Model Test Report
=========================================================
  Steps run:         250000
  Submits:           205590
  Cancels:           26604
  Amends:            17806
  Trades produced:   50998
  Divergences total: 0  (BUG=0  KNOWN=0)

  ── Stress statistics ────────────────────────────────────
  Wall time:              1.674 s
  Throughput:             149338 steps/sec
  Cumulative trades:      50998
  Peak book orders:       61
  Peak stop orders:       478
  Peak bid levels:        21
  Peak ask levels:        22
  Max fills in one step:  20
  Sweep events (bid→0):   13079
  Sweep events (ask→0):   13116
  Book-cross violations:  0


  Result: PASS
=========================================================
