Shadow Model Test
  Steps: 250000
  Seed:  222


=========================================================
  Shadow Model Test Report
=========================================================
  Steps run:         250000
  Submits:           205931
  Cancels:           26464
  Amends:            17605
  Trades produced:   51638
  Divergences total: 0  (BUG=0  KNOWN=0)

  ── Stress statistics ────────────────────────────────────
  Wall time:              1.804 s
  Throughput:             138619 steps/sec
  Cumulative trades:      51638
  Peak book orders:       45
  Peak stop orders:       563
  Peak bid levels:        21
  Peak ask levels:        18
  Max fills in one step:  23
  Sweep events (bid→0):   13036
  Sweep events (ask→0):   13076
  Book-cross violations:  0


  Result: PASS
=========================================================
