Shadow Model Test
  Steps: 250000
  Seed:  7


=========================================================
  Shadow Model Test Report
=========================================================
  Steps run:         250000
  Submits:           205556
  Cancels:           26625
  Amends:            17819
  Trades produced:   50227
  Divergences total: 0  (BUG=0  KNOWN=0)

  ── Stress statistics ────────────────────────────────────
  Wall time:              1.780 s
  Throughput:             140464 steps/sec
  Cumulative trades:      50227
  Peak book orders:       84
  Peak stop orders:       567
  Peak bid levels:        21
  Peak ask levels:        19
  Max fills in one step:  21
  Sweep events (bid→0):   13119
  Sweep events (ask→0):   12999
  Book-cross violations:  0


  Result: PASS
=========================================================
