Shadow Model Test
  Steps: 250000
  Seed:  43


=========================================================
  Shadow Model Test Report
=========================================================
  Steps run:         250000
  Submits:           205924
  Cancels:           26390
  Amends:            17686
  Trades produced:   51514
  Divergences total: 0  (BUG=0  KNOWN=0)

  ── Stress statistics ────────────────────────────────────
  Wall time:              1.767 s
  Throughput:             141494 steps/sec
  Cumulative trades:      51514
  Peak book orders:       62
  Peak stop orders:       553
  Peak bid levels:        18
  Peak ask levels:        18
  Max fills in one step:  22
  Sweep events (bid→0):   13215
  Sweep events (ask→0):   13154
  Book-cross violations:  0


  Result: PASS
=========================================================
