Shadow Model Test
  Steps: 250000
  Seed:  14


=========================================================
  Shadow Model Test Report
=========================================================
  Steps run:         250000
  Submits:           205940
  Cancels:           26518
  Amends:            17542
  Trades produced:   51144
  Divergences total: 0  (BUG=0  KNOWN=0)

  ── Stress statistics ────────────────────────────────────
  Wall time:              1.892 s
  Throughput:             132136 steps/sec
  Cumulative trades:      51144
  Peak book orders:       108
  Peak stop orders:       813
  Peak bid levels:        23
  Peak ask levels:        21
  Max fills in one step:  21
  Sweep events (bid→0):   13093
  Sweep events (ask→0):   13094
  Book-cross violations:  0


  Result: PASS
=========================================================
