Shadow Model Test
  Steps: 250000
  Seed:  152


=========================================================
  Shadow Model Test Report
=========================================================
  Steps run:         250000
  Submits:           205843
  Cancels:           26277
  Amends:            17880
  Trades produced:   51444
  Divergences total: 0  (BUG=0  KNOWN=0)

  ── Stress statistics ────────────────────────────────────
  Wall time:              1.996 s
  Throughput:             125274 steps/sec
  Cumulative trades:      51444
  Peak book orders:       134
  Peak stop orders:       910
  Peak bid levels:        24
  Peak ask levels:        20
  Max fills in one step:  21
  Sweep events (bid→0):   13163
  Sweep events (ask→0):   13154
  Book-cross violations:  0


  Result: PASS
=========================================================
