Shadow Model Test
  Steps: 250000
  Seed:  237


=========================================================
  Shadow Model Test Report
=========================================================
  Steps run:         250000
  Submits:           206116
  Cancels:           26418
  Amends:            17466
  Trades produced:   51825
  Divergences total: 0  (BUG=0  KNOWN=0)

  ── Stress statistics ────────────────────────────────────
  Wall time:              1.890 s
  Throughput:             132290 steps/sec
  Cumulative trades:      51825
  Peak book orders:       56
  Peak stop orders:       613
  Peak bid levels:        18
  Peak ask levels:        17
  Max fills in one step:  22
  Sweep events (bid→0):   13087
  Sweep events (ask→0):   13080
  Book-cross violations:  0


  Result: PASS
=========================================================
