Shadow Model Test
  Steps: 250000
  Seed:  165


=========================================================
  Shadow Model Test Report
=========================================================
  Steps run:         250000
  Submits:           205551
  Cancels:           26551
  Amends:            17898
  Trades produced:   51259
  Divergences total: 0  (BUG=0  KNOWN=0)

  ── Stress statistics ────────────────────────────────────
  Wall time:              1.674 s
  Throughput:             149303 steps/sec
  Cumulative trades:      51259
  Peak book orders:       55
  Peak stop orders:       530
  Peak bid levels:        20
  Peak ask levels:        18
  Max fills in one step:  23
  Sweep events (bid→0):   13208
  Sweep events (ask→0):   12970
  Book-cross violations:  0


  Result: PASS
=========================================================
