Shadow Model Test
  Steps: 250000
  Seed:  153


=========================================================
  Shadow Model Test Report
=========================================================
  Steps run:         250000
  Submits:           205655
  Cancels:           26580
  Amends:            17765
  Trades produced:   51367
  Divergences total: 0  (BUG=0  KNOWN=0)

  ── Stress statistics ────────────────────────────────────
  Wall time:              1.528 s
  Throughput:             163640 steps/sec
  Cumulative trades:      51367
  Peak book orders:       56
  Peak stop orders:       542
  Peak bid levels:        20
  Peak ask levels:        19
  Max fills in one step:  23
  Sweep events (bid→0):   13282
  Sweep events (ask→0):   13184
  Book-cross violations:  0


  Result: PASS
=========================================================
