Shadow Model Test
  Steps: 250000
  Seed:  162


=========================================================
  Shadow Model Test Report
=========================================================
  Steps run:         250000
  Submits:           205702
  Cancels:           26540
  Amends:            17758
  Trades produced:   51156
  Divergences total: 0  (BUG=0  KNOWN=0)

  ── Stress statistics ────────────────────────────────────
  Wall time:              2.139 s
  Throughput:             116861 steps/sec
  Cumulative trades:      51156
  Peak book orders:       119
  Peak stop orders:       977
  Peak bid levels:        21
  Peak ask levels:        23
  Max fills in one step:  26
  Sweep events (bid→0):   12934
  Sweep events (ask→0):   13005
  Book-cross violations:  0


  Result: PASS
=========================================================
