Shadow Model Test
  Steps: 250000
  Seed:  201


=========================================================
  Shadow Model Test Report
=========================================================
  Steps run:         250000
  Submits:           206167
  Cancels:           26618
  Amends:            17215
  Trades produced:   50705
  Divergences total: 0  (BUG=0  KNOWN=0)

  ── Stress statistics ────────────────────────────────────
  Wall time:              1.781 s
  Throughput:             140379 steps/sec
  Cumulative trades:      50705
  Peak book orders:       60
  Peak stop orders:       572
  Peak bid levels:        18
  Peak ask levels:        18
  Max fills in one step:  30
  Sweep events (bid→0):   13429
  Sweep events (ask→0):   13230
  Book-cross violations:  0


  Result: PASS
=========================================================
