Shadow Model Test
  Steps: 250000
  Seed:  62


=========================================================
  Shadow Model Test Report
=========================================================
  Steps run:         250000
  Submits:           205679
  Cancels:           26642
  Amends:            17679
  Trades produced:   50576
  Divergences total: 0  (BUG=0  KNOWN=0)

  ── Stress statistics ────────────────────────────────────
  Wall time:              2.031 s
  Throughput:             123081 steps/sec
  Cumulative trades:      50576
  Peak book orders:       79
  Peak stop orders:       740
  Peak bid levels:        21
  Peak ask levels:        19
  Max fills in one step:  22
  Sweep events (bid→0):   13298
  Sweep events (ask→0):   13088
  Book-cross violations:  0


  Result: PASS
=========================================================
