Shadow Model Test
  Steps: 250000
  Seed:  184


=========================================================
  Shadow Model Test Report
=========================================================
  Steps run:         250000
  Submits:           205667
  Cancels:           26630
  Amends:            17703
  Trades produced:   51289
  Divergences total: 0  (BUG=0  KNOWN=0)

  ── Stress statistics ────────────────────────────────────
  Wall time:              2.004 s
  Throughput:             124780 steps/sec
  Cumulative trades:      51289
  Peak book orders:       58
  Peak stop orders:       714
  Peak bid levels:        21
  Peak ask levels:        21
  Max fills in one step:  21
  Sweep events (bid→0):   13157
  Sweep events (ask→0):   13134
  Book-cross violations:  0


  Result: PASS
=========================================================
