Shadow Model Test
  Steps: 250000
  Seed:  33


=========================================================
  Shadow Model Test Report
=========================================================
  Steps run:         250000
  Submits:           205416
  Cancels:           26717
  Amends:            17867
  Trades produced:   51005
  Divergences total: 0  (BUG=0  KNOWN=0)

  ── Stress statistics ────────────────────────────────────
  Wall time:              1.972 s
  Throughput:             126797 steps/sec
  Cumulative trades:      51005
  Peak book orders:       55
  Peak stop orders:       614
  Peak bid levels:        21
  Peak ask levels:        17
  Max fills in one step:  23
  Sweep events (bid→0):   13218
  Sweep events (ask→0):   12952
  Book-cross violations:  0


  Result: PASS
=========================================================
