Shadow Model Test
  Steps: 250000
  Seed:  16


=========================================================
  Shadow Model Test Report
=========================================================
  Steps run:         250000
  Submits:           205866
  Cancels:           26460
  Amends:            17674
  Trades produced:   51161
  Divergences total: 0  (BUG=0  KNOWN=0)

  ── Stress statistics ────────────────────────────────────
  Wall time:              1.811 s
  Throughput:             138048 steps/sec
  Cumulative trades:      51161
  Peak book orders:       53
  Peak stop orders:       586
  Peak bid levels:        20
  Peak ask levels:        19
  Max fills in one step:  21
  Sweep events (bid→0):   13136
  Sweep events (ask→0):   13105
  Book-cross violations:  0


  Result: PASS
=========================================================
