Shadow Model Test
  Steps: 250000
  Seed:  60


=========================================================
  Shadow Model Test Report
=========================================================
  Steps run:         250000
  Submits:           205853
  Cancels:           26419
  Amends:            17728
  Trades produced:   51705
  Divergences total: 0  (BUG=0  KNOWN=0)

  ── Stress statistics ────────────────────────────────────
  Wall time:              1.724 s
  Throughput:             145052 steps/sec
  Cumulative trades:      51705
  Peak book orders:       62
  Peak stop orders:       455
  Peak bid levels:        25
  Peak ask levels:        20
  Max fills in one step:  20
  Sweep events (bid→0):   13009
  Sweep events (ask→0):   13088
  Book-cross violations:  0


  Result: PASS
=========================================================
