Shadow Model Test
  Steps: 250000
  Seed:  190


=========================================================
  Shadow Model Test Report
=========================================================
  Steps run:         250000
  Submits:           205876
  Cancels:           26450
  Amends:            17674
  Trades produced:   51755
  Divergences total: 0  (BUG=0  KNOWN=0)

  ── Stress statistics ────────────────────────────────────
  Wall time:              2.108 s
  Throughput:             118574 steps/sec
  Cumulative trades:      51755
  Peak book orders:       102
  Peak stop orders:       606
  Peak bid levels:        21
  Peak ask levels:        18
  Max fills in one step:  25
  Sweep events (bid→0):   13137
  Sweep events (ask→0):   13109
  Book-cross violations:  0


  Result: PASS
=========================================================
