Shadow Model Test
  Steps: 250000
  Seed:  191


=========================================================
  Shadow Model Test Report
=========================================================
  Steps run:         250000
  Submits:           205666
  Cancels:           26559
  Amends:            17775
  Trades produced:   51204
  Divergences total: 0  (BUG=0  KNOWN=0)

  ── Stress statistics ────────────────────────────────────
  Wall time:              2.253 s
  Throughput:             110981 steps/sec
  Cumulative trades:      51204
  Peak book orders:       110
  Peak stop orders:       804
  Peak bid levels:        25
  Peak ask levels:        23
  Max fills in one step:  26
  Sweep events (bid→0):   13094
  Sweep events (ask→0):   13079
  Book-cross violations:  0


  Result: PASS
=========================================================
