Shadow Model Test
  Steps: 250000
  Seed:  1


=========================================================
  Shadow Model Test Report
=========================================================
  Steps run:         250000
  Submits:           205799
  Cancels:           26610
  Amends:            17591
  Trades produced:   51376
  Divergences total: 0  (BUG=0  KNOWN=0)

  ── Stress statistics ────────────────────────────────────
  Wall time:              2.011 s
  Throughput:             124311 steps/sec
  Cumulative trades:      51376
  Peak book orders:       88
  Peak stop orders:       653
  Peak bid levels:        17
  Peak ask levels:        22
  Max fills in one step:  25
  Sweep events (bid→0):   13196
  Sweep events (ask→0):   12947
  Book-cross violations:  0


  Result: PASS
=========================================================
