Shadow Model Test
  Steps: 250000
  Seed:  182


=========================================================
  Shadow Model Test Report
=========================================================
  Steps run:         250000
  Submits:           205523
  Cancels:           26817
  Amends:            17660
  Trades produced:   51426
  Divergences total: 0  (BUG=0  KNOWN=0)

  ── Stress statistics ────────────────────────────────────
  Wall time:              2.224 s
  Throughput:             112418 steps/sec
  Cumulative trades:      51426
  Peak book orders:       99
  Peak stop orders:       766
  Peak bid levels:        19
  Peak ask levels:        22
  Max fills in one step:  22
  Sweep events (bid→0):   13062
  Sweep events (ask→0):   13075
  Book-cross violations:  0


  Result: PASS
=========================================================
