Shadow Model Test
  Steps: 250000
  Seed:  51


=========================================================
  Shadow Model Test Report
=========================================================
  Steps run:         250000
  Submits:           205744
  Cancels:           26594
  Amends:            17662
  Trades produced:   51106
  Divergences total: 0  (BUG=0  KNOWN=0)

  ── Stress statistics ────────────────────────────────────
  Wall time:              2.224 s
  Throughput:             112408 steps/sec
  Cumulative trades:      51106
  Peak book orders:       98
  Peak stop orders:       874
  Peak bid levels:        25
  Peak ask levels:        24
  Max fills in one step:  22
  Sweep events (bid→0):   13382
  Sweep events (ask→0):   13092
  Book-cross violations:  0


  Result: PASS
=========================================================
