Shadow Model Test
  Steps: 250000
  Seed:  208


=========================================================
  Shadow Model Test Report
=========================================================
  Steps run:         250000
  Submits:           205481
  Cancels:           26764
  Amends:            17755
  Trades produced:   50998
  Divergences total: 0  (BUG=0  KNOWN=0)

  ── Stress statistics ────────────────────────────────────
  Wall time:              2.147 s
  Throughput:             116435 steps/sec
  Cumulative trades:      50998
  Peak book orders:       55
  Peak stop orders:       681
  Peak bid levels:        20
  Peak ask levels:        21
  Max fills in one step:  20
  Sweep events (bid→0):   13183
  Sweep events (ask→0):   13010
  Book-cross violations:  0


  Result: PASS
=========================================================
