Shadow Model Test
  Steps: 250000
  Seed:  252


=========================================================
  Shadow Model Test Report
=========================================================
  Steps run:         250000
  Submits:           205746
  Cancels:           26594
  Amends:            17660
  Trades produced:   51998
  Divergences total: 0  (BUG=0  KNOWN=0)

  ── Stress statistics ────────────────────────────────────
  Wall time:              1.710 s
  Throughput:             146174 steps/sec
  Cumulative trades:      51998
  Peak book orders:       67
  Peak stop orders:       532
  Peak bid levels:        19
  Peak ask levels:        21
  Max fills in one step:  26
  Sweep events (bid→0):   13021
  Sweep events (ask→0):   13159
  Book-cross violations:  0


  Result: PASS
=========================================================
