Shadow Model Test
  Steps: 250000
  Seed:  57


=========================================================
  Shadow Model Test Report
=========================================================
  Steps run:         250000
  Submits:           205980
  Cancels:           26497
  Amends:            17523
  Trades produced:   50888
  Divergences total: 0  (BUG=0  KNOWN=0)

  ── Stress statistics ────────────────────────────────────
  Wall time:              2.457 s
  Throughput:             101755 steps/sec
  Cumulative trades:      50888
  Peak book orders:       42
  Peak stop orders:       1074
  Peak bid levels:        16
  Peak ask levels:        23
  Max fills in one step:  20
  Sweep events (bid→0):   13238
  Sweep events (ask→0):   13072
  Book-cross violations:  0


  Result: PASS
=========================================================
