Shadow Model Test
  Steps: 250000
  Seed:  160


=========================================================
  Shadow Model Test Report
=========================================================
  Steps run:         250000
  Submits:           205813
  Cancels:           26417
  Amends:            17770
  Trades produced:   51154
  Divergences total: 0  (BUG=0  KNOWN=0)

  ── Stress statistics ────────────────────────────────────
  Wall time:              2.206 s
  Throughput:             113337 steps/sec
  Cumulative trades:      51154
  Peak book orders:       91
  Peak stop orders:       737
  Peak bid levels:        18
  Peak ask levels:        20
  Max fills in one step:  22
  Sweep events (bid→0):   13352
  Sweep events (ask→0):   13086
  Book-cross violations:  0


  Result: PASS
=========================================================
