Shadow Model Test
  Steps: 250000
  Seed:  13


=========================================================
  Shadow Model Test Report
=========================================================
  Steps run:         250000
  Submits:           205641
  Cancels:           26666
  Amends:            17693
  Trades produced:   51301
  Divergences total: 0  (BUG=0  KNOWN=0)

  ── Stress statistics ────────────────────────────────────
  Wall time:              1.918 s
  Throughput:             130337 steps/sec
  Cumulative trades:      51301
  Peak book orders:       83
  Peak stop orders:       679
  Peak bid levels:        19
  Peak ask levels:        20
  Max fills in one step:  22
  Sweep events (bid→0):   13115
  Sweep events (ask→0):   13078
  Book-cross violations:  0


  Result: PASS
=========================================================
