Shadow Model Test
  Steps: 250000
  Seed:  199


=========================================================
  Shadow Model Test Report
=========================================================
  Steps run:         250000
  Submits:           205742
  Cancels:           26432
  Amends:            17826
  Trades produced:   51508
  Divergences total: 0  (BUG=0  KNOWN=0)

  ── Stress statistics ────────────────────────────────────
  Wall time:              2.045 s
  Throughput:             122239 steps/sec
  Cumulative trades:      51508
  Peak book orders:       73
  Peak stop orders:       648
  Peak bid levels:        20
  Peak ask levels:        19
  Max fills in one step:  25
  Sweep events (bid→0):   13132
  Sweep events (ask→0):   12878
  Book-cross violations:  0


  Result: PASS
=========================================================
