Shadow Model Test
  Steps: 250000
  Seed:  215


=========================================================
  Shadow Model Test Report
=========================================================
  Steps run:         250000
  Submits:           205553
  Cancels:           26584
  Amends:            17863
  Trades produced:   51349
  Divergences total: 0  (BUG=0  KNOWN=0)

  ── Stress statistics ────────────────────────────────────
  Wall time:              2.281 s
  Throughput:             109588 steps/sec
  Cumulative trades:      51349
  Peak book orders:       92
  Peak stop orders:       789
  Peak bid levels:        20
  Peak ask levels:        16
  Max fills in one step:  21
  Sweep events (bid→0):   13127
  Sweep events (ask→0):   13071
  Book-cross violations:  0


  Result: PASS
=========================================================
