Shadow Model Test
  Steps: 250000
  Seed:  229


=========================================================
  Shadow Model Test Report
=========================================================
  Steps run:         250000
  Submits:           205743
  Cancels:           26586
  Amends:            17671
  Trades produced:   51416
  Divergences total: 0  (BUG=0  KNOWN=0)

  ── Stress statistics ────────────────────────────────────
  Wall time:              1.802 s
  Throughput:             138738 steps/sec
  Cumulative trades:      51416
  Peak book orders:       54
  Peak stop orders:       543
  Peak bid levels:        18
  Peak ask levels:        19
  Max fills in one step:  21
  Sweep events (bid→0):   13302
  Sweep events (ask→0):   13050
  Book-cross violations:  0


  Result: PASS
=========================================================
