Shadow Model Test
  Steps: 250000
  Seed:  242


=========================================================
  Shadow Model Test Report
=========================================================
  Steps run:         250000
  Submits:           205512
  Cancels:           26601
  Amends:            17887
  Trades produced:   51583
  Divergences total: 0  (BUG=0  KNOWN=0)

  ── Stress statistics ────────────────────────────────────
  Wall time:              2.004 s
  Throughput:             124757 steps/sec
  Cumulative trades:      51583
  Peak book orders:       61
  Peak stop orders:       700
  Peak bid levels:        19
  Peak ask levels:        19
  Max fills in one step:  23
  Sweep events (bid→0):   13135
  Sweep events (ask→0):   13119
  Book-cross violations:  0


  Result: PASS
=========================================================
