Shadow Model Test
  Steps: 250000
  Seed:  198


=========================================================
  Shadow Model Test Report
=========================================================
  Steps run:         250000
  Submits:           205579
  Cancels:           26608
  Amends:            17813
  Trades produced:   52195
  Divergences total: 0  (BUG=0  KNOWN=0)

  ── Stress statistics ────────────────────────────────────
  Wall time:              2.401 s
  Throughput:             104135 steps/sec
  Cumulative trades:      52195
  Peak book orders:       54
  Peak stop orders:       858
  Peak bid levels:        19
  Peak ask levels:        18
  Max fills in one step:  21
  Sweep events (bid→0):   13228
  Sweep events (ask→0):   12971
  Book-cross violations:  0


  Result: PASS
=========================================================
