Shadow Model Test
  Steps: 250000
  Seed:  99


=========================================================
  Shadow Model Test Report
=========================================================
  Steps run:         250000
  Submits:           205812
  Cancels:           26528
  Amends:            17660
  Trades produced:   51814
  Divergences total: 0  (BUG=0  KNOWN=0)

  ── Stress statistics ────────────────────────────────────
  Wall time:              1.743 s
  Throughput:             143464 steps/sec
  Cumulative trades:      51814
  Peak book orders:       47
  Peak stop orders:       534
  Peak bid levels:        20
  Peak ask levels:        18
  Max fills in one step:  20
  Sweep events (bid→0):   13098
  Sweep events (ask→0):   13126
  Book-cross violations:  0


  Result: PASS
=========================================================
