Shadow Model Test
  Steps: 250000
  Seed:  102


=========================================================
  Shadow Model Test Report
=========================================================
  Steps run:         250000
  Submits:           205289
  Cancels:           26769
  Amends:            17942
  Trades produced:   50850
  Divergences total: 0  (BUG=0  KNOWN=0)

  ── Stress statistics ────────────────────────────────────
  Wall time:              1.723 s
  Throughput:             145093 steps/sec
  Cumulative trades:      50850
  Peak book orders:       59
  Peak stop orders:       482
  Peak bid levels:        19
  Peak ask levels:        23
  Max fills in one step:  20
  Sweep events (bid→0):   13186
  Sweep events (ask→0):   13156
  Book-cross violations:  0


  Result: PASS
=========================================================
