Shadow Model Test
  Steps: 250000
  Seed:  202


=========================================================
  Shadow Model Test Report
=========================================================
  Steps run:         250000
  Submits:           205337
  Cancels:           26937
  Amends:            17726
  Trades produced:   51004
  Divergences total: 0  (BUG=0  KNOWN=0)

  ── Stress statistics ────────────────────────────────────
  Wall time:              2.111 s
  Throughput:             118412 steps/sec
  Cumulative trades:      51004
  Peak book orders:       50
  Peak stop orders:       937
  Peak bid levels:        18
  Peak ask levels:        17
  Max fills in one step:  24
  Sweep events (bid→0):   13198
  Sweep events (ask→0):   13051
  Book-cross violations:  0


  Result: PASS
=========================================================
