Shadow Model Test
  Steps: 250000
  Seed:  185


=========================================================
  Shadow Model Test Report
=========================================================
  Steps run:         250000
  Submits:           205900
  Cancels:           26499
  Amends:            17601
  Trades produced:   50930
  Divergences total: 0  (BUG=0  KNOWN=0)

  ── Stress statistics ────────────────────────────────────
  Wall time:              2.120 s
  Throughput:             117937 steps/sec
  Cumulative trades:      50930
  Peak book orders:       84
  Peak stop orders:       694
  Peak bid levels:        20
  Peak ask levels:        21
  Max fills in one step:  21
  Sweep events (bid→0):   13123
  Sweep events (ask→0):   13068
  Book-cross violations:  0


  Result: PASS
=========================================================
