Shadow Model Test
  Steps: 250000
  Seed:  97


=========================================================
  Shadow Model Test Report
=========================================================
  Steps run:         250000
  Submits:           205758
  Cancels:           26685
  Amends:            17557
  Trades produced:   51228
  Divergences total: 0  (BUG=0  KNOWN=0)

  ── Stress statistics ────────────────────────────────────
  Wall time:              1.808 s
  Throughput:             138305 steps/sec
  Cumulative trades:      51228
  Peak book orders:       61
  Peak stop orders:       622
  Peak bid levels:        19
  Peak ask levels:        19
  Max fills in one step:  21
  Sweep events (bid→0):   13142
  Sweep events (ask→0):   13193
  Book-cross violations:  0


  Result: PASS
=========================================================
