Shadow Model Test
  Steps: 250000
  Seed:  47


=========================================================
  Shadow Model Test Report
=========================================================
  Steps run:         250000
  Submits:           205886
  Cancels:           26507
  Amends:            17607
  Trades produced:   51308
  Divergences total: 0  (BUG=0  KNOWN=0)

  ── Stress statistics ────────────────────────────────────
  Wall time:              1.889 s
  Throughput:             132318 steps/sec
  Cumulative trades:      51308
  Peak book orders:       58
  Peak stop orders:       556
  Peak bid levels:        21
  Peak ask levels:        19
  Max fills in one step:  20
  Sweep events (bid→0):   13178
  Sweep events (ask→0):   12923
  Book-cross violations:  0


  Result: PASS
=========================================================
