Shadow Model Test
  Steps: 250000
  Seed:  82


=========================================================
  Shadow Model Test Report
=========================================================
  Steps run:         250000
  Submits:           205700
  Cancels:           26531
  Amends:            17769
  Trades produced:   51357
  Divergences total: 0  (BUG=0  KNOWN=0)

  ── Stress statistics ────────────────────────────────────
  Wall time:              1.891 s
  Throughput:             132205 steps/sec
  Cumulative trades:      51357
  Peak book orders:       34
  Peak stop orders:       668
  Peak bid levels:        17
  Peak ask levels:        18
  Max fills in one step:  21
  Sweep events (bid→0):   13176
  Sweep events (ask→0):   13137
  Book-cross violations:  0


  Result: PASS
=========================================================
