Shadow Model Test
  Steps: 250000
  Seed:  109


=========================================================
  Shadow Model Test Report
=========================================================
  Steps run:         250000
  Submits:           205690
  Cancels:           26626
  Amends:            17684
  Trades produced:   51114
  Divergences total: 0  (BUG=0  KNOWN=0)

  ── Stress statistics ────────────────────────────────────
  Wall time:              2.582 s
  Throughput:             96811 steps/sec
  Cumulative trades:      51114
  Peak book orders:       87
  Peak stop orders:       1010
  Peak bid levels:        20
  Peak ask levels:        18
  Max fills in one step:  22
  Sweep events (bid→0):   12992
  Sweep events (ask→0):   13139
  Book-cross violations:  0


  Result: PASS
=========================================================
