Shadow Model Test
  Steps: 250000
  Seed:  115


=========================================================
  Shadow Model Test Report
=========================================================
  Steps run:         250000
  Submits:           205437
  Cancels:           26692
  Amends:            17871
  Trades produced:   51095
  Divergences total: 0  (BUG=0  KNOWN=0)

  ── Stress statistics ────────────────────────────────────
  Wall time:              1.616 s
  Throughput:             154722 steps/sec
  Cumulative trades:      51095
  Peak book orders:       35
  Peak stop orders:       506
  Peak bid levels:        16
  Peak ask levels:        20
  Max fills in one step:  17
  Sweep events (bid→0):   13092
  Sweep events (ask→0):   13098
  Book-cross violations:  0


  Result: PASS
=========================================================
