Shadow Model Test
  Steps: 250000
  Seed:  71


=========================================================
  Shadow Model Test Report
=========================================================
  Steps run:         250000
  Submits:           205302
  Cancels:           26716
  Amends:            17982
  Trades produced:   51254
  Divergences total: 0  (BUG=0  KNOWN=0)

  ── Stress statistics ────────────────────────────────────
  Wall time:              2.107 s
  Throughput:             118649 steps/sec
  Cumulative trades:      51254
  Peak book orders:       90
  Peak stop orders:       869
  Peak bid levels:        19
  Peak ask levels:        21
  Max fills in one step:  22
  Sweep events (bid→0):   13078
  Sweep events (ask→0):   13039
  Book-cross violations:  0


  Result: PASS
=========================================================
