Shadow Model Test
  Steps: 250000
  Seed:  136


=========================================================
  Shadow Model Test Report
=========================================================
  Steps run:         250000
  Submits:           205746
  Cancels:           26641
  Amends:            17613
  Trades produced:   51248
  Divergences total: 0  (BUG=0  KNOWN=0)

  ── Stress statistics ────────────────────────────────────
  Wall time:              2.072 s
  Throughput:             120655 steps/sec
  Cumulative trades:      51248
  Peak book orders:       92
  Peak stop orders:       678
  Peak bid levels:        21
  Peak ask levels:        19
  Max fills in one step:  20
  Sweep events (bid→0):   13132
  Sweep events (ask→0):   13043
  Book-cross violations:  0


  Result: PASS
=========================================================
