Shadow Model Test
  Steps: 250000
  Seed:  221


=========================================================
  Shadow Model Test Report
=========================================================
  Steps run:         250000
  Submits:           205651
  Cancels:           26685
  Amends:            17664
  Trades produced:   51559
  Divergences total: 0  (BUG=0  KNOWN=0)

  ── Stress statistics ────────────────────────────────────
  Wall time:              2.233 s
  Throughput:             111981 steps/sec
  Cumulative trades:      51559
  Peak book orders:       56
  Peak stop orders:       703
  Peak bid levels:        19
  Peak ask levels:        18
  Max fills in one step:  33
  Sweep events (bid→0):   13188
  Sweep events (ask→0):   13110
  Book-cross violations:  0


  Result: PASS
=========================================================
