Shadow Model Test
  Steps: 250000
  Seed:  205


=========================================================
  Shadow Model Test Report
=========================================================
  Steps run:         250000
  Submits:           205623
  Cancels:           26644
  Amends:            17733
  Trades produced:   51205
  Divergences total: 0  (BUG=0  KNOWN=0)

  ── Stress statistics ────────────────────────────────────
  Wall time:              2.025 s
  Throughput:             123486 steps/sec
  Cumulative trades:      51205
  Peak book orders:       83
  Peak stop orders:       680
  Peak bid levels:        23
  Peak ask levels:        17
  Max fills in one step:  31
  Sweep events (bid→0):   13060
  Sweep events (ask→0):   13040
  Book-cross violations:  0


  Result: PASS
=========================================================
