Shadow Model Test
  Steps: 250000
  Seed:  125


=========================================================
  Shadow Model Test Report
=========================================================
  Steps run:         250000
  Submits:           205736
  Cancels:           26644
  Amends:            17620
  Trades produced:   50686
  Divergences total: 0  (BUG=0  KNOWN=0)

  ── Stress statistics ────────────────────────────────────
  Wall time:              2.089 s
  Throughput:             119686 steps/sec
  Cumulative trades:      50686
  Peak book orders:       77
  Peak stop orders:       697
  Peak bid levels:        21
  Peak ask levels:        21
  Max fills in one step:  23
  Sweep events (bid→0):   13349
  Sweep events (ask→0):   13091
  Book-cross violations:  0


  Result: PASS
=========================================================
