Shadow Model Test
  Steps: 250000
  Seed:  104


=========================================================
  Shadow Model Test Report
=========================================================
  Steps run:         250000
  Submits:           205301
  Cancels:           26777
  Amends:            17922
  Trades produced:   51453
  Divergences total: 0  (BUG=0  KNOWN=0)

  ── Stress statistics ────────────────────────────────────
  Wall time:              1.862 s
  Throughput:             134251 steps/sec
  Cumulative trades:      51453
  Peak book orders:       69
  Peak stop orders:       625
  Peak bid levels:        22
  Peak ask levels:        20
  Max fills in one step:  21
  Sweep events (bid→0):   13212
  Sweep events (ask→0):   12916
  Book-cross violations:  0


  Result: PASS
=========================================================
