Shadow Model Test
  Steps: 250000
  Seed:  19


=========================================================
  Shadow Model Test Report
=========================================================
  Steps run:         250000
  Submits:           205587
  Cancels:           26768
  Amends:            17645
  Trades produced:   51436
  Divergences total: 0  (BUG=0  KNOWN=0)

  ── Stress statistics ────────────────────────────────────
  Wall time:              1.772 s
  Throughput:             141112 steps/sec
  Cumulative trades:      51436
  Peak book orders:       71
  Peak stop orders:       548
  Peak bid levels:        20
  Peak ask levels:        19
  Max fills in one step:  21
  Sweep events (bid→0):   13108
  Sweep events (ask→0):   12907
  Book-cross violations:  0


  Result: PASS
=========================================================
