Shadow Model Test
  Steps: 250000
  Seed:  204


=========================================================
  Shadow Model Test Report
=========================================================
  Steps run:         250000
  Submits:           205669
  Cancels:           26493
  Amends:            17838
  Trades produced:   50958
  Divergences total: 0  (BUG=0  KNOWN=0)

  ── Stress statistics ────────────────────────────────────
  Wall time:              1.855 s
  Throughput:             134739 steps/sec
  Cumulative trades:      50958
  Peak book orders:       99
  Peak stop orders:       767
  Peak bid levels:        19
  Peak ask levels:        19
  Max fills in one step:  21
  Sweep events (bid→0):   13106
  Sweep events (ask→0):   13060
  Book-cross violations:  0


  Result: PASS
=========================================================
