Shadow Model Test
  Steps: 250000
  Seed:  36


=========================================================
  Shadow Model Test Report
=========================================================
  Steps run:         250000
  Submits:           205617
  Cancels:           26565
  Amends:            17818
  Trades produced:   51350
  Divergences total: 0  (BUG=0  KNOWN=0)

  ── Stress statistics ────────────────────────────────────
  Wall time:              1.938 s
  Throughput:             128981 steps/sec
  Cumulative trades:      51350
  Peak book orders:       50
  Peak stop orders:       653
  Peak bid levels:        18
  Peak ask levels:        19
  Max fills in one step:  24
  Sweep events (bid→0):   13067
  Sweep events (ask→0):   13086
  Book-cross violations:  0


  Result: PASS
=========================================================
