Shadow Model Test
  Steps: 250000
  Seed:  44


=========================================================
  Shadow Model Test Report
=========================================================
  Steps run:         250000
  Submits:           205384
  Cancels:           26763
  Amends:            17853
  Trades produced:   51014
  Divergences total: 0  (BUG=0  KNOWN=0)

  ── Stress statistics ────────────────────────────────────
  Wall time:              2.279 s
  Throughput:             109710 steps/sec
  Cumulative trades:      51014
  Peak book orders:       54
  Peak stop orders:       737
  Peak bid levels:        21
  Peak ask levels:        18
  Max fills in one step:  25
  Sweep events (bid→0):   13214
  Sweep events (ask→0):   12997
  Book-cross violations:  0


  Result: PASS
=========================================================
