Shadow Model Test
  Steps: 250000
  Seed:  223


=========================================================
  Shadow Model Test Report
=========================================================
  Steps run:         250000
  Submits:           205974
  Cancels:           26514
  Amends:            17512
  Trades produced:   50952
  Divergences total: 0  (BUG=0  KNOWN=0)

  ── Stress statistics ────────────────────────────────────
  Wall time:              1.806 s
  Throughput:             138443 steps/sec
  Cumulative trades:      50952
  Peak book orders:       75
  Peak stop orders:       652
  Peak bid levels:        20
  Peak ask levels:        18
  Max fills in one step:  23
  Sweep events (bid→0):   13254
  Sweep events (ask→0):   13206
  Book-cross violations:  0


  Result: PASS
=========================================================
