Shadow Model Test
  Steps: 250000
  Seed:  39


=========================================================
  Shadow Model Test Report
=========================================================
  Steps run:         250000
  Submits:           205613
  Cancels:           26770
  Amends:            17617
  Trades produced:   50797
  Divergences total: 0  (BUG=0  KNOWN=0)

  ── Stress statistics ────────────────────────────────────
  Wall time:              2.448 s
  Throughput:             102123 steps/sec
  Cumulative trades:      50797
  Peak book orders:       46
  Peak stop orders:       1019
  Peak bid levels:        14
  Peak ask levels:        19
  Max fills in one step:  22
  Sweep events (bid→0):   13283
  Sweep events (ask→0):   13177
  Book-cross violations:  0


  Result: PASS
=========================================================
