Shadow Model Test
  Steps: 250000
  Seed:  166


=========================================================
  Shadow Model Test Report
=========================================================
  Steps run:         250000
  Submits:           205890
  Cancels:           26511
  Amends:            17599
  Trades produced:   51101
  Divergences total: 0  (BUG=0  KNOWN=0)

  ── Stress statistics ────────────────────────────────────
  Wall time:              1.789 s
  Throughput:             139743 steps/sec
  Cumulative trades:      51101
  Peak book orders:       64
  Peak stop orders:       538
  Peak bid levels:        19
  Peak ask levels:        20
  Max fills in one step:  20
  Sweep events (bid→0):   13078
  Sweep events (ask→0):   13078
  Book-cross violations:  0


  Result: PASS
=========================================================
