Shadow Model Test
  Steps: 250000
  Seed:  141


=========================================================
  Shadow Model Test Report
=========================================================
  Steps run:         250000
  Submits:           205672
  Cancels:           26630
  Amends:            17698
  Trades produced:   51224
  Divergences total: 0  (BUG=0  KNOWN=0)

  ── Stress statistics ────────────────────────────────────
  Wall time:              1.905 s
  Throughput:             131229 steps/sec
  Cumulative trades:      51224
  Peak book orders:       66
  Peak stop orders:       807
  Peak bid levels:        19
  Peak ask levels:        22
  Max fills in one step:  20
  Sweep events (bid→0):   13223
  Sweep events (ask→0):   12966
  Book-cross violations:  0


  Result: PASS
=========================================================
