Shadow Model Test
  Steps: 250000
  Seed:  70


=========================================================
  Shadow Model Test Report
=========================================================
  Steps run:         250000
  Submits:           205564
  Cancels:           26488
  Amends:            17948
  Trades produced:   51774
  Divergences total: 0  (BUG=0  KNOWN=0)

  ── Stress statistics ────────────────────────────────────
  Wall time:              1.783 s
  Throughput:             140215 steps/sec
  Cumulative trades:      51774
  Peak book orders:       59
  Peak stop orders:       553
  Peak bid levels:        20
  Peak ask levels:        21
  Max fills in one step:  23
  Sweep events (bid→0):   13141
  Sweep events (ask→0):   13275
  Book-cross violations:  0


  Result: PASS
=========================================================
