Shadow Model Test
  Steps: 250000
  Seed:  121


=========================================================
  Shadow Model Test Report
=========================================================
  Steps run:         250000
  Submits:           205531
  Cancels:           26803
  Amends:            17666
  Trades produced:   51670
  Divergences total: 0  (BUG=0  KNOWN=0)

  ── Stress statistics ────────────────────────────────────
  Wall time:              1.928 s
  Throughput:             129701 steps/sec
  Cumulative trades:      51670
  Peak book orders:       81
  Peak stop orders:       663
  Peak bid levels:        24
  Peak ask levels:        18
  Max fills in one step:  26
  Sweep events (bid→0):   13151
  Sweep events (ask→0):   13084
  Book-cross violations:  0


  Result: PASS
=========================================================
