Shadow Model Test
  Steps: 250000
  Seed:  169


=========================================================
  Shadow Model Test Report
=========================================================
  Steps run:         250000
  Submits:           205555
  Cancels:           26604
  Amends:            17841
  Trades produced:   51326
  Divergences total: 0  (BUG=0  KNOWN=0)

  ── Stress statistics ────────────────────────────────────
  Wall time:              1.918 s
  Throughput:             130334 steps/sec
  Cumulative trades:      51326
  Peak book orders:       51
  Peak stop orders:       557
  Peak bid levels:        21
  Peak ask levels:        17
  Max fills in one step:  20
  Sweep events (bid→0):   13009
  Sweep events (ask→0):   13061
  Book-cross violations:  0


  Result: PASS
=========================================================
