Shadow Model Test
  Steps: 250000
  Seed:  220


=========================================================
  Shadow Model Test Report
=========================================================
  Steps run:         250000
  Submits:           205594
  Cancels:           26599
  Amends:            17807
  Trades produced:   51482
  Divergences total: 0  (BUG=0  KNOWN=0)

  ── Stress statistics ────────────────────────────────────
  Wall time:              1.844 s
  Throughput:             135608 steps/sec
  Cumulative trades:      51482
  Peak book orders:       72
  Peak stop orders:       552
  Peak bid levels:        21
  Peak ask levels:        19
  Max fills in one step:  20
  Sweep events (bid→0):   13152
  Sweep events (ask→0):   13020
  Book-cross violations:  0


  Result: PASS
=========================================================
