Shadow Model Test
  Steps: 250000
  Seed:  234


=========================================================
  Shadow Model Test Report
=========================================================
  Steps run:         250000
  Submits:           205735
  Cancels:           26720
  Amends:            17545
  Trades produced:   50535
  Divergences total: 0  (BUG=0  KNOWN=0)

  ── Stress statistics ────────────────────────────────────
  Wall time:              2.116 s
  Throughput:             118147 steps/sec
  Cumulative trades:      50535
  Peak book orders:       55
  Peak stop orders:       828
  Peak bid levels:        20
  Peak ask levels:        19
  Max fills in one step:  23
  Sweep events (bid→0):   13179
  Sweep events (ask→0):   13254
  Book-cross violations:  0


  Result: PASS
=========================================================
