Shadow Model Test
  Steps: 250000
  Seed:  148


=========================================================
  Shadow Model Test Report
=========================================================
  Steps run:         250000
  Submits:           205416
  Cancels:           26568
  Amends:            18016
  Trades produced:   51238
  Divergences total: 0  (BUG=0  KNOWN=0)

  ── Stress statistics ────────────────────────────────────
  Wall time:              1.836 s
  Throughput:             136130 steps/sec
  Cumulative trades:      51238
  Peak book orders:       62
  Peak stop orders:       539
  Peak bid levels:        23
  Peak ask levels:        18
  Max fills in one step:  22
  Sweep events (bid→0):   13118
  Sweep events (ask→0):   12962
  Book-cross violations:  0


  Result: PASS
=========================================================
