Shadow Model Test
  Steps: 250000
  Seed:  6


=========================================================
  Shadow Model Test Report
=========================================================
  Steps run:         250000
  Submits:           205483
  Cancels:           26444
  Amends:            18073
  Trades produced:   51484
  Divergences total: 0  (BUG=0  KNOWN=0)

  ── Stress statistics ────────────────────────────────────
  Wall time:              1.717 s
  Throughput:             145564 steps/sec
  Cumulative trades:      51484
  Peak book orders:       43
  Peak stop orders:       563
  Peak bid levels:        21
  Peak ask levels:        20
  Max fills in one step:  20
  Sweep events (bid→0):   13132
  Sweep events (ask→0):   13067
  Book-cross violations:  0


  Result: PASS
=========================================================
