Shadow Model Test
  Steps: 250000
  Seed:  183


=========================================================
  Shadow Model Test Report
=========================================================
  Steps run:         250000
  Submits:           205676
  Cancels:           26511
  Amends:            17813
  Trades produced:   51386
  Divergences total: 0  (BUG=0  KNOWN=0)

  ── Stress statistics ────────────────────────────────────
  Wall time:              2.046 s
  Throughput:             122203 steps/sec
  Cumulative trades:      51386
  Peak book orders:       69
  Peak stop orders:       746
  Peak bid levels:        20
  Peak ask levels:        20
  Max fills in one step:  23
  Sweep events (bid→0):   13028
  Sweep events (ask→0):   13018
  Book-cross violations:  0


  Result: PASS
=========================================================
