Shadow Model Test
  Steps: 250000
  Seed:  132


=========================================================
  Shadow Model Test Report
=========================================================
  Steps run:         250000
  Submits:           205468
  Cancels:           26702
  Amends:            17830
  Trades produced:   51628
  Divergences total: 0  (BUG=0  KNOWN=0)

  ── Stress statistics ────────────────────────────────────
  Wall time:              2.387 s
  Throughput:             104721 steps/sec
  Cumulative trades:      51628
  Peak book orders:       152
  Peak stop orders:       990
  Peak bid levels:        24
  Peak ask levels:        22
  Max fills in one step:  29
  Sweep events (bid→0):   13062
  Sweep events (ask→0):   13114
  Book-cross violations:  0


  Result: PASS
=========================================================
