Shadow Model Test
  Steps: 250000
  Seed:  238


=========================================================
  Shadow Model Test Report
=========================================================
  Steps run:         250000
  Submits:           205733
  Cancels:           26584
  Amends:            17683
  Trades produced:   51798
  Divergences total: 0  (BUG=0  KNOWN=0)

  ── Stress statistics ────────────────────────────────────
  Wall time:              2.087 s
  Throughput:             119769 steps/sec
  Cumulative trades:      51798
  Peak book orders:       76
  Peak stop orders:       806
  Peak bid levels:        20
  Peak ask levels:        21
  Max fills in one step:  20
  Sweep events (bid→0):   12987
  Sweep events (ask→0):   12989
  Book-cross violations:  0


  Result: PASS
=========================================================
