Shadow Model Test
  Steps: 250000
  Seed:  176


=========================================================
  Shadow Model Test Report
=========================================================
  Steps run:         250000
  Submits:           205752
  Cancels:           26708
  Amends:            17540
  Trades produced:   50958
  Divergences total: 0  (BUG=0  KNOWN=0)

  ── Stress statistics ────────────────────────────────────
  Wall time:              1.723 s
  Throughput:             145112 steps/sec
  Cumulative trades:      50958
  Peak book orders:       66
  Peak stop orders:       539
  Peak bid levels:        19
  Peak ask levels:        22
  Max fills in one step:  22
  Sweep events (bid→0):   13205
  Sweep events (ask→0):   13134
  Book-cross violations:  0


  Result: PASS
=========================================================
