Shadow Model Test
  Steps: 250000
  Seed:  18


=========================================================
  Shadow Model Test Report
=========================================================
  Steps run:         250000
  Submits:           205828
  Cancels:           26463
  Amends:            17709
  Trades produced:   51113
  Divergences total: 0  (BUG=0  KNOWN=0)

  ── Stress statistics ────────────────────────────────────
  Wall time:              1.779 s
  Throughput:             140563 steps/sec
  Cumulative trades:      51113
  Peak book orders:       51
  Peak stop orders:       596
  Peak bid levels:        18
  Peak ask levels:        15
  Max fills in one step:  20
  Sweep events (bid→0):   13201
  Sweep events (ask→0):   13093
  Book-cross violations:  0


  Result: PASS
=========================================================
