Shadow Model Test
  Steps: 250000
  Seed:  213


=========================================================
  Shadow Model Test Report
=========================================================
  Steps run:         250000
  Submits:           205796
  Cancels:           26414
  Amends:            17790
  Trades produced:   51214
  Divergences total: 0  (BUG=0  KNOWN=0)

  ── Stress statistics ────────────────────────────────────
  Wall time:              2.586 s
  Throughput:             96679 steps/sec
  Cumulative trades:      51214
  Peak book orders:       68
  Peak stop orders:       899
  Peak bid levels:        24
  Peak ask levels:        17
  Max fills in one step:  22
  Sweep events (bid→0):   13059
  Sweep events (ask→0):   13121
  Book-cross violations:  0


  Result: PASS
=========================================================
