Shadow Model Test
  Steps: 250000
  Seed:  217


=========================================================
  Shadow Model Test Report
=========================================================
  Steps run:         250000
  Submits:           205448
  Cancels:           26594
  Amends:            17958
  Trades produced:   51279
  Divergences total: 0  (BUG=0  KNOWN=0)

  ── Stress statistics ────────────────────────────────────
  Wall time:              2.346 s
  Throughput:             106553 steps/sec
  Cumulative trades:      51279
  Peak book orders:       113
  Peak stop orders:       847
  Peak bid levels:        23
  Peak ask levels:        26
  Max fills in one step:  35
  Sweep events (bid→0):   13193
  Sweep events (ask→0):   13087
  Book-cross violations:  0


  Result: PASS
=========================================================
