Shadow Model Test
  Steps: 250000
  Seed:  11


=========================================================
  Shadow Model Test Report
=========================================================
  Steps run:         250000
  Submits:           205786
  Cancels:           26742
  Amends:            17472
  Trades produced:   51303
  Divergences total: 0  (BUG=0  KNOWN=0)

  ── Stress statistics ────────────────────────────────────
  Wall time:              1.958 s
  Throughput:             127700 steps/sec
  Cumulative trades:      51303
  Peak book orders:       62
  Peak stop orders:       674
  Peak bid levels:        20
  Peak ask levels:        19
  Max fills in one step:  27
  Sweep events (bid→0):   13088
  Sweep events (ask→0):   12958
  Book-cross violations:  0


  Result: PASS
=========================================================
