Shadow Model Test
  Steps: 250000
  Seed:  56


=========================================================
  Shadow Model Test Report
=========================================================
  Steps run:         250000
  Submits:           205673
  Cancels:           26666
  Amends:            17661
  Trades produced:   51036
  Divergences total: 0  (BUG=0  KNOWN=0)

  ── Stress statistics ────────────────────────────────────
  Wall time:              2.100 s
  Throughput:             119074 steps/sec
  Cumulative trades:      51036
  Peak book orders:       79
  Peak stop orders:       810
  Peak bid levels:        18
  Peak ask levels:        22
  Max fills in one step:  36
  Sweep events (bid→0):   13179
  Sweep events (ask→0):   13087
  Book-cross violations:  0


  Result: PASS
=========================================================
