Shadow Model Test
  Steps: 250000
  Seed:  253


=========================================================
  Shadow Model Test Report
=========================================================
  Steps run:         250000
  Submits:           205582
  Cancels:           26586
  Amends:            17832
  Trades produced:   51460
  Divergences total: 0  (BUG=0  KNOWN=0)

  ── Stress statistics ────────────────────────────────────
  Wall time:              2.131 s
  Throughput:             117295 steps/sec
  Cumulative trades:      51460
  Peak book orders:       93
  Peak stop orders:       934
  Peak bid levels:        20
  Peak ask levels:        21
  Max fills in one step:  20
  Sweep events (bid→0):   13097
  Sweep events (ask→0):   13093
  Book-cross violations:  0


  Result: PASS
=========================================================
