Shadow Model Test
  Steps: 250000
  Seed:  112


=========================================================
  Shadow Model Test Report
=========================================================
  Steps run:         250000
  Submits:           205686
  Cancels:           26611
  Amends:            17703
  Trades produced:   51559
  Divergences total: 0  (BUG=0  KNOWN=0)

  ── Stress statistics ────────────────────────────────────
  Wall time:              2.180 s
  Throughput:             114661 steps/sec
  Cumulative trades:      51559
  Peak book orders:       78
  Peak stop orders:       886
  Peak bid levels:        21
  Peak ask levels:        21
  Max fills in one step:  20
  Sweep events (bid→0):   13147
  Sweep events (ask→0):   13037
  Book-cross violations:  0


  Result: PASS
=========================================================
