Shadow Model Test
  Steps: 250000
  Seed:  219


=========================================================
  Shadow Model Test Report
=========================================================
  Steps run:         250000
  Submits:           205685
  Cancels:           26492
  Amends:            17823
  Trades produced:   50806
  Divergences total: 0  (BUG=0  KNOWN=0)

  ── Stress statistics ────────────────────────────────────
  Wall time:              2.445 s
  Throughput:             102233 steps/sec
  Cumulative trades:      50806
  Peak book orders:       98
  Peak stop orders:       930
  Peak bid levels:        20
  Peak ask levels:        19
  Max fills in one step:  21
  Sweep events (bid→0):   13177
  Sweep events (ask→0):   13109
  Book-cross violations:  0


  Result: PASS
=========================================================
