Shadow Model Test
  Steps: 250000
  Seed:  26


=========================================================
  Shadow Model Test Report
=========================================================
  Steps run:         250000
  Submits:           205743
  Cancels:           26569
  Amends:            17688
  Trades produced:   51901
  Divergences total: 0  (BUG=0  KNOWN=0)

  ── Stress statistics ────────────────────────────────────
  Wall time:              1.972 s
  Throughput:             126783 steps/sec
  Cumulative trades:      51901
  Peak book orders:       75
  Peak stop orders:       701
  Peak bid levels:        20
  Peak ask levels:        24
  Max fills in one step:  20
  Sweep events (bid→0):   13324
  Sweep events (ask→0):   13212
  Book-cross violations:  0


  Result: PASS
=========================================================
