Shadow Model Test
  Steps: 250000
  Seed:  178


=========================================================
  Shadow Model Test Report
=========================================================
  Steps run:         250000
  Submits:           205802
  Cancels:           26407
  Amends:            17791
  Trades produced:   51332
  Divergences total: 0  (BUG=0  KNOWN=0)

  ── Stress statistics ────────────────────────────────────
  Wall time:              1.685 s
  Throughput:             148356 steps/sec
  Cumulative trades:      51332
  Peak book orders:       82
  Peak stop orders:       683
  Peak bid levels:        22
  Peak ask levels:        21
  Max fills in one step:  25
  Sweep events (bid→0):   13197
  Sweep events (ask→0):   13067
  Book-cross violations:  0


  Result: PASS
=========================================================
