Shadow Model Test
  Steps: 250000
  Seed:  23


=========================================================
  Shadow Model Test Report
=========================================================
  Steps run:         250000
  Submits:           205614
  Cancels:           26652
  Amends:            17734
  Trades produced:   51034
  Divergences total: 0  (BUG=0  KNOWN=0)

  ── Stress statistics ────────────────────────────────────
  Wall time:              1.954 s
  Throughput:             127915 steps/sec
  Cumulative trades:      51034
  Peak book orders:       61
  Peak stop orders:       691
  Peak bid levels:        17
  Peak ask levels:        21
  Max fills in one step:  21
  Sweep events (bid→0):   13097
  Sweep events (ask→0):   13124
  Book-cross violations:  0


  Result: PASS
=========================================================
