Shadow Model Test
  Steps: 250000
  Seed:  103


=========================================================
  Shadow Model Test Report
=========================================================
  Steps run:         250000
  Submits:           205835
  Cancels:           26601
  Amends:            17564
  Trades produced:   51171
  Divergences total: 0  (BUG=0  KNOWN=0)

  ── Stress statistics ────────────────────────────────────
  Wall time:              1.780 s
  Throughput:             140436 steps/sec
  Cumulative trades:      51171
  Peak book orders:       49
  Peak stop orders:       592
  Peak bid levels:        22
  Peak ask levels:        17
  Max fills in one step:  25
  Sweep events (bid→0):   13137
  Sweep events (ask→0):   13145
  Book-cross violations:  0


  Result: PASS
=========================================================
