Shadow Model Test
  Steps: 250000
  Seed:  209


=========================================================
  Shadow Model Test Report
=========================================================
  Steps run:         250000
  Submits:           205522
  Cancels:           26645
  Amends:            17833
  Trades produced:   51414
  Divergences total: 0  (BUG=0  KNOWN=0)

  ── Stress statistics ────────────────────────────────────
  Wall time:              1.878 s
  Throughput:             133137 steps/sec
  Cumulative trades:      51414
  Peak book orders:       62
  Peak stop orders:       622
  Peak bid levels:        20
  Peak ask levels:        20
  Max fills in one step:  23
  Sweep events (bid→0):   13225
  Sweep events (ask→0):   13213
  Book-cross violations:  0


  Result: PASS
=========================================================
