Shadow Model Test
  Steps: 250000
  Seed:  84


=========================================================
  Shadow Model Test Report
=========================================================
  Steps run:         250000
  Submits:           205883
  Cancels:           26699
  Amends:            17418
  Trades produced:   50788
  Divergences total: 0  (BUG=0  KNOWN=0)

  ── Stress statistics ────────────────────────────────────
  Wall time:              2.088 s
  Throughput:             119721 steps/sec
  Cumulative trades:      50788
  Peak book orders:       61
  Peak stop orders:       815
  Peak bid levels:        20
  Peak ask levels:        17
  Max fills in one step:  23
  Sweep events (bid→0):   13224
  Sweep events (ask→0):   13208
  Book-cross violations:  0


  Result: PASS
=========================================================
