Shadow Model Test
  Steps: 250000
  Seed:  61


=========================================================
  Shadow Model Test Report
=========================================================
  Steps run:         250000
  Submits:           205772
  Cancels:           26648
  Amends:            17580
  Trades produced:   50894
  Divergences total: 0  (BUG=0  KNOWN=0)

  ── Stress statistics ────────────────────────────────────
  Wall time:              1.694 s
  Throughput:             147556 steps/sec
  Cumulative trades:      50894
  Peak book orders:       69
  Peak stop orders:       552
  Peak bid levels:        22
  Peak ask levels:        18
  Max fills in one step:  33
  Sweep events (bid→0):   13156
  Sweep events (ask→0):   13079
  Book-cross violations:  0


  Result: PASS
=========================================================
