Shadow Model Test
  Steps: 250000
  Seed:  130


=========================================================
  Shadow Model Test Report
=========================================================
  Steps run:         250000
  Submits:           205457
  Cancels:           26639
  Amends:            17904
  Trades produced:   51337
  Divergences total: 0  (BUG=0  KNOWN=0)

  ── Stress statistics ────────────────────────────────────
  Wall time:              1.905 s
  Throughput:             131237 steps/sec
  Cumulative trades:      51337
  Peak book orders:       50
  Peak stop orders:       623
  Peak bid levels:        20
  Peak ask levels:        17
  Max fills in one step:  28
  Sweep events (bid→0):   13101
  Sweep events (ask→0):   13097
  Book-cross violations:  0


  Result: PASS
=========================================================
