Shadow Model Test
  Steps: 250000
  Seed:  75


=========================================================
  Shadow Model Test Report
=========================================================
  Steps run:         250000
  Submits:           205697
  Cancels:           26436
  Amends:            17867
  Trades produced:   51580
  Divergences total: 0  (BUG=0  KNOWN=0)

  ── Stress statistics ────────────────────────────────────
  Wall time:              2.145 s
  Throughput:             116572 steps/sec
  Cumulative trades:      51580
  Peak book orders:       102
  Peak stop orders:       745
  Peak bid levels:        20
  Peak ask levels:        22
  Max fills in one step:  22
  Sweep events (bid→0):   13014
  Sweep events (ask→0):   13074
  Book-cross violations:  0


  Result: PASS
=========================================================
