Shadow Model Test
  Steps: 250000
  Seed:  155


=========================================================
  Shadow Model Test Report
=========================================================
  Steps run:         250000
  Submits:           205817
  Cancels:           26687
  Amends:            17496
  Trades produced:   51199
  Divergences total: 0  (BUG=0  KNOWN=0)

  ── Stress statistics ────────────────────────────────────
  Wall time:              1.899 s
  Throughput:             131615 steps/sec
  Cumulative trades:      51199
  Peak book orders:       54
  Peak stop orders:       749
  Peak bid levels:        20
  Peak ask levels:        20
  Max fills in one step:  22
  Sweep events (bid→0):   13164
  Sweep events (ask→0):   13101
  Book-cross violations:  0


  Result: PASS
=========================================================
