Shadow Model Test
  Steps: 250000
  Seed:  66


=========================================================
  Shadow Model Test Report
=========================================================
  Steps run:         250000
  Submits:           205407
  Cancels:           26801
  Amends:            17792
  Trades produced:   51559
  Divergences total: 0  (BUG=0  KNOWN=0)

  ── Stress statistics ────────────────────────────────────
  Wall time:              2.384 s
  Throughput:             104881 steps/sec
  Cumulative trades:      51559
  Peak book orders:       76
  Peak stop orders:       756
  Peak bid levels:        21
  Peak ask levels:        21
  Max fills in one step:  22
  Sweep events (bid→0):   13215
  Sweep events (ask→0):   13186
  Book-cross violations:  0


  Result: PASS
=========================================================
