Shadow Model Test
  Steps: 250000
  Seed:  134


=========================================================
  Shadow Model Test Report
=========================================================
  Steps run:         250000
  Submits:           205546
  Cancels:           26585
  Amends:            17869
  Trades produced:   51176
  Divergences total: 0  (BUG=0  KNOWN=0)

  ── Stress statistics ────────────────────────────────────
  Wall time:              2.038 s
  Throughput:             122666 steps/sec
  Cumulative trades:      51176
  Peak book orders:       62
  Peak stop orders:       673
  Peak bid levels:        19
  Peak ask levels:        17
  Max fills in one step:  22
  Sweep events (bid→0):   13257
  Sweep events (ask→0):   13131
  Book-cross violations:  0


  Result: PASS
=========================================================
