Shadow Model Test
  Steps: 250000
  Seed:  4


=========================================================
  Shadow Model Test Report
=========================================================
  Steps run:         250000
  Submits:           205611
  Cancels:           26614
  Amends:            17775
  Trades produced:   50886
  Divergences total: 0  (BUG=0  KNOWN=0)

  ── Stress statistics ────────────────────────────────────
  Wall time:              2.332 s
  Throughput:             107198 steps/sec
  Cumulative trades:      50886
  Peak book orders:       129
  Peak stop orders:       993
  Peak bid levels:        20
  Peak ask levels:        26
  Max fills in one step:  21
  Sweep events (bid→0):   13298
  Sweep events (ask→0):   13201
  Book-cross violations:  0


  Result: PASS
=========================================================
