Shadow Model Test
  Steps: 250000
  Seed:  3


=========================================================
  Shadow Model Test Report
=========================================================
  Steps run:         250000
  Submits:           205679
  Cancels:           26536
  Amends:            17785
  Trades produced:   51300
  Divergences total: 0  (BUG=0  KNOWN=0)

  ── Stress statistics ────────────────────────────────────
  Wall time:              2.056 s
  Throughput:             121625 steps/sec
  Cumulative trades:      51300
  Peak book orders:       77
  Peak stop orders:       660
  Peak bid levels:        22
  Peak ask levels:        18
  Max fills in one step:  21
  Sweep events (bid→0):   13191
  Sweep events (ask→0):   13076
  Book-cross violations:  0


  Result: PASS
=========================================================
