Shadow Model Test
  Steps: 250000
  Seed:  142


=========================================================
  Shadow Model Test Report
=========================================================
  Steps run:         250000
  Submits:           205464
  Cancels:           26525
  Amends:            18011
  Trades produced:   51522
  Divergences total: 0  (BUG=0  KNOWN=0)

  ── Stress statistics ────────────────────────────────────
  Wall time:              2.139 s
  Throughput:             116876 steps/sec
  Cumulative trades:      51522
  Peak book orders:       53
  Peak stop orders:       746
  Peak bid levels:        18
  Peak ask levels:        21
  Max fills in one step:  23
  Sweep events (bid→0):   13147
  Sweep events (ask→0):   13072
  Book-cross violations:  0


  Result: PASS
=========================================================
