Shadow Model Test
  Steps: 250000
  Seed:  135


=========================================================
  Shadow Model Test Report
=========================================================
  Steps run:         250000
  Submits:           205195
  Cancels:           26962
  Amends:            17843
  Trades produced:   51214
  Divergences total: 0  (BUG=0  KNOWN=0)

  ── Stress statistics ────────────────────────────────────
  Wall time:              2.125 s
  Throughput:             117626 steps/sec
  Cumulative trades:      51214
  Peak book orders:       77
  Peak stop orders:       708
  Peak bid levels:        21
  Peak ask levels:        23
  Max fills in one step:  25
  Sweep events (bid→0):   13259
  Sweep events (ask→0):   13066
  Book-cross violations:  0


  Result: PASS
=========================================================
