Shadow Model Test
  Steps: 250000
  Seed:  53


=========================================================
  Shadow Model Test Report
=========================================================
  Steps run:         250000
  Submits:           205683
  Cancels:           26592
  Amends:            17725
  Trades produced:   50948
  Divergences total: 0  (BUG=0  KNOWN=0)

  ── Stress statistics ────────────────────────────────────
  Wall time:              2.070 s
  Throughput:             120802 steps/sec
  Cumulative trades:      50948
  Peak book orders:       99
  Peak stop orders:       699
  Peak bid levels:        16
  Peak ask levels:        21
  Max fills in one step:  21
  Sweep events (bid→0):   13105
  Sweep events (ask→0):   13034
  Book-cross violations:  0


  Result: PASS
=========================================================
