Shadow Model Test
  Steps: 250000
  Seed:  214


=========================================================
  Shadow Model Test Report
=========================================================
  Steps run:         250000
  Submits:           205659
  Cancels:           26750
  Amends:            17591
  Trades produced:   51381
  Divergences total: 0  (BUG=0  KNOWN=0)

  ── Stress statistics ────────────────────────────────────
  Wall time:              2.135 s
  Throughput:             117117 steps/sec
  Cumulative trades:      51381
  Peak book orders:       78
  Peak stop orders:       724
  Peak bid levels:        19
  Peak ask levels:        17
  Max fills in one step:  23
  Sweep events (bid→0):   13228
  Sweep events (ask→0):   13219
  Book-cross violations:  0


  Result: PASS
=========================================================
