Shadow Model Test
  Steps: 250000
  Seed:  41


=========================================================
  Shadow Model Test Report
=========================================================
  Steps run:         250000
  Submits:           205716
  Cancels:           26721
  Amends:            17563
  Trades produced:   50907
  Divergences total: 0  (BUG=0  KNOWN=0)

  ── Stress statistics ────────────────────────────────────
  Wall time:              1.973 s
  Throughput:             126706 steps/sec
  Cumulative trades:      50907
  Peak book orders:       70
  Peak stop orders:       689
  Peak bid levels:        21
  Peak ask levels:        24
  Max fills in one step:  21
  Sweep events (bid→0):   13220
  Sweep events (ask→0):   12993
  Book-cross violations:  0


  Result: PASS
=========================================================
