Shadow Model Test
  Steps: 5000000
  Seed:  451

  BUG   step 752 [SUBMIT id=615 BUY LIMIT DAY px=100 q=2] field=trades shadow=[{agg=615 pas=561 @99 q=2}] real=[{agg=615 pas=607 @99 q=2}]
  BUG   step 754 [SUBMIT id=616 BUY LIMIT FOK px=104 q=15] field=trades shadow=[{agg=616 pas=561 @99 q=13}, {agg=616 pas=607 @100 q=2}] real=[{agg=616 pas=561 @99 q=15}]
  BUG   step 754 [SUBMIT id=616 BUY LIMIT FOK px=104 q=15] field=lastTradePrice shadow=100 real=99
  BUG   step 1386 [SUBMIT id=1142 BUY LIMIT FOK px=95 q=2] field=trades shadow=[{agg=1142 pas=1135 @95 q=2}] real=[{agg=1142 pas=1136 @95 q=2}]
  BUG   step 3492 [SUBMIT id=2845 SELL LIMIT GTC px=106 q=15] field=trades shadow=[{agg=2845 pas=2834 @106 q=1}, {agg=2845 pas=2843 @106 q=2}] real=[{agg=2845 pas=2843 @106 q=2}, {agg=2845 pas=2834 @106 q=1}]
  BUG   step 3541 [SUBMIT id=2885 SELL LIMIT IOC px=101 q=8] field=trades shadow=[{agg=2885 pas=2877 @104 q=8}] real=[{agg=2885 pas=2883 @104 q=4}, {agg=2885 pas=2877 @104 q=4}]
  BUG   step 3544 [SUBMIT id=2888 SELL MARKET IOC px=0 q=8 stg=1] field=trades shadow=[{agg=2888 pas=2877 @104 q=7}, {agg=2888 pas=2883 @104 q=1}] real=[{agg=2888 pas=2877 @104 q=8}]
  BUG   step 3544 [SUBMIT id=2888 SELL MARKET IOC px=0 q=8 stg=1] field=orderCount shadow=5 real=6
  BUG   step 3545 [SUBMIT id=2889 SELL MARKET IOC px=0 q=5 stg=1] field=trades shadow=[{agg=2889 pas=2883 @104 q=3}, {agg=2889 pas=2883 @104 q=1}, {agg=2889 pas=2858 @103 q=1}] real=[{agg=2889 pas=2877 @104 q=3}, {agg=2889 pas=2883 @104 q=1}, {agg=2889 pas=2858 @103 q=1}]
  BUG   step 6532 [SUBMIT id=5348 SELL LIMIT FOK px=109 q=8] field=trades shadow=[{agg=5348 pas=4114 @109 q=8}] real=[{agg=5348 pas=5333 @109 q=2}, {agg=5348 pas=4114 @109 q=6}]
  BUG   step 6532 [SUBMIT id=5348 SELL LIMIT FOK px=109 q=8] field=orderCount shadow=10 real=9
  BUG   step 6533 [AMEND id=4114 px=0 qty=5] field=orderCount shadow=10 real=9
  BUG   step 6534 [SUBMIT id=5349 BUY LIMIT GTC px=103 q=15] field=orderCount shadow=11 real=10
  BUG   step 6535 [CANCEL id=4114] field=bestBid shadow=109 real=107
  BUG   step 6535 [CANCEL id=4114] field=orderCount shadow=10 real=9
  BUG   step 6536 [SUBMIT id=5350 BUY MARKET IOC px=0 q=10 stg=2] field=bestBid shadow=109 real=107
  BUG   step 6536 [SUBMIT id=5350 BUY MARKET IOC px=0 q=10 stg=2] field=orderCount shadow=10 real=9
  BUG   step 6537 [SUBMIT id=5351 SELL MTL GTC px=104 q=1] field=bestBid shadow=109 real=107
  BUG   step 6537 [SUBMIT id=5351 SELL MTL GTC px=104 q=1] field=orderCount shadow=10 real=9
  (halting after 20 BUG divergences)

=========================================================
  Shadow Model Test Report
=========================================================
  Steps run:         6538
  Submits:           5352
  Cancels:           719
  Amends:            467
  Trades produced:   1355
  Divergences total: 21  (BUG=21  KNOWN=0)

  Divergence details (first 30):
    [BUG  ] step 752 [SUBMIT id=615 BUY LIMIT DAY px=100 q=2] trades:
          shadow = [{agg=615 pas=561 @99 q=2}]
          real   = [{agg=615 pas=607 @99 q=2}]
    [BUG  ] step 754 [SUBMIT id=616 BUY LIMIT FOK px=104 q=15] trades:
          shadow = [{agg=616 pas=561 @99 q=13}, {agg=616 pas=607 @100 q=2}]
          real   = [{agg=616 pas=561 @99 q=15}]
    [BUG  ] step 754 [SUBMIT id=616 BUY LIMIT FOK px=104 q=15] lastTradePrice:
          shadow = 100
          real   = 99
    [BUG  ] step 1386 [SUBMIT id=1142 BUY LIMIT FOK px=95 q=2] trades:
          shadow = [{agg=1142 pas=1135 @95 q=2}]
          real   = [{agg=1142 pas=1136 @95 q=2}]
    [BUG  ] step 3492 [SUBMIT id=2845 SELL LIMIT GTC px=106 q=15] trades:
          shadow = [{agg=2845 pas=2834 @106 q=1}, {agg=2845 pas=2843 @106 q=2}]
          real   = [{agg=2845 pas=2843 @106 q=2}, {agg=2845 pas=2834 @106 q=1}]
    [BUG  ] step 3541 [SUBMIT id=2885 SELL LIMIT IOC px=101 q=8] trades:
          shadow = [{agg=2885 pas=2877 @104 q=8}]
          real   = [{agg=2885 pas=2883 @104 q=4}, {agg=2885 pas=2877 @104 q=4}]
    [BUG  ] step 3544 [SUBMIT id=2888 SELL MARKET IOC px=0 q=8 stg=1] trades:
          shadow = [{agg=2888 pas=2877 @104 q=7}, {agg=2888 pas=2883 @104 q=1}]
          real   = [{agg=2888 pas=2877 @104 q=8}]
    [BUG  ] step 3544 [SUBMIT id=2888 SELL MARKET IOC px=0 q=8 stg=1] orderCount:
          shadow = 5
          real   = 6
    [BUG  ] step 3545 [SUBMIT id=2889 SELL MARKET IOC px=0 q=5 stg=1] trades:
          shadow = [{agg=2889 pas=2883 @104 q=3}, {agg=2889 pas=2883 @104 q=1}, {agg=2889 pas=2858 @103 q=1}]
          real   = [{agg=2889 pas=2877 @104 q=3}, {agg=2889 pas=2883 @104 q=1}, {agg=2889 pas=2858 @103 q=1}]
    [BUG  ] step 6532 [SUBMIT id=5348 SELL LIMIT FOK px=109 q=8] trades:
          shadow = [{agg=5348 pas=4114 @109 q=8}]
          real   = [{agg=5348 pas=5333 @109 q=2}, {agg=5348 pas=4114 @109 q=6}]
    [BUG  ] step 6532 [SUBMIT id=5348 SELL LIMIT FOK px=109 q=8] orderCount:
          shadow = 10
          real   = 9
    [BUG  ] step 6533 [AMEND id=4114 px=0 qty=5] orderCount:
          shadow = 10
          real   = 9
    [BUG  ] step 6534 [SUBMIT id=5349 BUY LIMIT GTC px=103 q=15] orderCount:
          shadow = 11
          real   = 10
    [BUG  ] step 6535 [CANCEL id=4114] bestBid:
          shadow = 109
          real   = 107
    [BUG  ] step 6535 [CANCEL id=4114] orderCount:
          shadow = 10
          real   = 9
    [BUG  ] step 6536 [SUBMIT id=5350 BUY MARKET IOC px=0 q=10 stg=2] bestBid:
          shadow = 109
          real   = 107
    [BUG  ] step 6536 [SUBMIT id=5350 BUY MARKET IOC px=0 q=10 stg=2] orderCount:
          shadow = 10
          real   = 9
    [BUG  ] step 6537 [SUBMIT id=5351 SELL MTL GTC px=104 q=1] bestBid:
          shadow = 109
          real   = 107
    [BUG  ] step 6537 [SUBMIT id=5351 SELL MTL GTC px=104 q=1] orderCount:
          shadow = 10
          real   = 9
    [BUG  ] step 6538 [SUBMIT id=5352 SELL LIMIT FOK px=108 q=3] bestBid:
          shadow = 109
          real   = 107
    [BUG  ] step 6538 [SUBMIT id=5352 SELL LIMIT FOK px=108 q=3] orderCount:
          shadow = 10
          real   = 9

  Result: FAIL
=========================================================
