Shadow Model Test
  Steps: 5000000
  Seed:  2

  BUG   step 435 [SUBMIT id=350 SELL STP_LIM IOC px=109 q=1 sp=109] field=trades shadow=[{agg=350 pas=290 @109 q=1}] real=[{agg=350 pas=344 @109 q=1}]
  BUG   step 435 [SUBMIT id=350 SELL STP_LIM IOC px=109 q=1 sp=109] field=orderCount shadow=5 real=4
  BUG   step 436 [CANCEL id=345] field=orderCount shadow=4 real=3
  BUG   step 437 [SUBMIT id=351 BUY STP_LIM FOK px=110 q=8 sp=102] field=orderCount shadow=4 real=3
  BUG   step 438 [SUBMIT id=352 BUY STP_LIM DAY px=108 q=20 sp=112 stg=2] field=orderCount shadow=4 real=3
  BUG   step 439 [AMEND id=290 px=106 qty=0] field=orderCount shadow=4 real=3
  BUG   step 440 [SUBMIT id=353 SELL MARKET FOK px=0 q=5 stg=1] field=trades shadow=[{agg=353 pas=344 @109 q=1}, {agg=353 pas=349 @109 q=4}] real=[{agg=353 pas=349 @109 q=5}]
  BUG   step 445 [SUBMIT id=357 SELL LIMIT IOC px=109 q=15] field=trades shadow=[{agg=357 pas=349 @109 q=11}] real=[{agg=357 pas=349 @109 q=10}]
  BUG   step 7207 [SUBMIT id=6005 SELL MARKET IOC px=0 q=8] field=trades shadow=[{agg=6005 pas=5995 @107 q=3}, {agg=6005 pas=5968 @97 q=5}, {agg=5999 pas=5968 @97 q=5}, {agg=6004 pas=5968 @97 q=5}, {agg=6004 pas=5997 @97 q=5}] real=[{agg=6005 pas=5995 @107 q=3}, {agg=6005 pas=5997 @97 q=5}, {agg=5999 pas=5997 @97 q=5}, {agg=6004 pas=5968 @97 q=10}]
  BUG   step 7209 [SUBMIT id=6007 SELL MARKET FOK px=0 q=2] field=trades shadow=[{agg=6007 pas=5997 @97 q=2}] real=[{agg=6007 pas=5968 @97 q=2}]
  BUG   step 7211 [SUBMIT id=6009 SELL MARKET IOC px=0 q=1] field=trades shadow=[{agg=6009 pas=5997 @97 q=1}] real=[{agg=6009 pas=5968 @97 q=1}]
  BUG   step 7218 [CANCEL id=5997] field=cancelled shadow=[{5997:USER_REQUESTED}] real=[]
  BUG   step 7218 [CANCEL id=5997] field=bestBid shadow=0 real=97
  BUG   step 7218 [CANCEL id=5997] field=orderCount shadow=0 real=1
  BUG   step 7219 [SUBMIT id=6016 BUY STP_LIM IOC px=99 q=5 sp=105] field=bestBid shadow=0 real=97
  BUG   step 7219 [SUBMIT id=6016 BUY STP_LIM IOC px=99 q=5 sp=105] field=orderCount shadow=0 real=1
  BUG   step 7220 [SUBMIT id=6017 SELL LIMIT GTC px=107 q=20] field=bestBid shadow=0 real=97
  BUG   step 7220 [SUBMIT id=6017 SELL LIMIT GTC px=107 q=20] field=orderCount shadow=1 real=2
  BUG   step 7221 [SUBMIT id=6018 SELL STP_MKT FOK px=0 q=8 sp=96] field=bestBid shadow=0 real=97
  BUG   step 7221 [SUBMIT id=6018 SELL STP_MKT FOK px=0 q=8 sp=96] field=orderCount shadow=1 real=2
  (halting after 20 BUG divergences)

=========================================================
  Shadow Model Test Report
=========================================================
  Steps run:         7221
  Submits:           6018
  Cancels:           715
  Amends:            488
  Trades produced:   1534
  Divergences total: 20  (BUG=20  KNOWN=0)

  Divergence details (first 30):
    [BUG  ] step 435 [SUBMIT id=350 SELL STP_LIM IOC px=109 q=1 sp=109] trades:
          shadow = [{agg=350 pas=290 @109 q=1}]
          real   = [{agg=350 pas=344 @109 q=1}]
    [BUG  ] step 435 [SUBMIT id=350 SELL STP_LIM IOC px=109 q=1 sp=109] orderCount:
          shadow = 5
          real   = 4
    [BUG  ] step 436 [CANCEL id=345] orderCount:
          shadow = 4
          real   = 3
    [BUG  ] step 437 [SUBMIT id=351 BUY STP_LIM FOK px=110 q=8 sp=102] orderCount:
          shadow = 4
          real   = 3
    [BUG  ] step 438 [SUBMIT id=352 BUY STP_LIM DAY px=108 q=20 sp=112 stg=2] orderCount:
          shadow = 4
          real   = 3
    [BUG  ] step 439 [AMEND id=290 px=106 qty=0] orderCount:
          shadow = 4
          real   = 3
    [BUG  ] step 440 [SUBMIT id=353 SELL MARKET FOK px=0 q=5 stg=1] trades:
          shadow = [{agg=353 pas=344 @109 q=1}, {agg=353 pas=349 @109 q=4}]
          real   = [{agg=353 pas=349 @109 q=5}]
    [BUG  ] step 445 [SUBMIT id=357 SELL LIMIT IOC px=109 q=15] trades:
          shadow = [{agg=357 pas=349 @109 q=11}]
          real   = [{agg=357 pas=349 @109 q=10}]
    [BUG  ] step 7207 [SUBMIT id=6005 SELL MARKET IOC px=0 q=8] trades:
          shadow = [{agg=6005 pas=5995 @107 q=3}, {agg=6005 pas=5968 @97 q=5}, {agg=5999 pas=5968 @97 q=5}, {agg=6004 pas=5968 @97 q=5}, {agg=6004 pas=5997 @97 q=5}]
          real   = [{agg=6005 pas=5995 @107 q=3}, {agg=6005 pas=5997 @97 q=5}, {agg=5999 pas=5997 @97 q=5}, {agg=6004 pas=5968 @97 q=10}]
    [BUG  ] step 7209 [SUBMIT id=6007 SELL MARKET FOK px=0 q=2] trades:
          shadow = [{agg=6007 pas=5997 @97 q=2}]
          real   = [{agg=6007 pas=5968 @97 q=2}]
    [BUG  ] step 7211 [SUBMIT id=6009 SELL MARKET IOC px=0 q=1] trades:
          shadow = [{agg=6009 pas=5997 @97 q=1}]
          real   = [{agg=6009 pas=5968 @97 q=1}]
    [BUG  ] step 7218 [CANCEL id=5997] cancelled:
          shadow = [{5997:USER_REQUESTED}]
          real   = []
    [BUG  ] step 7218 [CANCEL id=5997] bestBid:
          shadow = 0
          real   = 97
    [BUG  ] step 7218 [CANCEL id=5997] orderCount:
          shadow = 0
          real   = 1
    [BUG  ] step 7219 [SUBMIT id=6016 BUY STP_LIM IOC px=99 q=5 sp=105] bestBid:
          shadow = 0
          real   = 97
    [BUG  ] step 7219 [SUBMIT id=6016 BUY STP_LIM IOC px=99 q=5 sp=105] orderCount:
          shadow = 0
          real   = 1
    [BUG  ] step 7220 [SUBMIT id=6017 SELL LIMIT GTC px=107 q=20] bestBid:
          shadow = 0
          real   = 97
    [BUG  ] step 7220 [SUBMIT id=6017 SELL LIMIT GTC px=107 q=20] orderCount:
          shadow = 1
          real   = 2
    [BUG  ] step 7221 [SUBMIT id=6018 SELL STP_MKT FOK px=0 q=8 sp=96] bestBid:
          shadow = 0
          real   = 97
    [BUG  ] step 7221 [SUBMIT id=6018 SELL STP_MKT FOK px=0 q=8 sp=96] orderCount:
          shadow = 1
          real   = 2

  Result: FAIL
=========================================================
