Shadow Model Test
  Steps: 5000000
  Seed:  365

  BUG   step 2340 [SUBMIT id=1940 BUY LIMIT FOK px=103 q=15] field=trades shadow=[{agg=1940 pas=1928 @96 q=10}, {agg=1940 pas=692 @103 q=5}] real=[{agg=1940 pas=1928 @96 q=10}, {agg=1940 pas=1921 @103 q=1}, {agg=1940 pas=692 @103 q=4}]
  BUG   step 2340 [SUBMIT id=1940 BUY LIMIT FOK px=103 q=15] field=orderCount shadow=4 real=3
  BUG   step 2341 [SUBMIT id=1941 BUY LIMIT IOC px=108 q=10 mq=7] field=orderCount shadow=4 real=3
  BUG   step 2342 [SUBMIT id=1942 BUY LIMIT IOC px=102 q=10] field=orderCount shadow=4 real=3
  BUG   step 2343 [SUBMIT id=1943 SELL LIMIT GTC px=104 q=2 mq=2 stg=2] field=orderCount shadow=4 real=3
  BUG   step 2344 [SUBMIT id=1944 BUY MARKET FOK px=0 q=10] field=trades shadow=[{agg=1944 pas=692 @103 q=3}, {agg=1944 pas=1921 @103 q=1}, {agg=1944 pas=275 @110 q=5}, {agg=1905 pas=159 @111 q=3}, {agg=1944 pas=159 @111 q=1}] real=[{agg=1944 pas=692 @103 q=4}, {agg=1944 pas=275 @110 q=5}, {agg=1905 pas=159 @111 q=3}, {agg=1944 pas=159 @111 q=1}]
  BUG   step 3599 [SUBMIT id=2973 SELL LIMIT GTC px=102 q=3] field=trades shadow=[{agg=2973 pas=2970 @107 q=3}] real=[{agg=2973 pas=2972 @107 q=3}]
  BUG   step 3599 [SUBMIT id=2973 SELL LIMIT GTC px=102 q=3] field=orderCount shadow=1 real=2
  BUG   step 3600 [SUBMIT id=2974 BUY STP_MKT FOK px=0 q=2 sp=107] field=orderCount shadow=1 real=2
  BUG   step 3601 [SUBMIT id=2975 BUY LIMIT DAY px=107 q=10] field=orderCount shadow=2 real=3
  BUG   step 3602 [SUBMIT id=2976 SELL LIMIT IOC px=108 q=15 stg=1] field=orderCount shadow=2 real=3
  BUG   step 3603 [CANCEL id=2975] field=orderCount shadow=1 real=2
  BUG   step 3604 [SUBMIT id=2977 BUY STP_MKT FOK px=0 q=2 sp=108] field=orderCount shadow=1 real=2
  BUG   step 3605 [SUBMIT id=2978 BUY MARKET FOK px=0 q=5] field=orderCount shadow=1 real=2
  BUG   step 3606 [SUBMIT id=2979 SELL STP_LIM IOC px=103 q=2 sp=108] field=orderCount shadow=1 real=2
  BUG   step 3607 [CANCEL id=2972] field=bestBid shadow=0 real=107
  BUG   step 3607 [CANCEL id=2972] field=orderCount shadow=0 real=1
  BUG   step 3608 [SUBMIT id=2980 BUY LIMIT DAY px=95 q=1] field=bestBid shadow=95 real=107
  BUG   step 3608 [SUBMIT id=2980 BUY LIMIT DAY px=95 q=1] field=orderCount shadow=1 real=2
  (halting after 20 BUG divergences)

=========================================================
  Shadow Model Test Report
=========================================================
  Steps run:         3609
  Submits:           2981
  Cancels:           376
  Amends:            252
  Trades produced:   752
  Divergences total: 21  (BUG=21  KNOWN=0)

  Divergence details (first 30):
    [BUG  ] step 2340 [SUBMIT id=1940 BUY LIMIT FOK px=103 q=15] trades:
          shadow = [{agg=1940 pas=1928 @96 q=10}, {agg=1940 pas=692 @103 q=5}]
          real   = [{agg=1940 pas=1928 @96 q=10}, {agg=1940 pas=1921 @103 q=1}, {agg=1940 pas=692 @103 q=4}]
    [BUG  ] step 2340 [SUBMIT id=1940 BUY LIMIT FOK px=103 q=15] orderCount:
          shadow = 4
          real   = 3
    [BUG  ] step 2341 [SUBMIT id=1941 BUY LIMIT IOC px=108 q=10 mq=7] orderCount:
          shadow = 4
          real   = 3
    [BUG  ] step 2342 [SUBMIT id=1942 BUY LIMIT IOC px=102 q=10] orderCount:
          shadow = 4
          real   = 3
    [BUG  ] step 2343 [SUBMIT id=1943 SELL LIMIT GTC px=104 q=2 mq=2 stg=2] orderCount:
          shadow = 4
          real   = 3
    [BUG  ] step 2344 [SUBMIT id=1944 BUY MARKET FOK px=0 q=10] trades:
          shadow = [{agg=1944 pas=692 @103 q=3}, {agg=1944 pas=1921 @103 q=1}, {agg=1944 pas=275 @110 q=5}, {agg=1905 pas=159 @111 q=3}, {agg=1944 pas=159 @111 q=1}]
          real   = [{agg=1944 pas=692 @103 q=4}, {agg=1944 pas=275 @110 q=5}, {agg=1905 pas=159 @111 q=3}, {agg=1944 pas=159 @111 q=1}]
    [BUG  ] step 3599 [SUBMIT id=2973 SELL LIMIT GTC px=102 q=3] trades:
          shadow = [{agg=2973 pas=2970 @107 q=3}]
          real   = [{agg=2973 pas=2972 @107 q=3}]
    [BUG  ] step 3599 [SUBMIT id=2973 SELL LIMIT GTC px=102 q=3] orderCount:
          shadow = 1
          real   = 2
    [BUG  ] step 3600 [SUBMIT id=2974 BUY STP_MKT FOK px=0 q=2 sp=107] orderCount:
          shadow = 1
          real   = 2
    [BUG  ] step 3601 [SUBMIT id=2975 BUY LIMIT DAY px=107 q=10] orderCount:
          shadow = 2
          real   = 3
    [BUG  ] step 3602 [SUBMIT id=2976 SELL LIMIT IOC px=108 q=15 stg=1] orderCount:
          shadow = 2
          real   = 3
    [BUG  ] step 3603 [CANCEL id=2975] orderCount:
          shadow = 1
          real   = 2
    [BUG  ] step 3604 [SUBMIT id=2977 BUY STP_MKT FOK px=0 q=2 sp=108] orderCount:
          shadow = 1
          real   = 2
    [BUG  ] step 3605 [SUBMIT id=2978 BUY MARKET FOK px=0 q=5] orderCount:
          shadow = 1
          real   = 2
    [BUG  ] step 3606 [SUBMIT id=2979 SELL STP_LIM IOC px=103 q=2 sp=108] orderCount:
          shadow = 1
          real   = 2
    [BUG  ] step 3607 [CANCEL id=2972] bestBid:
          shadow = 0
          real   = 107
    [BUG  ] step 3607 [CANCEL id=2972] orderCount:
          shadow = 0
          real   = 1
    [BUG  ] step 3608 [SUBMIT id=2980 BUY LIMIT DAY px=95 q=1] bestBid:
          shadow = 95
          real   = 107
    [BUG  ] step 3608 [SUBMIT id=2980 BUY LIMIT DAY px=95 q=1] orderCount:
          shadow = 1
          real   = 2
    [BUG  ] step 3609 [SUBMIT id=2981 BUY STP_MKT FOK px=0 q=8 sp=107] bestBid:
          shadow = 95
          real   = 107
    [BUG  ] step 3609 [SUBMIT id=2981 BUY STP_MKT FOK px=0 q=8 sp=107] orderCount:
          shadow = 1
          real   = 2

  Result: FAIL
=========================================================
