Shadow Model Test
  Steps: 5000000
  Seed:  202

  BUG   step 360 [SUBMIT id=298 BUY LIMIT DAY px=105 q=5] field=trades shadow=[{agg=298 pas=288 @100 q=4}, {agg=298 pas=293 @101 q=1}] real=[{agg=298 pas=288 @100 q=4}, {agg=298 pas=294 @101 q=1}]
  BUG   step 361 [SUBMIT id=299 BUY LIMIT GTC px=108 q=8 dq=2] field=trades shadow=[{agg=299 pas=293 @101 q=7}, {agg=299 pas=294 @101 q=1}] real=[{agg=299 pas=294 @101 q=8}]
  BUG   step 361 [SUBMIT id=299 BUY LIMIT GTC px=108 q=8 dq=2] field=orderCount shadow=1 real=2
  BUG   step 362 [CANCEL id=294] field=bestAsk shadow=0 real=101
  BUG   step 362 [CANCEL id=294] field=orderCount shadow=0 real=1
  BUG   step 363 [SUBMIT id=300 BUY STP_MKT IOC px=0 q=5 sp=102] field=bestAsk shadow=0 real=101
  BUG   step 363 [SUBMIT id=300 BUY STP_MKT IOC px=0 q=5 sp=102] field=orderCount shadow=0 real=1
  BUG   step 364 [SUBMIT id=301 BUY LIMIT GTC px=96 q=10] field=bestAsk shadow=0 real=101
  BUG   step 364 [SUBMIT id=301 BUY LIMIT GTC px=96 q=10] field=orderCount shadow=1 real=2
  BUG   step 365 [SUBMIT id=302 BUY LIMIT GTC px=101 q=10] field=trades shadow=[] real=[{agg=302 pas=293 @101 q=8}]
  BUG   step 366 [SUBMIT id=303 SELL LIMIT DAY px=100 q=3] field=trades shadow=[{agg=303 pas=302 @101 q=3}] real=[{agg=303 pas=302 @101 q=2}]
  BUG   step 366 [SUBMIT id=303 SELL LIMIT DAY px=100 q=3] field=bestBid shadow=101 real=96
  BUG   step 366 [SUBMIT id=303 SELL LIMIT DAY px=100 q=3] field=bestAsk shadow=0 real=100
  BUG   step 367 [SUBMIT id=304 BUY MTL GTC px=100 q=20] field=bestBid shadow=101 real=96
  BUG   step 367 [SUBMIT id=304 BUY MTL GTC px=100 q=20] field=bestAsk shadow=0 real=100
  BUG   step 368 [SUBMIT id=305 SELL STP_MKT FOK px=0 q=20 sp=98] field=bestBid shadow=101 real=96
  BUG   step 368 [SUBMIT id=305 SELL STP_MKT FOK px=0 q=20 sp=98] field=bestAsk shadow=0 real=100
  BUG   step 369 [SUBMIT id=306 SELL STP_MKT IOC px=0 q=3 sp=98] field=bestBid shadow=101 real=96
  BUG   step 369 [SUBMIT id=306 SELL STP_MKT IOC px=0 q=3 sp=98] field=bestAsk shadow=0 real=100
  (halting after 20 BUG divergences)

=========================================================
  Shadow Model Test Report
=========================================================
  Steps run:         370
  Submits:           307
  Cancels:           41
  Amends:            22
  Trades produced:   67
  Divergences total: 21  (BUG=21  KNOWN=0)

  Divergence details (first 30):
    [BUG  ] step 360 [SUBMIT id=298 BUY LIMIT DAY px=105 q=5] trades:
          shadow = [{agg=298 pas=288 @100 q=4}, {agg=298 pas=293 @101 q=1}]
          real   = [{agg=298 pas=288 @100 q=4}, {agg=298 pas=294 @101 q=1}]
    [BUG  ] step 361 [SUBMIT id=299 BUY LIMIT GTC px=108 q=8 dq=2] trades:
          shadow = [{agg=299 pas=293 @101 q=7}, {agg=299 pas=294 @101 q=1}]
          real   = [{agg=299 pas=294 @101 q=8}]
    [BUG  ] step 361 [SUBMIT id=299 BUY LIMIT GTC px=108 q=8 dq=2] orderCount:
          shadow = 1
          real   = 2
    [BUG  ] step 362 [CANCEL id=294] bestAsk:
          shadow = 0
          real   = 101
    [BUG  ] step 362 [CANCEL id=294] orderCount:
          shadow = 0
          real   = 1
    [BUG  ] step 363 [SUBMIT id=300 BUY STP_MKT IOC px=0 q=5 sp=102] bestAsk:
          shadow = 0
          real   = 101
    [BUG  ] step 363 [SUBMIT id=300 BUY STP_MKT IOC px=0 q=5 sp=102] orderCount:
          shadow = 0
          real   = 1
    [BUG  ] step 364 [SUBMIT id=301 BUY LIMIT GTC px=96 q=10] bestAsk:
          shadow = 0
          real   = 101
    [BUG  ] step 364 [SUBMIT id=301 BUY LIMIT GTC px=96 q=10] orderCount:
          shadow = 1
          real   = 2
    [BUG  ] step 365 [SUBMIT id=302 BUY LIMIT GTC px=101 q=10] trades:
          shadow = []
          real   = [{agg=302 pas=293 @101 q=8}]
    [BUG  ] step 366 [SUBMIT id=303 SELL LIMIT DAY px=100 q=3] trades:
          shadow = [{agg=303 pas=302 @101 q=3}]
          real   = [{agg=303 pas=302 @101 q=2}]
    [BUG  ] step 366 [SUBMIT id=303 SELL LIMIT DAY px=100 q=3] bestBid:
          shadow = 101
          real   = 96
    [BUG  ] step 366 [SUBMIT id=303 SELL LIMIT DAY px=100 q=3] bestAsk:
          shadow = 0
          real   = 100
    [BUG  ] step 367 [SUBMIT id=304 BUY MTL GTC px=100 q=20] bestBid:
          shadow = 101
          real   = 96
    [BUG  ] step 367 [SUBMIT id=304 BUY MTL GTC px=100 q=20] bestAsk:
          shadow = 0
          real   = 100
    [BUG  ] step 368 [SUBMIT id=305 SELL STP_MKT FOK px=0 q=20 sp=98] bestBid:
          shadow = 101
          real   = 96
    [BUG  ] step 368 [SUBMIT id=305 SELL STP_MKT FOK px=0 q=20 sp=98] bestAsk:
          shadow = 0
          real   = 100
    [BUG  ] step 369 [SUBMIT id=306 SELL STP_MKT IOC px=0 q=3 sp=98] bestBid:
          shadow = 101
          real   = 96
    [BUG  ] step 369 [SUBMIT id=306 SELL STP_MKT IOC px=0 q=3 sp=98] bestAsk:
          shadow = 0
          real   = 100
    [BUG  ] step 370 [SUBMIT id=307 BUY STP_LIM FOK px=96 q=2 sp=104] bestBid:
          shadow = 101
          real   = 96
    [BUG  ] step 370 [SUBMIT id=307 BUY STP_LIM FOK px=96 q=2 sp=104] bestAsk:
          shadow = 0
          real   = 100

  Result: FAIL
=========================================================
