Shadow Model Test
  Steps: 5000000
  Seed:  294

  BUG   step 1163 [SUBMIT id=958 SELL LIMIT DAY px=101 q=10] field=trades shadow=[{agg=958 pas=948 @106 q=1}, {agg=953 pas=941 @102 q=1}, {agg=958 pas=721 @102 q=9}] real=[{agg=958 pas=948 @106 q=1}, {agg=953 pas=721 @102 q=1}, {agg=958 pas=941 @102 q=1}, {agg=958 pas=721 @102 q=8}]
  BUG   step 3412 [SUBMIT id=2827 BUY LIMIT GTC px=107 q=2] field=trades shadow=[{agg=2827 pas=2812 @102 q=2}] real=[{agg=2827 pas=2822 @102 q=1}, {agg=2827 pas=2812 @102 q=1}]
  BUG   step 3412 [SUBMIT id=2827 BUY LIMIT GTC px=107 q=2] field=orderCount shadow=3 real=2
  BUG   step 3413 [SUBMIT id=2828 BUY LIMIT FOK px=95 q=5] field=orderCount shadow=3 real=2
  BUG   step 3414 [SUBMIT id=2829 BUY STP_LIM DAY px=98 q=20 sp=105] field=orderCount shadow=3 real=2
  BUG   step 3415 [SUBMIT id=2830 SELL MARKET FOK px=0 q=20] field=orderCount shadow=3 real=2
  BUG   step 3416 [SUBMIT id=2831 BUY LIMIT FOK px=98 q=8] field=orderCount shadow=3 real=2
  BUG   step 3417 [AMEND id=2822 px=0 qty=14] field=orderCount shadow=3 real=2
  BUG   step 3418 [SUBMIT id=2832 BUY STP_LIM IOC px=107 q=15 sp=102] field=orderCount shadow=3 real=2
  BUG   step 3419 [AMEND id=2822 px=0 qty=4] field=orderCount shadow=3 real=2
  BUG   step 3420 [SUBMIT id=2833 BUY STP_MKT FOK px=0 q=1 sp=103] field=orderCount shadow=3 real=2
  BUG   step 3421 [SUBMIT id=2834 BUY LIMIT DAY px=102 q=20 dq=2] field=trades shadow=[{agg=2834 pas=2812 @102 q=3}, {agg=2834 pas=2822 @102 q=4}] real=[{agg=2834 pas=2812 @102 q=4}]
  BUG   step 3504 [SUBMIT id=2900 SELL LIMIT GTC px=95 q=2] field=trades shadow=[{agg=2900 pas=2888 @99 q=2}] real=[{agg=2900 pas=2894 @99 q=2}]
  BUG   step 3508 [AMEND id=2899 px=98 qty=19] field=trades shadow=[{agg=2899 pas=2888 @99 q=13}] real=[{agg=2899 pas=2888 @99 q=15}]
  BUG   step 3512 [SUBMIT id=2904 BUY LIMIT IOC px=98 q=8] field=trades shadow=[{agg=2904 pas=2899 @98 q=6}] real=[{agg=2904 pas=2899 @98 q=4}]
  BUG   step 7284 [SUBMIT id=6035 SELL STP_MKT FOK px=0 q=8 sp=112] field=trades shadow=[{agg=6035 pas=5967 @99 q=8}, {agg=6012 pas=5967 @99 q=2}] real=[{agg=6035 pas=6023 @99 q=5}, {agg=6012 pas=5967 @99 q=2}, {agg=6035 pas=5967 @99 q=3}]
  BUG   step 7294 [CANCEL id=6023] field=cancelled shadow=[{6023:USER_REQUESTED}] real=[]
  BUG   step 7294 [CANCEL id=6023] field=orderCount shadow=5 real=6
  BUG   step 7295 [CANCEL id=6029] field=orderCount shadow=4 real=5
  BUG   step 7296 [SUBMIT id=6042 BUY STP_LIM IOC px=105 q=10 sp=102] field=orderCount shadow=4 real=5
  (halting after 20 BUG divergences)

=========================================================
  Shadow Model Test Report
=========================================================
  Steps run:         7296
  Submits:           6042
  Cancels:           747
  Amends:            507
  Trades produced:   1515
  Divergences total: 20  (BUG=20  KNOWN=0)

  Divergence details (first 30):
    [BUG  ] step 1163 [SUBMIT id=958 SELL LIMIT DAY px=101 q=10] trades:
          shadow = [{agg=958 pas=948 @106 q=1}, {agg=953 pas=941 @102 q=1}, {agg=958 pas=721 @102 q=9}]
          real   = [{agg=958 pas=948 @106 q=1}, {agg=953 pas=721 @102 q=1}, {agg=958 pas=941 @102 q=1}, {agg=958 pas=721 @102 q=8}]
    [BUG  ] step 3412 [SUBMIT id=2827 BUY LIMIT GTC px=107 q=2] trades:
          shadow = [{agg=2827 pas=2812 @102 q=2}]
          real   = [{agg=2827 pas=2822 @102 q=1}, {agg=2827 pas=2812 @102 q=1}]
    [BUG  ] step 3412 [SUBMIT id=2827 BUY LIMIT GTC px=107 q=2] orderCount:
          shadow = 3
          real   = 2
    [BUG  ] step 3413 [SUBMIT id=2828 BUY LIMIT FOK px=95 q=5] orderCount:
          shadow = 3
          real   = 2
    [BUG  ] step 3414 [SUBMIT id=2829 BUY STP_LIM DAY px=98 q=20 sp=105] orderCount:
          shadow = 3
          real   = 2
    [BUG  ] step 3415 [SUBMIT id=2830 SELL MARKET FOK px=0 q=20] orderCount:
          shadow = 3
          real   = 2
    [BUG  ] step 3416 [SUBMIT id=2831 BUY LIMIT FOK px=98 q=8] orderCount:
          shadow = 3
          real   = 2
    [BUG  ] step 3417 [AMEND id=2822 px=0 qty=14] orderCount:
          shadow = 3
          real   = 2
    [BUG  ] step 3418 [SUBMIT id=2832 BUY STP_LIM IOC px=107 q=15 sp=102] orderCount:
          shadow = 3
          real   = 2
    [BUG  ] step 3419 [AMEND id=2822 px=0 qty=4] orderCount:
          shadow = 3
          real   = 2
    [BUG  ] step 3420 [SUBMIT id=2833 BUY STP_MKT FOK px=0 q=1 sp=103] orderCount:
          shadow = 3
          real   = 2
    [BUG  ] step 3421 [SUBMIT id=2834 BUY LIMIT DAY px=102 q=20 dq=2] trades:
          shadow = [{agg=2834 pas=2812 @102 q=3}, {agg=2834 pas=2822 @102 q=4}]
          real   = [{agg=2834 pas=2812 @102 q=4}]
    [BUG  ] step 3504 [SUBMIT id=2900 SELL LIMIT GTC px=95 q=2] trades:
          shadow = [{agg=2900 pas=2888 @99 q=2}]
          real   = [{agg=2900 pas=2894 @99 q=2}]
    [BUG  ] step 3508 [AMEND id=2899 px=98 qty=19] trades:
          shadow = [{agg=2899 pas=2888 @99 q=13}]
          real   = [{agg=2899 pas=2888 @99 q=15}]
    [BUG  ] step 3512 [SUBMIT id=2904 BUY LIMIT IOC px=98 q=8] trades:
          shadow = [{agg=2904 pas=2899 @98 q=6}]
          real   = [{agg=2904 pas=2899 @98 q=4}]
    [BUG  ] step 7284 [SUBMIT id=6035 SELL STP_MKT FOK px=0 q=8 sp=112] trades:
          shadow = [{agg=6035 pas=5967 @99 q=8}, {agg=6012 pas=5967 @99 q=2}]
          real   = [{agg=6035 pas=6023 @99 q=5}, {agg=6012 pas=5967 @99 q=2}, {agg=6035 pas=5967 @99 q=3}]
    [BUG  ] step 7294 [CANCEL id=6023] cancelled:
          shadow = [{6023:USER_REQUESTED}]
          real   = []
    [BUG  ] step 7294 [CANCEL id=6023] orderCount:
          shadow = 5
          real   = 6
    [BUG  ] step 7295 [CANCEL id=6029] orderCount:
          shadow = 4
          real   = 5
    [BUG  ] step 7296 [SUBMIT id=6042 BUY STP_LIM IOC px=105 q=10 sp=102] orderCount:
          shadow = 4
          real   = 5

  Result: FAIL
=========================================================
