Shadow Model Test
  Steps: 5000000
  Seed:  192

  BUG   step 1587 [SUBMIT id=1280 SELL LIMIT DAY px=105 q=5 mq=4] field=trades shadow=[{agg=1280 pas=1207 @110 q=3}, {agg=1280 pas=1270 @110 q=2}] real=[{agg=1280 pas=1270 @110 q=5}]
  BUG   step 1588 [SUBMIT id=1281 SELL STP_MKT FOK px=0 q=3 sp=110 stg=1] field=trades shadow=[{agg=1281 pas=1270 @110 q=3}] real=[{agg=1281 pas=1207 @110 q=3}]
  BUG   step 1805 [SUBMIT id=1448 SELL LIMIT GTC px=102 q=10 dq=9] field=trades shadow=[{agg=1448 pas=336 @107 q=3}, {agg=1447 pas=1433 @107 q=2}, {agg=1447 pas=1364 @105 q=1}, {agg=1444 pas=1437 @101 q=5}, {agg=1447 pas=1321 @101 q=1}, {agg=1447 pas=1437 @101 q=1}, {agg=1448 pas=1433 @107 q=7}] real=[{agg=1448 pas=1433 @107 q=9}, {agg=1447 pas=336 @107 q=2}, {agg=1447 pas=1364 @105 q=1}, {agg=1444 pas=1437 @101 q=5}, {agg=1447 pas=1321 @101 q=1}, {agg=1447 pas=1437 @101 q=1}, {agg=1448 pas=336 @107 q=1}]
  BUG   step 3433 [SUBMIT id=2787 SELL LIMIT IOC px=107 q=15] field=trades shadow=[{agg=2787 pas=2768 @108 q=5}, {agg=2787 pas=2786 @108 q=9}, {agg=2787 pas=2786 @108 q=1}] real=[{agg=2787 pas=2786 @108 q=9}, {agg=2787 pas=2768 @108 q=5}, {agg=2787 pas=2786 @108 q=1}]
  BUG   step 6357 [SUBMIT id=5206 BUY STP_MKT FOK px=0 q=15 sp=100] field=trades shadow=[{agg=5206 pas=5185 @101 q=5}, {agg=5206 pas=5201 @101 q=7}, {agg=5206 pas=5203 @106 q=3}] real=[{agg=5206 pas=5201 @101 q=7}, {agg=5206 pas=5185 @101 q=5}, {agg=5206 pas=5203 @106 q=3}]
  BUG   step 11568 [SUBMIT id=9510 BUY LIMIT DAY px=105 q=10] field=trades shadow=[{agg=9510 pas=9491 @101 q=3}, {agg=9510 pas=9504 @101 q=3}, {agg=9510 pas=9508 @102 q=4}] real=[{agg=9510 pas=9504 @101 q=3}, {agg=9510 pas=9491 @101 q=3}, {agg=9510 pas=9508 @102 q=4}]
  BUG   step 18681 [SUBMIT id=15382 BUY LIMIT DAY px=97 q=20 stg=1] field=trades shadow=[{agg=15382 pas=15371 @97 q=20}] real=[{agg=15382 pas=15379 @97 q=3}, {agg=15382 pas=15371 @97 q=17}]
  BUG   step 18691 [SUBMIT id=15389 BUY LIMIT IOC px=97 q=3] field=trades shadow=[{agg=15389 pas=15379 @97 q=3}] real=[{agg=15389 pas=15371 @97 q=3}]
  BUG   step 22431 [SUBMIT id=18473 BUY MARKET FOK px=0 q=15] field=trades shadow=[{agg=18473 pas=18436 @96 q=10}, {agg=18473 pas=18461 @96 q=5}] real=[{agg=18473 pas=18461 @96 q=11}, {agg=18473 pas=18436 @96 q=4}]
  BUG   step 22434 [SUBMIT id=18476 BUY MARKET IOC px=0 q=2] field=trades shadow=[{agg=18476 pas=18461 @96 q=2}] real=[{agg=18476 pas=18436 @96 q=2}]
  BUG   step 22435 [SUBMIT id=18477 BUY LIMIT GTC px=101 q=1] field=trades shadow=[{agg=18477 pas=18461 @96 q=1}] real=[{agg=18477 pas=18436 @96 q=1}]
  BUG   step 22447 [CANCEL id=18461] field=cancelled shadow=[{18461:USER_REQUESTED}] real=[]
  BUG   step 22447 [CANCEL id=18461] field=orderCount shadow=4 real=5
  BUG   step 22448 [SUBMIT id=18487 SELL STP_LIM GTC px=94 q=10 sp=97] field=orderCount shadow=5 real=6
  BUG   step 22449 [SUBMIT id=18488 SELL LIMIT DAY px=93 q=1] field=orderCount shadow=6 real=7
  BUG   step 22450 [SUBMIT id=18489 SELL LIMIT FOK px=98 q=20] field=orderCount shadow=6 real=7
  BUG   step 22451 [SUBMIT id=18490 SELL LIMIT FOK px=93 q=3] field=orderCount shadow=6 real=7
  BUG   step 22452 [SUBMIT id=18491 SELL MARKET IOC px=0 q=2 stg=2] field=orderCount shadow=6 real=7
  BUG   step 22453 [SUBMIT id=18492 SELL MARKET IOC px=0 q=3] field=orderCount shadow=6 real=7
  BUG   step 22454 [SUBMIT id=18493 BUY STP_MKT IOC px=0 q=5 sp=105 stg=1] field=orderCount shadow=6 real=7
  (halting after 20 BUG divergences)

=========================================================
  Shadow Model Test Report
=========================================================
  Steps run:         22454
  Submits:           18493
  Cancels:           2429
  Amends:            1532
  Trades produced:   4522
  Divergences total: 20  (BUG=20  KNOWN=0)

  Divergence details (first 30):
    [BUG  ] step 1587 [SUBMIT id=1280 SELL LIMIT DAY px=105 q=5 mq=4] trades:
          shadow = [{agg=1280 pas=1207 @110 q=3}, {agg=1280 pas=1270 @110 q=2}]
          real   = [{agg=1280 pas=1270 @110 q=5}]
    [BUG  ] step 1588 [SUBMIT id=1281 SELL STP_MKT FOK px=0 q=3 sp=110 stg=1] trades:
          shadow = [{agg=1281 pas=1270 @110 q=3}]
          real   = [{agg=1281 pas=1207 @110 q=3}]
    [BUG  ] step 1805 [SUBMIT id=1448 SELL LIMIT GTC px=102 q=10 dq=9] trades:
          shadow = [{agg=1448 pas=336 @107 q=3}, {agg=1447 pas=1433 @107 q=2}, {agg=1447 pas=1364 @105 q=1}, {agg=1444 pas=1437 @101 q=5}, {agg=1447 pas=1321 @101 q=1}, {agg=1447 pas=1437 @101 q=1}, {agg=1448 pas=1433 @107 q=7}]
          real   = [{agg=1448 pas=1433 @107 q=9}, {agg=1447 pas=336 @107 q=2}, {agg=1447 pas=1364 @105 q=1}, {agg=1444 pas=1437 @101 q=5}, {agg=1447 pas=1321 @101 q=1}, {agg=1447 pas=1437 @101 q=1}, {agg=1448 pas=336 @107 q=1}]
    [BUG  ] step 3433 [SUBMIT id=2787 SELL LIMIT IOC px=107 q=15] trades:
          shadow = [{agg=2787 pas=2768 @108 q=5}, {agg=2787 pas=2786 @108 q=9}, {agg=2787 pas=2786 @108 q=1}]
          real   = [{agg=2787 pas=2786 @108 q=9}, {agg=2787 pas=2768 @108 q=5}, {agg=2787 pas=2786 @108 q=1}]
    [BUG  ] step 6357 [SUBMIT id=5206 BUY STP_MKT FOK px=0 q=15 sp=100] trades:
          shadow = [{agg=5206 pas=5185 @101 q=5}, {agg=5206 pas=5201 @101 q=7}, {agg=5206 pas=5203 @106 q=3}]
          real   = [{agg=5206 pas=5201 @101 q=7}, {agg=5206 pas=5185 @101 q=5}, {agg=5206 pas=5203 @106 q=3}]
    [BUG  ] step 11568 [SUBMIT id=9510 BUY LIMIT DAY px=105 q=10] trades:
          shadow = [{agg=9510 pas=9491 @101 q=3}, {agg=9510 pas=9504 @101 q=3}, {agg=9510 pas=9508 @102 q=4}]
          real   = [{agg=9510 pas=9504 @101 q=3}, {agg=9510 pas=9491 @101 q=3}, {agg=9510 pas=9508 @102 q=4}]
    [BUG  ] step 18681 [SUBMIT id=15382 BUY LIMIT DAY px=97 q=20 stg=1] trades:
          shadow = [{agg=15382 pas=15371 @97 q=20}]
          real   = [{agg=15382 pas=15379 @97 q=3}, {agg=15382 pas=15371 @97 q=17}]
    [BUG  ] step 18691 [SUBMIT id=15389 BUY LIMIT IOC px=97 q=3] trades:
          shadow = [{agg=15389 pas=15379 @97 q=3}]
          real   = [{agg=15389 pas=15371 @97 q=3}]
    [BUG  ] step 22431 [SUBMIT id=18473 BUY MARKET FOK px=0 q=15] trades:
          shadow = [{agg=18473 pas=18436 @96 q=10}, {agg=18473 pas=18461 @96 q=5}]
          real   = [{agg=18473 pas=18461 @96 q=11}, {agg=18473 pas=18436 @96 q=4}]
    [BUG  ] step 22434 [SUBMIT id=18476 BUY MARKET IOC px=0 q=2] trades:
          shadow = [{agg=18476 pas=18461 @96 q=2}]
          real   = [{agg=18476 pas=18436 @96 q=2}]
    [BUG  ] step 22435 [SUBMIT id=18477 BUY LIMIT GTC px=101 q=1] trades:
          shadow = [{agg=18477 pas=18461 @96 q=1}]
          real   = [{agg=18477 pas=18436 @96 q=1}]
    [BUG  ] step 22447 [CANCEL id=18461] cancelled:
          shadow = [{18461:USER_REQUESTED}]
          real   = []
    [BUG  ] step 22447 [CANCEL id=18461] orderCount:
          shadow = 4
          real   = 5
    [BUG  ] step 22448 [SUBMIT id=18487 SELL STP_LIM GTC px=94 q=10 sp=97] orderCount:
          shadow = 5
          real   = 6
    [BUG  ] step 22449 [SUBMIT id=18488 SELL LIMIT DAY px=93 q=1] orderCount:
          shadow = 6
          real   = 7
    [BUG  ] step 22450 [SUBMIT id=18489 SELL LIMIT FOK px=98 q=20] orderCount:
          shadow = 6
          real   = 7
    [BUG  ] step 22451 [SUBMIT id=18490 SELL LIMIT FOK px=93 q=3] orderCount:
          shadow = 6
          real   = 7
    [BUG  ] step 22452 [SUBMIT id=18491 SELL MARKET IOC px=0 q=2 stg=2] orderCount:
          shadow = 6
          real   = 7
    [BUG  ] step 22453 [SUBMIT id=18492 SELL MARKET IOC px=0 q=3] orderCount:
          shadow = 6
          real   = 7
    [BUG  ] step 22454 [SUBMIT id=18493 BUY STP_MKT IOC px=0 q=5 sp=105 stg=1] orderCount:
          shadow = 6
          real   = 7

  Result: FAIL
=========================================================
