Shadow Model Test
  Steps: 5000000
  Seed:  87

  BUG   step 2205 [SUBMIT id=1838 BUY LIMIT GTC px=98 q=3] field=trades shadow=[{agg=1838 pas=1756 @98 q=1}, {agg=1838 pas=1832 @98 q=2}] real=[{agg=1838 pas=1832 @98 q=2}, {agg=1838 pas=1756 @98 q=1}]
  BUG   step 9687 [SUBMIT id=7982 BUY LIMIT GTC px=104 q=5 mq=5] field=trades shadow=[{agg=7982 pas=7968 @99 q=5}] real=[{agg=7982 pas=7976 @99 q=1}, {agg=7982 pas=7968 @99 q=4}]
  BUG   step 9687 [SUBMIT id=7982 BUY LIMIT GTC px=104 q=5 mq=5] field=orderCount shadow=2 real=1
  BUG   step 9688 [SUBMIT id=7983 BUY STP_MKT IOC px=0 q=2 sp=99] field=orderCount shadow=2 real=1
  BUG   step 9689 [SUBMIT id=7984 BUY STP_LIM DAY px=103 q=10 sp=99] field=orderCount shadow=2 real=1
  BUG   step 9690 [SUBMIT id=7985 BUY LIMIT GTC px=100 q=2] field=orderCount shadow=2 real=1
  BUG   step 9691 [SUBMIT id=7986 SELL LIMIT FOK px=108 q=1] field=orderCount shadow=2 real=1
  BUG   step 9692 [AMEND id=7968 px=0 qty=3] field=orderCount shadow=2 real=1
  BUG   step 9693 [SUBMIT id=7987 BUY MTL DAY px=104 q=10 mq=9 stg=1] field=orderCount shadow=2 real=1
  BUG   step 9694 [SUBMIT id=7988 SELL STP_LIM IOC px=104 q=5 sp=100] field=orderCount shadow=2 real=1
  BUG   step 9695 [SUBMIT id=7989 SELL LIMIT IOC px=99 q=1] field=orderCount shadow=2 real=1
  BUG   step 9696 [SUBMIT id=7990 BUY LIMIT GTC px=100 q=3] field=trades shadow=[{agg=7990 pas=7976 @99 q=1}, {agg=7990 pas=7968 @99 q=2}] real=[{agg=7990 pas=7968 @99 q=3}]
  BUG   step 9696 [SUBMIT id=7990 BUY LIMIT GTC px=100 q=3] field=bestAsk shadow=99 real=0
  BUG   step 9696 [SUBMIT id=7990 BUY LIMIT GTC px=100 q=3] field=orderCount shadow=1 real=0
  BUG   step 9697 [SUBMIT id=7991 SELL STP_LIM GTC px=99 q=3 sp=96] field=bestAsk shadow=99 real=0
  BUG   step 9697 [SUBMIT id=7991 SELL STP_LIM GTC px=99 q=3 sp=96] field=orderCount shadow=1 real=0
  BUG   step 9698 [AMEND id=7968 px=100 qty=0] field=bestAsk shadow=100 real=0
  BUG   step 9698 [AMEND id=7968 px=100 qty=0] field=orderCount shadow=1 real=0
  BUG   step 9699 [SUBMIT id=7992 SELL MTL GTC px=96 q=3] field=bestAsk shadow=100 real=0
  BUG   step 9699 [SUBMIT id=7992 SELL MTL GTC px=96 q=3] field=orderCount shadow=1 real=0
  (halting after 20 BUG divergences)

=========================================================
  Shadow Model Test Report
=========================================================
  Steps run:         9699
  Submits:           7992
  Cancels:           1031
  Amends:            676
  Trades produced:   1920
  Divergences total: 20  (BUG=20  KNOWN=0)

  Divergence details (first 30):
    [BUG  ] step 2205 [SUBMIT id=1838 BUY LIMIT GTC px=98 q=3] trades:
          shadow = [{agg=1838 pas=1756 @98 q=1}, {agg=1838 pas=1832 @98 q=2}]
          real   = [{agg=1838 pas=1832 @98 q=2}, {agg=1838 pas=1756 @98 q=1}]
    [BUG  ] step 9687 [SUBMIT id=7982 BUY LIMIT GTC px=104 q=5 mq=5] trades:
          shadow = [{agg=7982 pas=7968 @99 q=5}]
          real   = [{agg=7982 pas=7976 @99 q=1}, {agg=7982 pas=7968 @99 q=4}]
    [BUG  ] step 9687 [SUBMIT id=7982 BUY LIMIT GTC px=104 q=5 mq=5] orderCount:
          shadow = 2
          real   = 1
    [BUG  ] step 9688 [SUBMIT id=7983 BUY STP_MKT IOC px=0 q=2 sp=99] orderCount:
          shadow = 2
          real   = 1
    [BUG  ] step 9689 [SUBMIT id=7984 BUY STP_LIM DAY px=103 q=10 sp=99] orderCount:
          shadow = 2
          real   = 1
    [BUG  ] step 9690 [SUBMIT id=7985 BUY LIMIT GTC px=100 q=2] orderCount:
          shadow = 2
          real   = 1
    [BUG  ] step 9691 [SUBMIT id=7986 SELL LIMIT FOK px=108 q=1] orderCount:
          shadow = 2
          real   = 1
    [BUG  ] step 9692 [AMEND id=7968 px=0 qty=3] orderCount:
          shadow = 2
          real   = 1
    [BUG  ] step 9693 [SUBMIT id=7987 BUY MTL DAY px=104 q=10 mq=9 stg=1] orderCount:
          shadow = 2
          real   = 1
    [BUG  ] step 9694 [SUBMIT id=7988 SELL STP_LIM IOC px=104 q=5 sp=100] orderCount:
          shadow = 2
          real   = 1
    [BUG  ] step 9695 [SUBMIT id=7989 SELL LIMIT IOC px=99 q=1] orderCount:
          shadow = 2
          real   = 1
    [BUG  ] step 9696 [SUBMIT id=7990 BUY LIMIT GTC px=100 q=3] trades:
          shadow = [{agg=7990 pas=7976 @99 q=1}, {agg=7990 pas=7968 @99 q=2}]
          real   = [{agg=7990 pas=7968 @99 q=3}]
    [BUG  ] step 9696 [SUBMIT id=7990 BUY LIMIT GTC px=100 q=3] bestAsk:
          shadow = 99
          real   = 0
    [BUG  ] step 9696 [SUBMIT id=7990 BUY LIMIT GTC px=100 q=3] orderCount:
          shadow = 1
          real   = 0
    [BUG  ] step 9697 [SUBMIT id=7991 SELL STP_LIM GTC px=99 q=3 sp=96] bestAsk:
          shadow = 99
          real   = 0
    [BUG  ] step 9697 [SUBMIT id=7991 SELL STP_LIM GTC px=99 q=3 sp=96] orderCount:
          shadow = 1
          real   = 0
    [BUG  ] step 9698 [AMEND id=7968 px=100 qty=0] bestAsk:
          shadow = 100
          real   = 0
    [BUG  ] step 9698 [AMEND id=7968 px=100 qty=0] orderCount:
          shadow = 1
          real   = 0
    [BUG  ] step 9699 [SUBMIT id=7992 SELL MTL GTC px=96 q=3] bestAsk:
          shadow = 100
          real   = 0
    [BUG  ] step 9699 [SUBMIT id=7992 SELL MTL GTC px=96 q=3] orderCount:
          shadow = 1
          real   = 0

  Result: FAIL
=========================================================
