Shadow Model Test
  Steps: 5000000
  Seed:  425

  BUG   step 73 [SUBMIT id=60 BUY STP_LIM GTC px=104 q=8 sp=100] field=trades shadow=[{agg=60 pas=47 @101 q=5}, {agg=60 pas=56 @101 q=1}] real=[{agg=60 pas=56 @101 q=1}, {agg=60 pas=47 @101 q=5}]
  BUG   step 1518 [SUBMIT id=1269 BUY LIMIT FOK px=107 q=5] field=trades shadow=[{agg=1269 pas=1242 @102 q=5}] real=[{agg=1269 pas=1262 @102 q=5}]
  BUG   step 1521 [SUBMIT id=1272 BUY STP_MKT IOC px=0 q=8 sp=102] field=trades shadow=[{agg=1272 pas=1242 @102 q=8}] real=[{agg=1272 pas=1262 @102 q=2}, {agg=1272 pas=1242 @102 q=6}]
  BUG   step 1521 [SUBMIT id=1272 BUY STP_MKT IOC px=0 q=8 sp=102] field=orderCount shadow=3 real=2
  BUG   step 1522 [AMEND id=1242 px=107 qty=8] field=bestAsk shadow=102 real=107
  BUG   step 1522 [AMEND id=1242 px=107 qty=8] field=orderCount shadow=3 real=2
  BUG   step 1523 [CANCEL id=1242] field=bestAsk shadow=102 real=113
  BUG   step 1523 [CANCEL id=1242] field=orderCount shadow=2 real=1
  BUG   step 1524 [SUBMIT id=1273 BUY LIMIT FOK px=101 q=8] field=bestAsk shadow=102 real=113
  BUG   step 1524 [SUBMIT id=1273 BUY LIMIT FOK px=101 q=8] field=orderCount shadow=2 real=1
  BUG   step 1525 [SUBMIT id=1274 BUY LIMIT GTC px=103 q=15] field=trades shadow=[{agg=1274 pas=1262 @102 q=7}] real=[]
  BUG   step 3130 [SUBMIT id=2569 BUY LIMIT FOK px=103 q=5] field=trades shadow=[{agg=2569 pas=2508 @103 q=5}] real=[{agg=2569 pas=2556 @103 q=3}, {agg=2569 pas=2558 @103 q=2}]
  BUG   step 3130 [SUBMIT id=2569 BUY LIMIT FOK px=103 q=5] field=orderCount shadow=5 real=4
  BUG   step 3131 [SUBMIT id=2570 SELL STP_MKT IOC px=0 q=8 sp=98 stg=1] field=orderCount shadow=5 real=4
  BUG   step 3132 [SUBMIT id=2571 BUY STP_LIM DAY px=103 q=20 sp=104] field=orderCount shadow=5 real=4
  BUG   step 3133 [SUBMIT id=2572 SELL STP_LIM IOC px=102 q=5 sp=100] field=orderCount shadow=5 real=4
  BUG   step 3134 [SUBMIT id=2573 BUY STP_MKT FOK px=0 q=10 sp=103] field=trades shadow=[{agg=2573 pas=2508 @103 q=5}, {agg=2573 pas=2556 @103 q=3}, {agg=2573 pas=2558 @103 q=2}] real=[{agg=2573 pas=2558 @103 q=3}, {agg=2573 pas=2508 @103 q=7}]
  BUG   step 3143 [AMEND id=2568 px=106 qty=0] field=trades shadow=[{agg=2568 pas=2558 @103 q=3}] real=[{agg=2568 pas=2508 @103 q=3}]
  BUG   step 3186 [SUBMIT id=2613 BUY LIMIT IOC px=95 q=8 stg=1] field=trades shadow=[{agg=2613 pas=2605 @95 q=3}, {agg=2613 pas=2608 @95 q=3}, {agg=2613 pas=2612 @95 q=2}] real=[{agg=2613 pas=2608 @95 q=3}, {agg=2613 pas=2605 @95 q=3}, {agg=2613 pas=2612 @95 q=2}]
  BUG   step 3621 [SUBMIT id=2975 BUY LIMIT GTC px=102 q=8] field=trades shadow=[{agg=2975 pas=2895 @102 q=5}, {agg=2975 pas=2943 @102 q=3}] real=[{agg=2975 pas=2943 @102 q=6}, {agg=2975 pas=2895 @102 q=2}]
  (halting after 20 BUG divergences)

=========================================================
  Shadow Model Test Report
=========================================================
  Steps run:         3621
  Submits:           2975
  Cancels:           381
  Amends:            265
  Trades produced:   748
  Divergences total: 20  (BUG=20  KNOWN=0)

  Divergence details (first 30):
    [BUG  ] step 73 [SUBMIT id=60 BUY STP_LIM GTC px=104 q=8 sp=100] trades:
          shadow = [{agg=60 pas=47 @101 q=5}, {agg=60 pas=56 @101 q=1}]
          real   = [{agg=60 pas=56 @101 q=1}, {agg=60 pas=47 @101 q=5}]
    [BUG  ] step 1518 [SUBMIT id=1269 BUY LIMIT FOK px=107 q=5] trades:
          shadow = [{agg=1269 pas=1242 @102 q=5}]
          real   = [{agg=1269 pas=1262 @102 q=5}]
    [BUG  ] step 1521 [SUBMIT id=1272 BUY STP_MKT IOC px=0 q=8 sp=102] trades:
          shadow = [{agg=1272 pas=1242 @102 q=8}]
          real   = [{agg=1272 pas=1262 @102 q=2}, {agg=1272 pas=1242 @102 q=6}]
    [BUG  ] step 1521 [SUBMIT id=1272 BUY STP_MKT IOC px=0 q=8 sp=102] orderCount:
          shadow = 3
          real   = 2
    [BUG  ] step 1522 [AMEND id=1242 px=107 qty=8] bestAsk:
          shadow = 102
          real   = 107
    [BUG  ] step 1522 [AMEND id=1242 px=107 qty=8] orderCount:
          shadow = 3
          real   = 2
    [BUG  ] step 1523 [CANCEL id=1242] bestAsk:
          shadow = 102
          real   = 113
    [BUG  ] step 1523 [CANCEL id=1242] orderCount:
          shadow = 2
          real   = 1
    [BUG  ] step 1524 [SUBMIT id=1273 BUY LIMIT FOK px=101 q=8] bestAsk:
          shadow = 102
          real   = 113
    [BUG  ] step 1524 [SUBMIT id=1273 BUY LIMIT FOK px=101 q=8] orderCount:
          shadow = 2
          real   = 1
    [BUG  ] step 1525 [SUBMIT id=1274 BUY LIMIT GTC px=103 q=15] trades:
          shadow = [{agg=1274 pas=1262 @102 q=7}]
          real   = []
    [BUG  ] step 3130 [SUBMIT id=2569 BUY LIMIT FOK px=103 q=5] trades:
          shadow = [{agg=2569 pas=2508 @103 q=5}]
          real   = [{agg=2569 pas=2556 @103 q=3}, {agg=2569 pas=2558 @103 q=2}]
    [BUG  ] step 3130 [SUBMIT id=2569 BUY LIMIT FOK px=103 q=5] orderCount:
          shadow = 5
          real   = 4
    [BUG  ] step 3131 [SUBMIT id=2570 SELL STP_MKT IOC px=0 q=8 sp=98 stg=1] orderCount:
          shadow = 5
          real   = 4
    [BUG  ] step 3132 [SUBMIT id=2571 BUY STP_LIM DAY px=103 q=20 sp=104] orderCount:
          shadow = 5
          real   = 4
    [BUG  ] step 3133 [SUBMIT id=2572 SELL STP_LIM IOC px=102 q=5 sp=100] orderCount:
          shadow = 5
          real   = 4
    [BUG  ] step 3134 [SUBMIT id=2573 BUY STP_MKT FOK px=0 q=10 sp=103] trades:
          shadow = [{agg=2573 pas=2508 @103 q=5}, {agg=2573 pas=2556 @103 q=3}, {agg=2573 pas=2558 @103 q=2}]
          real   = [{agg=2573 pas=2558 @103 q=3}, {agg=2573 pas=2508 @103 q=7}]
    [BUG  ] step 3143 [AMEND id=2568 px=106 qty=0] trades:
          shadow = [{agg=2568 pas=2558 @103 q=3}]
          real   = [{agg=2568 pas=2508 @103 q=3}]
    [BUG  ] step 3186 [SUBMIT id=2613 BUY LIMIT IOC px=95 q=8 stg=1] trades:
          shadow = [{agg=2613 pas=2605 @95 q=3}, {agg=2613 pas=2608 @95 q=3}, {agg=2613 pas=2612 @95 q=2}]
          real   = [{agg=2613 pas=2608 @95 q=3}, {agg=2613 pas=2605 @95 q=3}, {agg=2613 pas=2612 @95 q=2}]
    [BUG  ] step 3621 [SUBMIT id=2975 BUY LIMIT GTC px=102 q=8] trades:
          shadow = [{agg=2975 pas=2895 @102 q=5}, {agg=2975 pas=2943 @102 q=3}]
          real   = [{agg=2975 pas=2943 @102 q=6}, {agg=2975 pas=2895 @102 q=2}]

  Result: FAIL
=========================================================
