Shadow Model Test
  Steps: 5000000
  Seed:  374

  BUG   step 1819 [SUBMIT id=1525 SELL STP_MKT IOC px=0 q=10 sp=105] field=trades shadow=[{agg=1525 pas=1520 @100 q=10}] real=[{agg=1525 pas=1521 @100 q=10}]
  BUG   step 1820 [SUBMIT id=1526 SELL MARKET IOC px=0 q=1] field=trades shadow=[{agg=1526 pas=1520 @100 q=1}] real=[{agg=1526 pas=1521 @100 q=1}]
  BUG   step 1837 [SUBMIT id=1540 SELL STP_MKT FOK px=0 q=20 sp=109] field=trades shadow=[{agg=1540 pas=1536 @110 q=2}, {agg=1540 pas=1528 @101 q=6}, {agg=1539 pas=1527 @95 q=10}, {agg=1540 pas=1520 @100 q=9}, {agg=1540 pas=1527 @95 q=3}] real=[{agg=1540 pas=1536 @110 q=2}, {agg=1540 pas=1528 @101 q=6}, {agg=1539 pas=1520 @100 q=8}, {agg=1539 pas=1527 @95 q=7}, {agg=1320 pas=1527 @95 q=5}, {agg=1475 pas=1527 @95 q=1}, {agg=1540 pas=1520 @100 q=12}]
  BUG   step 1837 [SUBMIT id=1540 SELL STP_MKT FOK px=0 q=20 sp=109] field=cancelled shadow=[{1229:IOC_REMAINDER}, {1539:IOC_REMAINDER}, {1320:FOK_NOT_SATISFIABLE}, {1475:IOC_REMAINDER}, {1503:FOK_NOT_SATISFIABLE}, {1515:IOC_REMAINDER}, {1529:FOK_NOT_SATISFIABLE}] real=[{1229:IOC_REMAINDER}, {1475:IOC_REMAINDER}, {1503:FOK_NOT_SATISFIABLE}, {1515:IOC_REMAINDER}, {1529:FOK_NOT_SATISFIABLE}]
  BUG   step 1837 [SUBMIT id=1540 SELL STP_MKT FOK px=0 q=20 sp=109] field=lastTradePrice shadow=95 real=100
  BUG   step 1838 [SUBMIT id=1541 BUY MTL GTC px=99 q=3] field=lastTradePrice shadow=95 real=100
  BUG   step 1839 [CANCEL id=1493] field=lastTradePrice shadow=95 real=100
  BUG   step 1840 [SUBMIT id=1542 BUY LIMIT FOK px=99 q=15 stg=1] field=lastTradePrice shadow=95 real=100
  BUG   step 1841 [SUBMIT id=1543 SELL LIMIT GTC px=106 q=5 PO] field=lastTradePrice shadow=95 real=100
  BUG   step 1842 [SUBMIT id=1544 SELL STP_MKT FOK px=0 q=5 sp=102] field=lastTradePrice shadow=95 real=100
  BUG   step 1843 [SUBMIT id=1545 SELL STP_MKT IOC px=0 q=10 sp=105] field=lastTradePrice shadow=95 real=100
  BUG   step 1844 [CANCEL id=1543] field=lastTradePrice shadow=95 real=100
  BUG   step 1845 [SUBMIT id=1546 SELL LIMIT DAY px=97 q=20 PO] field=lastTradePrice shadow=95 real=100
  BUG   step 6448 [SUBMIT id=5372 SELL LIMIT IOC px=100 q=15 stg=1] field=trades shadow=[{agg=5372 pas=5366 @105 q=10}, {agg=5372 pas=5370 @105 q=5}] real=[{agg=5372 pas=5370 @105 q=7}, {agg=5372 pas=5366 @105 q=8}]
  BUG   step 6450 [SUBMIT id=5374 SELL LIMIT GTC px=101 q=10 stg=1] field=trades shadow=[{agg=5374 pas=5370 @105 q=2}] real=[{agg=5374 pas=5366 @105 q=2}]
  BUG   step 7220 [SUBMIT id=5997 SELL MARKET IOC px=0 q=3 stg=1] field=trades shadow=[{agg=5997 pas=5989 @110 q=2}, {agg=5997 pas=5994 @110 q=1}] real=[{agg=5997 pas=5994 @110 q=3}]
  BUG   step 7220 [SUBMIT id=5997 SELL MARKET IOC px=0 q=3 stg=1] field=orderCount shadow=2 real=3
  BUG   step 7221 [CANCEL id=5992] field=orderCount shadow=1 real=2
  BUG   step 7222 [SUBMIT id=5998 SELL LIMIT IOC px=110 q=5] field=orderCount shadow=1 real=2
  BUG   step 7223 [SUBMIT id=5999 SELL STP_LIM IOC px=110 q=8 sp=109] field=orderCount shadow=1 real=2
  (halting after 20 BUG divergences)

=========================================================
  Shadow Model Test Report
=========================================================
  Steps run:         7223
  Submits:           5999
  Cancels:           724
  Amends:            500
  Trades produced:   1467
  Divergences total: 20  (BUG=20  KNOWN=0)

  Divergence details (first 30):
    [BUG  ] step 1819 [SUBMIT id=1525 SELL STP_MKT IOC px=0 q=10 sp=105] trades:
          shadow = [{agg=1525 pas=1520 @100 q=10}]
          real   = [{agg=1525 pas=1521 @100 q=10}]
    [BUG  ] step 1820 [SUBMIT id=1526 SELL MARKET IOC px=0 q=1] trades:
          shadow = [{agg=1526 pas=1520 @100 q=1}]
          real   = [{agg=1526 pas=1521 @100 q=1}]
    [BUG  ] step 1837 [SUBMIT id=1540 SELL STP_MKT FOK px=0 q=20 sp=109] trades:
          shadow = [{agg=1540 pas=1536 @110 q=2}, {agg=1540 pas=1528 @101 q=6}, {agg=1539 pas=1527 @95 q=10}, {agg=1540 pas=1520 @100 q=9}, {agg=1540 pas=1527 @95 q=3}]
          real   = [{agg=1540 pas=1536 @110 q=2}, {agg=1540 pas=1528 @101 q=6}, {agg=1539 pas=1520 @100 q=8}, {agg=1539 pas=1527 @95 q=7}, {agg=1320 pas=1527 @95 q=5}, {agg=1475 pas=1527 @95 q=1}, {agg=1540 pas=1520 @100 q=12}]
    [BUG  ] step 1837 [SUBMIT id=1540 SELL STP_MKT FOK px=0 q=20 sp=109] cancelled:
          shadow = [{1229:IOC_REMAINDER}, {1539:IOC_REMAINDER}, {1320:FOK_NOT_SATISFIABLE}, {1475:IOC_REMAINDER}, {1503:FOK_NOT_SATISFIABLE}, {1515:IOC_REMAINDER}, {1529:FOK_NOT_SATISFIABLE}]
          real   = [{1229:IOC_REMAINDER}, {1475:IOC_REMAINDER}, {1503:FOK_NOT_SATISFIABLE}, {1515:IOC_REMAINDER}, {1529:FOK_NOT_SATISFIABLE}]
    [BUG  ] step 1837 [SUBMIT id=1540 SELL STP_MKT FOK px=0 q=20 sp=109] lastTradePrice:
          shadow = 95
          real   = 100
    [BUG  ] step 1838 [SUBMIT id=1541 BUY MTL GTC px=99 q=3] lastTradePrice:
          shadow = 95
          real   = 100
    [BUG  ] step 1839 [CANCEL id=1493] lastTradePrice:
          shadow = 95
          real   = 100
    [BUG  ] step 1840 [SUBMIT id=1542 BUY LIMIT FOK px=99 q=15 stg=1] lastTradePrice:
          shadow = 95
          real   = 100
    [BUG  ] step 1841 [SUBMIT id=1543 SELL LIMIT GTC px=106 q=5 PO] lastTradePrice:
          shadow = 95
          real   = 100
    [BUG  ] step 1842 [SUBMIT id=1544 SELL STP_MKT FOK px=0 q=5 sp=102] lastTradePrice:
          shadow = 95
          real   = 100
    [BUG  ] step 1843 [SUBMIT id=1545 SELL STP_MKT IOC px=0 q=10 sp=105] lastTradePrice:
          shadow = 95
          real   = 100
    [BUG  ] step 1844 [CANCEL id=1543] lastTradePrice:
          shadow = 95
          real   = 100
    [BUG  ] step 1845 [SUBMIT id=1546 SELL LIMIT DAY px=97 q=20 PO] lastTradePrice:
          shadow = 95
          real   = 100
    [BUG  ] step 6448 [SUBMIT id=5372 SELL LIMIT IOC px=100 q=15 stg=1] trades:
          shadow = [{agg=5372 pas=5366 @105 q=10}, {agg=5372 pas=5370 @105 q=5}]
          real   = [{agg=5372 pas=5370 @105 q=7}, {agg=5372 pas=5366 @105 q=8}]
    [BUG  ] step 6450 [SUBMIT id=5374 SELL LIMIT GTC px=101 q=10 stg=1] trades:
          shadow = [{agg=5374 pas=5370 @105 q=2}]
          real   = [{agg=5374 pas=5366 @105 q=2}]
    [BUG  ] step 7220 [SUBMIT id=5997 SELL MARKET IOC px=0 q=3 stg=1] trades:
          shadow = [{agg=5997 pas=5989 @110 q=2}, {agg=5997 pas=5994 @110 q=1}]
          real   = [{agg=5997 pas=5994 @110 q=3}]
    [BUG  ] step 7220 [SUBMIT id=5997 SELL MARKET IOC px=0 q=3 stg=1] orderCount:
          shadow = 2
          real   = 3
    [BUG  ] step 7221 [CANCEL id=5992] orderCount:
          shadow = 1
          real   = 2
    [BUG  ] step 7222 [SUBMIT id=5998 SELL LIMIT IOC px=110 q=5] orderCount:
          shadow = 1
          real   = 2
    [BUG  ] step 7223 [SUBMIT id=5999 SELL STP_LIM IOC px=110 q=8 sp=109] orderCount:
          shadow = 1
          real   = 2

  Result: FAIL
=========================================================
