Shadow Model Test
  Steps: 5000000
  Seed:  477

  BUG   step 34 [SUBMIT id=30 SELL STP_LIM FOK px=91 q=20 sp=102] field=trades shadow=[{agg=30 pas=7 @96 q=15}, {agg=30 pas=15 @96 q=5}] real=[{agg=30 pas=15 @96 q=10}, {agg=30 pas=7 @96 q=10}]
  BUG   step 35 [SUBMIT id=31 SELL LIMIT IOC px=95 q=2] field=trades shadow=[{agg=31 pas=15 @96 q=2}] real=[{agg=31 pas=7 @96 q=2}]
  BUG   step 36 [SUBMIT id=32 SELL LIMIT GTC px=96 q=3] field=trades shadow=[{agg=32 pas=15 @96 q=3}] real=[{agg=32 pas=7 @96 q=3}]
  BUG   step 1318 [SUBMIT id=1067 BUY LIMIT IOC px=105 q=10 stg=2] field=trades shadow=[{agg=1067 pas=1060 @100 q=5}, {agg=1067 pas=1046 @102 q=5}] real=[{agg=1067 pas=1060 @100 q=5}, {agg=1067 pas=1061 @102 q=5}]
  BUG   step 1321 [SUBMIT id=1070 BUY STP_MKT IOC px=0 q=15 sp=102] field=trades shadow=[{agg=1070 pas=1046 @102 q=5}, {agg=1070 pas=1061 @102 q=10}] real=[{agg=1070 pas=1061 @102 q=7}, {agg=1070 pas=1046 @102 q=8}]
  BUG   step 1327 [AMEND id=1061 px=104 qty=0] field=bestAsk shadow=104 real=102
  BUG   step 1328 [SUBMIT id=1075 SELL STP_MKT FOK px=0 q=10 sp=99] field=bestAsk shadow=104 real=102
  BUG   step 1329 [CANCEL id=1061] field=cancelled shadow=[{1061:USER_REQUESTED}] real=[]
  BUG   step 1329 [CANCEL id=1061] field=bestAsk shadow=105 real=102
  BUG   step 1329 [CANCEL id=1061] field=orderCount shadow=1 real=2
  BUG   step 1330 [SUBMIT id=1076 SELL LIMIT GTC px=98 q=15] field=orderCount shadow=2 real=3
  BUG   step 1331 [SUBMIT id=1077 SELL MTL GTC px=107 q=8] field=orderCount shadow=2 real=3
  BUG   step 1332 [SUBMIT id=1078 BUY LIMIT FOK px=97 q=15] field=orderCount shadow=2 real=3
  BUG   step 1333 [SUBMIT id=1079 BUY MARKET FOK px=0 q=2] field=orderCount shadow=2 real=3
  BUG   step 1334 [CANCEL id=1064] field=orderCount shadow=1 real=2
  BUG   step 1335 [SUBMIT id=1080 SELL MTL DAY px=98 q=2] field=orderCount shadow=1 real=2
  BUG   step 1336 [SUBMIT id=1081 SELL LIMIT GTC px=109 q=10] field=orderCount shadow=2 real=3
  BUG   step 1337 [SUBMIT id=1082 BUY LIMIT GTC px=103 q=1] field=orderCount shadow=2 real=3
  BUG   step 1338 [CANCEL id=1076] field=bestAsk shadow=109 real=102
  BUG   step 1338 [CANCEL id=1076] field=orderCount shadow=1 real=2
  (halting after 20 BUG divergences)

=========================================================
  Shadow Model Test Report
=========================================================
  Steps run:         1338
  Submits:           1082
  Cancels:           158
  Amends:            98
  Trades produced:   274
  Divergences total: 20  (BUG=20  KNOWN=0)

  Divergence details (first 30):
    [BUG  ] step 34 [SUBMIT id=30 SELL STP_LIM FOK px=91 q=20 sp=102] trades:
          shadow = [{agg=30 pas=7 @96 q=15}, {agg=30 pas=15 @96 q=5}]
          real   = [{agg=30 pas=15 @96 q=10}, {agg=30 pas=7 @96 q=10}]
    [BUG  ] step 35 [SUBMIT id=31 SELL LIMIT IOC px=95 q=2] trades:
          shadow = [{agg=31 pas=15 @96 q=2}]
          real   = [{agg=31 pas=7 @96 q=2}]
    [BUG  ] step 36 [SUBMIT id=32 SELL LIMIT GTC px=96 q=3] trades:
          shadow = [{agg=32 pas=15 @96 q=3}]
          real   = [{agg=32 pas=7 @96 q=3}]
    [BUG  ] step 1318 [SUBMIT id=1067 BUY LIMIT IOC px=105 q=10 stg=2] trades:
          shadow = [{agg=1067 pas=1060 @100 q=5}, {agg=1067 pas=1046 @102 q=5}]
          real   = [{agg=1067 pas=1060 @100 q=5}, {agg=1067 pas=1061 @102 q=5}]
    [BUG  ] step 1321 [SUBMIT id=1070 BUY STP_MKT IOC px=0 q=15 sp=102] trades:
          shadow = [{agg=1070 pas=1046 @102 q=5}, {agg=1070 pas=1061 @102 q=10}]
          real   = [{agg=1070 pas=1061 @102 q=7}, {agg=1070 pas=1046 @102 q=8}]
    [BUG  ] step 1327 [AMEND id=1061 px=104 qty=0] bestAsk:
          shadow = 104
          real   = 102
    [BUG  ] step 1328 [SUBMIT id=1075 SELL STP_MKT FOK px=0 q=10 sp=99] bestAsk:
          shadow = 104
          real   = 102
    [BUG  ] step 1329 [CANCEL id=1061] cancelled:
          shadow = [{1061:USER_REQUESTED}]
          real   = []
    [BUG  ] step 1329 [CANCEL id=1061] bestAsk:
          shadow = 105
          real   = 102
    [BUG  ] step 1329 [CANCEL id=1061] orderCount:
          shadow = 1
          real   = 2
    [BUG  ] step 1330 [SUBMIT id=1076 SELL LIMIT GTC px=98 q=15] orderCount:
          shadow = 2
          real   = 3
    [BUG  ] step 1331 [SUBMIT id=1077 SELL MTL GTC px=107 q=8] orderCount:
          shadow = 2
          real   = 3
    [BUG  ] step 1332 [SUBMIT id=1078 BUY LIMIT FOK px=97 q=15] orderCount:
          shadow = 2
          real   = 3
    [BUG  ] step 1333 [SUBMIT id=1079 BUY MARKET FOK px=0 q=2] orderCount:
          shadow = 2
          real   = 3
    [BUG  ] step 1334 [CANCEL id=1064] orderCount:
          shadow = 1
          real   = 2
    [BUG  ] step 1335 [SUBMIT id=1080 SELL MTL DAY px=98 q=2] orderCount:
          shadow = 1
          real   = 2
    [BUG  ] step 1336 [SUBMIT id=1081 SELL LIMIT GTC px=109 q=10] orderCount:
          shadow = 2
          real   = 3
    [BUG  ] step 1337 [SUBMIT id=1082 BUY LIMIT GTC px=103 q=1] orderCount:
          shadow = 2
          real   = 3
    [BUG  ] step 1338 [CANCEL id=1076] bestAsk:
          shadow = 109
          real   = 102
    [BUG  ] step 1338 [CANCEL id=1076] orderCount:
          shadow = 1
          real   = 2

  Result: FAIL
=========================================================
