Shadow Model Test
  Steps: 5000000
  Seed:  144

  BUG   step 2322 [SUBMIT id=1908 BUY LIMIT DAY px=102 q=10 dq=5 stg=1] field=trades shadow=[{agg=1908 pas=1900 @97 q=8}, {agg=1908 pas=1903 @102 q=2}, {agg=1862 pas=1891 @102 q=8}, {agg=1862 pas=1903 @102 q=2}, {agg=1862 pas=1903 @102 q=1}, {agg=1862 pas=1898 @103 q=4}] real=[{agg=1908 pas=1900 @97 q=8}, {agg=1908 pas=1903 @102 q=2}, {agg=1862 pas=1903 @102 q=2}, {agg=1862 pas=1891 @102 q=8}, {agg=1862 pas=1903 @102 q=1}, {agg=1862 pas=1898 @103 q=4}]
  BUG   step 4068 [SUBMIT id=3334 BUY LIMIT IOC px=97 q=10] field=trades shadow=[{agg=3334 pas=3333 @96 q=3}, {agg=3334 pas=3289 @97 q=7}] real=[{agg=3334 pas=3333 @96 q=3}, {agg=3334 pas=3322 @97 q=7}]
  BUG   step 4070 [SUBMIT id=3336 BUY LIMIT IOC px=102 q=10] field=trades shadow=[{agg=3336 pas=3289 @97 q=1}, {agg=3336 pas=3322 @97 q=9}] real=[{agg=3336 pas=3322 @97 q=8}, {agg=3336 pas=3289 @97 q=2}]
  BUG   step 4071 [SUBMIT id=3337 BUY STP_LIM IOC px=98 q=15 sp=97] field=trades shadow=[{agg=3337 pas=3322 @97 q=6}] real=[{agg=3337 pas=3289 @97 q=6}]
  BUG   step 5406 [SUBMIT id=4442 BUY LIMIT IOC px=91 q=3] field=trades shadow=[{agg=4442 pas=4421 @90 q=2}, {agg=4442 pas=4438 @90 q=1}] real=[{agg=4442 pas=4438 @90 q=3}]
  BUG   step 5406 [SUBMIT id=4442 BUY LIMIT IOC px=91 q=3] field=orderCount shadow=7 real=8
  BUG   step 5407 [SUBMIT id=4443 BUY MTL GTC px=107 q=8] field=orderCount shadow=7 real=8
  BUG   step 5408 [SUBMIT id=4444 SELL LIMIT IOC px=95 q=15] field=orderCount shadow=7 real=8
  BUG   step 5409 [SUBMIT id=4445 SELL LIMIT FOK px=89 q=5] field=orderCount shadow=7 real=8
  BUG   step 5410 [SUBMIT id=4446 BUY LIMIT DAY px=91 q=15] field=trades shadow=[{agg=4446 pas=4438 @90 q=4}, {agg=4446 pas=4439 @90 q=2}, {agg=4446 pas=4439 @90 q=2}, {agg=4446 pas=4439 @90 q=2}, {agg=4446 pas=4439 @90 q=2}] real=[{agg=4446 pas=4438 @90 q=2}, {agg=4446 pas=4439 @90 q=2}, {agg=4446 pas=4421 @90 q=2}, {agg=4446 pas=4439 @90 q=2}, {agg=4446 pas=4439 @90 q=2}, {agg=4446 pas=4439 @90 q=2}]
  BUG   step 7559 [SUBMIT id=6227 BUY STP_MKT FOK px=0 q=2 sp=98] field=trades shadow=[{agg=6227 pas=6220 @99 q=1}, {agg=6227 pas=5688 @103 q=1}, {agg=6225 pas=5688 @103 q=3}] real=[{agg=6227 pas=6220 @99 q=1}, {agg=6227 pas=6179 @103 q=1}, {agg=6225 pas=5688 @103 q=3}]
  BUG   step 7559 [SUBMIT id=6227 BUY STP_MKT FOK px=0 q=2 sp=98] field=orderCount shadow=2 real=1
  BUG   step 7560 [SUBMIT id=6228 BUY LIMIT DAY px=107 q=10 stg=2] field=trades shadow=[{agg=6228 pas=5688 @103 q=6}, {agg=6228 pas=6179 @103 q=1}] real=[{agg=6228 pas=5688 @103 q=7}]
  BUG   step 7932 [SUBMIT id=6545 BUY LIMIT IOC px=110 q=3] field=trades shadow=[{agg=6545 pas=6506 @105 q=3}, {agg=6530 pas=6506 @105 q=5}, {agg=6530 pas=6535 @105 q=5}] real=[{agg=6545 pas=6535 @105 q=3}, {agg=6530 pas=6535 @105 q=10}]
  BUG   step 7932 [SUBMIT id=6545 BUY LIMIT IOC px=110 q=3] field=orderCount shadow=1 real=2
  BUG   step 7933 [SUBMIT id=6546 BUY LIMIT FOK px=104 q=10] field=orderCount shadow=1 real=2
  BUG   step 7934 [SUBMIT id=6547 SELL LIMIT GTC px=107 q=10 stg=2] field=orderCount shadow=2 real=3
  BUG   step 7935 [AMEND id=6547 px=0 qty=13] field=orderCount shadow=2 real=3
  BUG   step 7936 [SUBMIT id=6548 BUY LIMIT IOC px=105 q=3 mq=3] field=orderCount shadow=2 real=3
  BUG   step 7937 [SUBMIT id=6549 SELL STP_LIM DAY px=106 q=10 sp=98] field=orderCount shadow=2 real=3
  (halting after 20 BUG divergences)

=========================================================
  Shadow Model Test Report
=========================================================
  Steps run:         7937
  Submits:           6549
  Cancels:           848
  Amends:            540
  Trades produced:   1581
  Divergences total: 20  (BUG=20  KNOWN=0)

  Divergence details (first 30):
    [BUG  ] step 2322 [SUBMIT id=1908 BUY LIMIT DAY px=102 q=10 dq=5 stg=1] trades:
          shadow = [{agg=1908 pas=1900 @97 q=8}, {agg=1908 pas=1903 @102 q=2}, {agg=1862 pas=1891 @102 q=8}, {agg=1862 pas=1903 @102 q=2}, {agg=1862 pas=1903 @102 q=1}, {agg=1862 pas=1898 @103 q=4}]
          real   = [{agg=1908 pas=1900 @97 q=8}, {agg=1908 pas=1903 @102 q=2}, {agg=1862 pas=1903 @102 q=2}, {agg=1862 pas=1891 @102 q=8}, {agg=1862 pas=1903 @102 q=1}, {agg=1862 pas=1898 @103 q=4}]
    [BUG  ] step 4068 [SUBMIT id=3334 BUY LIMIT IOC px=97 q=10] trades:
          shadow = [{agg=3334 pas=3333 @96 q=3}, {agg=3334 pas=3289 @97 q=7}]
          real   = [{agg=3334 pas=3333 @96 q=3}, {agg=3334 pas=3322 @97 q=7}]
    [BUG  ] step 4070 [SUBMIT id=3336 BUY LIMIT IOC px=102 q=10] trades:
          shadow = [{agg=3336 pas=3289 @97 q=1}, {agg=3336 pas=3322 @97 q=9}]
          real   = [{agg=3336 pas=3322 @97 q=8}, {agg=3336 pas=3289 @97 q=2}]
    [BUG  ] step 4071 [SUBMIT id=3337 BUY STP_LIM IOC px=98 q=15 sp=97] trades:
          shadow = [{agg=3337 pas=3322 @97 q=6}]
          real   = [{agg=3337 pas=3289 @97 q=6}]
    [BUG  ] step 5406 [SUBMIT id=4442 BUY LIMIT IOC px=91 q=3] trades:
          shadow = [{agg=4442 pas=4421 @90 q=2}, {agg=4442 pas=4438 @90 q=1}]
          real   = [{agg=4442 pas=4438 @90 q=3}]
    [BUG  ] step 5406 [SUBMIT id=4442 BUY LIMIT IOC px=91 q=3] orderCount:
          shadow = 7
          real   = 8
    [BUG  ] step 5407 [SUBMIT id=4443 BUY MTL GTC px=107 q=8] orderCount:
          shadow = 7
          real   = 8
    [BUG  ] step 5408 [SUBMIT id=4444 SELL LIMIT IOC px=95 q=15] orderCount:
          shadow = 7
          real   = 8
    [BUG  ] step 5409 [SUBMIT id=4445 SELL LIMIT FOK px=89 q=5] orderCount:
          shadow = 7
          real   = 8
    [BUG  ] step 5410 [SUBMIT id=4446 BUY LIMIT DAY px=91 q=15] trades:
          shadow = [{agg=4446 pas=4438 @90 q=4}, {agg=4446 pas=4439 @90 q=2}, {agg=4446 pas=4439 @90 q=2}, {agg=4446 pas=4439 @90 q=2}, {agg=4446 pas=4439 @90 q=2}]
          real   = [{agg=4446 pas=4438 @90 q=2}, {agg=4446 pas=4439 @90 q=2}, {agg=4446 pas=4421 @90 q=2}, {agg=4446 pas=4439 @90 q=2}, {agg=4446 pas=4439 @90 q=2}, {agg=4446 pas=4439 @90 q=2}]
    [BUG  ] step 7559 [SUBMIT id=6227 BUY STP_MKT FOK px=0 q=2 sp=98] trades:
          shadow = [{agg=6227 pas=6220 @99 q=1}, {agg=6227 pas=5688 @103 q=1}, {agg=6225 pas=5688 @103 q=3}]
          real   = [{agg=6227 pas=6220 @99 q=1}, {agg=6227 pas=6179 @103 q=1}, {agg=6225 pas=5688 @103 q=3}]
    [BUG  ] step 7559 [SUBMIT id=6227 BUY STP_MKT FOK px=0 q=2 sp=98] orderCount:
          shadow = 2
          real   = 1
    [BUG  ] step 7560 [SUBMIT id=6228 BUY LIMIT DAY px=107 q=10 stg=2] trades:
          shadow = [{agg=6228 pas=5688 @103 q=6}, {agg=6228 pas=6179 @103 q=1}]
          real   = [{agg=6228 pas=5688 @103 q=7}]
    [BUG  ] step 7932 [SUBMIT id=6545 BUY LIMIT IOC px=110 q=3] trades:
          shadow = [{agg=6545 pas=6506 @105 q=3}, {agg=6530 pas=6506 @105 q=5}, {agg=6530 pas=6535 @105 q=5}]
          real   = [{agg=6545 pas=6535 @105 q=3}, {agg=6530 pas=6535 @105 q=10}]
    [BUG  ] step 7932 [SUBMIT id=6545 BUY LIMIT IOC px=110 q=3] orderCount:
          shadow = 1
          real   = 2
    [BUG  ] step 7933 [SUBMIT id=6546 BUY LIMIT FOK px=104 q=10] orderCount:
          shadow = 1
          real   = 2
    [BUG  ] step 7934 [SUBMIT id=6547 SELL LIMIT GTC px=107 q=10 stg=2] orderCount:
          shadow = 2
          real   = 3
    [BUG  ] step 7935 [AMEND id=6547 px=0 qty=13] orderCount:
          shadow = 2
          real   = 3
    [BUG  ] step 7936 [SUBMIT id=6548 BUY LIMIT IOC px=105 q=3 mq=3] orderCount:
          shadow = 2
          real   = 3
    [BUG  ] step 7937 [SUBMIT id=6549 SELL STP_LIM DAY px=106 q=10 sp=98] orderCount:
          shadow = 2
          real   = 3

  Result: FAIL
=========================================================
