Shadow Model Test
  Steps: 5000000
  Seed:  441

  BUG   step 1000 [SUBMIT id=814 SELL LIMIT DAY px=106 q=5] field=trades shadow=[{agg=814 pas=802 @107 q=1}, {agg=814 pas=811 @107 q=4}] real=[{agg=814 pas=811 @107 q=5}]
  BUG   step 1000 [SUBMIT id=814 SELL LIMIT DAY px=106 q=5] field=orderCount shadow=1 real=2
  BUG   step 1001 [SUBMIT id=815 SELL MTL GTC px=108 q=3 stg=2] field=orderCount shadow=1 real=2
  BUG   step 1002 [SUBMIT id=816 SELL LIMIT GTC px=107 q=5 mq=5] field=orderCount shadow=1 real=2
  BUG   step 1003 [SUBMIT id=817 BUY STP_MKT FOK px=0 q=20 sp=106] field=orderCount shadow=1 real=2
  BUG   step 1004 [SUBMIT id=818 SELL MTL GTC px=97 q=5] field=orderCount shadow=1 real=2
  BUG   step 1005 [SUBMIT id=819 SELL LIMIT GTC px=107 q=2] field=orderCount shadow=1 real=2
  BUG   step 1006 [CANCEL id=811] field=bestBid shadow=0 real=107
  BUG   step 1006 [CANCEL id=811] field=orderCount shadow=0 real=1
  BUG   step 1007 [SUBMIT id=820 SELL STP_MKT FOK px=0 q=20 sp=102 stg=1] field=bestBid shadow=0 real=107
  BUG   step 1007 [SUBMIT id=820 SELL STP_MKT FOK px=0 q=20 sp=102 stg=1] field=orderCount shadow=0 real=1
  BUG   step 1008 [SUBMIT id=821 BUY LIMIT DAY px=98 q=10] field=bestBid shadow=98 real=107
  BUG   step 1008 [SUBMIT id=821 BUY LIMIT DAY px=98 q=10] field=orderCount shadow=1 real=2
  BUG   step 1009 [SUBMIT id=822 SELL STP_MKT FOK px=0 q=5 sp=98 stg=1] field=bestBid shadow=98 real=107
  BUG   step 1009 [SUBMIT id=822 SELL STP_MKT FOK px=0 q=5 sp=98 stg=1] field=orderCount shadow=1 real=2
  BUG   step 1010 [SUBMIT id=823 SELL LIMIT GTC px=99 q=3 stg=1] field=trades shadow=[] real=[{agg=823 pas=802 @107 q=1}]
  BUG   step 3529 [SUBMIT id=2915 SELL LIMIT DAY px=100 q=2] field=trades shadow=[{agg=2915 pas=2913 @100 q=1}, {agg=2915 pas=2912 @100 q=1}] real=[{agg=2915 pas=2912 @100 q=2}]
  BUG   step 3529 [SUBMIT id=2915 SELL LIMIT DAY px=100 q=2] field=orderCount shadow=1 real=2
  BUG   step 3530 [CANCEL id=2912] field=bestBid shadow=0 real=100
  BUG   step 3530 [CANCEL id=2912] field=orderCount shadow=0 real=1
  (halting after 20 BUG divergences)

=========================================================
  Shadow Model Test Report
=========================================================
  Steps run:         3530
  Submits:           2915
  Cancels:           371
  Amends:            244
  Trades produced:   691
  Divergences total: 20  (BUG=20  KNOWN=0)

  Divergence details (first 30):
    [BUG  ] step 1000 [SUBMIT id=814 SELL LIMIT DAY px=106 q=5] trades:
          shadow = [{agg=814 pas=802 @107 q=1}, {agg=814 pas=811 @107 q=4}]
          real   = [{agg=814 pas=811 @107 q=5}]
    [BUG  ] step 1000 [SUBMIT id=814 SELL LIMIT DAY px=106 q=5] orderCount:
          shadow = 1
          real   = 2
    [BUG  ] step 1001 [SUBMIT id=815 SELL MTL GTC px=108 q=3 stg=2] orderCount:
          shadow = 1
          real   = 2
    [BUG  ] step 1002 [SUBMIT id=816 SELL LIMIT GTC px=107 q=5 mq=5] orderCount:
          shadow = 1
          real   = 2
    [BUG  ] step 1003 [SUBMIT id=817 BUY STP_MKT FOK px=0 q=20 sp=106] orderCount:
          shadow = 1
          real   = 2
    [BUG  ] step 1004 [SUBMIT id=818 SELL MTL GTC px=97 q=5] orderCount:
          shadow = 1
          real   = 2
    [BUG  ] step 1005 [SUBMIT id=819 SELL LIMIT GTC px=107 q=2] orderCount:
          shadow = 1
          real   = 2
    [BUG  ] step 1006 [CANCEL id=811] bestBid:
          shadow = 0
          real   = 107
    [BUG  ] step 1006 [CANCEL id=811] orderCount:
          shadow = 0
          real   = 1
    [BUG  ] step 1007 [SUBMIT id=820 SELL STP_MKT FOK px=0 q=20 sp=102 stg=1] bestBid:
          shadow = 0
          real   = 107
    [BUG  ] step 1007 [SUBMIT id=820 SELL STP_MKT FOK px=0 q=20 sp=102 stg=1] orderCount:
          shadow = 0
          real   = 1
    [BUG  ] step 1008 [SUBMIT id=821 BUY LIMIT DAY px=98 q=10] bestBid:
          shadow = 98
          real   = 107
    [BUG  ] step 1008 [SUBMIT id=821 BUY LIMIT DAY px=98 q=10] orderCount:
          shadow = 1
          real   = 2
    [BUG  ] step 1009 [SUBMIT id=822 SELL STP_MKT FOK px=0 q=5 sp=98 stg=1] bestBid:
          shadow = 98
          real   = 107
    [BUG  ] step 1009 [SUBMIT id=822 SELL STP_MKT FOK px=0 q=5 sp=98 stg=1] orderCount:
          shadow = 1
          real   = 2
    [BUG  ] step 1010 [SUBMIT id=823 SELL LIMIT GTC px=99 q=3 stg=1] trades:
          shadow = []
          real   = [{agg=823 pas=802 @107 q=1}]
    [BUG  ] step 3529 [SUBMIT id=2915 SELL LIMIT DAY px=100 q=2] trades:
          shadow = [{agg=2915 pas=2913 @100 q=1}, {agg=2915 pas=2912 @100 q=1}]
          real   = [{agg=2915 pas=2912 @100 q=2}]
    [BUG  ] step 3529 [SUBMIT id=2915 SELL LIMIT DAY px=100 q=2] orderCount:
          shadow = 1
          real   = 2
    [BUG  ] step 3530 [CANCEL id=2912] bestBid:
          shadow = 0
          real   = 100
    [BUG  ] step 3530 [CANCEL id=2912] orderCount:
          shadow = 0
          real   = 1

  Result: FAIL
=========================================================
