Shadow Model Test
  Steps: 5000000
  Seed:  86

  BUG   step 3961 [SUBMIT id=3275 BUY LIMIT DAY px=96 q=15] field=trades shadow=[{agg=3275 pas=3259 @95 q=2}, {agg=3275 pas=3264 @95 q=1}, {agg=3275 pas=3257 @96 q=4}] real=[{agg=3275 pas=3264 @95 q=1}, {agg=3275 pas=3259 @95 q=2}, {agg=3275 pas=3257 @96 q=4}]
  BUG   step 5343 [SUBMIT id=4443 BUY STP_LIM IOC px=101 q=3 sp=100] field=trades shadow=[{agg=4443 pas=4437 @100 q=2}, {agg=4443 pas=4419 @101 q=1}] real=[{agg=4443 pas=4437 @100 q=2}, {agg=4443 pas=4435 @101 q=1}]
  BUG   step 5440 [SUBMIT id=4522 SELL LIMIT GTC px=106 q=8] field=trades shadow=[{agg=4522 pas=4504 @106 q=1}, {agg=4519 pas=4500 @105 q=1}, {agg=4521 pas=4500 @105 q=6}, {agg=4521 pas=4508 @104 q=2}, {agg=4522 pas=4510 @106 q=3}] real=[{agg=4522 pas=4510 @106 q=3}, {agg=4519 pas=4500 @105 q=1}, {agg=4521 pas=4500 @105 q=6}, {agg=4521 pas=4508 @104 q=2}, {agg=4522 pas=4504 @106 q=1}]
  BUG   step 10529 [SUBMIT id=8711 SELL LIMIT IOC px=109 q=10] field=trades shadow=[{agg=8711 pas=8662 @109 q=8}, {agg=8711 pas=8708 @109 q=1}] real=[{agg=8711 pas=8708 @109 q=1}, {agg=8711 pas=8662 @109 q=8}]
  BUG   step 13932 [SUBMIT id=11483 SELL MARKET IOC px=0 q=1] field=trades shadow=[{agg=11483 pas=11472 @105 q=1}] real=[{agg=11483 pas=11477 @105 q=1}]
  BUG   step 13935 [SUBMIT id=11486 SELL STP_MKT IOC px=0 q=10 sp=105] field=trades shadow=[{agg=11486 pas=11472 @105 q=4}, {agg=11486 pas=11477 @105 q=6}] real=[{agg=11486 pas=11477 @105 q=10}]
  BUG   step 13935 [SUBMIT id=11486 SELL STP_MKT IOC px=0 q=10 sp=105] field=orderCount shadow=2 real=3
  BUG   step 13936 [SUBMIT id=11487 SELL LIMIT GTC px=105 q=10 stg=2] field=trades shadow=[{agg=11487 pas=11477 @105 q=9}] real=[{agg=11487 pas=11477 @105 q=4}, {agg=11487 pas=11472 @105 q=5}]
  BUG   step 14649 [SUBMIT id=12086 BUY STP_MKT FOK px=0 q=3 sp=90] field=trades shadow=[{agg=12086 pas=7338 @95 q=3}] real=[{agg=12086 pas=12082 @95 q=3}]
  BUG   step 14662 [SUBMIT id=12098 BUY MARKET IOC px=0 q=5] field=trades shadow=[{agg=12098 pas=7338 @95 q=2}, {agg=12098 pas=12006 @95 q=3}] real=[{agg=12098 pas=7338 @95 q=5}]
  BUG   step 14678 [SUBMIT id=12112 BUY LIMIT IOC px=96 q=10] field=trades shadow=[{agg=12112 pas=12006 @95 q=1}, {agg=12112 pas=12099 @95 q=9}] real=[{agg=12112 pas=12006 @95 q=4}, {agg=12112 pas=12099 @95 q=6}]
  BUG   step 14683 [SUBMIT id=12115 BUY STP_MKT IOC px=0 q=8 sp=94] field=orderCount shadow=15 real=16
  BUG   step 14684 [CANCEL id=12113] field=orderCount shadow=14 real=15
  BUG   step 14685 [SUBMIT id=12116 BUY MARKET FOK px=0 q=3] field=trades shadow=[{agg=12116 pas=12101 @95 q=3}] real=[{agg=12116 pas=12099 @95 q=3}]
  BUG   step 14691 [SUBMIT id=12121 BUY LIMIT GTC px=107 q=15 mq=11] field=trades shadow=[{agg=12121 pas=12101 @95 q=1}, {agg=12121 pas=12111 @95 q=2}, {agg=12121 pas=12082 @96 q=12}] real=[{agg=12121 pas=12101 @95 q=4}, {agg=12121 pas=12111 @95 q=2}, {agg=12121 pas=12082 @96 q=9}]
  BUG   step 19551 [SUBMIT id=16120 BUY STP_LIM IOC px=100 q=1 sp=95] field=trades shadow=[{agg=16120 pas=16078 @95 q=1}] real=[{agg=16120 pas=16114 @95 q=1}]
  BUG   step 19551 [SUBMIT id=16120 BUY STP_LIM IOC px=100 q=1 sp=95] field=orderCount shadow=1 real=2
  BUG   step 19552 [SUBMIT id=16121 BUY STP_MKT FOK px=0 q=1 sp=95 stg=2] field=orderCount shadow=1 real=2
  BUG   step 19553 [SUBMIT id=16122 BUY LIMIT IOC px=94 q=5 stg=1] field=orderCount shadow=1 real=2
  BUG   step 19554 [AMEND id=16114 px=0 qty=1] field=orderCount shadow=1 real=2
  (halting after 20 BUG divergences)

=========================================================
  Shadow Model Test Report
=========================================================
  Steps run:         19554
  Submits:           16122
  Cancels:           2085
  Amends:            1347
  Trades produced:   3952
  Divergences total: 20  (BUG=20  KNOWN=0)

  Divergence details (first 30):
    [BUG  ] step 3961 [SUBMIT id=3275 BUY LIMIT DAY px=96 q=15] trades:
          shadow = [{agg=3275 pas=3259 @95 q=2}, {agg=3275 pas=3264 @95 q=1}, {agg=3275 pas=3257 @96 q=4}]
          real   = [{agg=3275 pas=3264 @95 q=1}, {agg=3275 pas=3259 @95 q=2}, {agg=3275 pas=3257 @96 q=4}]
    [BUG  ] step 5343 [SUBMIT id=4443 BUY STP_LIM IOC px=101 q=3 sp=100] trades:
          shadow = [{agg=4443 pas=4437 @100 q=2}, {agg=4443 pas=4419 @101 q=1}]
          real   = [{agg=4443 pas=4437 @100 q=2}, {agg=4443 pas=4435 @101 q=1}]
    [BUG  ] step 5440 [SUBMIT id=4522 SELL LIMIT GTC px=106 q=8] trades:
          shadow = [{agg=4522 pas=4504 @106 q=1}, {agg=4519 pas=4500 @105 q=1}, {agg=4521 pas=4500 @105 q=6}, {agg=4521 pas=4508 @104 q=2}, {agg=4522 pas=4510 @106 q=3}]
          real   = [{agg=4522 pas=4510 @106 q=3}, {agg=4519 pas=4500 @105 q=1}, {agg=4521 pas=4500 @105 q=6}, {agg=4521 pas=4508 @104 q=2}, {agg=4522 pas=4504 @106 q=1}]
    [BUG  ] step 10529 [SUBMIT id=8711 SELL LIMIT IOC px=109 q=10] trades:
          shadow = [{agg=8711 pas=8662 @109 q=8}, {agg=8711 pas=8708 @109 q=1}]
          real   = [{agg=8711 pas=8708 @109 q=1}, {agg=8711 pas=8662 @109 q=8}]
    [BUG  ] step 13932 [SUBMIT id=11483 SELL MARKET IOC px=0 q=1] trades:
          shadow = [{agg=11483 pas=11472 @105 q=1}]
          real   = [{agg=11483 pas=11477 @105 q=1}]
    [BUG  ] step 13935 [SUBMIT id=11486 SELL STP_MKT IOC px=0 q=10 sp=105] trades:
          shadow = [{agg=11486 pas=11472 @105 q=4}, {agg=11486 pas=11477 @105 q=6}]
          real   = [{agg=11486 pas=11477 @105 q=10}]
    [BUG  ] step 13935 [SUBMIT id=11486 SELL STP_MKT IOC px=0 q=10 sp=105] orderCount:
          shadow = 2
          real   = 3
    [BUG  ] step 13936 [SUBMIT id=11487 SELL LIMIT GTC px=105 q=10 stg=2] trades:
          shadow = [{agg=11487 pas=11477 @105 q=9}]
          real   = [{agg=11487 pas=11477 @105 q=4}, {agg=11487 pas=11472 @105 q=5}]
    [BUG  ] step 14649 [SUBMIT id=12086 BUY STP_MKT FOK px=0 q=3 sp=90] trades:
          shadow = [{agg=12086 pas=7338 @95 q=3}]
          real   = [{agg=12086 pas=12082 @95 q=3}]
    [BUG  ] step 14662 [SUBMIT id=12098 BUY MARKET IOC px=0 q=5] trades:
          shadow = [{agg=12098 pas=7338 @95 q=2}, {agg=12098 pas=12006 @95 q=3}]
          real   = [{agg=12098 pas=7338 @95 q=5}]
    [BUG  ] step 14678 [SUBMIT id=12112 BUY LIMIT IOC px=96 q=10] trades:
          shadow = [{agg=12112 pas=12006 @95 q=1}, {agg=12112 pas=12099 @95 q=9}]
          real   = [{agg=12112 pas=12006 @95 q=4}, {agg=12112 pas=12099 @95 q=6}]
    [BUG  ] step 14683 [SUBMIT id=12115 BUY STP_MKT IOC px=0 q=8 sp=94] orderCount:
          shadow = 15
          real   = 16
    [BUG  ] step 14684 [CANCEL id=12113] orderCount:
          shadow = 14
          real   = 15
    [BUG  ] step 14685 [SUBMIT id=12116 BUY MARKET FOK px=0 q=3] trades:
          shadow = [{agg=12116 pas=12101 @95 q=3}]
          real   = [{agg=12116 pas=12099 @95 q=3}]
    [BUG  ] step 14691 [SUBMIT id=12121 BUY LIMIT GTC px=107 q=15 mq=11] trades:
          shadow = [{agg=12121 pas=12101 @95 q=1}, {agg=12121 pas=12111 @95 q=2}, {agg=12121 pas=12082 @96 q=12}]
          real   = [{agg=12121 pas=12101 @95 q=4}, {agg=12121 pas=12111 @95 q=2}, {agg=12121 pas=12082 @96 q=9}]
    [BUG  ] step 19551 [SUBMIT id=16120 BUY STP_LIM IOC px=100 q=1 sp=95] trades:
          shadow = [{agg=16120 pas=16078 @95 q=1}]
          real   = [{agg=16120 pas=16114 @95 q=1}]
    [BUG  ] step 19551 [SUBMIT id=16120 BUY STP_LIM IOC px=100 q=1 sp=95] orderCount:
          shadow = 1
          real   = 2
    [BUG  ] step 19552 [SUBMIT id=16121 BUY STP_MKT FOK px=0 q=1 sp=95 stg=2] orderCount:
          shadow = 1
          real   = 2
    [BUG  ] step 19553 [SUBMIT id=16122 BUY LIMIT IOC px=94 q=5 stg=1] orderCount:
          shadow = 1
          real   = 2
    [BUG  ] step 19554 [AMEND id=16114 px=0 qty=1] orderCount:
          shadow = 1
          real   = 2

  Result: FAIL
=========================================================
