Shadow Model Test
  Steps: 5000000
  Seed:  93

  BUG   step 61 [SUBMIT id=49 BUY STP_LIM DAY px=101 q=20 sp=99] field=trades shadow=[{agg=49 pas=41 @100 q=8}, {agg=49 pas=27 @101 q=3}, {agg=49 pas=46 @101 q=7}, {agg=49 pas=46 @101 q=2}] real=[{agg=49 pas=41 @100 q=8}, {agg=49 pas=46 @101 q=7}, {agg=49 pas=27 @101 q=3}, {agg=49 pas=46 @101 q=2}]
  BUG   step 2282 [SUBMIT id=1905 SELL LIMIT GTC px=109 q=8] field=trades shadow=[{agg=1905 pas=1747 @109 q=3}, {agg=1905 pas=1898 @109 q=5}] real=[{agg=1905 pas=1898 @109 q=8}]
  BUG   step 2283 [SUBMIT id=1906 SELL STP_LIM DAY px=109 q=2 sp=109] field=trades shadow=[{agg=1906 pas=1898 @109 q=2}] real=[{agg=1906 pas=1747 @109 q=2}]
  BUG   step 2290 [AMEND id=1898 px=106 qty=8] field=bestBid shadow=108 real=109
  BUG   step 2291 [SUBMIT id=1912 SELL STP_MKT FOK px=0 q=8 sp=102] field=bestBid shadow=108 real=109
  BUG   step 2292 [SUBMIT id=1913 SELL LIMIT FOK px=107 q=10 stg=2] field=trades shadow=[{agg=1913 pas=1909 @108 q=10}] real=[{agg=1913 pas=1747 @109 q=1}, {agg=1913 pas=1909 @108 q=9}]
  BUG   step 2292 [SUBMIT id=1913 SELL LIMIT FOK px=107 q=10 stg=2] field=orderCount shadow=5 real=4
  BUG   step 2293 [SUBMIT id=1914 BUY STP_LIM DAY px=107 q=8 sp=108] field=orderCount shadow=6 real=5
  BUG   step 2294 [SUBMIT id=1915 SELL STP_LIM FOK px=109 q=8 sp=110] field=orderCount shadow=6 real=5
  BUG   step 2295 [CANCEL id=1909] field=orderCount shadow=5 real=4
  BUG   step 2296 [SUBMIT id=1916 SELL STP_MKT IOC px=0 q=5 sp=105 stg=2] field=orderCount shadow=5 real=4
  BUG   step 2297 [SUBMIT id=1917 SELL LIMIT GTC px=115 q=2 mq=1] field=orderCount shadow=5 real=4
  BUG   step 2298 [SUBMIT id=1918 BUY LIMIT FOK px=108 q=15] field=orderCount shadow=5 real=4
  BUG   step 2299 [CANCEL id=1897] field=orderCount shadow=4 real=3
  BUG   step 2300 [SUBMIT id=1919 BUY MTL DAY px=102 q=20 stg=2] field=orderCount shadow=4 real=3
  BUG   step 2301 [AMEND id=1914 px=104 qty=0] field=bestBid shadow=106 real=104
  BUG   step 2301 [AMEND id=1914 px=104 qty=0] field=orderCount shadow=4 real=3
  BUG   step 2302 [CANCEL id=1900] field=bestBid shadow=106 real=104
  BUG   step 2302 [CANCEL id=1900] field=orderCount shadow=3 real=2
  BUG   step 2303 [AMEND id=1898 px=100 qty=14] field=orderCount shadow=3 real=2
  (halting after 20 BUG divergences)

=========================================================
  Shadow Model Test Report
=========================================================
  Steps run:         2303
  Submits:           1919
  Cancels:           243
  Amends:            141
  Trades produced:   430
  Divergences total: 20  (BUG=20  KNOWN=0)

  Divergence details (first 30):
    [BUG  ] step 61 [SUBMIT id=49 BUY STP_LIM DAY px=101 q=20 sp=99] trades:
          shadow = [{agg=49 pas=41 @100 q=8}, {agg=49 pas=27 @101 q=3}, {agg=49 pas=46 @101 q=7}, {agg=49 pas=46 @101 q=2}]
          real   = [{agg=49 pas=41 @100 q=8}, {agg=49 pas=46 @101 q=7}, {agg=49 pas=27 @101 q=3}, {agg=49 pas=46 @101 q=2}]
    [BUG  ] step 2282 [SUBMIT id=1905 SELL LIMIT GTC px=109 q=8] trades:
          shadow = [{agg=1905 pas=1747 @109 q=3}, {agg=1905 pas=1898 @109 q=5}]
          real   = [{agg=1905 pas=1898 @109 q=8}]
    [BUG  ] step 2283 [SUBMIT id=1906 SELL STP_LIM DAY px=109 q=2 sp=109] trades:
          shadow = [{agg=1906 pas=1898 @109 q=2}]
          real   = [{agg=1906 pas=1747 @109 q=2}]
    [BUG  ] step 2290 [AMEND id=1898 px=106 qty=8] bestBid:
          shadow = 108
          real   = 109
    [BUG  ] step 2291 [SUBMIT id=1912 SELL STP_MKT FOK px=0 q=8 sp=102] bestBid:
          shadow = 108
          real   = 109
    [BUG  ] step 2292 [SUBMIT id=1913 SELL LIMIT FOK px=107 q=10 stg=2] trades:
          shadow = [{agg=1913 pas=1909 @108 q=10}]
          real   = [{agg=1913 pas=1747 @109 q=1}, {agg=1913 pas=1909 @108 q=9}]
    [BUG  ] step 2292 [SUBMIT id=1913 SELL LIMIT FOK px=107 q=10 stg=2] orderCount:
          shadow = 5
          real   = 4
    [BUG  ] step 2293 [SUBMIT id=1914 BUY STP_LIM DAY px=107 q=8 sp=108] orderCount:
          shadow = 6
          real   = 5
    [BUG  ] step 2294 [SUBMIT id=1915 SELL STP_LIM FOK px=109 q=8 sp=110] orderCount:
          shadow = 6
          real   = 5
    [BUG  ] step 2295 [CANCEL id=1909] orderCount:
          shadow = 5
          real   = 4
    [BUG  ] step 2296 [SUBMIT id=1916 SELL STP_MKT IOC px=0 q=5 sp=105 stg=2] orderCount:
          shadow = 5
          real   = 4
    [BUG  ] step 2297 [SUBMIT id=1917 SELL LIMIT GTC px=115 q=2 mq=1] orderCount:
          shadow = 5
          real   = 4
    [BUG  ] step 2298 [SUBMIT id=1918 BUY LIMIT FOK px=108 q=15] orderCount:
          shadow = 5
          real   = 4
    [BUG  ] step 2299 [CANCEL id=1897] orderCount:
          shadow = 4
          real   = 3
    [BUG  ] step 2300 [SUBMIT id=1919 BUY MTL DAY px=102 q=20 stg=2] orderCount:
          shadow = 4
          real   = 3
    [BUG  ] step 2301 [AMEND id=1914 px=104 qty=0] bestBid:
          shadow = 106
          real   = 104
    [BUG  ] step 2301 [AMEND id=1914 px=104 qty=0] orderCount:
          shadow = 4
          real   = 3
    [BUG  ] step 2302 [CANCEL id=1900] bestBid:
          shadow = 106
          real   = 104
    [BUG  ] step 2302 [CANCEL id=1900] orderCount:
          shadow = 3
          real   = 2
    [BUG  ] step 2303 [AMEND id=1898 px=100 qty=14] orderCount:
          shadow = 3
          real   = 2

  Result: FAIL
=========================================================
