Shadow Model Test
  Steps: 5000000
  Seed:  71

  BUG   step 1413 [SUBMIT id=1167 SELL LIMIT DAY px=108 q=2] field=trades shadow=[{agg=1167 pas=1158 @108 q=1}, {agg=1167 pas=1164 @108 q=1}] real=[{agg=1167 pas=1164 @108 q=2}]
  BUG   step 1413 [SUBMIT id=1167 SELL LIMIT DAY px=108 q=2] field=orderCount shadow=3 real=4
  BUG   step 1419 [CANCEL id=1164] field=cancelled shadow=[{1164:USER_REQUESTED}] real=[]
  BUG   step 1419 [CANCEL id=1164] field=bestBid shadow=96 real=108
  BUG   step 1419 [CANCEL id=1164] field=orderCount shadow=1 real=2
  BUG   step 1420 [SUBMIT id=1172 BUY LIMIT GTC px=110 q=3] field=orderCount shadow=2 real=3
  BUG   step 1421 [SUBMIT id=1173 SELL LIMIT IOC px=103 q=5] field=trades shadow=[{agg=1173 pas=1172 @110 q=3}] real=[{agg=1173 pas=1172 @110 q=3}, {agg=1173 pas=1158 @108 q=1}]
  BUG   step 1421 [SUBMIT id=1173 SELL LIMIT IOC px=103 q=5] field=lastTradePrice shadow=110 real=108
  BUG   step 1446 [SUBMIT id=1192 SELL STP_MKT IOC px=0 q=15 sp=102 stg=2] field=trades shadow=[{agg=1192 pas=1190 @98 q=5}, {agg=1192 pas=1179 @96 q=4}, {agg=1192 pas=1181 @96 q=3}, {agg=1192 pas=1185 @96 q=1}, {agg=1192 pas=1179 @96 q=2}] real=[{agg=1192 pas=1190 @98 q=5}, {agg=1192 pas=1179 @96 q=4}, {agg=1192 pas=1185 @96 q=1}, {agg=1192 pas=1181 @96 q=3}, {agg=1192 pas=1179 @96 q=2}]
  BUG   step 4628 [SUBMIT id=3756 BUY LIMIT GTC px=106 q=20] field=trades shadow=[{agg=3756 pas=3754 @95 q=2}, {agg=3743 pas=3756 @106 q=10}, {agg=3756 pas=3745 @101 q=2}, {agg=3756 pas=3749 @101 q=2}] real=[{agg=3756 pas=3754 @95 q=2}, {agg=3743 pas=3756 @106 q=10}, {agg=3756 pas=3749 @101 q=2}, {agg=3756 pas=3745 @101 q=2}]
  BUG   step 4676 [SUBMIT id=3796 BUY LIMIT IOC px=102 q=8] field=trades shadow=[{agg=3796 pas=3778 @102 q=1}, {agg=3796 pas=3790 @102 q=4}] real=[{agg=3796 pas=3790 @102 q=4}, {agg=3796 pas=3778 @102 q=1}]
  BUG   step 5453 [SUBMIT id=4424 BUY STP_MKT IOC px=0 q=10 sp=102] field=trades shadow=[{agg=4424 pas=4411 @103 q=5}, {agg=4424 pas=4413 @104 q=5}] real=[{agg=4424 pas=4411 @103 q=5}, {agg=4424 pas=4414 @104 q=2}, {agg=4424 pas=4413 @104 q=3}]
  BUG   step 5453 [SUBMIT id=4424 BUY STP_MKT IOC px=0 q=10 sp=102] field=orderCount shadow=4 real=3
  BUG   step 5454 [SUBMIT id=4425 SELL MTL GTC px=101 q=2 stg=1] field=orderCount shadow=4 real=3
  BUG   step 5455 [CANCEL id=4413] field=bestAsk shadow=104 real=108
  BUG   step 5455 [CANCEL id=4413] field=orderCount shadow=3 real=2
  BUG   step 5456 [SUBMIT id=4426 SELL MTL DAY px=101 q=2] field=bestAsk shadow=104 real=108
  BUG   step 5456 [SUBMIT id=4426 SELL MTL DAY px=101 q=2] field=orderCount shadow=3 real=2
  BUG   step 5457 [SUBMIT id=4427 SELL STP_MKT IOC px=0 q=8 sp=98] field=bestAsk shadow=104 real=108
  BUG   step 5457 [SUBMIT id=4427 SELL STP_MKT IOC px=0 q=8 sp=98] field=orderCount shadow=3 real=2
  (halting after 20 BUG divergences)

=========================================================
  Shadow Model Test Report
=========================================================
  Steps run:         5457
  Submits:           4427
  Cancels:           587
  Amends:            443
  Trades produced:   1149
  Divergences total: 20  (BUG=20  KNOWN=0)

  Divergence details (first 30):
    [BUG  ] step 1413 [SUBMIT id=1167 SELL LIMIT DAY px=108 q=2] trades:
          shadow = [{agg=1167 pas=1158 @108 q=1}, {agg=1167 pas=1164 @108 q=1}]
          real   = [{agg=1167 pas=1164 @108 q=2}]
    [BUG  ] step 1413 [SUBMIT id=1167 SELL LIMIT DAY px=108 q=2] orderCount:
          shadow = 3
          real   = 4
    [BUG  ] step 1419 [CANCEL id=1164] cancelled:
          shadow = [{1164:USER_REQUESTED}]
          real   = []
    [BUG  ] step 1419 [CANCEL id=1164] bestBid:
          shadow = 96
          real   = 108
    [BUG  ] step 1419 [CANCEL id=1164] orderCount:
          shadow = 1
          real   = 2
    [BUG  ] step 1420 [SUBMIT id=1172 BUY LIMIT GTC px=110 q=3] orderCount:
          shadow = 2
          real   = 3
    [BUG  ] step 1421 [SUBMIT id=1173 SELL LIMIT IOC px=103 q=5] trades:
          shadow = [{agg=1173 pas=1172 @110 q=3}]
          real   = [{agg=1173 pas=1172 @110 q=3}, {agg=1173 pas=1158 @108 q=1}]
    [BUG  ] step 1421 [SUBMIT id=1173 SELL LIMIT IOC px=103 q=5] lastTradePrice:
          shadow = 110
          real   = 108
    [BUG  ] step 1446 [SUBMIT id=1192 SELL STP_MKT IOC px=0 q=15 sp=102 stg=2] trades:
          shadow = [{agg=1192 pas=1190 @98 q=5}, {agg=1192 pas=1179 @96 q=4}, {agg=1192 pas=1181 @96 q=3}, {agg=1192 pas=1185 @96 q=1}, {agg=1192 pas=1179 @96 q=2}]
          real   = [{agg=1192 pas=1190 @98 q=5}, {agg=1192 pas=1179 @96 q=4}, {agg=1192 pas=1185 @96 q=1}, {agg=1192 pas=1181 @96 q=3}, {agg=1192 pas=1179 @96 q=2}]
    [BUG  ] step 4628 [SUBMIT id=3756 BUY LIMIT GTC px=106 q=20] trades:
          shadow = [{agg=3756 pas=3754 @95 q=2}, {agg=3743 pas=3756 @106 q=10}, {agg=3756 pas=3745 @101 q=2}, {agg=3756 pas=3749 @101 q=2}]
          real   = [{agg=3756 pas=3754 @95 q=2}, {agg=3743 pas=3756 @106 q=10}, {agg=3756 pas=3749 @101 q=2}, {agg=3756 pas=3745 @101 q=2}]
    [BUG  ] step 4676 [SUBMIT id=3796 BUY LIMIT IOC px=102 q=8] trades:
          shadow = [{agg=3796 pas=3778 @102 q=1}, {agg=3796 pas=3790 @102 q=4}]
          real   = [{agg=3796 pas=3790 @102 q=4}, {agg=3796 pas=3778 @102 q=1}]
    [BUG  ] step 5453 [SUBMIT id=4424 BUY STP_MKT IOC px=0 q=10 sp=102] trades:
          shadow = [{agg=4424 pas=4411 @103 q=5}, {agg=4424 pas=4413 @104 q=5}]
          real   = [{agg=4424 pas=4411 @103 q=5}, {agg=4424 pas=4414 @104 q=2}, {agg=4424 pas=4413 @104 q=3}]
    [BUG  ] step 5453 [SUBMIT id=4424 BUY STP_MKT IOC px=0 q=10 sp=102] orderCount:
          shadow = 4
          real   = 3
    [BUG  ] step 5454 [SUBMIT id=4425 SELL MTL GTC px=101 q=2 stg=1] orderCount:
          shadow = 4
          real   = 3
    [BUG  ] step 5455 [CANCEL id=4413] bestAsk:
          shadow = 104
          real   = 108
    [BUG  ] step 5455 [CANCEL id=4413] orderCount:
          shadow = 3
          real   = 2
    [BUG  ] step 5456 [SUBMIT id=4426 SELL MTL DAY px=101 q=2] bestAsk:
          shadow = 104
          real   = 108
    [BUG  ] step 5456 [SUBMIT id=4426 SELL MTL DAY px=101 q=2] orderCount:
          shadow = 3
          real   = 2
    [BUG  ] step 5457 [SUBMIT id=4427 SELL STP_MKT IOC px=0 q=8 sp=98] bestAsk:
          shadow = 104
          real   = 108
    [BUG  ] step 5457 [SUBMIT id=4427 SELL STP_MKT IOC px=0 q=8 sp=98] orderCount:
          shadow = 3
          real   = 2

  Result: FAIL
=========================================================
