Shadow Model Test
  Steps: 5000000
  Seed:  107

  BUG   step 2131 [SUBMIT id=1758 BUY LIMIT FOK px=111 q=3] field=trades shadow=[{agg=1758 pas=1618 @110 q=3}, {agg=1756 pas=1738 @110 q=1}] real=[{agg=1758 pas=1738 @110 q=3}]
  BUG   step 2131 [SUBMIT id=1758 BUY LIMIT FOK px=111 q=3] field=cancelled shadow=[] real=[{1756:FOK_NOT_SATISFIABLE}]
  BUG   step 2132 [SUBMIT id=1759 BUY LIMIT GTC px=110 q=3] field=trades shadow=[{agg=1759 pas=1738 @110 q=2}] real=[{agg=1759 pas=1618 @110 q=3}]
  BUG   step 2132 [SUBMIT id=1759 BUY LIMIT GTC px=110 q=3] field=bestBid shadow=110 real=109
  BUG   step 2132 [SUBMIT id=1759 BUY LIMIT GTC px=110 q=3] field=orderCount shadow=2 real=1
  BUG   step 2133 [CANCEL id=1755] field=bestBid shadow=110 real=0
  BUG   step 2133 [CANCEL id=1755] field=orderCount shadow=1 real=0
  BUG   step 2134 [SUBMIT id=1760 SELL STP_LIM DAY px=109 q=8 sp=109 stg=1] field=bestBid shadow=110 real=0
  BUG   step 2134 [SUBMIT id=1760 SELL STP_LIM DAY px=109 q=8 sp=109 stg=1] field=orderCount shadow=1 real=0
  BUG   step 2135 [SUBMIT id=1761 BUY STP_MKT FOK px=0 q=1 sp=120] field=bestBid shadow=110 real=0
  BUG   step 2135 [SUBMIT id=1761 BUY STP_MKT FOK px=0 q=1 sp=120] field=orderCount shadow=1 real=0
  BUG   step 2136 [SUBMIT id=1762 BUY LIMIT IOC px=110 q=8] field=bestBid shadow=110 real=0
  BUG   step 2136 [SUBMIT id=1762 BUY LIMIT IOC px=110 q=8] field=orderCount shadow=1 real=0
  BUG   step 2137 [SUBMIT id=1763 SELL LIMIT IOC px=110 q=15] field=trades shadow=[{agg=1763 pas=1759 @110 q=1}] real=[]
  BUG   step 3417 [SUBMIT id=2806 SELL LIMIT IOC px=104 q=20] field=trades shadow=[{agg=2806 pas=2792 @109 q=15}, {agg=2806 pas=2804 @109 q=2}] real=[{agg=2806 pas=2804 @109 q=2}, {agg=2806 pas=2792 @109 q=15}]
  BUG   step 5139 [SUBMIT id=4197 SELL LIMIT GTC px=97 q=15 mq=2] field=trades shadow=[{agg=4197 pas=4184 @108 q=8}, {agg=4197 pas=4190 @108 q=7}] real=[{agg=4197 pas=4190 @108 q=9}, {agg=4197 pas=4184 @108 q=6}]
  BUG   step 5140 [CANCEL id=4190] field=cancelled shadow=[{4190:USER_REQUESTED}] real=[]
  BUG   step 5140 [CANCEL id=4190] field=bestBid shadow=107 real=108
  BUG   step 5140 [CANCEL id=4190] field=orderCount shadow=3 real=4
  BUG   step 5141 [SUBMIT id=4198 SELL LIMIT IOC px=98 q=10 stg=2] field=trades shadow=[{agg=4198 pas=4192 @107 q=1}, {agg=4198 pas=4133 @105 q=9}] real=[{agg=4198 pas=4184 @108 q=2}, {agg=4198 pas=4192 @107 q=1}, {agg=4198 pas=4133 @105 q=7}]
  (halting after 20 BUG divergences)

=========================================================
  Shadow Model Test Report
=========================================================
  Steps run:         5141
  Submits:           4198
  Cancels:           527
  Amends:            416
  Trades produced:   984
  Divergences total: 20  (BUG=20  KNOWN=0)

  Divergence details (first 30):
    [BUG  ] step 2131 [SUBMIT id=1758 BUY LIMIT FOK px=111 q=3] trades:
          shadow = [{agg=1758 pas=1618 @110 q=3}, {agg=1756 pas=1738 @110 q=1}]
          real   = [{agg=1758 pas=1738 @110 q=3}]
    [BUG  ] step 2131 [SUBMIT id=1758 BUY LIMIT FOK px=111 q=3] cancelled:
          shadow = []
          real   = [{1756:FOK_NOT_SATISFIABLE}]
    [BUG  ] step 2132 [SUBMIT id=1759 BUY LIMIT GTC px=110 q=3] trades:
          shadow = [{agg=1759 pas=1738 @110 q=2}]
          real   = [{agg=1759 pas=1618 @110 q=3}]
    [BUG  ] step 2132 [SUBMIT id=1759 BUY LIMIT GTC px=110 q=3] bestBid:
          shadow = 110
          real   = 109
    [BUG  ] step 2132 [SUBMIT id=1759 BUY LIMIT GTC px=110 q=3] orderCount:
          shadow = 2
          real   = 1
    [BUG  ] step 2133 [CANCEL id=1755] bestBid:
          shadow = 110
          real   = 0
    [BUG  ] step 2133 [CANCEL id=1755] orderCount:
          shadow = 1
          real   = 0
    [BUG  ] step 2134 [SUBMIT id=1760 SELL STP_LIM DAY px=109 q=8 sp=109 stg=1] bestBid:
          shadow = 110
          real   = 0
    [BUG  ] step 2134 [SUBMIT id=1760 SELL STP_LIM DAY px=109 q=8 sp=109 stg=1] orderCount:
          shadow = 1
          real   = 0
    [BUG  ] step 2135 [SUBMIT id=1761 BUY STP_MKT FOK px=0 q=1 sp=120] bestBid:
          shadow = 110
          real   = 0
    [BUG  ] step 2135 [SUBMIT id=1761 BUY STP_MKT FOK px=0 q=1 sp=120] orderCount:
          shadow = 1
          real   = 0
    [BUG  ] step 2136 [SUBMIT id=1762 BUY LIMIT IOC px=110 q=8] bestBid:
          shadow = 110
          real   = 0
    [BUG  ] step 2136 [SUBMIT id=1762 BUY LIMIT IOC px=110 q=8] orderCount:
          shadow = 1
          real   = 0
    [BUG  ] step 2137 [SUBMIT id=1763 SELL LIMIT IOC px=110 q=15] trades:
          shadow = [{agg=1763 pas=1759 @110 q=1}]
          real   = []
    [BUG  ] step 3417 [SUBMIT id=2806 SELL LIMIT IOC px=104 q=20] trades:
          shadow = [{agg=2806 pas=2792 @109 q=15}, {agg=2806 pas=2804 @109 q=2}]
          real   = [{agg=2806 pas=2804 @109 q=2}, {agg=2806 pas=2792 @109 q=15}]
    [BUG  ] step 5139 [SUBMIT id=4197 SELL LIMIT GTC px=97 q=15 mq=2] trades:
          shadow = [{agg=4197 pas=4184 @108 q=8}, {agg=4197 pas=4190 @108 q=7}]
          real   = [{agg=4197 pas=4190 @108 q=9}, {agg=4197 pas=4184 @108 q=6}]
    [BUG  ] step 5140 [CANCEL id=4190] cancelled:
          shadow = [{4190:USER_REQUESTED}]
          real   = []
    [BUG  ] step 5140 [CANCEL id=4190] bestBid:
          shadow = 107
          real   = 108
    [BUG  ] step 5140 [CANCEL id=4190] orderCount:
          shadow = 3
          real   = 4
    [BUG  ] step 5141 [SUBMIT id=4198 SELL LIMIT IOC px=98 q=10 stg=2] trades:
          shadow = [{agg=4198 pas=4192 @107 q=1}, {agg=4198 pas=4133 @105 q=9}]
          real   = [{agg=4198 pas=4184 @108 q=2}, {agg=4198 pas=4192 @107 q=1}, {agg=4198 pas=4133 @105 q=7}]

  Result: FAIL
=========================================================
