Shadow Model Test
  Steps: 5000000
  Seed:  267

  BUG   step 1377 [SUBMIT id=1134 BUY LIMIT GTC px=100 q=15] field=trades shadow=[{agg=1134 pas=1128 @97 q=3}, {agg=1134 pas=1130 @97 q=12}] real=[{agg=1134 pas=1130 @97 q=15}]
  BUG   step 1377 [SUBMIT id=1134 BUY LIMIT GTC px=100 q=15] field=orderCount shadow=1 real=2
  BUG   step 1378 [SUBMIT id=1135 SELL STP_LIM GTC px=96 q=10 sp=105 stg=2] field=orderCount shadow=2 real=3
  BUG   step 1379 [SUBMIT id=1136 SELL STP_MKT FOK px=0 q=2 sp=98] field=orderCount shadow=2 real=3
  BUG   step 1380 [CANCEL id=1135] field=orderCount shadow=1 real=2
  BUG   step 1381 [AMEND id=1130 px=101 qty=6] field=bestAsk shadow=101 real=97
  BUG   step 1381 [AMEND id=1130 px=101 qty=6] field=orderCount shadow=1 real=2
  BUG   step 1382 [SUBMIT id=1137 BUY STP_MKT IOC px=0 q=1 sp=97] field=trades shadow=[{agg=1137 pas=1130 @101 q=1}] real=[{agg=1137 pas=1128 @97 q=1}]
  BUG   step 1382 [SUBMIT id=1137 BUY STP_MKT IOC px=0 q=1 sp=97] field=bestAsk shadow=101 real=97
  BUG   step 1382 [SUBMIT id=1137 BUY STP_MKT IOC px=0 q=1 sp=97] field=orderCount shadow=1 real=2
  BUG   step 1382 [SUBMIT id=1137 BUY STP_MKT IOC px=0 q=1 sp=97] field=lastTradePrice shadow=101 real=97
  BUG   step 1383 [SUBMIT id=1138 BUY STP_LIM GTC px=106 q=10 sp=102] field=bestAsk shadow=101 real=97
  BUG   step 1383 [SUBMIT id=1138 BUY STP_LIM GTC px=106 q=10 sp=102] field=orderCount shadow=1 real=2
  BUG   step 1383 [SUBMIT id=1138 BUY STP_LIM GTC px=106 q=10 sp=102] field=lastTradePrice shadow=101 real=97
  BUG   step 1384 [SUBMIT id=1139 BUY STP_MKT IOC px=0 q=10 sp=102] field=bestAsk shadow=101 real=97
  BUG   step 1384 [SUBMIT id=1139 BUY STP_MKT IOC px=0 q=10 sp=102] field=orderCount shadow=1 real=2
  BUG   step 1384 [SUBMIT id=1139 BUY STP_MKT IOC px=0 q=10 sp=102] field=lastTradePrice shadow=101 real=97
  BUG   step 1385 [SUBMIT id=1140 SELL MTL DAY px=106 q=5] field=bestAsk shadow=101 real=97
  BUG   step 1385 [SUBMIT id=1140 SELL MTL DAY px=106 q=5] field=orderCount shadow=1 real=2
  BUG   step 1385 [SUBMIT id=1140 SELL MTL DAY px=106 q=5] field=lastTradePrice shadow=101 real=97
  (halting after 20 BUG divergences)

=========================================================
  Shadow Model Test Report
=========================================================
  Steps run:         1385
  Submits:           1140
  Cancels:           151
  Amends:            94
  Trades produced:   253
  Divergences total: 20  (BUG=20  KNOWN=0)

  Divergence details (first 30):
    [BUG  ] step 1377 [SUBMIT id=1134 BUY LIMIT GTC px=100 q=15] trades:
          shadow = [{agg=1134 pas=1128 @97 q=3}, {agg=1134 pas=1130 @97 q=12}]
          real   = [{agg=1134 pas=1130 @97 q=15}]
    [BUG  ] step 1377 [SUBMIT id=1134 BUY LIMIT GTC px=100 q=15] orderCount:
          shadow = 1
          real   = 2
    [BUG  ] step 1378 [SUBMIT id=1135 SELL STP_LIM GTC px=96 q=10 sp=105 stg=2] orderCount:
          shadow = 2
          real   = 3
    [BUG  ] step 1379 [SUBMIT id=1136 SELL STP_MKT FOK px=0 q=2 sp=98] orderCount:
          shadow = 2
          real   = 3
    [BUG  ] step 1380 [CANCEL id=1135] orderCount:
          shadow = 1
          real   = 2
    [BUG  ] step 1381 [AMEND id=1130 px=101 qty=6] bestAsk:
          shadow = 101
          real   = 97
    [BUG  ] step 1381 [AMEND id=1130 px=101 qty=6] orderCount:
          shadow = 1
          real   = 2
    [BUG  ] step 1382 [SUBMIT id=1137 BUY STP_MKT IOC px=0 q=1 sp=97] trades:
          shadow = [{agg=1137 pas=1130 @101 q=1}]
          real   = [{agg=1137 pas=1128 @97 q=1}]
    [BUG  ] step 1382 [SUBMIT id=1137 BUY STP_MKT IOC px=0 q=1 sp=97] bestAsk:
          shadow = 101
          real   = 97
    [BUG  ] step 1382 [SUBMIT id=1137 BUY STP_MKT IOC px=0 q=1 sp=97] orderCount:
          shadow = 1
          real   = 2
    [BUG  ] step 1382 [SUBMIT id=1137 BUY STP_MKT IOC px=0 q=1 sp=97] lastTradePrice:
          shadow = 101
          real   = 97
    [BUG  ] step 1383 [SUBMIT id=1138 BUY STP_LIM GTC px=106 q=10 sp=102] bestAsk:
          shadow = 101
          real   = 97
    [BUG  ] step 1383 [SUBMIT id=1138 BUY STP_LIM GTC px=106 q=10 sp=102] orderCount:
          shadow = 1
          real   = 2
    [BUG  ] step 1383 [SUBMIT id=1138 BUY STP_LIM GTC px=106 q=10 sp=102] lastTradePrice:
          shadow = 101
          real   = 97
    [BUG  ] step 1384 [SUBMIT id=1139 BUY STP_MKT IOC px=0 q=10 sp=102] bestAsk:
          shadow = 101
          real   = 97
    [BUG  ] step 1384 [SUBMIT id=1139 BUY STP_MKT IOC px=0 q=10 sp=102] orderCount:
          shadow = 1
          real   = 2
    [BUG  ] step 1384 [SUBMIT id=1139 BUY STP_MKT IOC px=0 q=10 sp=102] lastTradePrice:
          shadow = 101
          real   = 97
    [BUG  ] step 1385 [SUBMIT id=1140 SELL MTL DAY px=106 q=5] bestAsk:
          shadow = 101
          real   = 97
    [BUG  ] step 1385 [SUBMIT id=1140 SELL MTL DAY px=106 q=5] orderCount:
          shadow = 1
          real   = 2
    [BUG  ] step 1385 [SUBMIT id=1140 SELL MTL DAY px=106 q=5] lastTradePrice:
          shadow = 101
          real   = 97

  Result: FAIL
=========================================================
