Shadow Model Test
  Steps: 5000000
  Seed:  141

  BUG   step 3375 [SUBMIT id=2763 SELL LIMIT GTC px=108 q=5 mq=1] field=trades shadow=[{agg=2763 pas=2710 @110 q=5}] real=[{agg=2763 pas=2759 @110 q=1}, {agg=2763 pas=2710 @110 q=4}]
  BUG   step 3375 [SUBMIT id=2763 SELL LIMIT GTC px=108 q=5 mq=1] field=orderCount shadow=2 real=1
  BUG   step 3376 [SUBMIT id=2764 SELL STP_MKT IOC px=0 q=10 sp=110] field=orderCount shadow=2 real=1
  BUG   step 3377 [CANCEL id=2710] field=bestBid shadow=110 real=0
  BUG   step 3377 [CANCEL id=2710] field=orderCount shadow=1 real=0
  BUG   step 3378 [SUBMIT id=2765 BUY STP_LIM GTC px=110 q=1 sp=110 stg=2] field=orderCount shadow=2 real=1
  BUG   step 3379 [CANCEL id=2759] field=cancelled shadow=[{2759:USER_REQUESTED}] real=[]
  BUG   step 6704 [SUBMIT id=5489 SELL LIMIT IOC px=103 q=10] field=trades shadow=[{agg=5489 pas=4366 @108 q=2}, {agg=5489 pas=4989 @103 q=5}, {agg=5488 pas=5181 @98 q=9}, {agg=5489 pas=5439 @103 q=1}] real=[{agg=5489 pas=4366 @108 q=2}, {agg=5489 pas=5439 @103 q=1}, {agg=5488 pas=5181 @98 q=9}, {agg=5489 pas=4989 @103 q=5}]
  BUG   step 8256 [SUBMIT id=6759 SELL LIMIT GTC px=99 q=5] field=trades shadow=[{agg=6759 pas=6709 @100 q=5}] real=[{agg=6759 pas=6757 @100 q=5}]
  BUG   step 8275 [AMEND id=6757 px=98 qty=0] field=bestBid shadow=98 real=100
  BUG   step 8276 [CANCEL id=6757] field=cancelled shadow=[{6757:USER_REQUESTED}] real=[]
  BUG   step 8276 [CANCEL id=6757] field=bestBid shadow=97 real=100
  BUG   step 8276 [CANCEL id=6757] field=orderCount shadow=3 real=4
  BUG   step 8277 [SUBMIT id=6773 BUY STP_MKT IOC px=0 q=1 sp=105] field=bestBid shadow=97 real=100
  BUG   step 8277 [SUBMIT id=6773 BUY STP_MKT IOC px=0 q=1 sp=105] field=orderCount shadow=3 real=4
  BUG   step 8278 [SUBMIT id=6774 BUY LIMIT IOC px=106 q=10] field=bestBid shadow=97 real=100
  BUG   step 8278 [SUBMIT id=6774 BUY LIMIT IOC px=106 q=10] field=orderCount shadow=3 real=4
  BUG   step 8279 [SUBMIT id=6775 SELL STP_LIM FOK px=102 q=15 sp=102] field=bestBid shadow=97 real=100
  BUG   step 8279 [SUBMIT id=6775 SELL STP_LIM FOK px=102 q=15 sp=102] field=orderCount shadow=3 real=4
  (halting after 20 BUG divergences)

=========================================================
  Shadow Model Test Report
=========================================================
  Steps run:         8280
  Submits:           6776
  Cancels:           877
  Amends:            627
  Trades produced:   1633
  Divergences total: 21  (BUG=21  KNOWN=0)

  Divergence details (first 30):
    [BUG  ] step 3375 [SUBMIT id=2763 SELL LIMIT GTC px=108 q=5 mq=1] trades:
          shadow = [{agg=2763 pas=2710 @110 q=5}]
          real   = [{agg=2763 pas=2759 @110 q=1}, {agg=2763 pas=2710 @110 q=4}]
    [BUG  ] step 3375 [SUBMIT id=2763 SELL LIMIT GTC px=108 q=5 mq=1] orderCount:
          shadow = 2
          real   = 1
    [BUG  ] step 3376 [SUBMIT id=2764 SELL STP_MKT IOC px=0 q=10 sp=110] orderCount:
          shadow = 2
          real   = 1
    [BUG  ] step 3377 [CANCEL id=2710] bestBid:
          shadow = 110
          real   = 0
    [BUG  ] step 3377 [CANCEL id=2710] orderCount:
          shadow = 1
          real   = 0
    [BUG  ] step 3378 [SUBMIT id=2765 BUY STP_LIM GTC px=110 q=1 sp=110 stg=2] orderCount:
          shadow = 2
          real   = 1
    [BUG  ] step 3379 [CANCEL id=2759] cancelled:
          shadow = [{2759:USER_REQUESTED}]
          real   = []
    [BUG  ] step 6704 [SUBMIT id=5489 SELL LIMIT IOC px=103 q=10] trades:
          shadow = [{agg=5489 pas=4366 @108 q=2}, {agg=5489 pas=4989 @103 q=5}, {agg=5488 pas=5181 @98 q=9}, {agg=5489 pas=5439 @103 q=1}]
          real   = [{agg=5489 pas=4366 @108 q=2}, {agg=5489 pas=5439 @103 q=1}, {agg=5488 pas=5181 @98 q=9}, {agg=5489 pas=4989 @103 q=5}]
    [BUG  ] step 8256 [SUBMIT id=6759 SELL LIMIT GTC px=99 q=5] trades:
          shadow = [{agg=6759 pas=6709 @100 q=5}]
          real   = [{agg=6759 pas=6757 @100 q=5}]
    [BUG  ] step 8275 [AMEND id=6757 px=98 qty=0] bestBid:
          shadow = 98
          real   = 100
    [BUG  ] step 8276 [CANCEL id=6757] cancelled:
          shadow = [{6757:USER_REQUESTED}]
          real   = []
    [BUG  ] step 8276 [CANCEL id=6757] bestBid:
          shadow = 97
          real   = 100
    [BUG  ] step 8276 [CANCEL id=6757] orderCount:
          shadow = 3
          real   = 4
    [BUG  ] step 8277 [SUBMIT id=6773 BUY STP_MKT IOC px=0 q=1 sp=105] bestBid:
          shadow = 97
          real   = 100
    [BUG  ] step 8277 [SUBMIT id=6773 BUY STP_MKT IOC px=0 q=1 sp=105] orderCount:
          shadow = 3
          real   = 4
    [BUG  ] step 8278 [SUBMIT id=6774 BUY LIMIT IOC px=106 q=10] bestBid:
          shadow = 97
          real   = 100
    [BUG  ] step 8278 [SUBMIT id=6774 BUY LIMIT IOC px=106 q=10] orderCount:
          shadow = 3
          real   = 4
    [BUG  ] step 8279 [SUBMIT id=6775 SELL STP_LIM FOK px=102 q=15 sp=102] bestBid:
          shadow = 97
          real   = 100
    [BUG  ] step 8279 [SUBMIT id=6775 SELL STP_LIM FOK px=102 q=15 sp=102] orderCount:
          shadow = 3
          real   = 4
    [BUG  ] step 8280 [SUBMIT id=6776 BUY STP_LIM IOC px=100 q=10 sp=100] bestBid:
          shadow = 97
          real   = 100
    [BUG  ] step 8280 [SUBMIT id=6776 BUY STP_LIM IOC px=100 q=10 sp=100] orderCount:
          shadow = 3
          real   = 4

  Result: FAIL
=========================================================
