Shadow Model Test
  Steps: 5000000
  Seed:  199

  BUG   step 5722 [SUBMIT id=4704 BUY LIMIT GTC px=106 q=8] field=trades shadow=[{agg=4704 pas=4700 @105 q=5}, {agg=4704 pas=4703 @105 q=3}] real=[{agg=4704 pas=4703 @105 q=4}, {agg=4704 pas=4700 @105 q=4}]
  BUG   step 5723 [SUBMIT id=4705 BUY STP_MKT IOC px=0 q=3 sp=105] field=trades shadow=[{agg=4705 pas=4703 @105 q=1}] real=[{agg=4705 pas=4700 @105 q=1}]
  BUG   step 5755 [SUBMIT id=4734 BUY STP_MKT IOC px=0 q=5 sp=95] field=trades shadow=[{agg=4734 pas=4732 @105 q=2}, {agg=4734 pas=4712 @106 q=3}] real=[{agg=4734 pas=4732 @105 q=2}, {agg=4734 pas=4723 @106 q=1}, {agg=4734 pas=4712 @106 q=2}]
  BUG   step 5755 [SUBMIT id=4734 BUY STP_MKT IOC px=0 q=5 sp=95] field=orderCount shadow=2 real=1
  BUG   step 5756 [SUBMIT id=4735 BUY LIMIT GTC px=105 q=5 stg=1] field=orderCount shadow=3 real=2
  BUG   step 5757 [SUBMIT id=4736 BUY STP_LIM FOK px=105 q=10 sp=98] field=orderCount shadow=3 real=2
  BUG   step 5758 [SUBMIT id=4737 SELL LIMIT DAY px=105 q=10 stg=1] field=orderCount shadow=2 real=1
  BUG   step 5759 [SUBMIT id=4738 SELL LIMIT GTC px=111 q=3] field=orderCount shadow=3 real=2
  BUG   step 5760 [SUBMIT id=4739 SELL STP_LIM DAY px=107 q=2 sp=106] field=orderCount shadow=4 real=3
  BUG   step 5761 [SUBMIT id=4740 SELL LIMIT GTC px=107 q=2] field=orderCount shadow=5 real=4
  BUG   step 5762 [SUBMIT id=4741 BUY LIMIT FOK px=106 q=3] field=orderCount shadow=5 real=4
  BUG   step 5763 [CANCEL id=4738] field=orderCount shadow=4 real=3
  BUG   step 5764 [SUBMIT id=4742 BUY LIMIT IOC px=106 q=15 stg=1] field=trades shadow=[{agg=4742 pas=4712 @106 q=9}, {agg=4742 pas=4723 @106 q=1}] real=[{agg=4742 pas=4712 @106 q=10}]
  BUG   step 8068 [SUBMIT id=6644 SELL LIMIT IOC px=100 q=20] field=trades shadow=[{agg=6644 pas=6606 @101 q=5}, {agg=6609 pas=6640 @95 q=3}, {agg=6644 pas=5653 @100 q=3}, {agg=6644 pas=6636 @100 q=10}] real=[{agg=6644 pas=6606 @101 q=5}, {agg=6609 pas=6640 @95 q=3}, {agg=6644 pas=6636 @100 q=10}, {agg=6644 pas=5653 @100 q=3}]
  BUG   step 8784 [SUBMIT id=7220 BUY MARKET IOC px=0 q=15] field=trades shadow=[{agg=7220 pas=7207 @106 q=3}, {agg=7220 pas=7189 @108 q=1}, {agg=7220 pas=7195 @108 q=2}] real=[{agg=7220 pas=7207 @106 q=3}, {agg=7220 pas=7195 @108 q=2}, {agg=7220 pas=7189 @108 q=1}]
  BUG   step 11541 [SUBMIT id=9464 BUY LIMIT GTC px=108 q=2] field=trades shadow=[{agg=9464 pas=9453 @104 q=2}] real=[{agg=9464 pas=9458 @104 q=2}]
  BUG   step 11541 [SUBMIT id=9464 BUY LIMIT GTC px=108 q=2] field=orderCount shadow=3 real=2
  BUG   step 11542 [SUBMIT id=9465 SELL STP_MKT IOC px=0 q=8 sp=104] field=orderCount shadow=3 real=2
  BUG   step 11543 [SUBMIT id=9466 SELL STP_MKT IOC px=0 q=1 sp=102] field=orderCount shadow=3 real=2
  BUG   step 11544 [SUBMIT id=9467 SELL STP_LIM DAY px=96 q=20 sp=101] field=orderCount shadow=3 real=2
  (halting after 20 BUG divergences)

=========================================================
  Shadow Model Test Report
=========================================================
  Steps run:         11544
  Submits:           9467
  Cancels:           1240
  Amends:            837
  Trades produced:   2317
  Divergences total: 20  (BUG=20  KNOWN=0)

  Divergence details (first 30):
    [BUG  ] step 5722 [SUBMIT id=4704 BUY LIMIT GTC px=106 q=8] trades:
          shadow = [{agg=4704 pas=4700 @105 q=5}, {agg=4704 pas=4703 @105 q=3}]
          real   = [{agg=4704 pas=4703 @105 q=4}, {agg=4704 pas=4700 @105 q=4}]
    [BUG  ] step 5723 [SUBMIT id=4705 BUY STP_MKT IOC px=0 q=3 sp=105] trades:
          shadow = [{agg=4705 pas=4703 @105 q=1}]
          real   = [{agg=4705 pas=4700 @105 q=1}]
    [BUG  ] step 5755 [SUBMIT id=4734 BUY STP_MKT IOC px=0 q=5 sp=95] trades:
          shadow = [{agg=4734 pas=4732 @105 q=2}, {agg=4734 pas=4712 @106 q=3}]
          real   = [{agg=4734 pas=4732 @105 q=2}, {agg=4734 pas=4723 @106 q=1}, {agg=4734 pas=4712 @106 q=2}]
    [BUG  ] step 5755 [SUBMIT id=4734 BUY STP_MKT IOC px=0 q=5 sp=95] orderCount:
          shadow = 2
          real   = 1
    [BUG  ] step 5756 [SUBMIT id=4735 BUY LIMIT GTC px=105 q=5 stg=1] orderCount:
          shadow = 3
          real   = 2
    [BUG  ] step 5757 [SUBMIT id=4736 BUY STP_LIM FOK px=105 q=10 sp=98] orderCount:
          shadow = 3
          real   = 2
    [BUG  ] step 5758 [SUBMIT id=4737 SELL LIMIT DAY px=105 q=10 stg=1] orderCount:
          shadow = 2
          real   = 1
    [BUG  ] step 5759 [SUBMIT id=4738 SELL LIMIT GTC px=111 q=3] orderCount:
          shadow = 3
          real   = 2
    [BUG  ] step 5760 [SUBMIT id=4739 SELL STP_LIM DAY px=107 q=2 sp=106] orderCount:
          shadow = 4
          real   = 3
    [BUG  ] step 5761 [SUBMIT id=4740 SELL LIMIT GTC px=107 q=2] orderCount:
          shadow = 5
          real   = 4
    [BUG  ] step 5762 [SUBMIT id=4741 BUY LIMIT FOK px=106 q=3] orderCount:
          shadow = 5
          real   = 4
    [BUG  ] step 5763 [CANCEL id=4738] orderCount:
          shadow = 4
          real   = 3
    [BUG  ] step 5764 [SUBMIT id=4742 BUY LIMIT IOC px=106 q=15 stg=1] trades:
          shadow = [{agg=4742 pas=4712 @106 q=9}, {agg=4742 pas=4723 @106 q=1}]
          real   = [{agg=4742 pas=4712 @106 q=10}]
    [BUG  ] step 8068 [SUBMIT id=6644 SELL LIMIT IOC px=100 q=20] trades:
          shadow = [{agg=6644 pas=6606 @101 q=5}, {agg=6609 pas=6640 @95 q=3}, {agg=6644 pas=5653 @100 q=3}, {agg=6644 pas=6636 @100 q=10}]
          real   = [{agg=6644 pas=6606 @101 q=5}, {agg=6609 pas=6640 @95 q=3}, {agg=6644 pas=6636 @100 q=10}, {agg=6644 pas=5653 @100 q=3}]
    [BUG  ] step 8784 [SUBMIT id=7220 BUY MARKET IOC px=0 q=15] trades:
          shadow = [{agg=7220 pas=7207 @106 q=3}, {agg=7220 pas=7189 @108 q=1}, {agg=7220 pas=7195 @108 q=2}]
          real   = [{agg=7220 pas=7207 @106 q=3}, {agg=7220 pas=7195 @108 q=2}, {agg=7220 pas=7189 @108 q=1}]
    [BUG  ] step 11541 [SUBMIT id=9464 BUY LIMIT GTC px=108 q=2] trades:
          shadow = [{agg=9464 pas=9453 @104 q=2}]
          real   = [{agg=9464 pas=9458 @104 q=2}]
    [BUG  ] step 11541 [SUBMIT id=9464 BUY LIMIT GTC px=108 q=2] orderCount:
          shadow = 3
          real   = 2
    [BUG  ] step 11542 [SUBMIT id=9465 SELL STP_MKT IOC px=0 q=8 sp=104] orderCount:
          shadow = 3
          real   = 2
    [BUG  ] step 11543 [SUBMIT id=9466 SELL STP_MKT IOC px=0 q=1 sp=102] orderCount:
          shadow = 3
          real   = 2
    [BUG  ] step 11544 [SUBMIT id=9467 SELL STP_LIM DAY px=96 q=20 sp=101] orderCount:
          shadow = 3
          real   = 2

  Result: FAIL
=========================================================
