Shadow Model Test
  Steps: 5000000
  Seed:  108

  BUG   step 951 [SUBMIT id=794 BUY MARKET FOK px=0 q=1] field=trades shadow=[{agg=794 pas=763 @96 q=1}] real=[{agg=794 pas=783 @96 q=1}]
  BUG   step 960 [SUBMIT id=801 BUY STP_MKT IOC px=0 q=3 sp=94 stg=1] field=trades shadow=[{agg=801 pas=763 @96 q=3}] real=[{agg=801 pas=783 @96 q=3}]
  BUG   step 1842 [SUBMIT id=1502 BUY LIMIT GTC px=105 q=20 stg=1] field=trades shadow=[{agg=1502 pas=1497 @100 q=1}, {agg=1502 pas=1491 @101 q=6}, {agg=1502 pas=1447 @102 q=13}, {agg=1495 pas=1447 @102 q=2}, {agg=1495 pas=1492 @102 q=1}, {agg=1495 pas=1494 @105 q=7}] real=[{agg=1502 pas=1497 @100 q=1}, {agg=1502 pas=1491 @101 q=6}, {agg=1502 pas=1492 @102 q=1}, {agg=1495 pas=1447 @102 q=3}, {agg=1495 pas=1494 @105 q=7}, {agg=1502 pas=1447 @102 q=12}]
  BUG   step 1842 [SUBMIT id=1502 BUY LIMIT GTC px=105 q=20 stg=1] field=lastTradePrice shadow=105 real=102
  BUG   step 1843 [AMEND id=1494 px=102 qty=0] field=lastTradePrice shadow=105 real=102
  BUG   step 4815 [SUBMIT id=3921 SELL MARKET IOC px=0 q=8] field=trades shadow=[{agg=3921 pas=3914 @103 q=8}] real=[{agg=3921 pas=3918 @103 q=8}]
  BUG   step 8196 [SUBMIT id=6716 BUY STP_MKT IOC px=0 q=8 sp=94] field=trades shadow=[{agg=6716 pas=6712 @95 q=8}] real=[{agg=6716 pas=6711 @95 q=1}, {agg=6716 pas=6712 @95 q=7}]
  BUG   step 8198 [SUBMIT id=6718 BUY MARKET IOC px=0 q=3] field=trades shadow=[{agg=6718 pas=6712 @95 q=2}, {agg=6718 pas=6711 @95 q=1}] real=[{agg=6718 pas=6712 @95 q=3}]
  BUG   step 10084 [SUBMIT id=8277 SELL LIMIT IOC px=98 q=10] field=trades shadow=[{agg=8277 pas=7090 @103 q=1}, {agg=8277 pas=4682 @101 q=9}] real=[{agg=8277 pas=7090 @103 q=1}, {agg=8277 pas=8270 @101 q=2}, {agg=8277 pas=4682 @101 q=7}]
  BUG   step 11181 [SUBMIT id=9185 BUY LIMIT IOC px=106 q=8] field=trades shadow=[{agg=9185 pas=9105 @101 q=1}, {agg=9185 pas=9123 @105 q=3}, {agg=9182 pas=8967 @112 q=10}, {agg=8978 pas=8967 @112 q=1}, {agg=9033 pas=8967 @112 q=9}, {agg=9185 pas=8720 @106 q=1}, {agg=9185 pas=9146 @106 q=3}] real=[{agg=9185 pas=9105 @101 q=1}, {agg=9185 pas=9123 @105 q=3}, {agg=9182 pas=8967 @112 q=10}, {agg=8978 pas=8967 @112 q=1}, {agg=9033 pas=8967 @112 q=9}, {agg=9185 pas=9146 @106 q=3}, {agg=9185 pas=8720 @106 q=1}]
  BUG   step 15140 [SUBMIT id=12433 BUY STP_LIM DAY px=100 q=15 sp=96 stg=2] field=trades shadow=[{agg=12433 pas=12428 @99 q=3}, {agg=12433 pas=12429 @99 q=12}] real=[{agg=12433 pas=12429 @99 q=15}]
  BUG   step 15141 [CANCEL id=12429] field=cancelled shadow=[{12429:USER_REQUESTED}] real=[]
  BUG   step 15141 [CANCEL id=12429] field=bestAsk shadow=0 real=99
  BUG   step 15141 [CANCEL id=12429] field=orderCount shadow=0 real=1
  BUG   step 15142 [SUBMIT id=12434 SELL MTL GTC px=97 q=15] field=bestAsk shadow=0 real=99
  BUG   step 15142 [SUBMIT id=12434 SELL MTL GTC px=97 q=15] field=orderCount shadow=0 real=1
  BUG   step 15143 [SUBMIT id=12435 SELL MTL DAY px=107 q=8] field=bestAsk shadow=0 real=99
  BUG   step 15143 [SUBMIT id=12435 SELL MTL DAY px=107 q=8] field=orderCount shadow=0 real=1
  BUG   step 15144 [SUBMIT id=12436 BUY STP_MKT IOC px=0 q=15 sp=98 stg=2] field=trades shadow=[] real=[{agg=12436 pas=12428 @99 q=3}]
  (halting after 20 BUG divergences)

=========================================================
  Shadow Model Test Report
=========================================================
  Steps run:         15916
  Submits:           13064
  Cancels:           1716
  Amends:            1136
  Trades produced:   3156
  Divergences total: 21  (BUG=21  KNOWN=0)

  Divergence details (first 30):
    [BUG  ] step 951 [SUBMIT id=794 BUY MARKET FOK px=0 q=1] trades:
          shadow = [{agg=794 pas=763 @96 q=1}]
          real   = [{agg=794 pas=783 @96 q=1}]
    [BUG  ] step 960 [SUBMIT id=801 BUY STP_MKT IOC px=0 q=3 sp=94 stg=1] trades:
          shadow = [{agg=801 pas=763 @96 q=3}]
          real   = [{agg=801 pas=783 @96 q=3}]
    [BUG  ] step 1842 [SUBMIT id=1502 BUY LIMIT GTC px=105 q=20 stg=1] trades:
          shadow = [{agg=1502 pas=1497 @100 q=1}, {agg=1502 pas=1491 @101 q=6}, {agg=1502 pas=1447 @102 q=13}, {agg=1495 pas=1447 @102 q=2}, {agg=1495 pas=1492 @102 q=1}, {agg=1495 pas=1494 @105 q=7}]
          real   = [{agg=1502 pas=1497 @100 q=1}, {agg=1502 pas=1491 @101 q=6}, {agg=1502 pas=1492 @102 q=1}, {agg=1495 pas=1447 @102 q=3}, {agg=1495 pas=1494 @105 q=7}, {agg=1502 pas=1447 @102 q=12}]
    [BUG  ] step 1842 [SUBMIT id=1502 BUY LIMIT GTC px=105 q=20 stg=1] lastTradePrice:
          shadow = 105
          real   = 102
    [BUG  ] step 1843 [AMEND id=1494 px=102 qty=0] lastTradePrice:
          shadow = 105
          real   = 102
    [BUG  ] step 4815 [SUBMIT id=3921 SELL MARKET IOC px=0 q=8] trades:
          shadow = [{agg=3921 pas=3914 @103 q=8}]
          real   = [{agg=3921 pas=3918 @103 q=8}]
    [BUG  ] step 8196 [SUBMIT id=6716 BUY STP_MKT IOC px=0 q=8 sp=94] trades:
          shadow = [{agg=6716 pas=6712 @95 q=8}]
          real   = [{agg=6716 pas=6711 @95 q=1}, {agg=6716 pas=6712 @95 q=7}]
    [BUG  ] step 8198 [SUBMIT id=6718 BUY MARKET IOC px=0 q=3] trades:
          shadow = [{agg=6718 pas=6712 @95 q=2}, {agg=6718 pas=6711 @95 q=1}]
          real   = [{agg=6718 pas=6712 @95 q=3}]
    [BUG  ] step 10084 [SUBMIT id=8277 SELL LIMIT IOC px=98 q=10] trades:
          shadow = [{agg=8277 pas=7090 @103 q=1}, {agg=8277 pas=4682 @101 q=9}]
          real   = [{agg=8277 pas=7090 @103 q=1}, {agg=8277 pas=8270 @101 q=2}, {agg=8277 pas=4682 @101 q=7}]
    [BUG  ] step 11181 [SUBMIT id=9185 BUY LIMIT IOC px=106 q=8] trades:
          shadow = [{agg=9185 pas=9105 @101 q=1}, {agg=9185 pas=9123 @105 q=3}, {agg=9182 pas=8967 @112 q=10}, {agg=8978 pas=8967 @112 q=1}, {agg=9033 pas=8967 @112 q=9}, {agg=9185 pas=8720 @106 q=1}, {agg=9185 pas=9146 @106 q=3}]
          real   = [{agg=9185 pas=9105 @101 q=1}, {agg=9185 pas=9123 @105 q=3}, {agg=9182 pas=8967 @112 q=10}, {agg=8978 pas=8967 @112 q=1}, {agg=9033 pas=8967 @112 q=9}, {agg=9185 pas=9146 @106 q=3}, {agg=9185 pas=8720 @106 q=1}]
    [BUG  ] step 15140 [SUBMIT id=12433 BUY STP_LIM DAY px=100 q=15 sp=96 stg=2] trades:
          shadow = [{agg=12433 pas=12428 @99 q=3}, {agg=12433 pas=12429 @99 q=12}]
          real   = [{agg=12433 pas=12429 @99 q=15}]
    [BUG  ] step 15141 [CANCEL id=12429] cancelled:
          shadow = [{12429:USER_REQUESTED}]
          real   = []
    [BUG  ] step 15141 [CANCEL id=12429] bestAsk:
          shadow = 0
          real   = 99
    [BUG  ] step 15141 [CANCEL id=12429] orderCount:
          shadow = 0
          real   = 1
    [BUG  ] step 15142 [SUBMIT id=12434 SELL MTL GTC px=97 q=15] bestAsk:
          shadow = 0
          real   = 99
    [BUG  ] step 15142 [SUBMIT id=12434 SELL MTL GTC px=97 q=15] orderCount:
          shadow = 0
          real   = 1
    [BUG  ] step 15143 [SUBMIT id=12435 SELL MTL DAY px=107 q=8] bestAsk:
          shadow = 0
          real   = 99
    [BUG  ] step 15143 [SUBMIT id=12435 SELL MTL DAY px=107 q=8] orderCount:
          shadow = 0
          real   = 1
    [BUG  ] step 15144 [SUBMIT id=12436 BUY STP_MKT IOC px=0 q=15 sp=98 stg=2] trades:
          shadow = []
          real   = [{agg=12436 pas=12428 @99 q=3}]
    [BUG  ] step 15916 [SUBMIT id=13064 BUY LIMIT DAY px=99 q=10] trades:
          shadow = [{agg=13064 pas=12604 @98 q=8}, {agg=13059 pas=12457 @99 q=5}, {agg=13064 pas=12457 @99 q=2}]
          real   = [{agg=13064 pas=12604 @98 q=8}, {agg=13059 pas=13051 @99 q=3}, {agg=13059 pas=12457 @99 q=2}, {agg=13064 pas=13051 @99 q=2}]
    [BUG  ] step 15916 [SUBMIT id=13064 BUY LIMIT DAY px=99 q=10] orderCount:
          shadow = 5
          real   = 4

  Result: FAIL
=========================================================
