Shadow Model Test
  Steps: 5000000
  Seed:  348

  BUG   step 4665 [AMEND id=3828 px=98 qty=0] field=trades shadow=[{agg=3828 pas=3821 @113 q=1}] real=[{agg=3828 pas=3822 @113 q=1}]
  BUG   step 4669 [SUBMIT id=3833 SELL LIMIT IOC px=108 q=2] field=trades shadow=[{agg=3833 pas=3821 @113 q=2}] real=[{agg=3833 pas=3822 @113 q=2}]
  BUG   step 4672 [SUBMIT id=3836 SELL LIMIT IOC px=109 q=20] field=trades shadow=[{agg=3836 pas=3834 @114 q=8}, {agg=3836 pas=3821 @113 q=12}] real=[{agg=3836 pas=3834 @114 q=8}, {agg=3836 pas=3822 @113 q=12}]
  BUG   step 4672 [SUBMIT id=3836 SELL LIMIT IOC px=109 q=20] field=orderCount shadow=6 real=5
  BUG   step 4673 [CANCEL id=3491] field=orderCount shadow=5 real=4
  BUG   step 4674 [SUBMIT id=3837 BUY STP_LIM GTC px=113 q=8 sp=123] field=orderCount shadow=5 real=4
  BUG   step 4675 [CANCEL id=3821] field=bestBid shadow=113 real=107
  BUG   step 4675 [CANCEL id=3821] field=orderCount shadow=4 real=3
  BUG   step 4676 [SUBMIT id=3838 BUY STP_MKT FOK px=0 q=10 sp=113] field=bestBid shadow=113 real=107
  BUG   step 4676 [SUBMIT id=3838 BUY STP_MKT FOK px=0 q=10 sp=113] field=orderCount shadow=4 real=3
  BUG   step 4677 [SUBMIT id=3839 BUY LIMIT DAY px=114 q=2] field=orderCount shadow=5 real=4
  BUG   step 4678 [SUBMIT id=3840 BUY STP_MKT IOC px=0 q=8 sp=116] field=orderCount shadow=5 real=4
  BUG   step 4679 [SUBMIT id=3841 SELL STP_MKT FOK px=0 q=3 sp=114] field=trades shadow=[{agg=3841 pas=3839 @114 q=2}, {agg=3841 pas=3822 @113 q=1}] real=[{agg=3841 pas=3839 @114 q=2}, {agg=3841 pas=3814 @107 q=1}, {agg=3830 pas=3814 @107 q=8}]
  BUG   step 4679 [SUBMIT id=3841 SELL STP_MKT FOK px=0 q=3 sp=114] field=cancelled shadow=[] real=[{3835:IOC_REMAINDER}]
  BUG   step 4679 [SUBMIT id=3841 SELL STP_MKT FOK px=0 q=3 sp=114] field=bestBid shadow=113 real=107
  BUG   step 4679 [SUBMIT id=3841 SELL STP_MKT FOK px=0 q=3 sp=114] field=orderCount shadow=4 real=3
  BUG   step 4679 [SUBMIT id=3841 SELL STP_MKT FOK px=0 q=3 sp=114] field=lastTradePrice shadow=113 real=107
  BUG   step 4679 [SUBMIT id=3841 SELL STP_MKT FOK px=0 q=3 sp=114] field=stopCount shadow=85 real=83
  (halting after 20 BUG divergences)

=========================================================
  Shadow Model Test Report
=========================================================
  Steps run:         4680
  Submits:           3842
  Cancels:           510
  Amends:            328
  Trades produced:   935
  Divergences total: 22  (BUG=22  KNOWN=0)

  Divergence details (first 30):
    [BUG  ] step 4665 [AMEND id=3828 px=98 qty=0] trades:
          shadow = [{agg=3828 pas=3821 @113 q=1}]
          real   = [{agg=3828 pas=3822 @113 q=1}]
    [BUG  ] step 4669 [SUBMIT id=3833 SELL LIMIT IOC px=108 q=2] trades:
          shadow = [{agg=3833 pas=3821 @113 q=2}]
          real   = [{agg=3833 pas=3822 @113 q=2}]
    [BUG  ] step 4672 [SUBMIT id=3836 SELL LIMIT IOC px=109 q=20] trades:
          shadow = [{agg=3836 pas=3834 @114 q=8}, {agg=3836 pas=3821 @113 q=12}]
          real   = [{agg=3836 pas=3834 @114 q=8}, {agg=3836 pas=3822 @113 q=12}]
    [BUG  ] step 4672 [SUBMIT id=3836 SELL LIMIT IOC px=109 q=20] orderCount:
          shadow = 6
          real   = 5
    [BUG  ] step 4673 [CANCEL id=3491] orderCount:
          shadow = 5
          real   = 4
    [BUG  ] step 4674 [SUBMIT id=3837 BUY STP_LIM GTC px=113 q=8 sp=123] orderCount:
          shadow = 5
          real   = 4
    [BUG  ] step 4675 [CANCEL id=3821] bestBid:
          shadow = 113
          real   = 107
    [BUG  ] step 4675 [CANCEL id=3821] orderCount:
          shadow = 4
          real   = 3
    [BUG  ] step 4676 [SUBMIT id=3838 BUY STP_MKT FOK px=0 q=10 sp=113] bestBid:
          shadow = 113
          real   = 107
    [BUG  ] step 4676 [SUBMIT id=3838 BUY STP_MKT FOK px=0 q=10 sp=113] orderCount:
          shadow = 4
          real   = 3
    [BUG  ] step 4677 [SUBMIT id=3839 BUY LIMIT DAY px=114 q=2] orderCount:
          shadow = 5
          real   = 4
    [BUG  ] step 4678 [SUBMIT id=3840 BUY STP_MKT IOC px=0 q=8 sp=116] orderCount:
          shadow = 5
          real   = 4
    [BUG  ] step 4679 [SUBMIT id=3841 SELL STP_MKT FOK px=0 q=3 sp=114] trades:
          shadow = [{agg=3841 pas=3839 @114 q=2}, {agg=3841 pas=3822 @113 q=1}]
          real   = [{agg=3841 pas=3839 @114 q=2}, {agg=3841 pas=3814 @107 q=1}, {agg=3830 pas=3814 @107 q=8}]
    [BUG  ] step 4679 [SUBMIT id=3841 SELL STP_MKT FOK px=0 q=3 sp=114] cancelled:
          shadow = []
          real   = [{3835:IOC_REMAINDER}]
    [BUG  ] step 4679 [SUBMIT id=3841 SELL STP_MKT FOK px=0 q=3 sp=114] bestBid:
          shadow = 113
          real   = 107
    [BUG  ] step 4679 [SUBMIT id=3841 SELL STP_MKT FOK px=0 q=3 sp=114] orderCount:
          shadow = 4
          real   = 3
    [BUG  ] step 4679 [SUBMIT id=3841 SELL STP_MKT FOK px=0 q=3 sp=114] lastTradePrice:
          shadow = 113
          real   = 107
    [BUG  ] step 4679 [SUBMIT id=3841 SELL STP_MKT FOK px=0 q=3 sp=114] stopCount:
          shadow = 85
          real   = 83
    [BUG  ] step 4680 [SUBMIT id=3842 BUY STP_LIM GTC px=108 q=20 sp=114 stg=1] bestBid:
          shadow = 113
          real   = 107
    [BUG  ] step 4680 [SUBMIT id=3842 BUY STP_LIM GTC px=108 q=20 sp=114 stg=1] orderCount:
          shadow = 4
          real   = 3
    [BUG  ] step 4680 [SUBMIT id=3842 BUY STP_LIM GTC px=108 q=20 sp=114 stg=1] lastTradePrice:
          shadow = 113
          real   = 107
    [BUG  ] step 4680 [SUBMIT id=3842 BUY STP_LIM GTC px=108 q=20 sp=114 stg=1] stopCount:
          shadow = 86
          real   = 84

  Result: FAIL
=========================================================
