Shadow Model Test
  Steps: 5000000
  Seed:  420

  BUG   step 5756 [SUBMIT id=4750 SELL MARKET FOK px=0 q=20] field=trades shadow=[{agg=4750 pas=4737 @110 q=15}, {agg=4750 pas=4727 @110 q=5}] real=[{agg=4750 pas=4727 @110 q=11}, {agg=4750 pas=4742 @110 q=5}, {agg=4750 pas=4737 @110 q=4}]
  BUG   step 5756 [SUBMIT id=4750 SELL MARKET FOK px=0 q=20] field=orderCount shadow=5 real=4
  BUG   step 5757 [SUBMIT id=4751 BUY STP_MKT FOK px=0 q=15 sp=98] field=orderCount shadow=5 real=4
  BUG   step 5758 [SUBMIT id=4752 BUY LIMIT FOK px=111 q=3] field=orderCount shadow=5 real=4
  BUG   step 5759 [SUBMIT id=4753 SELL STP_MKT FOK px=0 q=3 sp=107] field=orderCount shadow=5 real=4
  BUG   step 5760 [SUBMIT id=4754 BUY STP_MKT IOC px=0 q=10 sp=105] field=orderCount shadow=5 real=4
  BUG   step 5761 [SUBMIT id=4755 SELL MTL DAY px=109 q=20 stg=2] field=orderCount shadow=5 real=4
  BUG   step 5762 [SUBMIT id=4756 SELL LIMIT IOC px=105 q=1] field=trades shadow=[{agg=4756 pas=4727 @110 q=1}] real=[{agg=4756 pas=4737 @110 q=1}]
  BUG   step 5762 [SUBMIT id=4756 SELL LIMIT IOC px=105 q=1] field=orderCount shadow=5 real=4
  BUG   step 5763 [SUBMIT id=4757 BUY LIMIT GTC px=111 q=2] field=orderCount shadow=6 real=5
  BUG   step 5764 [SUBMIT id=4758 SELL STP_MKT IOC px=0 q=15 sp=98] field=orderCount shadow=6 real=5
  BUG   step 5765 [AMEND id=4757 px=106 qty=0] field=orderCount shadow=6 real=5
  BUG   step 5766 [SUBMIT id=4759 SELL LIMIT IOC px=109 q=15] field=trades shadow=[{agg=4759 pas=4727 @110 q=5}, {agg=4759 pas=4742 @110 q=5}, {agg=4759 pas=4739 @109 q=5}] real=[{agg=4759 pas=4737 @110 q=10}, {agg=4759 pas=4739 @109 q=5}]
  BUG   step 6213 [SUBMIT id=5138 SELL STP_MKT IOC px=0 q=1 sp=110] field=trades shadow=[{agg=5138 pas=5131 @110 q=1}] real=[{agg=5138 pas=5136 @110 q=1}]
  BUG   step 6214 [SUBMIT id=5139 SELL LIMIT DAY px=109 q=15] field=trades shadow=[{agg=5139 pas=5131 @110 q=15}] real=[{agg=5139 pas=5136 @110 q=4}, {agg=5139 pas=5131 @110 q=11}]
  BUG   step 6214 [SUBMIT id=5139 SELL LIMIT DAY px=109 q=15] field=orderCount shadow=4 real=3
  BUG   step 6215 [SUBMIT id=5140 BUY STP_MKT FOK px=0 q=3 sp=109] field=orderCount shadow=4 real=3
  BUG   step 6216 [CANCEL id=5131] field=bestBid shadow=110 real=105
  BUG   step 6216 [CANCEL id=5131] field=orderCount shadow=3 real=2
  (halting after 20 BUG divergences)

=========================================================
  Shadow Model Test Report
=========================================================
  Steps run:         6217
  Submits:           5141
  Cancels:           674
  Amends:            402
  Trades produced:   1298
  Divergences total: 21  (BUG=21  KNOWN=0)

  Divergence details (first 30):
    [BUG  ] step 5756 [SUBMIT id=4750 SELL MARKET FOK px=0 q=20] trades:
          shadow = [{agg=4750 pas=4737 @110 q=15}, {agg=4750 pas=4727 @110 q=5}]
          real   = [{agg=4750 pas=4727 @110 q=11}, {agg=4750 pas=4742 @110 q=5}, {agg=4750 pas=4737 @110 q=4}]
    [BUG  ] step 5756 [SUBMIT id=4750 SELL MARKET FOK px=0 q=20] orderCount:
          shadow = 5
          real   = 4
    [BUG  ] step 5757 [SUBMIT id=4751 BUY STP_MKT FOK px=0 q=15 sp=98] orderCount:
          shadow = 5
          real   = 4
    [BUG  ] step 5758 [SUBMIT id=4752 BUY LIMIT FOK px=111 q=3] orderCount:
          shadow = 5
          real   = 4
    [BUG  ] step 5759 [SUBMIT id=4753 SELL STP_MKT FOK px=0 q=3 sp=107] orderCount:
          shadow = 5
          real   = 4
    [BUG  ] step 5760 [SUBMIT id=4754 BUY STP_MKT IOC px=0 q=10 sp=105] orderCount:
          shadow = 5
          real   = 4
    [BUG  ] step 5761 [SUBMIT id=4755 SELL MTL DAY px=109 q=20 stg=2] orderCount:
          shadow = 5
          real   = 4
    [BUG  ] step 5762 [SUBMIT id=4756 SELL LIMIT IOC px=105 q=1] trades:
          shadow = [{agg=4756 pas=4727 @110 q=1}]
          real   = [{agg=4756 pas=4737 @110 q=1}]
    [BUG  ] step 5762 [SUBMIT id=4756 SELL LIMIT IOC px=105 q=1] orderCount:
          shadow = 5
          real   = 4
    [BUG  ] step 5763 [SUBMIT id=4757 BUY LIMIT GTC px=111 q=2] orderCount:
          shadow = 6
          real   = 5
    [BUG  ] step 5764 [SUBMIT id=4758 SELL STP_MKT IOC px=0 q=15 sp=98] orderCount:
          shadow = 6
          real   = 5
    [BUG  ] step 5765 [AMEND id=4757 px=106 qty=0] orderCount:
          shadow = 6
          real   = 5
    [BUG  ] step 5766 [SUBMIT id=4759 SELL LIMIT IOC px=109 q=15] trades:
          shadow = [{agg=4759 pas=4727 @110 q=5}, {agg=4759 pas=4742 @110 q=5}, {agg=4759 pas=4739 @109 q=5}]
          real   = [{agg=4759 pas=4737 @110 q=10}, {agg=4759 pas=4739 @109 q=5}]
    [BUG  ] step 6213 [SUBMIT id=5138 SELL STP_MKT IOC px=0 q=1 sp=110] trades:
          shadow = [{agg=5138 pas=5131 @110 q=1}]
          real   = [{agg=5138 pas=5136 @110 q=1}]
    [BUG  ] step 6214 [SUBMIT id=5139 SELL LIMIT DAY px=109 q=15] trades:
          shadow = [{agg=5139 pas=5131 @110 q=15}]
          real   = [{agg=5139 pas=5136 @110 q=4}, {agg=5139 pas=5131 @110 q=11}]
    [BUG  ] step 6214 [SUBMIT id=5139 SELL LIMIT DAY px=109 q=15] orderCount:
          shadow = 4
          real   = 3
    [BUG  ] step 6215 [SUBMIT id=5140 BUY STP_MKT FOK px=0 q=3 sp=109] orderCount:
          shadow = 4
          real   = 3
    [BUG  ] step 6216 [CANCEL id=5131] bestBid:
          shadow = 110
          real   = 105
    [BUG  ] step 6216 [CANCEL id=5131] orderCount:
          shadow = 3
          real   = 2
    [BUG  ] step 6217 [SUBMIT id=5141 BUY STP_MKT IOC px=0 q=5 sp=105] bestBid:
          shadow = 110
          real   = 105
    [BUG  ] step 6217 [SUBMIT id=5141 BUY STP_MKT IOC px=0 q=5 sp=105] orderCount:
          shadow = 3
          real   = 2

  Result: FAIL
=========================================================
