Shadow Model Test
  Steps: 5000000
  Seed:  268

  BUG   step 418 [SUBMIT id=355 BUY LIMIT DAY px=110 q=1] field=trades shadow=[{agg=355 pas=295 @110 q=1}, {agg=349 pas=295 @110 q=2}] real=[{agg=355 pas=344 @110 q=1}, {agg=349 pas=344 @110 q=1}, {agg=349 pas=295 @110 q=1}]
  BUG   step 418 [SUBMIT id=355 BUY LIMIT DAY px=110 q=1] field=orderCount shadow=4 real=3
  BUG   step 419 [SUBMIT id=356 BUY STP_MKT IOC px=0 q=1 sp=109] field=orderCount shadow=4 real=3
  BUG   step 420 [AMEND id=348 px=97 qty=0] field=orderCount shadow=4 real=3
  BUG   step 421 [SUBMIT id=357 BUY MARKET FOK px=0 q=2] field=orderCount shadow=4 real=3
  BUG   step 422 [SUBMIT id=358 SELL MTL GTC px=101 q=1] field=orderCount shadow=4 real=3
  BUG   step 423 [SUBMIT id=359 SELL STP_LIM FOK px=111 q=5 sp=102 stg=2] field=orderCount shadow=4 real=3
  BUG   step 424 [SUBMIT id=360 SELL MARKET FOK px=0 q=2] field=orderCount shadow=3 real=2
  BUG   step 425 [CANCEL id=344] field=cancelled shadow=[{344:USER_REQUESTED}] real=[]
  BUG   step 3082 [SUBMIT id=2534 SELL LIMIT FOK px=95 q=2] field=trades shadow=[{agg=2534 pas=2506 @100 q=2}] real=[{agg=2534 pas=2520 @100 q=2}, {agg=2531 pas=2520 @100 q=1}]
  BUG   step 3085 [SUBMIT id=2537 SELL LIMIT DAY px=99 q=5] field=trades shadow=[{agg=2537 pas=2506 @100 q=5}] real=[{agg=2537 pas=2520 @100 q=2}, {agg=2537 pas=2506 @100 q=3}]
  BUG   step 3086 [CANCEL id=2520] field=cancelled shadow=[{2520:USER_REQUESTED}] real=[]
  BUG   step 3086 [CANCEL id=2520] field=bestBid shadow=0 real=100
  BUG   step 3086 [CANCEL id=2520] field=orderCount shadow=0 real=1
  BUG   step 3087 [SUBMIT id=2538 BUY LIMIT GTC px=104 q=3 stg=1] field=orderCount shadow=1 real=2
  BUG   step 3088 [CANCEL id=2538] field=bestBid shadow=0 real=100
  BUG   step 3088 [CANCEL id=2538] field=orderCount shadow=0 real=1
  (halting after 20 BUG divergences)

=========================================================
  Shadow Model Test Report
=========================================================
  Steps run:         3089
  Submits:           2539
  Cancels:           327
  Amends:            223
  Trades produced:   661
  Divergences total: 21  (BUG=21  KNOWN=0)

  Divergence details (first 30):
    [BUG  ] step 418 [SUBMIT id=355 BUY LIMIT DAY px=110 q=1] trades:
          shadow = [{agg=355 pas=295 @110 q=1}, {agg=349 pas=295 @110 q=2}]
          real   = [{agg=355 pas=344 @110 q=1}, {agg=349 pas=344 @110 q=1}, {agg=349 pas=295 @110 q=1}]
    [BUG  ] step 418 [SUBMIT id=355 BUY LIMIT DAY px=110 q=1] orderCount:
          shadow = 4
          real   = 3
    [BUG  ] step 419 [SUBMIT id=356 BUY STP_MKT IOC px=0 q=1 sp=109] orderCount:
          shadow = 4
          real   = 3
    [BUG  ] step 420 [AMEND id=348 px=97 qty=0] orderCount:
          shadow = 4
          real   = 3
    [BUG  ] step 421 [SUBMIT id=357 BUY MARKET FOK px=0 q=2] orderCount:
          shadow = 4
          real   = 3
    [BUG  ] step 422 [SUBMIT id=358 SELL MTL GTC px=101 q=1] orderCount:
          shadow = 4
          real   = 3
    [BUG  ] step 423 [SUBMIT id=359 SELL STP_LIM FOK px=111 q=5 sp=102 stg=2] orderCount:
          shadow = 4
          real   = 3
    [BUG  ] step 424 [SUBMIT id=360 SELL MARKET FOK px=0 q=2] orderCount:
          shadow = 3
          real   = 2
    [BUG  ] step 425 [CANCEL id=344] cancelled:
          shadow = [{344:USER_REQUESTED}]
          real   = []
    [BUG  ] step 3082 [SUBMIT id=2534 SELL LIMIT FOK px=95 q=2] trades:
          shadow = [{agg=2534 pas=2506 @100 q=2}]
          real   = [{agg=2534 pas=2520 @100 q=2}, {agg=2531 pas=2520 @100 q=1}]
    [BUG  ] step 3085 [SUBMIT id=2537 SELL LIMIT DAY px=99 q=5] trades:
          shadow = [{agg=2537 pas=2506 @100 q=5}]
          real   = [{agg=2537 pas=2520 @100 q=2}, {agg=2537 pas=2506 @100 q=3}]
    [BUG  ] step 3086 [CANCEL id=2520] cancelled:
          shadow = [{2520:USER_REQUESTED}]
          real   = []
    [BUG  ] step 3086 [CANCEL id=2520] bestBid:
          shadow = 0
          real   = 100
    [BUG  ] step 3086 [CANCEL id=2520] orderCount:
          shadow = 0
          real   = 1
    [BUG  ] step 3087 [SUBMIT id=2538 BUY LIMIT GTC px=104 q=3 stg=1] orderCount:
          shadow = 1
          real   = 2
    [BUG  ] step 3088 [CANCEL id=2538] bestBid:
          shadow = 0
          real   = 100
    [BUG  ] step 3088 [CANCEL id=2538] orderCount:
          shadow = 0
          real   = 1
    [BUG  ] step 3089 [SUBMIT id=2539 SELL LIMIT FOK px=97 q=3] trades:
          shadow = []
          real   = [{agg=2539 pas=2506 @100 q=3}]
    [BUG  ] step 3089 [SUBMIT id=2539 SELL LIMIT FOK px=97 q=3] cancelled:
          shadow = [{2539:FOK_NOT_SATISFIABLE}]
          real   = []
    [BUG  ] step 3089 [SUBMIT id=2539 SELL LIMIT FOK px=97 q=3] bestBid:
          shadow = 0
          real   = 100
    [BUG  ] step 3089 [SUBMIT id=2539 SELL LIMIT FOK px=97 q=3] orderCount:
          shadow = 0
          real   = 1

  Result: FAIL
=========================================================
