Shadow Model Test
  Steps: 5000000
  Seed:  60

  BUG   step 7133 [SUBMIT id=5872 SELL LIMIT IOC px=95 q=5] field=trades shadow=[{agg=5872 pas=5837 @100 q=5}] real=[{agg=5872 pas=5867 @100 q=5}]
  BUG   step 7135 [SUBMIT id=5874 SELL LIMIT GTC px=100 q=8 dq=1] field=trades shadow=[{agg=5874 pas=5837 @100 q=8}] real=[{agg=5874 pas=5867 @100 q=8}]
  BUG   step 7135 [SUBMIT id=5874 SELL LIMIT GTC px=100 q=8 dq=1] field=orderCount shadow=2 real=1
  BUG   step 7136 [SUBMIT id=5875 SELL STP_LIM FOK px=96 q=20 sp=105] field=trades shadow=[{agg=5875 pas=5837 @100 q=7}, {agg=5875 pas=5867 @100 q=13}] real=[{agg=5875 pas=5837 @100 q=20}]
  BUG   step 7833 [SUBMIT id=6469 BUY LIMIT GTC px=97 q=1] field=trades shadow=[{agg=6469 pas=6455 @97 q=1}] real=[{agg=6469 pas=6460 @97 q=1}]
  BUG   step 7833 [SUBMIT id=6469 BUY LIMIT GTC px=97 q=1] field=orderCount shadow=2 real=3
  BUG   step 7834 [SUBMIT id=6470 SELL LIMIT DAY px=102 q=3 mq=1] field=orderCount shadow=2 real=3
  BUG   step 7835 [SUBMIT id=6471 BUY STP_MKT IOC px=0 q=8 sp=102] field=orderCount shadow=2 real=3
  BUG   step 7836 [SUBMIT id=6472 BUY LIMIT DAY px=97 q=10] field=trades shadow=[{agg=6472 pas=6460 @97 q=4}] real=[{agg=6472 pas=6460 @97 q=3}, {agg=6472 pas=6455 @97 q=1}]
  BUG   step 11429 [SUBMIT id=9422 SELL MARKET FOK px=0 q=5] field=trades shadow=[{agg=9422 pas=9374 @105 q=2}, {agg=9422 pas=9411 @103 q=3}] real=[{agg=9422 pas=9374 @105 q=2}, {agg=9422 pas=9415 @103 q=3}]
  BUG   step 11429 [SUBMIT id=9422 SELL MARKET FOK px=0 q=5] field=orderCount shadow=1 real=2
  BUG   step 11430 [SUBMIT id=9423 BUY STP_LIM IOC px=102 q=2 sp=103] field=orderCount shadow=1 real=2
  BUG   step 11431 [SUBMIT id=9424 SELL LIMIT IOC px=98 q=10] field=trades shadow=[{agg=9424 pas=9415 @103 q=10}] real=[{agg=9424 pas=9415 @103 q=9}, {agg=9424 pas=9411 @103 q=1}]
  BUG   step 11437 [SUBMIT id=9430 SELL MARKET FOK px=0 q=2] field=trades shadow=[{agg=9430 pas=9415 @103 q=2}] real=[{agg=9430 pas=9411 @103 q=2}]
  BUG   step 12549 [SUBMIT id=10342 BUY LIMIT GTC px=109 q=10] field=trades shadow=[{agg=10342 pas=10327 @109 q=10}] real=[{agg=10342 pas=10337 @109 q=3}, {agg=10342 pas=10327 @109 q=7}]
  BUG   step 12549 [SUBMIT id=10342 BUY LIMIT GTC px=109 q=10] field=orderCount shadow=3 real=2
  BUG   step 12550 [SUBMIT id=10343 SELL STP_MKT FOK px=0 q=2 sp=108] field=orderCount shadow=3 real=2
  BUG   step 12551 [AMEND id=10327 px=0 qty=8] field=orderCount shadow=3 real=2
  BUG   step 12552 [CANCEL id=10337] field=cancelled shadow=[{10337:USER_REQUESTED}] real=[]
  BUG   step 13270 [SUBMIT id=10931 BUY LIMIT DAY px=110 q=20 dq=1] field=trades shadow=[{agg=10931 pas=10869 @110 q=3}, {agg=10931 pas=10918 @110 q=3}] real=[{agg=10931 pas=10918 @110 q=3}, {agg=10931 pas=10869 @110 q=3}]
  (halting after 20 BUG divergences)

=========================================================
  Shadow Model Test Report
=========================================================
  Steps run:         13270
  Submits:           10931
  Cancels:           1414
  Amends:            925
  Trades produced:   2748
  Divergences total: 20  (BUG=20  KNOWN=0)

  Divergence details (first 30):
    [BUG  ] step 7133 [SUBMIT id=5872 SELL LIMIT IOC px=95 q=5] trades:
          shadow = [{agg=5872 pas=5837 @100 q=5}]
          real   = [{agg=5872 pas=5867 @100 q=5}]
    [BUG  ] step 7135 [SUBMIT id=5874 SELL LIMIT GTC px=100 q=8 dq=1] trades:
          shadow = [{agg=5874 pas=5837 @100 q=8}]
          real   = [{agg=5874 pas=5867 @100 q=8}]
    [BUG  ] step 7135 [SUBMIT id=5874 SELL LIMIT GTC px=100 q=8 dq=1] orderCount:
          shadow = 2
          real   = 1
    [BUG  ] step 7136 [SUBMIT id=5875 SELL STP_LIM FOK px=96 q=20 sp=105] trades:
          shadow = [{agg=5875 pas=5837 @100 q=7}, {agg=5875 pas=5867 @100 q=13}]
          real   = [{agg=5875 pas=5837 @100 q=20}]
    [BUG  ] step 7833 [SUBMIT id=6469 BUY LIMIT GTC px=97 q=1] trades:
          shadow = [{agg=6469 pas=6455 @97 q=1}]
          real   = [{agg=6469 pas=6460 @97 q=1}]
    [BUG  ] step 7833 [SUBMIT id=6469 BUY LIMIT GTC px=97 q=1] orderCount:
          shadow = 2
          real   = 3
    [BUG  ] step 7834 [SUBMIT id=6470 SELL LIMIT DAY px=102 q=3 mq=1] orderCount:
          shadow = 2
          real   = 3
    [BUG  ] step 7835 [SUBMIT id=6471 BUY STP_MKT IOC px=0 q=8 sp=102] orderCount:
          shadow = 2
          real   = 3
    [BUG  ] step 7836 [SUBMIT id=6472 BUY LIMIT DAY px=97 q=10] trades:
          shadow = [{agg=6472 pas=6460 @97 q=4}]
          real   = [{agg=6472 pas=6460 @97 q=3}, {agg=6472 pas=6455 @97 q=1}]
    [BUG  ] step 11429 [SUBMIT id=9422 SELL MARKET FOK px=0 q=5] trades:
          shadow = [{agg=9422 pas=9374 @105 q=2}, {agg=9422 pas=9411 @103 q=3}]
          real   = [{agg=9422 pas=9374 @105 q=2}, {agg=9422 pas=9415 @103 q=3}]
    [BUG  ] step 11429 [SUBMIT id=9422 SELL MARKET FOK px=0 q=5] orderCount:
          shadow = 1
          real   = 2
    [BUG  ] step 11430 [SUBMIT id=9423 BUY STP_LIM IOC px=102 q=2 sp=103] orderCount:
          shadow = 1
          real   = 2
    [BUG  ] step 11431 [SUBMIT id=9424 SELL LIMIT IOC px=98 q=10] trades:
          shadow = [{agg=9424 pas=9415 @103 q=10}]
          real   = [{agg=9424 pas=9415 @103 q=9}, {agg=9424 pas=9411 @103 q=1}]
    [BUG  ] step 11437 [SUBMIT id=9430 SELL MARKET FOK px=0 q=2] trades:
          shadow = [{agg=9430 pas=9415 @103 q=2}]
          real   = [{agg=9430 pas=9411 @103 q=2}]
    [BUG  ] step 12549 [SUBMIT id=10342 BUY LIMIT GTC px=109 q=10] trades:
          shadow = [{agg=10342 pas=10327 @109 q=10}]
          real   = [{agg=10342 pas=10337 @109 q=3}, {agg=10342 pas=10327 @109 q=7}]
    [BUG  ] step 12549 [SUBMIT id=10342 BUY LIMIT GTC px=109 q=10] orderCount:
          shadow = 3
          real   = 2
    [BUG  ] step 12550 [SUBMIT id=10343 SELL STP_MKT FOK px=0 q=2 sp=108] orderCount:
          shadow = 3
          real   = 2
    [BUG  ] step 12551 [AMEND id=10327 px=0 qty=8] orderCount:
          shadow = 3
          real   = 2
    [BUG  ] step 12552 [CANCEL id=10337] cancelled:
          shadow = [{10337:USER_REQUESTED}]
          real   = []
    [BUG  ] step 13270 [SUBMIT id=10931 BUY LIMIT DAY px=110 q=20 dq=1] trades:
          shadow = [{agg=10931 pas=10869 @110 q=3}, {agg=10931 pas=10918 @110 q=3}]
          real   = [{agg=10931 pas=10918 @110 q=3}, {agg=10931 pas=10869 @110 q=3}]

  Result: FAIL
=========================================================
