Shadow Model Test
  Steps: 5000000
  Seed:  371

  BUG   step 2084 [SUBMIT id=1731 SELL LIMIT GTC px=99 q=2] field=trades shadow=[{agg=1731 pas=1723 @104 q=2}, {agg=1726 pas=1723 @104 q=8}, {agg=1726 pas=1728 @104 q=5}] real=[{agg=1731 pas=1728 @104 q=2}, {agg=1726 pas=1728 @104 q=3}, {agg=1726 pas=1723 @104 q=10}]
  BUG   step 2857 [SUBMIT id=2385 BUY MARKET FOK px=0 q=2] field=trades shadow=[{agg=2385 pas=2292 @98 q=2}] real=[{agg=2385 pas=2383 @98 q=2}]
  BUG   step 2860 [SUBMIT id=2388 BUY STP_LIM DAY px=107 q=8 sp=97] field=trades shadow=[{agg=2388 pas=2292 @98 q=8}] real=[{agg=2388 pas=2383 @98 q=1}, {agg=2388 pas=2292 @98 q=7}]
  BUG   step 2861 [SUBMIT id=2389 BUY LIMIT FOK px=98 q=2] field=trades shadow=[{agg=2389 pas=2383 @98 q=2}] real=[{agg=2389 pas=2292 @98 q=2}]
  BUG   step 2862 [SUBMIT id=2390 BUY LIMIT GTC px=103 q=10] field=trades shadow=[{agg=2390 pas=2383 @98 q=1}, {agg=2390 pas=2387 @99 q=9}] real=[{agg=2390 pas=2292 @98 q=1}, {agg=2390 pas=2387 @99 q=9}]
  BUG   step 3392 [SUBMIT id=2828 BUY MARKET IOC px=0 q=3] field=trades shadow=[{agg=2828 pas=2818 @108 q=3}] real=[{agg=2828 pas=2816 @108 q=3}]
  BUG   step 3393 [SUBMIT id=2829 BUY STP_MKT IOC px=0 q=20 sp=98] field=trades shadow=[{agg=2829 pas=2818 @108 q=2}, {agg=2829 pas=2816 @108 q=8}, {agg=2829 pas=2827 @109 q=2}, {agg=2829 pas=2827 @109 q=2}, {agg=2829 pas=2827 @109 q=2}, {agg=2829 pas=2827 @109 q=2}] real=[{agg=2829 pas=2816 @108 q=5}, {agg=2829 pas=2818 @108 q=5}, {agg=2829 pas=2827 @109 q=2}, {agg=2829 pas=2827 @109 q=2}, {agg=2829 pas=2827 @109 q=2}, {agg=2829 pas=2827 @109 q=2}]
  BUG   step 3581 [SUBMIT id=2987 SELL MARKET IOC px=0 q=15] field=trades shadow=[{agg=2987 pas=2969 @96 q=15}, {agg=2973 pas=2969 @96 q=3}] real=[{agg=2987 pas=2982 @96 q=14}, {agg=2973 pas=2969 @96 q=3}, {agg=2987 pas=2969 @96 q=1}]
  BUG   step 3581 [SUBMIT id=2987 SELL MARKET IOC px=0 q=15] field=orderCount shadow=4 real=3
  BUG   step 3582 [AMEND id=2982 px=102 qty=3] field=trades shadow=[{agg=2982 pas=2940 @102 q=2}] real=[]
  BUG   step 3582 [AMEND id=2982 px=102 qty=3] field=bestBid shadow=102 real=96
  BUG   step 3582 [AMEND id=2982 px=102 qty=3] field=bestAsk shadow=104 real=102
  BUG   step 3582 [AMEND id=2982 px=102 qty=3] field=lastTradePrice shadow=102 real=96
  BUG   step 3583 [SUBMIT id=2988 SELL LIMIT FOK px=103 q=3] field=bestBid shadow=102 real=96
  BUG   step 3583 [SUBMIT id=2988 SELL LIMIT FOK px=103 q=3] field=bestAsk shadow=104 real=102
  BUG   step 3583 [SUBMIT id=2988 SELL LIMIT FOK px=103 q=3] field=lastTradePrice shadow=102 real=96
  BUG   step 3584 [SUBMIT id=2989 BUY LIMIT GTC px=97 q=2] field=bestBid shadow=102 real=97
  BUG   step 3584 [SUBMIT id=2989 BUY LIMIT GTC px=97 q=2] field=bestAsk shadow=104 real=102
  BUG   step 3584 [SUBMIT id=2989 BUY LIMIT GTC px=97 q=2] field=lastTradePrice shadow=102 real=96
  (halting after 20 BUG divergences)

=========================================================
  Shadow Model Test Report
=========================================================
  Steps run:         3585
  Submits:           2989
  Cancels:           360
  Amends:            236
  Trades produced:   684
  Divergences total: 22  (BUG=22  KNOWN=0)

  Divergence details (first 30):
    [BUG  ] step 2084 [SUBMIT id=1731 SELL LIMIT GTC px=99 q=2] trades:
          shadow = [{agg=1731 pas=1723 @104 q=2}, {agg=1726 pas=1723 @104 q=8}, {agg=1726 pas=1728 @104 q=5}]
          real   = [{agg=1731 pas=1728 @104 q=2}, {agg=1726 pas=1728 @104 q=3}, {agg=1726 pas=1723 @104 q=10}]
    [BUG  ] step 2857 [SUBMIT id=2385 BUY MARKET FOK px=0 q=2] trades:
          shadow = [{agg=2385 pas=2292 @98 q=2}]
          real   = [{agg=2385 pas=2383 @98 q=2}]
    [BUG  ] step 2860 [SUBMIT id=2388 BUY STP_LIM DAY px=107 q=8 sp=97] trades:
          shadow = [{agg=2388 pas=2292 @98 q=8}]
          real   = [{agg=2388 pas=2383 @98 q=1}, {agg=2388 pas=2292 @98 q=7}]
    [BUG  ] step 2861 [SUBMIT id=2389 BUY LIMIT FOK px=98 q=2] trades:
          shadow = [{agg=2389 pas=2383 @98 q=2}]
          real   = [{agg=2389 pas=2292 @98 q=2}]
    [BUG  ] step 2862 [SUBMIT id=2390 BUY LIMIT GTC px=103 q=10] trades:
          shadow = [{agg=2390 pas=2383 @98 q=1}, {agg=2390 pas=2387 @99 q=9}]
          real   = [{agg=2390 pas=2292 @98 q=1}, {agg=2390 pas=2387 @99 q=9}]
    [BUG  ] step 3392 [SUBMIT id=2828 BUY MARKET IOC px=0 q=3] trades:
          shadow = [{agg=2828 pas=2818 @108 q=3}]
          real   = [{agg=2828 pas=2816 @108 q=3}]
    [BUG  ] step 3393 [SUBMIT id=2829 BUY STP_MKT IOC px=0 q=20 sp=98] trades:
          shadow = [{agg=2829 pas=2818 @108 q=2}, {agg=2829 pas=2816 @108 q=8}, {agg=2829 pas=2827 @109 q=2}, {agg=2829 pas=2827 @109 q=2}, {agg=2829 pas=2827 @109 q=2}, {agg=2829 pas=2827 @109 q=2}]
          real   = [{agg=2829 pas=2816 @108 q=5}, {agg=2829 pas=2818 @108 q=5}, {agg=2829 pas=2827 @109 q=2}, {agg=2829 pas=2827 @109 q=2}, {agg=2829 pas=2827 @109 q=2}, {agg=2829 pas=2827 @109 q=2}]
    [BUG  ] step 3581 [SUBMIT id=2987 SELL MARKET IOC px=0 q=15] trades:
          shadow = [{agg=2987 pas=2969 @96 q=15}, {agg=2973 pas=2969 @96 q=3}]
          real   = [{agg=2987 pas=2982 @96 q=14}, {agg=2973 pas=2969 @96 q=3}, {agg=2987 pas=2969 @96 q=1}]
    [BUG  ] step 3581 [SUBMIT id=2987 SELL MARKET IOC px=0 q=15] orderCount:
          shadow = 4
          real   = 3
    [BUG  ] step 3582 [AMEND id=2982 px=102 qty=3] trades:
          shadow = [{agg=2982 pas=2940 @102 q=2}]
          real   = []
    [BUG  ] step 3582 [AMEND id=2982 px=102 qty=3] bestBid:
          shadow = 102
          real   = 96
    [BUG  ] step 3582 [AMEND id=2982 px=102 qty=3] bestAsk:
          shadow = 104
          real   = 102
    [BUG  ] step 3582 [AMEND id=2982 px=102 qty=3] lastTradePrice:
          shadow = 102
          real   = 96
    [BUG  ] step 3583 [SUBMIT id=2988 SELL LIMIT FOK px=103 q=3] bestBid:
          shadow = 102
          real   = 96
    [BUG  ] step 3583 [SUBMIT id=2988 SELL LIMIT FOK px=103 q=3] bestAsk:
          shadow = 104
          real   = 102
    [BUG  ] step 3583 [SUBMIT id=2988 SELL LIMIT FOK px=103 q=3] lastTradePrice:
          shadow = 102
          real   = 96
    [BUG  ] step 3584 [SUBMIT id=2989 BUY LIMIT GTC px=97 q=2] bestBid:
          shadow = 102
          real   = 97
    [BUG  ] step 3584 [SUBMIT id=2989 BUY LIMIT GTC px=97 q=2] bestAsk:
          shadow = 104
          real   = 102
    [BUG  ] step 3584 [SUBMIT id=2989 BUY LIMIT GTC px=97 q=2] lastTradePrice:
          shadow = 102
          real   = 96
    [BUG  ] step 3585 [CANCEL id=2981] bestBid:
          shadow = 102
          real   = 97
    [BUG  ] step 3585 [CANCEL id=2981] bestAsk:
          shadow = 0
          real   = 102
    [BUG  ] step 3585 [CANCEL id=2981] lastTradePrice:
          shadow = 102
          real   = 96

  Result: FAIL
=========================================================
