Shadow Model Test
  Steps: 5000000
  Seed:  95

  BUG   step 7626 [SUBMIT id=6294 SELL LIMIT IOC px=106 q=1] field=trades shadow=[{agg=6294 pas=6284 @107 q=1}] real=[{agg=6294 pas=6287 @107 q=1}]
  BUG   step 7627 [SUBMIT id=6295 SELL MARKET IOC px=0 q=15] field=trades shadow=[{agg=6295 pas=6284 @107 q=15}] real=[{agg=6295 pas=6287 @107 q=9}, {agg=6295 pas=6284 @107 q=6}]
  BUG   step 7627 [SUBMIT id=6295 SELL MARKET IOC px=0 q=15] field=orderCount shadow=2 real=1
  BUG   step 7628 [SUBMIT id=6296 SELL LIMIT DAY px=107 q=10] field=trades shadow=[{agg=6296 pas=6284 @107 q=4}, {agg=6296 pas=6287 @107 q=6}] real=[{agg=6296 pas=6284 @107 q=10}]
  BUG   step 7632 [AMEND id=6287 px=101 qty=0] field=bestBid shadow=101 real=107
  BUG   step 7633 [SUBMIT id=6300 BUY STP_LIM GTC px=98 q=1 sp=105] field=bestBid shadow=101 real=107
  BUG   step 7634 [SUBMIT id=6301 BUY LIMIT FOK px=100 q=5] field=bestBid shadow=101 real=107
  BUG   step 7635 [SUBMIT id=6302 BUY LIMIT DAY px=100 q=15] field=bestBid shadow=101 real=107
  BUG   step 7636 [SUBMIT id=6303 BUY STP_MKT FOK px=0 q=1 sp=107] field=bestBid shadow=101 real=107
  BUG   step 7637 [SUBMIT id=6304 BUY LIMIT GTC px=102 q=1] field=bestBid shadow=102 real=107
  BUG   step 7638 [SUBMIT id=6305 BUY STP_LIM FOK px=97 q=2 sp=105 stg=2] field=bestBid shadow=102 real=107
  BUG   step 7639 [SUBMIT id=6306 SELL LIMIT GTC px=97 q=5] field=trades shadow=[{agg=6306 pas=6304 @102 q=1}, {agg=6298 pas=6302 @100 q=8}, {agg=6299 pas=6302 @100 q=5}, {agg=6306 pas=6287 @101 q=4}] real=[{agg=6306 pas=6284 @107 q=4}, {agg=6306 pas=6304 @102 q=1}, {agg=6298 pas=6302 @100 q=8}, {agg=6299 pas=6302 @100 q=5}]
  BUG   step 7639 [SUBMIT id=6306 SELL LIMIT GTC px=97 q=5] field=lastTradePrice shadow=101 real=100
  BUG   step 7640 [CANCEL id=6302] field=lastTradePrice shadow=101 real=100
  BUG   step 7929 [SUBMIT id=6555 BUY LIMIT DAY px=97 q=10] field=trades shadow=[{agg=6555 pas=6269 @95 q=3}, {agg=6555 pas=6542 @95 q=1}] real=[{agg=6555 pas=6542 @95 q=1}, {agg=6555 pas=6269 @95 q=3}]
  BUG   step 10192 [SUBMIT id=8401 BUY LIMIT FOK px=111 q=2] field=trades shadow=[{agg=8401 pas=8387 @106 q=2}, {agg=8371 pas=8387 @106 q=1}, {agg=8371 pas=8390 @106 q=2}, {agg=8373 pas=8390 @106 q=1}, {agg=8373 pas=8394 @106 q=1}, {agg=8392 pas=8391 @107 q=8}] real=[{agg=8401 pas=8390 @106 q=2}, {agg=8371 pas=8390 @106 q=1}, {agg=8371 pas=8394 @106 q=1}, {agg=8371 pas=8387 @106 q=1}, {agg=8373 pas=8387 @106 q=2}, {agg=8392 pas=8391 @107 q=8}]
  BUG   step 12777 [SUBMIT id=10496 BUY LIMIT GTC px=109 q=20] field=trades shadow=[{agg=10496 pas=10414 @108 q=5}, {agg=10496 pas=10467 @108 q=5}] real=[{agg=10496 pas=10467 @108 q=5}, {agg=10496 pas=10414 @108 q=5}]
  BUG   step 13057 [SUBMIT id=10728 SELL LIMIT IOC px=94 q=2] field=trades shadow=[{agg=10728 pas=10723 @99 q=2}] real=[{agg=10728 pas=10725 @99 q=1}, {agg=10728 pas=10723 @99 q=1}]
  (halting after 20 BUG divergences)

=========================================================
  Shadow Model Test Report
=========================================================
  Steps run:         13059
  Submits:           10729
  Cancels:           1459
  Amends:            871
  Trades produced:   2598
  Divergences total: 21  (BUG=21  KNOWN=0)

  Divergence details (first 30):
    [BUG  ] step 7626 [SUBMIT id=6294 SELL LIMIT IOC px=106 q=1] trades:
          shadow = [{agg=6294 pas=6284 @107 q=1}]
          real   = [{agg=6294 pas=6287 @107 q=1}]
    [BUG  ] step 7627 [SUBMIT id=6295 SELL MARKET IOC px=0 q=15] trades:
          shadow = [{agg=6295 pas=6284 @107 q=15}]
          real   = [{agg=6295 pas=6287 @107 q=9}, {agg=6295 pas=6284 @107 q=6}]
    [BUG  ] step 7627 [SUBMIT id=6295 SELL MARKET IOC px=0 q=15] orderCount:
          shadow = 2
          real   = 1
    [BUG  ] step 7628 [SUBMIT id=6296 SELL LIMIT DAY px=107 q=10] trades:
          shadow = [{agg=6296 pas=6284 @107 q=4}, {agg=6296 pas=6287 @107 q=6}]
          real   = [{agg=6296 pas=6284 @107 q=10}]
    [BUG  ] step 7632 [AMEND id=6287 px=101 qty=0] bestBid:
          shadow = 101
          real   = 107
    [BUG  ] step 7633 [SUBMIT id=6300 BUY STP_LIM GTC px=98 q=1 sp=105] bestBid:
          shadow = 101
          real   = 107
    [BUG  ] step 7634 [SUBMIT id=6301 BUY LIMIT FOK px=100 q=5] bestBid:
          shadow = 101
          real   = 107
    [BUG  ] step 7635 [SUBMIT id=6302 BUY LIMIT DAY px=100 q=15] bestBid:
          shadow = 101
          real   = 107
    [BUG  ] step 7636 [SUBMIT id=6303 BUY STP_MKT FOK px=0 q=1 sp=107] bestBid:
          shadow = 101
          real   = 107
    [BUG  ] step 7637 [SUBMIT id=6304 BUY LIMIT GTC px=102 q=1] bestBid:
          shadow = 102
          real   = 107
    [BUG  ] step 7638 [SUBMIT id=6305 BUY STP_LIM FOK px=97 q=2 sp=105 stg=2] bestBid:
          shadow = 102
          real   = 107
    [BUG  ] step 7639 [SUBMIT id=6306 SELL LIMIT GTC px=97 q=5] trades:
          shadow = [{agg=6306 pas=6304 @102 q=1}, {agg=6298 pas=6302 @100 q=8}, {agg=6299 pas=6302 @100 q=5}, {agg=6306 pas=6287 @101 q=4}]
          real   = [{agg=6306 pas=6284 @107 q=4}, {agg=6306 pas=6304 @102 q=1}, {agg=6298 pas=6302 @100 q=8}, {agg=6299 pas=6302 @100 q=5}]
    [BUG  ] step 7639 [SUBMIT id=6306 SELL LIMIT GTC px=97 q=5] lastTradePrice:
          shadow = 101
          real   = 100
    [BUG  ] step 7640 [CANCEL id=6302] lastTradePrice:
          shadow = 101
          real   = 100
    [BUG  ] step 7929 [SUBMIT id=6555 BUY LIMIT DAY px=97 q=10] trades:
          shadow = [{agg=6555 pas=6269 @95 q=3}, {agg=6555 pas=6542 @95 q=1}]
          real   = [{agg=6555 pas=6542 @95 q=1}, {agg=6555 pas=6269 @95 q=3}]
    [BUG  ] step 10192 [SUBMIT id=8401 BUY LIMIT FOK px=111 q=2] trades:
          shadow = [{agg=8401 pas=8387 @106 q=2}, {agg=8371 pas=8387 @106 q=1}, {agg=8371 pas=8390 @106 q=2}, {agg=8373 pas=8390 @106 q=1}, {agg=8373 pas=8394 @106 q=1}, {agg=8392 pas=8391 @107 q=8}]
          real   = [{agg=8401 pas=8390 @106 q=2}, {agg=8371 pas=8390 @106 q=1}, {agg=8371 pas=8394 @106 q=1}, {agg=8371 pas=8387 @106 q=1}, {agg=8373 pas=8387 @106 q=2}, {agg=8392 pas=8391 @107 q=8}]
    [BUG  ] step 12777 [SUBMIT id=10496 BUY LIMIT GTC px=109 q=20] trades:
          shadow = [{agg=10496 pas=10414 @108 q=5}, {agg=10496 pas=10467 @108 q=5}]
          real   = [{agg=10496 pas=10467 @108 q=5}, {agg=10496 pas=10414 @108 q=5}]
    [BUG  ] step 13057 [SUBMIT id=10728 SELL LIMIT IOC px=94 q=2] trades:
          shadow = [{agg=10728 pas=10723 @99 q=2}]
          real   = [{agg=10728 pas=10725 @99 q=1}, {agg=10728 pas=10723 @99 q=1}]
    [BUG  ] step 13059 [CANCEL id=10725] cancelled:
          shadow = [{10725:USER_REQUESTED}]
          real   = []
    [BUG  ] step 13059 [CANCEL id=10725] bestBid:
          shadow = 96
          real   = 99
    [BUG  ] step 13059 [CANCEL id=10725] orderCount:
          shadow = 1
          real   = 2

  Result: FAIL
=========================================================
