Shadow Model Test
  Steps: 5000000
  Seed:  42

  BUG   step 558 [SUBMIT id=471 BUY STP_MKT IOC px=0 q=8 sp=104] field=trades shadow=[{agg=471 pas=451 @105 q=2}, {agg=471 pas=463 @105 q=2}, {agg=471 pas=465 @105 q=4}] real=[{agg=471 pas=463 @105 q=2}, {agg=471 pas=465 @105 q=6}]
  BUG   step 558 [SUBMIT id=471 BUY STP_MKT IOC px=0 q=8 sp=104] field=orderCount shadow=2 real=3
  BUG   step 559 [SUBMIT id=472 BUY STP_LIM IOC px=106 q=20 sp=105] field=trades shadow=[{agg=472 pas=465 @105 q=16}, {agg=472 pas=468 @105 q=4}] real=[{agg=472 pas=465 @105 q=14}, {agg=472 pas=451 @105 q=2}, {agg=472 pas=468 @105 q=4}]
  BUG   step 1256 [SUBMIT id=1043 SELL LIMIT IOC px=104 q=15] field=trades shadow=[{agg=1043 pas=916 @105 q=10}, {agg=1043 pas=1036 @105 q=2}, {agg=1043 pas=1036 @105 q=2}, {agg=1043 pas=1036 @105 q=1}] real=[{agg=1043 pas=1036 @105 q=2}, {agg=1043 pas=916 @105 q=10}, {agg=1043 pas=1036 @105 q=2}, {agg=1043 pas=1036 @105 q=1}]
  BUG   step 2424 [SUBMIT id=2002 BUY STP_MKT IOC px=0 q=5 sp=96] field=trades shadow=[{agg=2002 pas=1984 @96 q=3}, {agg=2002 pas=1998 @96 q=2}] real=[{agg=2002 pas=1998 @96 q=5}]
  BUG   step 2424 [SUBMIT id=2002 BUY STP_MKT IOC px=0 q=5 sp=96] field=orderCount shadow=1 real=2
  BUG   step 2425 [CANCEL id=1998] field=bestAsk shadow=0 real=96
  BUG   step 2425 [CANCEL id=1998] field=orderCount shadow=0 real=1
  BUG   step 2426 [SUBMIT id=2003 SELL MTL GTC px=103 q=20] field=bestAsk shadow=0 real=96
  BUG   step 2426 [SUBMIT id=2003 SELL MTL GTC px=103 q=20] field=orderCount shadow=0 real=1
  BUG   step 2427 [SUBMIT id=2004 BUY LIMIT GTC px=97 q=2] field=trades shadow=[] real=[{agg=2004 pas=1984 @96 q=2}]
  BUG   step 2427 [SUBMIT id=2004 BUY LIMIT GTC px=97 q=2] field=bestBid shadow=97 real=0
  BUG   step 2427 [SUBMIT id=2004 BUY LIMIT GTC px=97 q=2] field=bestAsk shadow=0 real=96
  BUG   step 2428 [SUBMIT id=2005 SELL STP_LIM FOK px=97 q=5 sp=97] field=bestBid shadow=97 real=0
  BUG   step 2428 [SUBMIT id=2005 SELL STP_LIM FOK px=97 q=5 sp=97] field=bestAsk shadow=0 real=96
  BUG   step 2429 [CANCEL id=2004] field=cancelled shadow=[{2004:USER_REQUESTED}] real=[]
  BUG   step 2429 [CANCEL id=2004] field=bestAsk shadow=0 real=96
  BUG   step 2429 [CANCEL id=2004] field=orderCount shadow=0 real=1
  BUG   step 2430 [SUBMIT id=2006 SELL LIMIT IOC px=107 q=1] field=bestAsk shadow=0 real=96
  BUG   step 2430 [SUBMIT id=2006 SELL LIMIT IOC px=107 q=1] field=orderCount shadow=0 real=1
  (halting after 20 BUG divergences)

=========================================================
  Shadow Model Test Report
=========================================================
  Steps run:         2430
  Submits:           2006
  Cancels:           256
  Amends:            168
  Trades produced:   476
  Divergences total: 20  (BUG=20  KNOWN=0)

  Divergence details (first 30):
    [BUG  ] step 558 [SUBMIT id=471 BUY STP_MKT IOC px=0 q=8 sp=104] trades:
          shadow = [{agg=471 pas=451 @105 q=2}, {agg=471 pas=463 @105 q=2}, {agg=471 pas=465 @105 q=4}]
          real   = [{agg=471 pas=463 @105 q=2}, {agg=471 pas=465 @105 q=6}]
    [BUG  ] step 558 [SUBMIT id=471 BUY STP_MKT IOC px=0 q=8 sp=104] orderCount:
          shadow = 2
          real   = 3
    [BUG  ] step 559 [SUBMIT id=472 BUY STP_LIM IOC px=106 q=20 sp=105] trades:
          shadow = [{agg=472 pas=465 @105 q=16}, {agg=472 pas=468 @105 q=4}]
          real   = [{agg=472 pas=465 @105 q=14}, {agg=472 pas=451 @105 q=2}, {agg=472 pas=468 @105 q=4}]
    [BUG  ] step 1256 [SUBMIT id=1043 SELL LIMIT IOC px=104 q=15] trades:
          shadow = [{agg=1043 pas=916 @105 q=10}, {agg=1043 pas=1036 @105 q=2}, {agg=1043 pas=1036 @105 q=2}, {agg=1043 pas=1036 @105 q=1}]
          real   = [{agg=1043 pas=1036 @105 q=2}, {agg=1043 pas=916 @105 q=10}, {agg=1043 pas=1036 @105 q=2}, {agg=1043 pas=1036 @105 q=1}]
    [BUG  ] step 2424 [SUBMIT id=2002 BUY STP_MKT IOC px=0 q=5 sp=96] trades:
          shadow = [{agg=2002 pas=1984 @96 q=3}, {agg=2002 pas=1998 @96 q=2}]
          real   = [{agg=2002 pas=1998 @96 q=5}]
    [BUG  ] step 2424 [SUBMIT id=2002 BUY STP_MKT IOC px=0 q=5 sp=96] orderCount:
          shadow = 1
          real   = 2
    [BUG  ] step 2425 [CANCEL id=1998] bestAsk:
          shadow = 0
          real   = 96
    [BUG  ] step 2425 [CANCEL id=1998] orderCount:
          shadow = 0
          real   = 1
    [BUG  ] step 2426 [SUBMIT id=2003 SELL MTL GTC px=103 q=20] bestAsk:
          shadow = 0
          real   = 96
    [BUG  ] step 2426 [SUBMIT id=2003 SELL MTL GTC px=103 q=20] orderCount:
          shadow = 0
          real   = 1
    [BUG  ] step 2427 [SUBMIT id=2004 BUY LIMIT GTC px=97 q=2] trades:
          shadow = []
          real   = [{agg=2004 pas=1984 @96 q=2}]
    [BUG  ] step 2427 [SUBMIT id=2004 BUY LIMIT GTC px=97 q=2] bestBid:
          shadow = 97
          real   = 0
    [BUG  ] step 2427 [SUBMIT id=2004 BUY LIMIT GTC px=97 q=2] bestAsk:
          shadow = 0
          real   = 96
    [BUG  ] step 2428 [SUBMIT id=2005 SELL STP_LIM FOK px=97 q=5 sp=97] bestBid:
          shadow = 97
          real   = 0
    [BUG  ] step 2428 [SUBMIT id=2005 SELL STP_LIM FOK px=97 q=5 sp=97] bestAsk:
          shadow = 0
          real   = 96
    [BUG  ] step 2429 [CANCEL id=2004] cancelled:
          shadow = [{2004:USER_REQUESTED}]
          real   = []
    [BUG  ] step 2429 [CANCEL id=2004] bestAsk:
          shadow = 0
          real   = 96
    [BUG  ] step 2429 [CANCEL id=2004] orderCount:
          shadow = 0
          real   = 1
    [BUG  ] step 2430 [SUBMIT id=2006 SELL LIMIT IOC px=107 q=1] bestAsk:
          shadow = 0
          real   = 96
    [BUG  ] step 2430 [SUBMIT id=2006 SELL LIMIT IOC px=107 q=1] orderCount:
          shadow = 0
          real   = 1

  Result: FAIL
=========================================================
