Shadow Model Test
  Steps: 5000000
  Seed:  166

  BUG   step 1875 [SUBMIT id=1545 SELL LIMIT GTC px=102 q=8] field=trades shadow=[{agg=1545 pas=1538 @107 q=8}] real=[{agg=1545 pas=1540 @107 q=8}]
  BUG   step 1876 [SUBMIT id=1546 SELL LIMIT DAY px=102 q=10] field=trades shadow=[{agg=1546 pas=1538 @107 q=7}, {agg=1546 pas=1540 @107 q=3}] real=[{agg=1546 pas=1540 @107 q=5}, {agg=1546 pas=1538 @107 q=5}]
  BUG   step 1887 [SUBMIT id=1555 SELL LIMIT FOK px=107 q=2 stg=1] field=trades shadow=[{agg=1555 pas=1551 @108 q=1}, {agg=1555 pas=1540 @107 q=1}] real=[{agg=1555 pas=1551 @108 q=1}, {agg=1555 pas=1538 @107 q=1}]
  BUG   step 1888 [AMEND id=1540 px=106 qty=0] field=bestBid shadow=106 real=107
  BUG   step 1889 [SUBMIT id=1556 SELL STP_MKT FOK px=0 q=3 sp=105] field=bestBid shadow=106 real=107
  BUG   step 1890 [SUBMIT id=1557 BUY STP_MKT FOK px=0 q=8 sp=108] field=bestBid shadow=106 real=107
  BUG   step 1891 [AMEND id=1540 px=99 qty=0] field=bestBid shadow=99 real=107
  BUG   step 1892 [SUBMIT id=1558 BUY STP_MKT FOK px=0 q=10 sp=105] field=bestBid shadow=99 real=107
  BUG   step 1893 [CANCEL id=1540] field=cancelled shadow=[{1540:USER_REQUESTED}] real=[]
  BUG   step 1893 [CANCEL id=1540] field=bestBid shadow=0 real=107
  BUG   step 1893 [CANCEL id=1540] field=orderCount shadow=0 real=1
  BUG   step 1894 [SUBMIT id=1559 SELL LIMIT GTC px=108 q=8 mq=7] field=bestBid shadow=0 real=107
  BUG   step 1894 [SUBMIT id=1559 SELL LIMIT GTC px=108 q=8 mq=7] field=orderCount shadow=0 real=1
  BUG   step 1895 [SUBMIT id=1560 SELL STP_MKT FOK px=0 q=20 sp=106] field=bestBid shadow=0 real=107
  BUG   step 1895 [SUBMIT id=1560 SELL STP_MKT FOK px=0 q=20 sp=106] field=orderCount shadow=0 real=1
  BUG   step 1896 [SUBMIT id=1561 SELL LIMIT FOK px=109 q=20] field=bestBid shadow=0 real=107
  BUG   step 1896 [SUBMIT id=1561 SELL LIMIT FOK px=109 q=20] field=orderCount shadow=0 real=1
  BUG   step 1897 [SUBMIT id=1562 BUY LIMIT IOC px=110 q=15] field=bestBid shadow=0 real=107
  BUG   step 1897 [SUBMIT id=1562 BUY LIMIT IOC px=110 q=15] field=orderCount shadow=0 real=1
  (halting after 20 BUG divergences)

=========================================================
  Shadow Model Test Report
=========================================================
  Steps run:         1898
  Submits:           1563
  Cancels:           203
  Amends:            132
  Trades produced:   381
  Divergences total: 22  (BUG=22  KNOWN=0)

  Divergence details (first 30):
    [BUG  ] step 1875 [SUBMIT id=1545 SELL LIMIT GTC px=102 q=8] trades:
          shadow = [{agg=1545 pas=1538 @107 q=8}]
          real   = [{agg=1545 pas=1540 @107 q=8}]
    [BUG  ] step 1876 [SUBMIT id=1546 SELL LIMIT DAY px=102 q=10] trades:
          shadow = [{agg=1546 pas=1538 @107 q=7}, {agg=1546 pas=1540 @107 q=3}]
          real   = [{agg=1546 pas=1540 @107 q=5}, {agg=1546 pas=1538 @107 q=5}]
    [BUG  ] step 1887 [SUBMIT id=1555 SELL LIMIT FOK px=107 q=2 stg=1] trades:
          shadow = [{agg=1555 pas=1551 @108 q=1}, {agg=1555 pas=1540 @107 q=1}]
          real   = [{agg=1555 pas=1551 @108 q=1}, {agg=1555 pas=1538 @107 q=1}]
    [BUG  ] step 1888 [AMEND id=1540 px=106 qty=0] bestBid:
          shadow = 106
          real   = 107
    [BUG  ] step 1889 [SUBMIT id=1556 SELL STP_MKT FOK px=0 q=3 sp=105] bestBid:
          shadow = 106
          real   = 107
    [BUG  ] step 1890 [SUBMIT id=1557 BUY STP_MKT FOK px=0 q=8 sp=108] bestBid:
          shadow = 106
          real   = 107
    [BUG  ] step 1891 [AMEND id=1540 px=99 qty=0] bestBid:
          shadow = 99
          real   = 107
    [BUG  ] step 1892 [SUBMIT id=1558 BUY STP_MKT FOK px=0 q=10 sp=105] bestBid:
          shadow = 99
          real   = 107
    [BUG  ] step 1893 [CANCEL id=1540] cancelled:
          shadow = [{1540:USER_REQUESTED}]
          real   = []
    [BUG  ] step 1893 [CANCEL id=1540] bestBid:
          shadow = 0
          real   = 107
    [BUG  ] step 1893 [CANCEL id=1540] orderCount:
          shadow = 0
          real   = 1
    [BUG  ] step 1894 [SUBMIT id=1559 SELL LIMIT GTC px=108 q=8 mq=7] bestBid:
          shadow = 0
          real   = 107
    [BUG  ] step 1894 [SUBMIT id=1559 SELL LIMIT GTC px=108 q=8 mq=7] orderCount:
          shadow = 0
          real   = 1
    [BUG  ] step 1895 [SUBMIT id=1560 SELL STP_MKT FOK px=0 q=20 sp=106] bestBid:
          shadow = 0
          real   = 107
    [BUG  ] step 1895 [SUBMIT id=1560 SELL STP_MKT FOK px=0 q=20 sp=106] orderCount:
          shadow = 0
          real   = 1
    [BUG  ] step 1896 [SUBMIT id=1561 SELL LIMIT FOK px=109 q=20] bestBid:
          shadow = 0
          real   = 107
    [BUG  ] step 1896 [SUBMIT id=1561 SELL LIMIT FOK px=109 q=20] orderCount:
          shadow = 0
          real   = 1
    [BUG  ] step 1897 [SUBMIT id=1562 BUY LIMIT IOC px=110 q=15] bestBid:
          shadow = 0
          real   = 107
    [BUG  ] step 1897 [SUBMIT id=1562 BUY LIMIT IOC px=110 q=15] orderCount:
          shadow = 0
          real   = 1
    [BUG  ] step 1898 [SUBMIT id=1563 SELL LIMIT DAY px=96 q=2] trades:
          shadow = []
          real   = [{agg=1563 pas=1538 @107 q=2}]
    [BUG  ] step 1898 [SUBMIT id=1563 SELL LIMIT DAY px=96 q=2] bestBid:
          shadow = 0
          real   = 107
    [BUG  ] step 1898 [SUBMIT id=1563 SELL LIMIT DAY px=96 q=2] bestAsk:
          shadow = 96
          real   = 0

  Result: FAIL
=========================================================
