Shadow Model Test
  Steps: 5000000
  Seed:  492

  BUG   step 1308 [SUBMIT id=1098 SELL MARKET IOC px=0 q=10] field=trades shadow=[{agg=1098 pas=1085 @108 q=3}, {agg=1098 pas=1086 @107 q=7}] real=[{agg=1098 pas=1085 @108 q=3}, {agg=1098 pas=1087 @107 q=2}, {agg=1098 pas=1086 @107 q=5}]
  BUG   step 1315 [SUBMIT id=1103 SELL LIMIT IOC px=102 q=20] field=trades shadow=[{agg=1103 pas=1086 @107 q=10}, {agg=1103 pas=1099 @107 q=5}, {agg=1103 pas=1099 @107 q=5}] real=[{agg=1103 pas=1086 @107 q=12}, {agg=1103 pas=1099 @107 q=5}, {agg=1103 pas=1099 @107 q=3}]
  BUG   step 1315 [SUBMIT id=1103 SELL LIMIT IOC px=102 q=20] field=bestBid shadow=104 real=107
  BUG   step 1315 [SUBMIT id=1103 SELL LIMIT IOC px=102 q=20] field=orderCount shadow=1 real=2
  BUG   step 1316 [SUBMIT id=1104 SELL MARKET FOK px=0 q=2] field=trades shadow=[] real=[{agg=1104 pas=1099 @107 q=2}]
  BUG   step 1316 [SUBMIT id=1104 SELL MARKET FOK px=0 q=2] field=cancelled shadow=[{1104:FOK_NOT_SATISFIABLE}] real=[]
  BUG   step 2083 [SUBMIT id=1730 BUY MARKET IOC px=0 q=10] field=trades shadow=[{agg=1730 pas=1722 @99 q=5}, {agg=1729 pas=1706 @102 q=3}, {agg=1723 pas=1706 @102 q=17}, {agg=1723 pas=1708 @102 q=3}, {agg=1730 pas=1725 @99 q=5}] real=[{agg=1730 pas=1722 @99 q=5}, {agg=1729 pas=1708 @102 q=3}, {agg=1723 pas=1706 @102 q=20}, {agg=1730 pas=1725 @99 q=5}]
  BUG   step 3931 [SUBMIT id=3246 SELL LIMIT FOK px=110 q=15] field=trades shadow=[{agg=3246 pas=3220 @110 q=15}] real=[{agg=3246 pas=3239 @110 q=5}, {agg=3246 pas=3241 @110 q=2}, {agg=3246 pas=3220 @110 q=8}]
  BUG   step 3931 [SUBMIT id=3246 SELL LIMIT FOK px=110 q=15] field=orderCount shadow=6 real=4
  BUG   step 3932 [CANCEL id=3239] field=cancelled shadow=[{3239:USER_REQUESTED}] real=[]
  BUG   step 3932 [CANCEL id=3239] field=orderCount shadow=5 real=4
  BUG   step 3933 [SUBMIT id=3247 BUY LIMIT GTC px=105 q=20 PO] field=orderCount shadow=6 real=5
  BUG   step 3934 [SUBMIT id=3248 SELL LIMIT FOK px=111 q=15] field=orderCount shadow=6 real=5
  BUG   step 3935 [SUBMIT id=3249 BUY STP_LIM IOC px=111 q=1 sp=102] field=orderCount shadow=6 real=5
  BUG   step 3936 [AMEND id=3247 px=102 qty=9] field=orderCount shadow=6 real=5
  BUG   step 3937 [SUBMIT id=3250 SELL STP_LIM GTC px=105 q=15 sp=105] field=orderCount shadow=6 real=5
  BUG   step 3938 [SUBMIT id=3251 SELL STP_LIM DAY px=110 q=2 sp=100] field=orderCount shadow=6 real=5
  BUG   step 3939 [SUBMIT id=3252 SELL STP_LIM DAY px=109 q=15 sp=105] field=orderCount shadow=6 real=5
  BUG   step 3940 [SUBMIT id=3253 BUY MARKET IOC px=0 q=15] field=orderCount shadow=6 real=5
  BUG   step 3941 [SUBMIT id=3254 SELL MARKET IOC px=0 q=20 stg=1] field=trades shadow=[{agg=3254 pas=3220 @110 q=5}, {agg=3254 pas=3241 @110 q=2}, {agg=3254 pas=3238 @106 q=1}, {agg=3254 pas=3216 @102 q=5}, {agg=3254 pas=3247 @102 q=7}] real=[{agg=3254 pas=3220 @110 q=12}, {agg=3254 pas=3238 @106 q=1}, {agg=3254 pas=3216 @102 q=5}, {agg=3254 pas=3247 @102 q=2}]
  (halting after 20 BUG divergences)

=========================================================
  Shadow Model Test Report
=========================================================
  Steps run:         3941
  Submits:           3254
  Cancels:           406
  Amends:            281
  Trades produced:   733
  Divergences total: 20  (BUG=20  KNOWN=0)

  Divergence details (first 30):
    [BUG  ] step 1308 [SUBMIT id=1098 SELL MARKET IOC px=0 q=10] trades:
          shadow = [{agg=1098 pas=1085 @108 q=3}, {agg=1098 pas=1086 @107 q=7}]
          real   = [{agg=1098 pas=1085 @108 q=3}, {agg=1098 pas=1087 @107 q=2}, {agg=1098 pas=1086 @107 q=5}]
    [BUG  ] step 1315 [SUBMIT id=1103 SELL LIMIT IOC px=102 q=20] trades:
          shadow = [{agg=1103 pas=1086 @107 q=10}, {agg=1103 pas=1099 @107 q=5}, {agg=1103 pas=1099 @107 q=5}]
          real   = [{agg=1103 pas=1086 @107 q=12}, {agg=1103 pas=1099 @107 q=5}, {agg=1103 pas=1099 @107 q=3}]
    [BUG  ] step 1315 [SUBMIT id=1103 SELL LIMIT IOC px=102 q=20] bestBid:
          shadow = 104
          real   = 107
    [BUG  ] step 1315 [SUBMIT id=1103 SELL LIMIT IOC px=102 q=20] orderCount:
          shadow = 1
          real   = 2
    [BUG  ] step 1316 [SUBMIT id=1104 SELL MARKET FOK px=0 q=2] trades:
          shadow = []
          real   = [{agg=1104 pas=1099 @107 q=2}]
    [BUG  ] step 1316 [SUBMIT id=1104 SELL MARKET FOK px=0 q=2] cancelled:
          shadow = [{1104:FOK_NOT_SATISFIABLE}]
          real   = []
    [BUG  ] step 2083 [SUBMIT id=1730 BUY MARKET IOC px=0 q=10] trades:
          shadow = [{agg=1730 pas=1722 @99 q=5}, {agg=1729 pas=1706 @102 q=3}, {agg=1723 pas=1706 @102 q=17}, {agg=1723 pas=1708 @102 q=3}, {agg=1730 pas=1725 @99 q=5}]
          real   = [{agg=1730 pas=1722 @99 q=5}, {agg=1729 pas=1708 @102 q=3}, {agg=1723 pas=1706 @102 q=20}, {agg=1730 pas=1725 @99 q=5}]
    [BUG  ] step 3931 [SUBMIT id=3246 SELL LIMIT FOK px=110 q=15] trades:
          shadow = [{agg=3246 pas=3220 @110 q=15}]
          real   = [{agg=3246 pas=3239 @110 q=5}, {agg=3246 pas=3241 @110 q=2}, {agg=3246 pas=3220 @110 q=8}]
    [BUG  ] step 3931 [SUBMIT id=3246 SELL LIMIT FOK px=110 q=15] orderCount:
          shadow = 6
          real   = 4
    [BUG  ] step 3932 [CANCEL id=3239] cancelled:
          shadow = [{3239:USER_REQUESTED}]
          real   = []
    [BUG  ] step 3932 [CANCEL id=3239] orderCount:
          shadow = 5
          real   = 4
    [BUG  ] step 3933 [SUBMIT id=3247 BUY LIMIT GTC px=105 q=20 PO] orderCount:
          shadow = 6
          real   = 5
    [BUG  ] step 3934 [SUBMIT id=3248 SELL LIMIT FOK px=111 q=15] orderCount:
          shadow = 6
          real   = 5
    [BUG  ] step 3935 [SUBMIT id=3249 BUY STP_LIM IOC px=111 q=1 sp=102] orderCount:
          shadow = 6
          real   = 5
    [BUG  ] step 3936 [AMEND id=3247 px=102 qty=9] orderCount:
          shadow = 6
          real   = 5
    [BUG  ] step 3937 [SUBMIT id=3250 SELL STP_LIM GTC px=105 q=15 sp=105] orderCount:
          shadow = 6
          real   = 5
    [BUG  ] step 3938 [SUBMIT id=3251 SELL STP_LIM DAY px=110 q=2 sp=100] orderCount:
          shadow = 6
          real   = 5
    [BUG  ] step 3939 [SUBMIT id=3252 SELL STP_LIM DAY px=109 q=15 sp=105] orderCount:
          shadow = 6
          real   = 5
    [BUG  ] step 3940 [SUBMIT id=3253 BUY MARKET IOC px=0 q=15] orderCount:
          shadow = 6
          real   = 5
    [BUG  ] step 3941 [SUBMIT id=3254 SELL MARKET IOC px=0 q=20 stg=1] trades:
          shadow = [{agg=3254 pas=3220 @110 q=5}, {agg=3254 pas=3241 @110 q=2}, {agg=3254 pas=3238 @106 q=1}, {agg=3254 pas=3216 @102 q=5}, {agg=3254 pas=3247 @102 q=7}]
          real   = [{agg=3254 pas=3220 @110 q=12}, {agg=3254 pas=3238 @106 q=1}, {agg=3254 pas=3216 @102 q=5}, {agg=3254 pas=3247 @102 q=2}]

  Result: FAIL
=========================================================
