Shadow Model Test
  Steps: 5000000
  Seed:  17

  BUG   step 3231 [SUBMIT id=2683 BUY LIMIT IOC px=95 q=3] field=trades shadow=[{agg=2683 pas=2675 @95 q=3}] real=[{agg=2683 pas=2681 @95 q=3}]
  BUG   step 3237 [SUBMIT id=2687 BUY MARKET IOC px=0 q=8] field=trades shadow=[{agg=2687 pas=2681 @95 q=7}, {agg=2687 pas=2678 @106 q=1}] real=[{agg=2687 pas=2681 @95 q=4}, {agg=2687 pas=2678 @106 q=4}]
  BUG   step 7268 [SUBMIT id=5980 BUY MARKET IOC px=0 q=2] field=trades shadow=[{agg=5980 pas=5792 @97 q=2}] real=[{agg=5980 pas=5967 @97 q=2}]
  BUG   step 7291 [SUBMIT id=5996 BUY STP_MKT IOC px=0 q=3 sp=97 stg=1] field=trades shadow=[{agg=5996 pas=5967 @97 q=3}] real=[{agg=5996 pas=5967 @97 q=1}, {agg=5996 pas=5995 @98 q=1}, {agg=5984 pas=5858 @100 q=5}, {agg=5984 pas=5865 @104 q=2}, {agg=5961 pas=5951 @105 q=2}, {agg=5991 pas=5945 @106 q=10}, {agg=5961 pas=5945 @106 q=3}, {agg=5965 pas=5945 @106 q=2}, {agg=5965 pas=5919 @107 q=8}, {agg=5965 pas=5983 @107 q=5}, {agg=5984 pas=5951 @105 q=1}, {agg=5996 pas=3678 @99 q=1}]
  BUG   step 7291 [SUBMIT id=5996 BUY STP_MKT IOC px=0 q=3 sp=97 stg=1] field=cancelled shadow=[] real=[{5950:FOK_NOT_SATISFIABLE}, {5970:FOK_NOT_SATISFIABLE}]
  BUG   step 7291 [SUBMIT id=5996 BUY STP_MKT IOC px=0 q=3 sp=97 stg=1] field=bestAsk shadow=98 real=107
  BUG   step 7291 [SUBMIT id=5996 BUY STP_MKT IOC px=0 q=3 sp=97 stg=1] field=orderCount shadow=10 real=3
  BUG   step 7291 [SUBMIT id=5996 BUY STP_MKT IOC px=0 q=3 sp=97 stg=1] field=lastTradePrice shadow=97 real=99
  BUG   step 7291 [SUBMIT id=5996 BUY STP_MKT IOC px=0 q=3 sp=97 stg=1] field=stopCount shadow=101 real=95
  BUG   step 7292 [CANCEL id=5858] field=cancelled shadow=[{5858:USER_REQUESTED}] real=[]
  BUG   step 7292 [CANCEL id=5858] field=bestAsk shadow=98 real=107
  BUG   step 7292 [CANCEL id=5858] field=orderCount shadow=9 real=3
  BUG   step 7292 [CANCEL id=5858] field=lastTradePrice shadow=97 real=99
  BUG   step 7292 [CANCEL id=5858] field=stopCount shadow=101 real=95
  BUG   step 7293 [SUBMIT id=5997 BUY STP_LIM DAY px=97 q=3 sp=105] field=bestAsk shadow=98 real=107
  BUG   step 7293 [SUBMIT id=5997 BUY STP_LIM DAY px=97 q=3 sp=105] field=orderCount shadow=9 real=3
  BUG   step 7293 [SUBMIT id=5997 BUY STP_LIM DAY px=97 q=3 sp=105] field=lastTradePrice shadow=97 real=99
  BUG   step 7293 [SUBMIT id=5997 BUY STP_LIM DAY px=97 q=3 sp=105] field=stopCount shadow=102 real=96
  (halting after 20 BUG divergences)

=========================================================
  Shadow Model Test Report
=========================================================
  Steps run:         7294
  Submits:           5998
  Cancels:           781
  Amends:            515
  Trades produced:   1367
  Divergences total: 22  (BUG=22  KNOWN=0)

  Divergence details (first 30):
    [BUG  ] step 3231 [SUBMIT id=2683 BUY LIMIT IOC px=95 q=3] trades:
          shadow = [{agg=2683 pas=2675 @95 q=3}]
          real   = [{agg=2683 pas=2681 @95 q=3}]
    [BUG  ] step 3237 [SUBMIT id=2687 BUY MARKET IOC px=0 q=8] trades:
          shadow = [{agg=2687 pas=2681 @95 q=7}, {agg=2687 pas=2678 @106 q=1}]
          real   = [{agg=2687 pas=2681 @95 q=4}, {agg=2687 pas=2678 @106 q=4}]
    [BUG  ] step 7268 [SUBMIT id=5980 BUY MARKET IOC px=0 q=2] trades:
          shadow = [{agg=5980 pas=5792 @97 q=2}]
          real   = [{agg=5980 pas=5967 @97 q=2}]
    [BUG  ] step 7291 [SUBMIT id=5996 BUY STP_MKT IOC px=0 q=3 sp=97 stg=1] trades:
          shadow = [{agg=5996 pas=5967 @97 q=3}]
          real   = [{agg=5996 pas=5967 @97 q=1}, {agg=5996 pas=5995 @98 q=1}, {agg=5984 pas=5858 @100 q=5}, {agg=5984 pas=5865 @104 q=2}, {agg=5961 pas=5951 @105 q=2}, {agg=5991 pas=5945 @106 q=10}, {agg=5961 pas=5945 @106 q=3}, {agg=5965 pas=5945 @106 q=2}, {agg=5965 pas=5919 @107 q=8}, {agg=5965 pas=5983 @107 q=5}, {agg=5984 pas=5951 @105 q=1}, {agg=5996 pas=3678 @99 q=1}]
    [BUG  ] step 7291 [SUBMIT id=5996 BUY STP_MKT IOC px=0 q=3 sp=97 stg=1] cancelled:
          shadow = []
          real   = [{5950:FOK_NOT_SATISFIABLE}, {5970:FOK_NOT_SATISFIABLE}]
    [BUG  ] step 7291 [SUBMIT id=5996 BUY STP_MKT IOC px=0 q=3 sp=97 stg=1] bestAsk:
          shadow = 98
          real   = 107
    [BUG  ] step 7291 [SUBMIT id=5996 BUY STP_MKT IOC px=0 q=3 sp=97 stg=1] orderCount:
          shadow = 10
          real   = 3
    [BUG  ] step 7291 [SUBMIT id=5996 BUY STP_MKT IOC px=0 q=3 sp=97 stg=1] lastTradePrice:
          shadow = 97
          real   = 99
    [BUG  ] step 7291 [SUBMIT id=5996 BUY STP_MKT IOC px=0 q=3 sp=97 stg=1] stopCount:
          shadow = 101
          real   = 95
    [BUG  ] step 7292 [CANCEL id=5858] cancelled:
          shadow = [{5858:USER_REQUESTED}]
          real   = []
    [BUG  ] step 7292 [CANCEL id=5858] bestAsk:
          shadow = 98
          real   = 107
    [BUG  ] step 7292 [CANCEL id=5858] orderCount:
          shadow = 9
          real   = 3
    [BUG  ] step 7292 [CANCEL id=5858] lastTradePrice:
          shadow = 97
          real   = 99
    [BUG  ] step 7292 [CANCEL id=5858] stopCount:
          shadow = 101
          real   = 95
    [BUG  ] step 7293 [SUBMIT id=5997 BUY STP_LIM DAY px=97 q=3 sp=105] bestAsk:
          shadow = 98
          real   = 107
    [BUG  ] step 7293 [SUBMIT id=5997 BUY STP_LIM DAY px=97 q=3 sp=105] orderCount:
          shadow = 9
          real   = 3
    [BUG  ] step 7293 [SUBMIT id=5997 BUY STP_LIM DAY px=97 q=3 sp=105] lastTradePrice:
          shadow = 97
          real   = 99
    [BUG  ] step 7293 [SUBMIT id=5997 BUY STP_LIM DAY px=97 q=3 sp=105] stopCount:
          shadow = 102
          real   = 96
    [BUG  ] step 7294 [SUBMIT id=5998 BUY LIMIT DAY px=103 q=5 dq=4] trades:
          shadow = [{agg=5998 pas=5995 @98 q=1}, {agg=5984 pas=5865 @104 q=2}, {agg=5961 pas=5945 @106 q=5}, {agg=5991 pas=5945 @106 q=7}, {agg=5991 pas=5919 @107 q=3}, {agg=5965 pas=5919 @107 q=5}, {agg=5965 pas=5983 @107 q=10}, {agg=5984 pas=5951 @105 q=3}, {agg=5984 pas=5945 @106 q=3}, {agg=5998 pas=3678 @99 q=1}]
          real   = []
    [BUG  ] step 7294 [SUBMIT id=5998 BUY LIMIT DAY px=103 q=5 dq=4] cancelled:
          shadow = [{5950:FOK_NOT_SATISFIABLE}, {5970:FOK_NOT_SATISFIABLE}]
          real   = []
    [BUG  ] step 7294 [SUBMIT id=5998 BUY LIMIT DAY px=103 q=5 dq=4] orderCount:
          shadow = 5
          real   = 4
    [BUG  ] step 7294 [SUBMIT id=5998 BUY LIMIT DAY px=103 q=5 dq=4] stopCount:
          shadow = 95
          real   = 96

  Result: FAIL
=========================================================
