Shadow Model Test
  Steps: 5000000
  Seed:  142

  BUG   step 278 [SUBMIT id=238 BUY STP_MKT IOC px=0 q=2 sp=95] field=trades shadow=[{agg=238 pas=127 @103 q=2}] real=[{agg=238 pas=219 @103 q=2}]
  BUG   step 278 [SUBMIT id=238 BUY STP_MKT IOC px=0 q=2 sp=95] field=orderCount shadow=4 real=3
  BUG   step 279 [SUBMIT id=239 BUY LIMIT GTC px=99 q=15 PO] field=orderCount shadow=5 real=4
  BUG   step 280 [SUBMIT id=240 SELL LIMIT FOK px=101 q=8] field=orderCount shadow=5 real=4
  BUG   step 281 [SUBMIT id=241 SELL STP_LIM FOK px=103 q=3 sp=102] field=orderCount shadow=5 real=4
  BUG   step 282 [SUBMIT id=242 SELL MTL DAY px=99 q=3] field=orderCount shadow=5 real=4
  BUG   step 283 [AMEND id=127 px=0 qty=7] field=orderCount shadow=5 real=4
  BUG   step 284 [SUBMIT id=243 SELL STP_MKT IOC px=0 q=8 sp=102] field=orderCount shadow=5 real=4
  BUG   step 285 [SUBMIT id=244 SELL STP_LIM GTC px=98 q=3 sp=102] field=orderCount shadow=5 real=4
  BUG   step 286 [SUBMIT id=245 SELL LIMIT DAY px=103 q=15] field=orderCount shadow=6 real=5
  BUG   step 287 [SUBMIT id=246 BUY STP_MKT FOK px=0 q=8 sp=98] field=trades shadow=[{agg=246 pas=219 @103 q=2}, {agg=246 pas=127 @103 q=6}] real=[{agg=246 pas=127 @103 q=7}, {agg=246 pas=245 @103 q=1}]
  BUG   step 287 [SUBMIT id=246 BUY STP_MKT FOK px=0 q=8 sp=98] field=orderCount shadow=5 real=4
  BUG   step 288 [SUBMIT id=247 BUY MARKET IOC px=0 q=10] field=trades shadow=[{agg=247 pas=127 @103 q=1}, {agg=247 pas=245 @103 q=9}] real=[{agg=247 pas=245 @103 q=10}]
  BUG   step 1746 [SUBMIT id=1431 SELL LIMIT IOC px=105 q=10] field=trades shadow=[{agg=1431 pas=1430 @110 q=8}, {agg=1431 pas=1128 @109 q=2}] real=[{agg=1431 pas=1430 @110 q=8}, {agg=1431 pas=1428 @109 q=2}]
  BUG   step 1746 [SUBMIT id=1431 SELL LIMIT IOC px=105 q=10] field=orderCount shadow=3 real=2
  BUG   step 1747 [SUBMIT id=1432 BUY STP_LIM GTC px=109 q=2 sp=102] field=orderCount shadow=4 real=3
  BUG   step 1748 [SUBMIT id=1433 SELL MTL DAY px=97 q=3] field=orderCount shadow=4 real=3
  BUG   step 1749 [SUBMIT id=1434 BUY STP_MKT FOK px=0 q=5 sp=102] field=orderCount shadow=4 real=3
  BUG   step 1750 [SUBMIT id=1435 BUY LIMIT IOC px=109 q=2] field=orderCount shadow=4 real=3
  BUG   step 1751 [CANCEL id=1128] field=orderCount shadow=3 real=2
  (halting after 20 BUG divergences)

=========================================================
  Shadow Model Test Report
=========================================================
  Steps run:         1751
  Submits:           1435
  Cancels:           189
  Amends:            127
  Trades produced:   386
  Divergences total: 20  (BUG=20  KNOWN=0)

  Divergence details (first 30):
    [BUG  ] step 278 [SUBMIT id=238 BUY STP_MKT IOC px=0 q=2 sp=95] trades:
          shadow = [{agg=238 pas=127 @103 q=2}]
          real   = [{agg=238 pas=219 @103 q=2}]
    [BUG  ] step 278 [SUBMIT id=238 BUY STP_MKT IOC px=0 q=2 sp=95] orderCount:
          shadow = 4
          real   = 3
    [BUG  ] step 279 [SUBMIT id=239 BUY LIMIT GTC px=99 q=15 PO] orderCount:
          shadow = 5
          real   = 4
    [BUG  ] step 280 [SUBMIT id=240 SELL LIMIT FOK px=101 q=8] orderCount:
          shadow = 5
          real   = 4
    [BUG  ] step 281 [SUBMIT id=241 SELL STP_LIM FOK px=103 q=3 sp=102] orderCount:
          shadow = 5
          real   = 4
    [BUG  ] step 282 [SUBMIT id=242 SELL MTL DAY px=99 q=3] orderCount:
          shadow = 5
          real   = 4
    [BUG  ] step 283 [AMEND id=127 px=0 qty=7] orderCount:
          shadow = 5
          real   = 4
    [BUG  ] step 284 [SUBMIT id=243 SELL STP_MKT IOC px=0 q=8 sp=102] orderCount:
          shadow = 5
          real   = 4
    [BUG  ] step 285 [SUBMIT id=244 SELL STP_LIM GTC px=98 q=3 sp=102] orderCount:
          shadow = 5
          real   = 4
    [BUG  ] step 286 [SUBMIT id=245 SELL LIMIT DAY px=103 q=15] orderCount:
          shadow = 6
          real   = 5
    [BUG  ] step 287 [SUBMIT id=246 BUY STP_MKT FOK px=0 q=8 sp=98] trades:
          shadow = [{agg=246 pas=219 @103 q=2}, {agg=246 pas=127 @103 q=6}]
          real   = [{agg=246 pas=127 @103 q=7}, {agg=246 pas=245 @103 q=1}]
    [BUG  ] step 287 [SUBMIT id=246 BUY STP_MKT FOK px=0 q=8 sp=98] orderCount:
          shadow = 5
          real   = 4
    [BUG  ] step 288 [SUBMIT id=247 BUY MARKET IOC px=0 q=10] trades:
          shadow = [{agg=247 pas=127 @103 q=1}, {agg=247 pas=245 @103 q=9}]
          real   = [{agg=247 pas=245 @103 q=10}]
    [BUG  ] step 1746 [SUBMIT id=1431 SELL LIMIT IOC px=105 q=10] trades:
          shadow = [{agg=1431 pas=1430 @110 q=8}, {agg=1431 pas=1128 @109 q=2}]
          real   = [{agg=1431 pas=1430 @110 q=8}, {agg=1431 pas=1428 @109 q=2}]
    [BUG  ] step 1746 [SUBMIT id=1431 SELL LIMIT IOC px=105 q=10] orderCount:
          shadow = 3
          real   = 2
    [BUG  ] step 1747 [SUBMIT id=1432 BUY STP_LIM GTC px=109 q=2 sp=102] orderCount:
          shadow = 4
          real   = 3
    [BUG  ] step 1748 [SUBMIT id=1433 SELL MTL DAY px=97 q=3] orderCount:
          shadow = 4
          real   = 3
    [BUG  ] step 1749 [SUBMIT id=1434 BUY STP_MKT FOK px=0 q=5 sp=102] orderCount:
          shadow = 4
          real   = 3
    [BUG  ] step 1750 [SUBMIT id=1435 BUY LIMIT IOC px=109 q=2] orderCount:
          shadow = 4
          real   = 3
    [BUG  ] step 1751 [CANCEL id=1128] orderCount:
          shadow = 3
          real   = 2

  Result: FAIL
=========================================================
