Shadow Model Test
  Steps: 5000000
  Seed:  212

  BUG   step 2166 [SUBMIT id=1757 SELL LIMIT DAY px=95 q=10 stg=2] field=trades shadow=[{agg=1757 pas=1715 @100 q=5}] real=[]
  BUG   step 2166 [SUBMIT id=1757 SELL LIMIT DAY px=95 q=10 stg=2] field=orderCount shadow=2 real=3
  BUG   step 2166 [SUBMIT id=1757 SELL LIMIT DAY px=95 q=10 stg=2] field=lastTradePrice shadow=100 real=107
  BUG   step 2167 [SUBMIT id=1758 BUY MTL GTC px=99 q=20] field=orderCount shadow=2 real=3
  BUG   step 2167 [SUBMIT id=1758 BUY MTL GTC px=99 q=20] field=lastTradePrice shadow=100 real=107
  BUG   step 2168 [SUBMIT id=1759 SELL STP_MKT FOK px=0 q=8 sp=101] field=trades shadow=[{agg=1759 pas=1739 @100 q=8}] real=[]
  BUG   step 2168 [SUBMIT id=1759 SELL STP_MKT FOK px=0 q=8 sp=101] field=orderCount shadow=2 real=3
  BUG   step 2168 [SUBMIT id=1759 SELL STP_MKT FOK px=0 q=8 sp=101] field=lastTradePrice shadow=100 real=107
  BUG   step 2168 [SUBMIT id=1759 SELL STP_MKT FOK px=0 q=8 sp=101] field=stopCount shadow=40 real=41
  BUG   step 2169 [AMEND id=1753 px=105 qty=0] field=orderCount shadow=2 real=3
  BUG   step 2169 [AMEND id=1753 px=105 qty=0] field=lastTradePrice shadow=100 real=107
  BUG   step 2169 [AMEND id=1753 px=105 qty=0] field=stopCount shadow=40 real=41
  BUG   step 2170 [SUBMIT id=1760 SELL STP_MKT IOC px=0 q=3 sp=101] field=trades shadow=[{agg=1760 pas=1753 @105 q=3}] real=[]
  BUG   step 2170 [SUBMIT id=1760 SELL STP_MKT IOC px=0 q=3 sp=101] field=orderCount shadow=2 real=3
  BUG   step 2170 [SUBMIT id=1760 SELL STP_MKT IOC px=0 q=3 sp=101] field=lastTradePrice shadow=105 real=107
  BUG   step 2170 [SUBMIT id=1760 SELL STP_MKT IOC px=0 q=3 sp=101] field=stopCount shadow=40 real=42
  BUG   step 2171 [SUBMIT id=1761 SELL MTL DAY px=106 q=3] field=orderCount shadow=2 real=3
  BUG   step 2171 [SUBMIT id=1761 SELL MTL DAY px=106 q=3] field=lastTradePrice shadow=105 real=107
  BUG   step 2171 [SUBMIT id=1761 SELL MTL DAY px=106 q=3] field=stopCount shadow=40 real=42
  (halting after 20 BUG divergences)

=========================================================
  Shadow Model Test Report
=========================================================
  Steps run:         2172
  Submits:           1762
  Cancels:           240
  Amends:            170
  Trades produced:   419
  Divergences total: 23  (BUG=23  KNOWN=0)

  Divergence details (first 30):
    [BUG  ] step 2166 [SUBMIT id=1757 SELL LIMIT DAY px=95 q=10 stg=2] trades:
          shadow = [{agg=1757 pas=1715 @100 q=5}]
          real   = []
    [BUG  ] step 2166 [SUBMIT id=1757 SELL LIMIT DAY px=95 q=10 stg=2] orderCount:
          shadow = 2
          real   = 3
    [BUG  ] step 2166 [SUBMIT id=1757 SELL LIMIT DAY px=95 q=10 stg=2] lastTradePrice:
          shadow = 100
          real   = 107
    [BUG  ] step 2167 [SUBMIT id=1758 BUY MTL GTC px=99 q=20] orderCount:
          shadow = 2
          real   = 3
    [BUG  ] step 2167 [SUBMIT id=1758 BUY MTL GTC px=99 q=20] lastTradePrice:
          shadow = 100
          real   = 107
    [BUG  ] step 2168 [SUBMIT id=1759 SELL STP_MKT FOK px=0 q=8 sp=101] trades:
          shadow = [{agg=1759 pas=1739 @100 q=8}]
          real   = []
    [BUG  ] step 2168 [SUBMIT id=1759 SELL STP_MKT FOK px=0 q=8 sp=101] orderCount:
          shadow = 2
          real   = 3
    [BUG  ] step 2168 [SUBMIT id=1759 SELL STP_MKT FOK px=0 q=8 sp=101] lastTradePrice:
          shadow = 100
          real   = 107
    [BUG  ] step 2168 [SUBMIT id=1759 SELL STP_MKT FOK px=0 q=8 sp=101] stopCount:
          shadow = 40
          real   = 41
    [BUG  ] step 2169 [AMEND id=1753 px=105 qty=0] orderCount:
          shadow = 2
          real   = 3
    [BUG  ] step 2169 [AMEND id=1753 px=105 qty=0] lastTradePrice:
          shadow = 100
          real   = 107
    [BUG  ] step 2169 [AMEND id=1753 px=105 qty=0] stopCount:
          shadow = 40
          real   = 41
    [BUG  ] step 2170 [SUBMIT id=1760 SELL STP_MKT IOC px=0 q=3 sp=101] trades:
          shadow = [{agg=1760 pas=1753 @105 q=3}]
          real   = []
    [BUG  ] step 2170 [SUBMIT id=1760 SELL STP_MKT IOC px=0 q=3 sp=101] orderCount:
          shadow = 2
          real   = 3
    [BUG  ] step 2170 [SUBMIT id=1760 SELL STP_MKT IOC px=0 q=3 sp=101] lastTradePrice:
          shadow = 105
          real   = 107
    [BUG  ] step 2170 [SUBMIT id=1760 SELL STP_MKT IOC px=0 q=3 sp=101] stopCount:
          shadow = 40
          real   = 42
    [BUG  ] step 2171 [SUBMIT id=1761 SELL MTL DAY px=106 q=3] orderCount:
          shadow = 2
          real   = 3
    [BUG  ] step 2171 [SUBMIT id=1761 SELL MTL DAY px=106 q=3] lastTradePrice:
          shadow = 105
          real   = 107
    [BUG  ] step 2171 [SUBMIT id=1761 SELL MTL DAY px=106 q=3] stopCount:
          shadow = 40
          real   = 42
    [BUG  ] step 2172 [SUBMIT id=1762 SELL LIMIT DAY px=100 q=8] trades:
          shadow = [{agg=1762 pas=1753 @105 q=2}, {agg=1762 pas=1739 @100 q=2}]
          real   = [{agg=1762 pas=1753 @105 q=5}, {agg=1762 pas=1739 @100 q=3}, {agg=1760 pas=1739 @100 q=2}, {agg=1760 pas=1715 @100 q=1}]
    [BUG  ] step 2172 [SUBMIT id=1762 SELL LIMIT DAY px=100 q=8] cancelled:
          shadow = []
          real   = [{1759:FOK_NOT_SATISFIABLE}]
    [BUG  ] step 2172 [SUBMIT id=1762 SELL LIMIT DAY px=100 q=8] bestBid:
          shadow = 0
          real   = 100
    [BUG  ] step 2172 [SUBMIT id=1762 SELL LIMIT DAY px=100 q=8] bestAsk:
          shadow = 100
          real   = 0

  Result: FAIL
=========================================================
