Shadow Model Test
  Steps: 5000000
  Seed:  352

  BUG   step 627 [SUBMIT id=512 BUY MARKET IOC px=0 q=8] field=trades shadow=[{agg=512 pas=457 @100 q=8}] real=[{agg=512 pas=500 @100 q=1}, {agg=512 pas=457 @100 q=7}]
  BUG   step 627 [SUBMIT id=512 BUY MARKET IOC px=0 q=8] field=orderCount shadow=4 real=3
  BUG   step 628 [SUBMIT id=513 BUY LIMIT DAY px=100 q=2] field=orderCount shadow=4 real=3
  BUG   step 629 [SUBMIT id=514 SELL MARKET IOC px=0 q=15] field=orderCount shadow=3 real=2
  BUG   step 630 [SUBMIT id=515 BUY STP_LIM IOC px=99 q=5 sp=100] field=orderCount shadow=3 real=2
  BUG   step 631 [SUBMIT id=516 SELL LIMIT IOC px=101 q=2] field=orderCount shadow=3 real=2
  BUG   step 632 [SUBMIT id=517 SELL STP_LIM DAY px=99 q=10 sp=100] field=orderCount shadow=4 real=3
  BUG   step 634 [AMEND id=500 px=99 qty=0] field=bestAsk shadow=99 real=100
  BUG   step 635 [SUBMIT id=519 BUY STP_MKT IOC px=0 q=10 sp=101] field=bestAsk shadow=99 real=100
  BUG   step 636 [SUBMIT id=520 BUY LIMIT DAY px=100 q=3] field=trades shadow=[{agg=520 pas=500 @99 q=1}] real=[{agg=520 pas=457 @100 q=1}]
  BUG   step 636 [SUBMIT id=520 BUY LIMIT DAY px=100 q=3] field=lastTradePrice shadow=99 real=100
  BUG   step 637 [SUBMIT id=521 BUY STP_MKT IOC px=0 q=8 sp=102] field=lastTradePrice shadow=99 real=100
  BUG   step 638 [SUBMIT id=522 BUY LIMIT FOK px=99 q=20] field=lastTradePrice shadow=99 real=100
  BUG   step 639 [CANCEL id=469] field=lastTradePrice shadow=99 real=100
  BUG   step 640 [SUBMIT id=523 SELL MTL GTC px=99 q=5 stg=1] field=lastTradePrice shadow=99 real=100
  BUG   step 641 [SUBMIT id=524 SELL STP_LIM IOC px=99 q=3 sp=99] field=trades shadow=[{agg=524 pas=520 @100 q=2}] real=[]
  BUG   step 641 [SUBMIT id=524 SELL STP_LIM IOC px=99 q=3 sp=99] field=cancelled shadow=[{524:IOC_REMAINDER}] real=[]
  BUG   step 641 [SUBMIT id=524 SELL STP_LIM IOC px=99 q=3 sp=99] field=bestBid shadow=0 real=100
  BUG   step 641 [SUBMIT id=524 SELL STP_LIM IOC px=99 q=3 sp=99] field=orderCount shadow=0 real=1
  BUG   step 641 [SUBMIT id=524 SELL STP_LIM IOC px=99 q=3 sp=99] field=stopCount shadow=21 real=22
  (halting after 20 BUG divergences)

=========================================================
  Shadow Model Test Report
=========================================================
  Steps run:         641
  Submits:           524
  Cancels:           72
  Amends:            45
  Trades produced:   122
  Divergences total: 20  (BUG=20  KNOWN=0)

  Divergence details (first 30):
    [BUG  ] step 627 [SUBMIT id=512 BUY MARKET IOC px=0 q=8] trades:
          shadow = [{agg=512 pas=457 @100 q=8}]
          real   = [{agg=512 pas=500 @100 q=1}, {agg=512 pas=457 @100 q=7}]
    [BUG  ] step 627 [SUBMIT id=512 BUY MARKET IOC px=0 q=8] orderCount:
          shadow = 4
          real   = 3
    [BUG  ] step 628 [SUBMIT id=513 BUY LIMIT DAY px=100 q=2] orderCount:
          shadow = 4
          real   = 3
    [BUG  ] step 629 [SUBMIT id=514 SELL MARKET IOC px=0 q=15] orderCount:
          shadow = 3
          real   = 2
    [BUG  ] step 630 [SUBMIT id=515 BUY STP_LIM IOC px=99 q=5 sp=100] orderCount:
          shadow = 3
          real   = 2
    [BUG  ] step 631 [SUBMIT id=516 SELL LIMIT IOC px=101 q=2] orderCount:
          shadow = 3
          real   = 2
    [BUG  ] step 632 [SUBMIT id=517 SELL STP_LIM DAY px=99 q=10 sp=100] orderCount:
          shadow = 4
          real   = 3
    [BUG  ] step 634 [AMEND id=500 px=99 qty=0] bestAsk:
          shadow = 99
          real   = 100
    [BUG  ] step 635 [SUBMIT id=519 BUY STP_MKT IOC px=0 q=10 sp=101] bestAsk:
          shadow = 99
          real   = 100
    [BUG  ] step 636 [SUBMIT id=520 BUY LIMIT DAY px=100 q=3] trades:
          shadow = [{agg=520 pas=500 @99 q=1}]
          real   = [{agg=520 pas=457 @100 q=1}]
    [BUG  ] step 636 [SUBMIT id=520 BUY LIMIT DAY px=100 q=3] lastTradePrice:
          shadow = 99
          real   = 100
    [BUG  ] step 637 [SUBMIT id=521 BUY STP_MKT IOC px=0 q=8 sp=102] lastTradePrice:
          shadow = 99
          real   = 100
    [BUG  ] step 638 [SUBMIT id=522 BUY LIMIT FOK px=99 q=20] lastTradePrice:
          shadow = 99
          real   = 100
    [BUG  ] step 639 [CANCEL id=469] lastTradePrice:
          shadow = 99
          real   = 100
    [BUG  ] step 640 [SUBMIT id=523 SELL MTL GTC px=99 q=5 stg=1] lastTradePrice:
          shadow = 99
          real   = 100
    [BUG  ] step 641 [SUBMIT id=524 SELL STP_LIM IOC px=99 q=3 sp=99] trades:
          shadow = [{agg=524 pas=520 @100 q=2}]
          real   = []
    [BUG  ] step 641 [SUBMIT id=524 SELL STP_LIM IOC px=99 q=3 sp=99] cancelled:
          shadow = [{524:IOC_REMAINDER}]
          real   = []
    [BUG  ] step 641 [SUBMIT id=524 SELL STP_LIM IOC px=99 q=3 sp=99] bestBid:
          shadow = 0
          real   = 100
    [BUG  ] step 641 [SUBMIT id=524 SELL STP_LIM IOC px=99 q=3 sp=99] orderCount:
          shadow = 0
          real   = 1
    [BUG  ] step 641 [SUBMIT id=524 SELL STP_LIM IOC px=99 q=3 sp=99] stopCount:
          shadow = 21
          real   = 22

  Result: FAIL
=========================================================
