Shadow Model Test
  Steps: 5000000
  Seed:  82

  BUG   step 5959 [SUBMIT id=4967 SELL STP_MKT IOC px=0 q=10 sp=115] field=trades shadow=[{agg=4967 pas=4956 @115 q=3}, {agg=4967 pas=4962 @114 q=5}, {agg=4967 pas=4947 @98 q=2}] real=[{agg=4967 pas=4956 @115 q=3}, {agg=4967 pas=4962 @114 q=5}, {agg=4967 pas=4952 @98 q=2}]
  BUG   step 5959 [SUBMIT id=4967 SELL STP_MKT IOC px=0 q=10 sp=115] field=orderCount shadow=1 real=2
  BUG   step 5960 [CANCEL id=4952] field=bestBid shadow=0 real=98
  BUG   step 5960 [CANCEL id=4952] field=orderCount shadow=0 real=1
  BUG   step 5961 [SUBMIT id=4968 BUY LIMIT GTC px=96 q=8] field=bestBid shadow=96 real=98
  BUG   step 5961 [SUBMIT id=4968 BUY LIMIT GTC px=96 q=8] field=orderCount shadow=1 real=2
  BUG   step 5962 [CANCEL id=4968] field=bestBid shadow=0 real=98
  BUG   step 5962 [CANCEL id=4968] field=orderCount shadow=0 real=1
  BUG   step 5963 [SUBMIT id=4969 SELL MARKET FOK px=0 q=20] field=bestBid shadow=0 real=98
  BUG   step 5963 [SUBMIT id=4969 SELL MARKET FOK px=0 q=20] field=orderCount shadow=0 real=1
  BUG   step 5964 [SUBMIT id=4970 SELL MARKET IOC px=0 q=10] field=trades shadow=[] real=[{agg=4970 pas=4947 @98 q=2}]
  BUG   step 6224 [SUBMIT id=5175 BUY STP_LIM IOC px=114 q=20 sp=102] field=trades shadow=[{agg=5175 pas=5172 @109 q=15}, {agg=5175 pas=5173 @109 q=1}] real=[{agg=5175 pas=5173 @109 q=1}, {agg=5175 pas=5172 @109 q=15}]
  BUG   step 6380 [SUBMIT id=5299 BUY STP_MKT FOK px=0 q=8 sp=95 stg=2] field=trades shadow=[{agg=5299 pas=5289 @97 q=5}, {agg=5299 pas=5290 @97 q=2}, {agg=5299 pas=5288 @98 q=1}] real=[{agg=5299 pas=5290 @97 q=2}, {agg=5299 pas=5289 @97 q=5}, {agg=5299 pas=5288 @98 q=1}]
  BUG   step 6418 [SUBMIT id=5329 BUY LIMIT FOK px=97 q=10] field=trades shadow=[{agg=5329 pas=5322 @96 q=8}, {agg=5329 pas=5325 @96 q=2}] real=[{agg=5329 pas=5325 @96 q=4}, {agg=5329 pas=5322 @96 q=6}]
  BUG   step 6422 [CANCEL id=5325] field=cancelled shadow=[{5325:USER_REQUESTED}] real=[]
  BUG   step 6422 [CANCEL id=5325] field=orderCount shadow=1 real=2
  BUG   step 6423 [SUBMIT id=5333 BUY LIMIT FOK px=97 q=15 stg=2] field=orderCount shadow=1 real=2
  BUG   step 6424 [SUBMIT id=5334 BUY STP_MKT FOK px=0 q=3 sp=102] field=orderCount shadow=1 real=2
  BUG   step 6425 [SUBMIT id=5335 BUY STP_MKT IOC px=0 q=15 sp=106] field=orderCount shadow=1 real=2
  (halting after 20 BUG divergences)

=========================================================
  Shadow Model Test Report
=========================================================
  Steps run:         6426
  Submits:           5335
  Cancels:           683
  Amends:            408
  Trades produced:   1286
  Divergences total: 21  (BUG=21  KNOWN=0)

  Divergence details (first 30):
    [BUG  ] step 5959 [SUBMIT id=4967 SELL STP_MKT IOC px=0 q=10 sp=115] trades:
          shadow = [{agg=4967 pas=4956 @115 q=3}, {agg=4967 pas=4962 @114 q=5}, {agg=4967 pas=4947 @98 q=2}]
          real   = [{agg=4967 pas=4956 @115 q=3}, {agg=4967 pas=4962 @114 q=5}, {agg=4967 pas=4952 @98 q=2}]
    [BUG  ] step 5959 [SUBMIT id=4967 SELL STP_MKT IOC px=0 q=10 sp=115] orderCount:
          shadow = 1
          real   = 2
    [BUG  ] step 5960 [CANCEL id=4952] bestBid:
          shadow = 0
          real   = 98
    [BUG  ] step 5960 [CANCEL id=4952] orderCount:
          shadow = 0
          real   = 1
    [BUG  ] step 5961 [SUBMIT id=4968 BUY LIMIT GTC px=96 q=8] bestBid:
          shadow = 96
          real   = 98
    [BUG  ] step 5961 [SUBMIT id=4968 BUY LIMIT GTC px=96 q=8] orderCount:
          shadow = 1
          real   = 2
    [BUG  ] step 5962 [CANCEL id=4968] bestBid:
          shadow = 0
          real   = 98
    [BUG  ] step 5962 [CANCEL id=4968] orderCount:
          shadow = 0
          real   = 1
    [BUG  ] step 5963 [SUBMIT id=4969 SELL MARKET FOK px=0 q=20] bestBid:
          shadow = 0
          real   = 98
    [BUG  ] step 5963 [SUBMIT id=4969 SELL MARKET FOK px=0 q=20] orderCount:
          shadow = 0
          real   = 1
    [BUG  ] step 5964 [SUBMIT id=4970 SELL MARKET IOC px=0 q=10] trades:
          shadow = []
          real   = [{agg=4970 pas=4947 @98 q=2}]
    [BUG  ] step 6224 [SUBMIT id=5175 BUY STP_LIM IOC px=114 q=20 sp=102] trades:
          shadow = [{agg=5175 pas=5172 @109 q=15}, {agg=5175 pas=5173 @109 q=1}]
          real   = [{agg=5175 pas=5173 @109 q=1}, {agg=5175 pas=5172 @109 q=15}]
    [BUG  ] step 6380 [SUBMIT id=5299 BUY STP_MKT FOK px=0 q=8 sp=95 stg=2] trades:
          shadow = [{agg=5299 pas=5289 @97 q=5}, {agg=5299 pas=5290 @97 q=2}, {agg=5299 pas=5288 @98 q=1}]
          real   = [{agg=5299 pas=5290 @97 q=2}, {agg=5299 pas=5289 @97 q=5}, {agg=5299 pas=5288 @98 q=1}]
    [BUG  ] step 6418 [SUBMIT id=5329 BUY LIMIT FOK px=97 q=10] trades:
          shadow = [{agg=5329 pas=5322 @96 q=8}, {agg=5329 pas=5325 @96 q=2}]
          real   = [{agg=5329 pas=5325 @96 q=4}, {agg=5329 pas=5322 @96 q=6}]
    [BUG  ] step 6422 [CANCEL id=5325] cancelled:
          shadow = [{5325:USER_REQUESTED}]
          real   = []
    [BUG  ] step 6422 [CANCEL id=5325] orderCount:
          shadow = 1
          real   = 2
    [BUG  ] step 6423 [SUBMIT id=5333 BUY LIMIT FOK px=97 q=15 stg=2] orderCount:
          shadow = 1
          real   = 2
    [BUG  ] step 6424 [SUBMIT id=5334 BUY STP_MKT FOK px=0 q=3 sp=102] orderCount:
          shadow = 1
          real   = 2
    [BUG  ] step 6425 [SUBMIT id=5335 BUY STP_MKT IOC px=0 q=15 sp=106] orderCount:
          shadow = 1
          real   = 2
    [BUG  ] step 6426 [CANCEL id=5331] bestAsk:
          shadow = 0
          real   = 96
    [BUG  ] step 6426 [CANCEL id=5331] orderCount:
          shadow = 0
          real   = 1

  Result: FAIL
=========================================================
