Shadow Model Test
  Steps: 5000000
  Seed:  146

  BUG   step 1855 [SUBMIT id=1531 BUY LIMIT IOC px=112 q=5] field=trades shadow=[{agg=1531 pas=1516 @111 q=5}] real=[{agg=1531 pas=1519 @111 q=5}]
  BUG   step 3015 [SUBMIT id=2484 SELL STP_MKT IOC px=0 q=10 sp=110] field=trades shadow=[{agg=2484 pas=2463 @110 q=5}, {agg=2484 pas=2481 @110 q=5}] real=[{agg=2484 pas=2481 @110 q=9}, {agg=2484 pas=2463 @110 q=1}]
  BUG   step 3019 [CANCEL id=2481] field=cancelled shadow=[{2481:USER_REQUESTED}] real=[]
  BUG   step 3019 [CANCEL id=2481] field=bestBid shadow=109 real=110
  BUG   step 3019 [CANCEL id=2481] field=orderCount shadow=2 real=3
  BUG   step 3020 [SUBMIT id=2488 SELL LIMIT DAY px=110 q=1] field=trades shadow=[] real=[{agg=2488 pas=2463 @110 q=1}]
  BUG   step 3020 [SUBMIT id=2488 SELL LIMIT DAY px=110 q=1] field=bestBid shadow=109 real=110
  BUG   step 3020 [SUBMIT id=2488 SELL LIMIT DAY px=110 q=1] field=bestAsk shadow=110 real=0
  BUG   step 3021 [SUBMIT id=2489 BUY STP_MKT IOC px=0 q=1 sp=113] field=bestBid shadow=109 real=110
  BUG   step 3021 [SUBMIT id=2489 BUY STP_MKT IOC px=0 q=1 sp=113] field=bestAsk shadow=110 real=0
  BUG   step 3022 [SUBMIT id=2490 SELL STP_MKT FOK px=0 q=2 sp=102] field=bestBid shadow=109 real=110
  BUG   step 3022 [SUBMIT id=2490 SELL STP_MKT FOK px=0 q=2 sp=102] field=bestAsk shadow=110 real=0
  BUG   step 3023 [SUBMIT id=2491 BUY STP_MKT IOC px=0 q=1 sp=102] field=trades shadow=[{agg=2491 pas=2488 @110 q=1}] real=[]
  BUG   step 3023 [SUBMIT id=2491 BUY STP_MKT IOC px=0 q=1 sp=102] field=cancelled shadow=[] real=[{2491:IOC_REMAINDER}]
  BUG   step 3023 [SUBMIT id=2491 BUY STP_MKT IOC px=0 q=1 sp=102] field=bestBid shadow=109 real=110
  BUG   step 3023 [SUBMIT id=2491 BUY STP_MKT IOC px=0 q=1 sp=102] field=orderCount shadow=2 real=3
  BUG   step 3024 [SUBMIT id=2492 SELL LIMIT FOK px=110 q=5 stg=1] field=bestBid shadow=109 real=110
  BUG   step 3024 [SUBMIT id=2492 SELL LIMIT FOK px=110 q=5 stg=1] field=orderCount shadow=2 real=3
  BUG   step 3025 [SUBMIT id=2493 SELL STP_LIM FOK px=109 q=2 sp=105] field=bestBid shadow=109 real=110
  BUG   step 3025 [SUBMIT id=2493 SELL STP_LIM FOK px=109 q=2 sp=105] field=orderCount shadow=2 real=3
  (halting after 20 BUG divergences)

=========================================================
  Shadow Model Test Report
=========================================================
  Steps run:         3025
  Submits:           2493
  Cancels:           318
  Amends:            214
  Trades produced:   630
  Divergences total: 20  (BUG=20  KNOWN=0)

  Divergence details (first 30):
    [BUG  ] step 1855 [SUBMIT id=1531 BUY LIMIT IOC px=112 q=5] trades:
          shadow = [{agg=1531 pas=1516 @111 q=5}]
          real   = [{agg=1531 pas=1519 @111 q=5}]
    [BUG  ] step 3015 [SUBMIT id=2484 SELL STP_MKT IOC px=0 q=10 sp=110] trades:
          shadow = [{agg=2484 pas=2463 @110 q=5}, {agg=2484 pas=2481 @110 q=5}]
          real   = [{agg=2484 pas=2481 @110 q=9}, {agg=2484 pas=2463 @110 q=1}]
    [BUG  ] step 3019 [CANCEL id=2481] cancelled:
          shadow = [{2481:USER_REQUESTED}]
          real   = []
    [BUG  ] step 3019 [CANCEL id=2481] bestBid:
          shadow = 109
          real   = 110
    [BUG  ] step 3019 [CANCEL id=2481] orderCount:
          shadow = 2
          real   = 3
    [BUG  ] step 3020 [SUBMIT id=2488 SELL LIMIT DAY px=110 q=1] trades:
          shadow = []
          real   = [{agg=2488 pas=2463 @110 q=1}]
    [BUG  ] step 3020 [SUBMIT id=2488 SELL LIMIT DAY px=110 q=1] bestBid:
          shadow = 109
          real   = 110
    [BUG  ] step 3020 [SUBMIT id=2488 SELL LIMIT DAY px=110 q=1] bestAsk:
          shadow = 110
          real   = 0
    [BUG  ] step 3021 [SUBMIT id=2489 BUY STP_MKT IOC px=0 q=1 sp=113] bestBid:
          shadow = 109
          real   = 110
    [BUG  ] step 3021 [SUBMIT id=2489 BUY STP_MKT IOC px=0 q=1 sp=113] bestAsk:
          shadow = 110
          real   = 0
    [BUG  ] step 3022 [SUBMIT id=2490 SELL STP_MKT FOK px=0 q=2 sp=102] bestBid:
          shadow = 109
          real   = 110
    [BUG  ] step 3022 [SUBMIT id=2490 SELL STP_MKT FOK px=0 q=2 sp=102] bestAsk:
          shadow = 110
          real   = 0
    [BUG  ] step 3023 [SUBMIT id=2491 BUY STP_MKT IOC px=0 q=1 sp=102] trades:
          shadow = [{agg=2491 pas=2488 @110 q=1}]
          real   = []
    [BUG  ] step 3023 [SUBMIT id=2491 BUY STP_MKT IOC px=0 q=1 sp=102] cancelled:
          shadow = []
          real   = [{2491:IOC_REMAINDER}]
    [BUG  ] step 3023 [SUBMIT id=2491 BUY STP_MKT IOC px=0 q=1 sp=102] bestBid:
          shadow = 109
          real   = 110
    [BUG  ] step 3023 [SUBMIT id=2491 BUY STP_MKT IOC px=0 q=1 sp=102] orderCount:
          shadow = 2
          real   = 3
    [BUG  ] step 3024 [SUBMIT id=2492 SELL LIMIT FOK px=110 q=5 stg=1] bestBid:
          shadow = 109
          real   = 110
    [BUG  ] step 3024 [SUBMIT id=2492 SELL LIMIT FOK px=110 q=5 stg=1] orderCount:
          shadow = 2
          real   = 3
    [BUG  ] step 3025 [SUBMIT id=2493 SELL STP_LIM FOK px=109 q=2 sp=105] bestBid:
          shadow = 109
          real   = 110
    [BUG  ] step 3025 [SUBMIT id=2493 SELL STP_LIM FOK px=109 q=2 sp=105] orderCount:
          shadow = 2
          real   = 3

  Result: FAIL
=========================================================
