Shadow Model Test
  Steps: 5000000
  Seed:  314

  BUG   step 2348 [SUBMIT id=1923 BUY STP_MKT IOC px=0 q=20 sp=95] field=trades shadow=[{agg=1923 pas=1901 @100 q=8}, {agg=1923 pas=1913 @100 q=12}] real=[{agg=1923 pas=1913 @100 q=12}, {agg=1923 pas=1901 @100 q=8}]
  BUG   step 3752 [SUBMIT id=3082 SELL STP_MKT IOC px=0 q=2 sp=105] field=trades shadow=[{agg=3082 pas=3057 @99 q=1}, {agg=3082 pas=3076 @99 q=1}] real=[{agg=3082 pas=3076 @99 q=2}]
  BUG   step 3754 [SUBMIT id=3084 SELL MARKET IOC px=0 q=10] field=trades shadow=[{agg=3084 pas=3076 @99 q=1}] real=[{agg=3084 pas=3057 @99 q=1}]
  BUG   step 5460 [SUBMIT id=4487 SELL STP_MKT IOC px=0 q=8 sp=105] field=trades shadow=[{agg=4487 pas=4481 @99 q=8}] real=[{agg=4487 pas=4484 @99 q=8}]
  BUG   step 5460 [SUBMIT id=4487 SELL STP_MKT IOC px=0 q=8 sp=105] field=orderCount shadow=5 real=6
  BUG   step 5461 [CANCEL id=4484] field=bestBid shadow=0 real=99
  BUG   step 5461 [CANCEL id=4484] field=orderCount shadow=4 real=5
  BUG   step 5462 [SUBMIT id=4488 SELL STP_LIM GTC px=100 q=20 sp=89] field=bestBid shadow=0 real=99
  BUG   step 5462 [SUBMIT id=4488 SELL STP_LIM GTC px=100 q=20 sp=89] field=orderCount shadow=4 real=5
  BUG   step 5463 [SUBMIT id=4489 BUY LIMIT IOC px=96 q=1 stg=1] field=bestBid shadow=0 real=99
  BUG   step 5463 [SUBMIT id=4489 BUY LIMIT IOC px=96 q=1 stg=1] field=orderCount shadow=4 real=5
  BUG   step 5464 [SUBMIT id=4490 BUY LIMIT DAY px=99 q=8 stg=2] field=orderCount shadow=5 real=6
  BUG   step 5465 [SUBMIT id=4491 BUY LIMIT IOC px=99 q=8] field=orderCount shadow=5 real=6
  BUG   step 5466 [SUBMIT id=4492 SELL LIMIT FOK px=99 q=5] field=trades shadow=[{agg=4492 pas=4490 @99 q=5}] real=[{agg=4492 pas=4481 @99 q=5}]
  BUG   step 5466 [SUBMIT id=4492 SELL LIMIT FOK px=99 q=5] field=orderCount shadow=5 real=6
  BUG   step 5467 [SUBMIT id=4493 BUY MARKET FOK px=0 q=15] field=orderCount shadow=3 real=4
  BUG   step 5468 [CANCEL id=4490] field=bestBid shadow=0 real=99
  BUG   step 5468 [CANCEL id=4490] field=orderCount shadow=2 real=3
  BUG   step 5469 [SUBMIT id=4494 BUY LIMIT IOC px=110 q=2 mq=2] field=bestBid shadow=0 real=99
  BUG   step 5469 [SUBMIT id=4494 BUY LIMIT IOC px=110 q=2 mq=2] field=orderCount shadow=2 real=3
  (halting after 20 BUG divergences)

=========================================================
  Shadow Model Test Report
=========================================================
  Steps run:         5469
  Submits:           4494
  Cancels:           581
  Amends:            394
  Trades produced:   1164
  Divergences total: 20  (BUG=20  KNOWN=0)

  Divergence details (first 30):
    [BUG  ] step 2348 [SUBMIT id=1923 BUY STP_MKT IOC px=0 q=20 sp=95] trades:
          shadow = [{agg=1923 pas=1901 @100 q=8}, {agg=1923 pas=1913 @100 q=12}]
          real   = [{agg=1923 pas=1913 @100 q=12}, {agg=1923 pas=1901 @100 q=8}]
    [BUG  ] step 3752 [SUBMIT id=3082 SELL STP_MKT IOC px=0 q=2 sp=105] trades:
          shadow = [{agg=3082 pas=3057 @99 q=1}, {agg=3082 pas=3076 @99 q=1}]
          real   = [{agg=3082 pas=3076 @99 q=2}]
    [BUG  ] step 3754 [SUBMIT id=3084 SELL MARKET IOC px=0 q=10] trades:
          shadow = [{agg=3084 pas=3076 @99 q=1}]
          real   = [{agg=3084 pas=3057 @99 q=1}]
    [BUG  ] step 5460 [SUBMIT id=4487 SELL STP_MKT IOC px=0 q=8 sp=105] trades:
          shadow = [{agg=4487 pas=4481 @99 q=8}]
          real   = [{agg=4487 pas=4484 @99 q=8}]
    [BUG  ] step 5460 [SUBMIT id=4487 SELL STP_MKT IOC px=0 q=8 sp=105] orderCount:
          shadow = 5
          real   = 6
    [BUG  ] step 5461 [CANCEL id=4484] bestBid:
          shadow = 0
          real   = 99
    [BUG  ] step 5461 [CANCEL id=4484] orderCount:
          shadow = 4
          real   = 5
    [BUG  ] step 5462 [SUBMIT id=4488 SELL STP_LIM GTC px=100 q=20 sp=89] bestBid:
          shadow = 0
          real   = 99
    [BUG  ] step 5462 [SUBMIT id=4488 SELL STP_LIM GTC px=100 q=20 sp=89] orderCount:
          shadow = 4
          real   = 5
    [BUG  ] step 5463 [SUBMIT id=4489 BUY LIMIT IOC px=96 q=1 stg=1] bestBid:
          shadow = 0
          real   = 99
    [BUG  ] step 5463 [SUBMIT id=4489 BUY LIMIT IOC px=96 q=1 stg=1] orderCount:
          shadow = 4
          real   = 5
    [BUG  ] step 5464 [SUBMIT id=4490 BUY LIMIT DAY px=99 q=8 stg=2] orderCount:
          shadow = 5
          real   = 6
    [BUG  ] step 5465 [SUBMIT id=4491 BUY LIMIT IOC px=99 q=8] orderCount:
          shadow = 5
          real   = 6
    [BUG  ] step 5466 [SUBMIT id=4492 SELL LIMIT FOK px=99 q=5] trades:
          shadow = [{agg=4492 pas=4490 @99 q=5}]
          real   = [{agg=4492 pas=4481 @99 q=5}]
    [BUG  ] step 5466 [SUBMIT id=4492 SELL LIMIT FOK px=99 q=5] orderCount:
          shadow = 5
          real   = 6
    [BUG  ] step 5467 [SUBMIT id=4493 BUY MARKET FOK px=0 q=15] orderCount:
          shadow = 3
          real   = 4
    [BUG  ] step 5468 [CANCEL id=4490] bestBid:
          shadow = 0
          real   = 99
    [BUG  ] step 5468 [CANCEL id=4490] orderCount:
          shadow = 2
          real   = 3
    [BUG  ] step 5469 [SUBMIT id=4494 BUY LIMIT IOC px=110 q=2 mq=2] bestBid:
          shadow = 0
          real   = 99
    [BUG  ] step 5469 [SUBMIT id=4494 BUY LIMIT IOC px=110 q=2 mq=2] orderCount:
          shadow = 2
          real   = 3

  Result: FAIL
=========================================================
