Shadow Model Test
  Steps: 5000000
  Seed:  45

  BUG   step 811 [SUBMIT id=679 BUY LIMIT IOC px=100 q=10] field=trades shadow=[{agg=679 pas=673 @95 q=5}, {agg=679 pas=622 @96 q=5}] real=[{agg=679 pas=673 @95 q=5}, {agg=679 pas=677 @96 q=1}, {agg=679 pas=622 @96 q=4}]
  BUG   step 811 [SUBMIT id=679 BUY LIMIT IOC px=100 q=10] field=orderCount shadow=1 real=2
  BUG   step 812 [SUBMIT id=680 BUY MTL GTC px=104 q=15 stg=2] field=orderCount shadow=1 real=2
  BUG   step 813 [SUBMIT id=681 SELL STP_LIM IOC px=95 q=20 sp=97] field=orderCount shadow=1 real=2
  BUG   step 814 [SUBMIT id=682 BUY LIMIT IOC px=101 q=3] field=trades shadow=[{agg=682 pas=677 @96 q=1}, {agg=682 pas=677 @96 q=1}, {agg=682 pas=677 @96 q=1}] real=[{agg=682 pas=622 @96 q=1}, {agg=682 pas=677 @96 q=1}, {agg=682 pas=677 @96 q=1}]
  BUG   step 1539 [SUBMIT id=1285 SELL LIMIT IOC px=102 q=10 stg=2] field=trades shadow=[{agg=1285 pas=1261 @107 q=3}, {agg=1285 pas=1280 @106 q=1}, {agg=1285 pas=1269 @106 q=1}] real=[{agg=1285 pas=1261 @107 q=3}, {agg=1285 pas=1269 @106 q=1}, {agg=1285 pas=1280 @106 q=1}]
  BUG   step 7182 [SUBMIT id=5921 BUY MARKET IOC px=0 q=15] field=trades shadow=[{agg=5921 pas=5917 @103 q=5}, {agg=5921 pas=5918 @103 q=10}] real=[{agg=5921 pas=5918 @103 q=13}, {agg=5921 pas=5917 @103 q=2}]
  BUG   step 7183 [SUBMIT id=5922 BUY LIMIT IOC px=104 q=10 stg=1] field=trades shadow=[{agg=5922 pas=5918 @103 q=3}, {agg=5922 pas=5915 @104 q=1}] real=[{agg=5922 pas=5917 @103 q=3}, {agg=5922 pas=5915 @104 q=1}]
  BUG   step 8527 [SUBMIT id=7031 SELL LIMIT IOC px=101 q=8] field=trades shadow=[{agg=7031 pas=7010 @106 q=5}, {agg=7031 pas=7016 @106 q=3}] real=[{agg=7031 pas=7016 @106 q=8}]
  BUG   step 8527 [SUBMIT id=7031 SELL LIMIT IOC px=101 q=8] field=orderCount shadow=2 real=3
  BUG   step 8528 [SUBMIT id=7032 SELL STP_LIM IOC px=107 q=10 sp=106] field=orderCount shadow=2 real=3
  BUG   step 8529 [SUBMIT id=7033 BUY STP_MKT IOC px=0 q=8 sp=106] field=orderCount shadow=2 real=3
  BUG   step 8530 [SUBMIT id=7034 BUY STP_LIM GTC px=105 q=3 sp=105] field=orderCount shadow=3 real=4
  BUG   step 8531 [AMEND id=7016 px=110 qty=0] field=orderCount shadow=3 real=4
  BUG   step 8532 [SUBMIT id=7035 BUY STP_LIM GTC px=111 q=10 sp=109] field=orderCount shadow=3 real=4
  BUG   step 8533 [SUBMIT id=7036 BUY LIMIT GTC px=107 q=2] field=orderCount shadow=4 real=5
  BUG   step 8534 [SUBMIT id=7037 SELL LIMIT FOK px=105 q=1] field=orderCount shadow=5 real=6
  BUG   step 8535 [CANCEL id=7016] field=orderCount shadow=4 real=5
  BUG   step 8536 [SUBMIT id=7038 BUY LIMIT GTC px=100 q=2 mq=1 stg=2] field=orderCount shadow=4 real=5
  BUG   step 8537 [SUBMIT id=7039 SELL MTL GTC px=111 q=20] field=orderCount shadow=4 real=5
  (halting after 20 BUG divergences)

=========================================================
  Shadow Model Test Report
=========================================================
  Steps run:         8537
  Submits:           7039
  Cancels:           902
  Amends:            596
  Trades produced:   1717
  Divergences total: 20  (BUG=20  KNOWN=0)

  Divergence details (first 30):
    [BUG  ] step 811 [SUBMIT id=679 BUY LIMIT IOC px=100 q=10] trades:
          shadow = [{agg=679 pas=673 @95 q=5}, {agg=679 pas=622 @96 q=5}]
          real   = [{agg=679 pas=673 @95 q=5}, {agg=679 pas=677 @96 q=1}, {agg=679 pas=622 @96 q=4}]
    [BUG  ] step 811 [SUBMIT id=679 BUY LIMIT IOC px=100 q=10] orderCount:
          shadow = 1
          real   = 2
    [BUG  ] step 812 [SUBMIT id=680 BUY MTL GTC px=104 q=15 stg=2] orderCount:
          shadow = 1
          real   = 2
    [BUG  ] step 813 [SUBMIT id=681 SELL STP_LIM IOC px=95 q=20 sp=97] orderCount:
          shadow = 1
          real   = 2
    [BUG  ] step 814 [SUBMIT id=682 BUY LIMIT IOC px=101 q=3] trades:
          shadow = [{agg=682 pas=677 @96 q=1}, {agg=682 pas=677 @96 q=1}, {agg=682 pas=677 @96 q=1}]
          real   = [{agg=682 pas=622 @96 q=1}, {agg=682 pas=677 @96 q=1}, {agg=682 pas=677 @96 q=1}]
    [BUG  ] step 1539 [SUBMIT id=1285 SELL LIMIT IOC px=102 q=10 stg=2] trades:
          shadow = [{agg=1285 pas=1261 @107 q=3}, {agg=1285 pas=1280 @106 q=1}, {agg=1285 pas=1269 @106 q=1}]
          real   = [{agg=1285 pas=1261 @107 q=3}, {agg=1285 pas=1269 @106 q=1}, {agg=1285 pas=1280 @106 q=1}]
    [BUG  ] step 7182 [SUBMIT id=5921 BUY MARKET IOC px=0 q=15] trades:
          shadow = [{agg=5921 pas=5917 @103 q=5}, {agg=5921 pas=5918 @103 q=10}]
          real   = [{agg=5921 pas=5918 @103 q=13}, {agg=5921 pas=5917 @103 q=2}]
    [BUG  ] step 7183 [SUBMIT id=5922 BUY LIMIT IOC px=104 q=10 stg=1] trades:
          shadow = [{agg=5922 pas=5918 @103 q=3}, {agg=5922 pas=5915 @104 q=1}]
          real   = [{agg=5922 pas=5917 @103 q=3}, {agg=5922 pas=5915 @104 q=1}]
    [BUG  ] step 8527 [SUBMIT id=7031 SELL LIMIT IOC px=101 q=8] trades:
          shadow = [{agg=7031 pas=7010 @106 q=5}, {agg=7031 pas=7016 @106 q=3}]
          real   = [{agg=7031 pas=7016 @106 q=8}]
    [BUG  ] step 8527 [SUBMIT id=7031 SELL LIMIT IOC px=101 q=8] orderCount:
          shadow = 2
          real   = 3
    [BUG  ] step 8528 [SUBMIT id=7032 SELL STP_LIM IOC px=107 q=10 sp=106] orderCount:
          shadow = 2
          real   = 3
    [BUG  ] step 8529 [SUBMIT id=7033 BUY STP_MKT IOC px=0 q=8 sp=106] orderCount:
          shadow = 2
          real   = 3
    [BUG  ] step 8530 [SUBMIT id=7034 BUY STP_LIM GTC px=105 q=3 sp=105] orderCount:
          shadow = 3
          real   = 4
    [BUG  ] step 8531 [AMEND id=7016 px=110 qty=0] orderCount:
          shadow = 3
          real   = 4
    [BUG  ] step 8532 [SUBMIT id=7035 BUY STP_LIM GTC px=111 q=10 sp=109] orderCount:
          shadow = 3
          real   = 4
    [BUG  ] step 8533 [SUBMIT id=7036 BUY LIMIT GTC px=107 q=2] orderCount:
          shadow = 4
          real   = 5
    [BUG  ] step 8534 [SUBMIT id=7037 SELL LIMIT FOK px=105 q=1] orderCount:
          shadow = 5
          real   = 6
    [BUG  ] step 8535 [CANCEL id=7016] orderCount:
          shadow = 4
          real   = 5
    [BUG  ] step 8536 [SUBMIT id=7038 BUY LIMIT GTC px=100 q=2 mq=1 stg=2] orderCount:
          shadow = 4
          real   = 5
    [BUG  ] step 8537 [SUBMIT id=7039 SELL MTL GTC px=111 q=20] orderCount:
          shadow = 4
          real   = 5

  Result: FAIL
=========================================================
