Shadow Model Test
  Steps: 5000000
  Seed:  238

  BUG   step 1269 [SUBMIT id=1049 SELL STP_MKT IOC px=0 q=20 sp=113] field=trades shadow=[{agg=1049 pas=1032 @105 q=8}, {agg=1044 pas=1047 @105 q=8}, {agg=1044 pas=803 @99 q=10}, {agg=1044 pas=1030 @99 q=2}, {agg=1049 pas=1047 @105 q=12}] real=[{agg=1049 pas=1032 @105 q=8}, {agg=1044 pas=1047 @105 q=8}, {agg=1044 pas=1030 @99 q=8}, {agg=1044 pas=803 @99 q=4}, {agg=1049 pas=1047 @105 q=12}]
  BUG   step 1270 [SUBMIT id=1050 SELL LIMIT IOC px=94 q=5] field=trades shadow=[{agg=1050 pas=1030 @99 q=5}] real=[{agg=1050 pas=803 @99 q=5}]
  BUG   step 1274 [CANCEL id=1030] field=cancelled shadow=[{1030:USER_REQUESTED}] real=[]
  BUG   step 1274 [CANCEL id=1030] field=orderCount shadow=2 real=3
  BUG   step 1275 [SUBMIT id=1054 SELL STP_LIM DAY px=107 q=3 sp=102] field=orderCount shadow=2 real=3
  BUG   step 1276 [SUBMIT id=1055 BUY STP_LIM FOK px=106 q=2 sp=106 stg=2] field=orderCount shadow=2 real=3
  BUG   step 1277 [SUBMIT id=1056 SELL LIMIT GTC px=110 q=2] field=orderCount shadow=3 real=4
  BUG   step 1278 [SUBMIT id=1057 SELL LIMIT IOC px=107 q=8 stg=2] field=bestBid shadow=0 real=99
  BUG   step 1278 [SUBMIT id=1057 SELL LIMIT IOC px=107 q=8 stg=2] field=orderCount shadow=2 real=3
  BUG   step 1279 [CANCEL id=1056] field=bestBid shadow=0 real=99
  BUG   step 1279 [CANCEL id=1056] field=orderCount shadow=1 real=2
  BUG   step 1280 [SUBMIT id=1058 SELL LIMIT IOC px=115 q=15 mq=4] field=bestBid shadow=0 real=99
  BUG   step 1280 [SUBMIT id=1058 SELL LIMIT IOC px=115 q=15 mq=4] field=orderCount shadow=1 real=2
  BUG   step 1281 [AMEND id=1033 px=0 qty=2] field=bestBid shadow=0 real=99
  BUG   step 1281 [AMEND id=1033 px=0 qty=2] field=orderCount shadow=1 real=2
  BUG   step 1282 [SUBMIT id=1059 BUY LIMIT FOK px=114 q=1] field=bestBid shadow=0 real=99
  BUG   step 1282 [SUBMIT id=1059 BUY LIMIT FOK px=114 q=1] field=orderCount shadow=1 real=2
  BUG   step 1283 [SUBMIT id=1060 BUY MTL DAY px=115 q=2] field=bestBid shadow=0 real=99
  BUG   step 1283 [SUBMIT id=1060 BUY MTL DAY px=115 q=2] field=orderCount shadow=1 real=2
  (halting after 20 BUG divergences)

=========================================================
  Shadow Model Test Report
=========================================================
  Steps run:         1284
  Submits:           1061
  Cancels:           129
  Amends:            94
  Trades produced:   287
  Divergences total: 21  (BUG=21  KNOWN=0)

  Divergence details (first 30):
    [BUG  ] step 1269 [SUBMIT id=1049 SELL STP_MKT IOC px=0 q=20 sp=113] trades:
          shadow = [{agg=1049 pas=1032 @105 q=8}, {agg=1044 pas=1047 @105 q=8}, {agg=1044 pas=803 @99 q=10}, {agg=1044 pas=1030 @99 q=2}, {agg=1049 pas=1047 @105 q=12}]
          real   = [{agg=1049 pas=1032 @105 q=8}, {agg=1044 pas=1047 @105 q=8}, {agg=1044 pas=1030 @99 q=8}, {agg=1044 pas=803 @99 q=4}, {agg=1049 pas=1047 @105 q=12}]
    [BUG  ] step 1270 [SUBMIT id=1050 SELL LIMIT IOC px=94 q=5] trades:
          shadow = [{agg=1050 pas=1030 @99 q=5}]
          real   = [{agg=1050 pas=803 @99 q=5}]
    [BUG  ] step 1274 [CANCEL id=1030] cancelled:
          shadow = [{1030:USER_REQUESTED}]
          real   = []
    [BUG  ] step 1274 [CANCEL id=1030] orderCount:
          shadow = 2
          real   = 3
    [BUG  ] step 1275 [SUBMIT id=1054 SELL STP_LIM DAY px=107 q=3 sp=102] orderCount:
          shadow = 2
          real   = 3
    [BUG  ] step 1276 [SUBMIT id=1055 BUY STP_LIM FOK px=106 q=2 sp=106 stg=2] orderCount:
          shadow = 2
          real   = 3
    [BUG  ] step 1277 [SUBMIT id=1056 SELL LIMIT GTC px=110 q=2] orderCount:
          shadow = 3
          real   = 4
    [BUG  ] step 1278 [SUBMIT id=1057 SELL LIMIT IOC px=107 q=8 stg=2] bestBid:
          shadow = 0
          real   = 99
    [BUG  ] step 1278 [SUBMIT id=1057 SELL LIMIT IOC px=107 q=8 stg=2] orderCount:
          shadow = 2
          real   = 3
    [BUG  ] step 1279 [CANCEL id=1056] bestBid:
          shadow = 0
          real   = 99
    [BUG  ] step 1279 [CANCEL id=1056] orderCount:
          shadow = 1
          real   = 2
    [BUG  ] step 1280 [SUBMIT id=1058 SELL LIMIT IOC px=115 q=15 mq=4] bestBid:
          shadow = 0
          real   = 99
    [BUG  ] step 1280 [SUBMIT id=1058 SELL LIMIT IOC px=115 q=15 mq=4] orderCount:
          shadow = 1
          real   = 2
    [BUG  ] step 1281 [AMEND id=1033 px=0 qty=2] bestBid:
          shadow = 0
          real   = 99
    [BUG  ] step 1281 [AMEND id=1033 px=0 qty=2] orderCount:
          shadow = 1
          real   = 2
    [BUG  ] step 1282 [SUBMIT id=1059 BUY LIMIT FOK px=114 q=1] bestBid:
          shadow = 0
          real   = 99
    [BUG  ] step 1282 [SUBMIT id=1059 BUY LIMIT FOK px=114 q=1] orderCount:
          shadow = 1
          real   = 2
    [BUG  ] step 1283 [SUBMIT id=1060 BUY MTL DAY px=115 q=2] bestBid:
          shadow = 0
          real   = 99
    [BUG  ] step 1283 [SUBMIT id=1060 BUY MTL DAY px=115 q=2] orderCount:
          shadow = 1
          real   = 2
    [BUG  ] step 1284 [SUBMIT id=1061 BUY STP_MKT IOC px=0 q=5 sp=113] bestBid:
          shadow = 0
          real   = 99
    [BUG  ] step 1284 [SUBMIT id=1061 BUY STP_MKT IOC px=0 q=5 sp=113] orderCount:
          shadow = 0
          real   = 1

  Result: FAIL
=========================================================
