Shadow Model Test
  Steps: 5000000
  Seed:  183

  BUG   step 5504 [SUBMIT id=4492 BUY MARKET IOC px=0 q=20 stg=1] field=trades shadow=[{agg=4492 pas=4487 @90 q=10}, {agg=4492 pas=3417 @95 q=8}, {agg=4492 pas=4317 @101 q=1}, {agg=4492 pas=4479 @101 q=1}] real=[{agg=4492 pas=4487 @90 q=10}, {agg=4492 pas=3417 @95 q=8}, {agg=4492 pas=4479 @101 q=2}]
  BUG   step 5504 [SUBMIT id=4492 BUY MARKET IOC px=0 q=20 stg=1] field=orderCount shadow=4 real=5
  BUG   step 5505 [SUBMIT id=4493 SELL LIMIT FOK px=95 q=8] field=orderCount shadow=4 real=5
  BUG   step 5506 [CANCEL id=3422] field=orderCount shadow=3 real=4
  BUG   step 5507 [SUBMIT id=4494 BUY MARKET IOC px=0 q=20] field=trades shadow=[{agg=4494 pas=4479 @101 q=4}, {agg=4494 pas=4199 @105 q=3}] real=[{agg=4494 pas=4479 @101 q=3}, {agg=4494 pas=4317 @101 q=1}, {agg=4494 pas=4199 @105 q=3}]
  BUG   step 7476 [SUBMIT id=6136 BUY LIMIT IOC px=107 q=2] field=trades shadow=[{agg=6136 pas=5752 @106 q=2}] real=[{agg=6136 pas=6129 @106 q=2}]
  BUG   step 9872 [SUBMIT id=8127 SELL LIMIT IOC px=100 q=10] field=trades shadow=[{agg=8127 pas=8114 @101 q=10}] real=[{agg=8127 pas=8118 @101 q=10}]
  BUG   step 9872 [SUBMIT id=8127 SELL LIMIT IOC px=100 q=10] field=orderCount shadow=4 real=5
  BUG   step 9873 [AMEND id=8125 px=0 qty=9] field=orderCount shadow=4 real=5
  BUG   step 9874 [CANCEL id=8125] field=orderCount shadow=3 real=4
  BUG   step 9875 [AMEND id=8106 px=108 qty=0] field=orderCount shadow=3 real=4
  BUG   step 9876 [SUBMIT id=8128 BUY STP_MKT FOK px=0 q=10 sp=101 stg=2] field=orderCount shadow=3 real=4
  BUG   step 9877 [SUBMIT id=8129 SELL STP_MKT IOC px=0 q=8 sp=102] field=trades shadow=[{agg=8129 pas=8118 @101 q=8}] real=[{agg=8129 pas=8118 @101 q=4}, {agg=8129 pas=8114 @101 q=4}]
  BUG   step 9884 [SUBMIT id=8135 SELL STP_MKT FOK px=0 q=5 sp=109] field=trades shadow=[{agg=8135 pas=8118 @101 q=5}] real=[{agg=8135 pas=8114 @101 q=5}]
  BUG   step 9886 [SUBMIT id=8137 SELL MARKET IOC px=0 q=8] field=trades shadow=[{agg=8137 pas=8118 @101 q=1}] real=[{agg=8137 pas=8114 @101 q=1}]
  BUG   step 10686 [SUBMIT id=8776 SELL LIMIT DAY px=115 q=8] field=trades shadow=[{agg=8776 pas=8325 @115 q=8}] real=[{agg=8776 pas=8767 @115 q=1}, {agg=8776 pas=8325 @115 q=7}]
  BUG   step 10686 [SUBMIT id=8776 SELL LIMIT DAY px=115 q=8] field=orderCount shadow=5 real=4
  BUG   step 10687 [CANCEL id=6736] field=orderCount shadow=4 real=3
  BUG   step 10688 [SUBMIT id=8777 BUY STP_MKT IOC px=0 q=8 sp=116] field=orderCount shadow=4 real=3
  BUG   step 10689 [SUBMIT id=8778 BUY STP_MKT IOC px=0 q=1 sp=116] field=orderCount shadow=4 real=3
  (halting after 20 BUG divergences)

=========================================================
  Shadow Model Test Report
=========================================================
  Steps run:         10689
  Submits:           8778
  Cancels:           1149
  Amends:            762
  Trades produced:   2088
  Divergences total: 20  (BUG=20  KNOWN=0)

  Divergence details (first 30):
    [BUG  ] step 5504 [SUBMIT id=4492 BUY MARKET IOC px=0 q=20 stg=1] trades:
          shadow = [{agg=4492 pas=4487 @90 q=10}, {agg=4492 pas=3417 @95 q=8}, {agg=4492 pas=4317 @101 q=1}, {agg=4492 pas=4479 @101 q=1}]
          real   = [{agg=4492 pas=4487 @90 q=10}, {agg=4492 pas=3417 @95 q=8}, {agg=4492 pas=4479 @101 q=2}]
    [BUG  ] step 5504 [SUBMIT id=4492 BUY MARKET IOC px=0 q=20 stg=1] orderCount:
          shadow = 4
          real   = 5
    [BUG  ] step 5505 [SUBMIT id=4493 SELL LIMIT FOK px=95 q=8] orderCount:
          shadow = 4
          real   = 5
    [BUG  ] step 5506 [CANCEL id=3422] orderCount:
          shadow = 3
          real   = 4
    [BUG  ] step 5507 [SUBMIT id=4494 BUY MARKET IOC px=0 q=20] trades:
          shadow = [{agg=4494 pas=4479 @101 q=4}, {agg=4494 pas=4199 @105 q=3}]
          real   = [{agg=4494 pas=4479 @101 q=3}, {agg=4494 pas=4317 @101 q=1}, {agg=4494 pas=4199 @105 q=3}]
    [BUG  ] step 7476 [SUBMIT id=6136 BUY LIMIT IOC px=107 q=2] trades:
          shadow = [{agg=6136 pas=5752 @106 q=2}]
          real   = [{agg=6136 pas=6129 @106 q=2}]
    [BUG  ] step 9872 [SUBMIT id=8127 SELL LIMIT IOC px=100 q=10] trades:
          shadow = [{agg=8127 pas=8114 @101 q=10}]
          real   = [{agg=8127 pas=8118 @101 q=10}]
    [BUG  ] step 9872 [SUBMIT id=8127 SELL LIMIT IOC px=100 q=10] orderCount:
          shadow = 4
          real   = 5
    [BUG  ] step 9873 [AMEND id=8125 px=0 qty=9] orderCount:
          shadow = 4
          real   = 5
    [BUG  ] step 9874 [CANCEL id=8125] orderCount:
          shadow = 3
          real   = 4
    [BUG  ] step 9875 [AMEND id=8106 px=108 qty=0] orderCount:
          shadow = 3
          real   = 4
    [BUG  ] step 9876 [SUBMIT id=8128 BUY STP_MKT FOK px=0 q=10 sp=101 stg=2] orderCount:
          shadow = 3
          real   = 4
    [BUG  ] step 9877 [SUBMIT id=8129 SELL STP_MKT IOC px=0 q=8 sp=102] trades:
          shadow = [{agg=8129 pas=8118 @101 q=8}]
          real   = [{agg=8129 pas=8118 @101 q=4}, {agg=8129 pas=8114 @101 q=4}]
    [BUG  ] step 9884 [SUBMIT id=8135 SELL STP_MKT FOK px=0 q=5 sp=109] trades:
          shadow = [{agg=8135 pas=8118 @101 q=5}]
          real   = [{agg=8135 pas=8114 @101 q=5}]
    [BUG  ] step 9886 [SUBMIT id=8137 SELL MARKET IOC px=0 q=8] trades:
          shadow = [{agg=8137 pas=8118 @101 q=1}]
          real   = [{agg=8137 pas=8114 @101 q=1}]
    [BUG  ] step 10686 [SUBMIT id=8776 SELL LIMIT DAY px=115 q=8] trades:
          shadow = [{agg=8776 pas=8325 @115 q=8}]
          real   = [{agg=8776 pas=8767 @115 q=1}, {agg=8776 pas=8325 @115 q=7}]
    [BUG  ] step 10686 [SUBMIT id=8776 SELL LIMIT DAY px=115 q=8] orderCount:
          shadow = 5
          real   = 4
    [BUG  ] step 10687 [CANCEL id=6736] orderCount:
          shadow = 4
          real   = 3
    [BUG  ] step 10688 [SUBMIT id=8777 BUY STP_MKT IOC px=0 q=8 sp=116] orderCount:
          shadow = 4
          real   = 3
    [BUG  ] step 10689 [SUBMIT id=8778 BUY STP_MKT IOC px=0 q=1 sp=116] orderCount:
          shadow = 4
          real   = 3

  Result: FAIL
=========================================================
