Shadow Model Test
  Steps: 5000000
  Seed:  289

  BUG   step 3292 [SUBMIT id=2696 SELL LIMIT IOC px=105 q=5 stg=2] field=trades shadow=[{agg=2696 pas=2690 @105 q=1}, {agg=2694 pas=2679 @105 q=1}, {agg=2694 pas=2684 @102 q=9}, {agg=2694 pas=2674 @95 q=7}, {agg=2694 pas=2681 @95 q=3}, {agg=2696 pas=2679 @105 q=4}] real=[{agg=2696 pas=2690 @105 q=1}, {agg=2694 pas=2679 @105 q=1}, {agg=2694 pas=2684 @102 q=9}, {agg=2694 pas=2681 @95 q=10}, {agg=2696 pas=2679 @105 q=4}]
  BUG   step 3295 [SUBMIT id=2698 SELL STP_MKT IOC px=0 q=1 sp=105] field=trades shadow=[{agg=2698 pas=2681 @95 q=1}, {agg=2697 pas=2681 @95 q=1}] real=[{agg=2698 pas=2674 @95 q=1}, {agg=2697 pas=2674 @95 q=1}]
  BUG   step 3296 [CANCEL id=2681] field=cancelled shadow=[{2681:USER_REQUESTED}] real=[]
  BUG   step 3296 [CANCEL id=2681] field=bestBid shadow=0 real=95
  BUG   step 3296 [CANCEL id=2681] field=orderCount shadow=0 real=1
  BUG   step 3297 [SUBMIT id=2699 BUY STP_MKT IOC px=0 q=3 sp=102] field=bestBid shadow=0 real=95
  BUG   step 3297 [SUBMIT id=2699 BUY STP_MKT IOC px=0 q=3 sp=102] field=orderCount shadow=0 real=1
  BUG   step 3298 [SUBMIT id=2700 BUY STP_MKT FOK px=0 q=20 sp=105] field=bestBid shadow=0 real=95
  BUG   step 3298 [SUBMIT id=2700 BUY STP_MKT FOK px=0 q=20 sp=105] field=orderCount shadow=0 real=1
  BUG   step 3299 [SUBMIT id=2701 SELL LIMIT DAY px=108 q=20] field=bestBid shadow=0 real=95
  BUG   step 3299 [SUBMIT id=2701 SELL LIMIT DAY px=108 q=20] field=orderCount shadow=1 real=2
  BUG   step 3300 [SUBMIT id=2702 BUY STP_LIM FOK px=109 q=5 sp=108] field=bestBid shadow=0 real=95
  BUG   step 3300 [SUBMIT id=2702 BUY STP_LIM FOK px=109 q=5 sp=108] field=orderCount shadow=1 real=2
  BUG   step 3301 [AMEND id=2701 px=0 qty=12] field=bestBid shadow=0 real=95
  BUG   step 3301 [AMEND id=2701 px=0 qty=12] field=orderCount shadow=1 real=2
  BUG   step 3302 [SUBMIT id=2703 BUY STP_LIM DAY px=108 q=10 sp=98 stg=2] field=bestBid shadow=0 real=95
  BUG   step 3302 [SUBMIT id=2703 BUY STP_LIM DAY px=108 q=10 sp=98 stg=2] field=orderCount shadow=1 real=2
  BUG   step 3303 [SUBMIT id=2704 BUY LIMIT FOK px=107 q=15] field=bestBid shadow=0 real=95
  BUG   step 3303 [SUBMIT id=2704 BUY LIMIT FOK px=107 q=15] field=orderCount shadow=1 real=2
  (halting after 20 BUG divergences)

=========================================================
  Shadow Model Test Report
=========================================================
  Steps run:         3304
  Submits:           2705
  Cancels:           347
  Amends:            252
  Trades produced:   707
  Divergences total: 21  (BUG=21  KNOWN=0)

  Divergence details (first 30):
    [BUG  ] step 3292 [SUBMIT id=2696 SELL LIMIT IOC px=105 q=5 stg=2] trades:
          shadow = [{agg=2696 pas=2690 @105 q=1}, {agg=2694 pas=2679 @105 q=1}, {agg=2694 pas=2684 @102 q=9}, {agg=2694 pas=2674 @95 q=7}, {agg=2694 pas=2681 @95 q=3}, {agg=2696 pas=2679 @105 q=4}]
          real   = [{agg=2696 pas=2690 @105 q=1}, {agg=2694 pas=2679 @105 q=1}, {agg=2694 pas=2684 @102 q=9}, {agg=2694 pas=2681 @95 q=10}, {agg=2696 pas=2679 @105 q=4}]
    [BUG  ] step 3295 [SUBMIT id=2698 SELL STP_MKT IOC px=0 q=1 sp=105] trades:
          shadow = [{agg=2698 pas=2681 @95 q=1}, {agg=2697 pas=2681 @95 q=1}]
          real   = [{agg=2698 pas=2674 @95 q=1}, {agg=2697 pas=2674 @95 q=1}]
    [BUG  ] step 3296 [CANCEL id=2681] cancelled:
          shadow = [{2681:USER_REQUESTED}]
          real   = []
    [BUG  ] step 3296 [CANCEL id=2681] bestBid:
          shadow = 0
          real   = 95
    [BUG  ] step 3296 [CANCEL id=2681] orderCount:
          shadow = 0
          real   = 1
    [BUG  ] step 3297 [SUBMIT id=2699 BUY STP_MKT IOC px=0 q=3 sp=102] bestBid:
          shadow = 0
          real   = 95
    [BUG  ] step 3297 [SUBMIT id=2699 BUY STP_MKT IOC px=0 q=3 sp=102] orderCount:
          shadow = 0
          real   = 1
    [BUG  ] step 3298 [SUBMIT id=2700 BUY STP_MKT FOK px=0 q=20 sp=105] bestBid:
          shadow = 0
          real   = 95
    [BUG  ] step 3298 [SUBMIT id=2700 BUY STP_MKT FOK px=0 q=20 sp=105] orderCount:
          shadow = 0
          real   = 1
    [BUG  ] step 3299 [SUBMIT id=2701 SELL LIMIT DAY px=108 q=20] bestBid:
          shadow = 0
          real   = 95
    [BUG  ] step 3299 [SUBMIT id=2701 SELL LIMIT DAY px=108 q=20] orderCount:
          shadow = 1
          real   = 2
    [BUG  ] step 3300 [SUBMIT id=2702 BUY STP_LIM FOK px=109 q=5 sp=108] bestBid:
          shadow = 0
          real   = 95
    [BUG  ] step 3300 [SUBMIT id=2702 BUY STP_LIM FOK px=109 q=5 sp=108] orderCount:
          shadow = 1
          real   = 2
    [BUG  ] step 3301 [AMEND id=2701 px=0 qty=12] bestBid:
          shadow = 0
          real   = 95
    [BUG  ] step 3301 [AMEND id=2701 px=0 qty=12] orderCount:
          shadow = 1
          real   = 2
    [BUG  ] step 3302 [SUBMIT id=2703 BUY STP_LIM DAY px=108 q=10 sp=98 stg=2] bestBid:
          shadow = 0
          real   = 95
    [BUG  ] step 3302 [SUBMIT id=2703 BUY STP_LIM DAY px=108 q=10 sp=98 stg=2] orderCount:
          shadow = 1
          real   = 2
    [BUG  ] step 3303 [SUBMIT id=2704 BUY LIMIT FOK px=107 q=15] bestBid:
          shadow = 0
          real   = 95
    [BUG  ] step 3303 [SUBMIT id=2704 BUY LIMIT FOK px=107 q=15] orderCount:
          shadow = 1
          real   = 2
    [BUG  ] step 3304 [SUBMIT id=2705 SELL STP_LIM GTC px=107 q=1 sp=85] bestBid:
          shadow = 0
          real   = 95
    [BUG  ] step 3304 [SUBMIT id=2705 SELL STP_LIM GTC px=107 q=1 sp=85] orderCount:
          shadow = 1
          real   = 2

  Result: FAIL
=========================================================
