Shadow Model Test
  Steps: 5000000
  Seed:  273

  BUG   step 2666 [SUBMIT id=2209 SELL MARKET FOK px=0 q=20] field=trades shadow=[{agg=2209 pas=2180 @108 q=8}, {agg=2209 pas=2198 @108 q=10}, {agg=2209 pas=2204 @97 q=2}, {agg=2186 pas=2204 @97 q=6}, {agg=2186 pas=2191 @95 q=1}] real=[{agg=2209 pas=2198 @108 q=10}, {agg=2209 pas=2180 @108 q=8}, {agg=2209 pas=2204 @97 q=2}, {agg=2186 pas=2204 @97 q=6}, {agg=2186 pas=2191 @95 q=1}]
  BUG   step 4439 [SUBMIT id=3639 SELL LIMIT GTC px=105 q=10] field=trades shadow=[{agg=3639 pas=3475 @110 q=10}] real=[{agg=3639 pas=3637 @110 q=10}]
  BUG   step 4448 [SUBMIT id=3646 SELL LIMIT GTC px=104 q=10 dq=4] field=trades shadow=[{agg=3646 pas=3475 @110 q=5}, {agg=3646 pas=3645 @110 q=5}] real=[{agg=3646 pas=3475 @110 q=10}]
  BUG   step 4448 [SUBMIT id=3646 SELL LIMIT GTC px=104 q=10 dq=4] field=orderCount shadow=3 real=4
  BUG   step 4449 [SUBMIT id=3647 SELL LIMIT IOC px=110 q=1] field=trades shadow=[{agg=3647 pas=3645 @110 q=1}] real=[{agg=3647 pas=3475 @110 q=1}]
  BUG   step 4449 [SUBMIT id=3647 SELL LIMIT IOC px=110 q=1] field=orderCount shadow=3 real=4
  BUG   step 4450 [SUBMIT id=3648 SELL LIMIT DAY px=107 q=1] field=trades shadow=[{agg=3648 pas=3645 @110 q=1}] real=[{agg=3648 pas=3475 @110 q=1}]
  BUG   step 4450 [SUBMIT id=3648 SELL LIMIT DAY px=107 q=1] field=orderCount shadow=3 real=4
  BUG   step 4451 [SUBMIT id=3649 BUY LIMIT DAY px=112 q=2] field=orderCount shadow=3 real=4
  BUG   step 4452 [SUBMIT id=3650 SELL MARKET IOC px=0 q=1] field=trades shadow=[{agg=3650 pas=3645 @110 q=1}] real=[{agg=3650 pas=3475 @110 q=1}]
  BUG   step 4452 [SUBMIT id=3650 SELL MARKET IOC px=0 q=1] field=orderCount shadow=3 real=4
  BUG   step 4453 [SUBMIT id=3651 BUY LIMIT GTC px=109 q=15] field=orderCount shadow=4 real=5
  BUG   step 4454 [SUBMIT id=3652 SELL MARKET IOC px=0 q=1] field=trades shadow=[{agg=3652 pas=3645 @110 q=1}] real=[{agg=3652 pas=3475 @110 q=1}]
  BUG   step 4454 [SUBMIT id=3652 SELL MARKET IOC px=0 q=1] field=orderCount shadow=4 real=5
  BUG   step 4455 [SUBMIT id=3653 SELL MARKET IOC px=0 q=8] field=trades shadow=[{agg=3653 pas=3645 @110 q=3}, {agg=3653 pas=3645 @110 q=5}] real=[{agg=3653 pas=3475 @110 q=1}, {agg=3653 pas=3645 @110 q=7}]
  BUG   step 4461 [SUBMIT id=3658 SELL LIMIT IOC px=100 q=3 stg=2] field=bestBid shadow=109 real=110
  BUG   step 4461 [SUBMIT id=3658 SELL LIMIT IOC px=100 q=3 stg=2] field=orderCount shadow=3 real=4
  BUG   step 4462 [SUBMIT id=3659 BUY LIMIT GTC px=99 q=3 stg=2] field=bestBid shadow=109 real=110
  BUG   step 4462 [SUBMIT id=3659 BUY LIMIT GTC px=99 q=3 stg=2] field=orderCount shadow=4 real=5
  (halting after 20 BUG divergences)

=========================================================
  Shadow Model Test Report
=========================================================
  Steps run:         4463
  Submits:           3660
  Cancels:           502
  Amends:            301
  Trades produced:   893
  Divergences total: 21  (BUG=21  KNOWN=0)

  Divergence details (first 30):
    [BUG  ] step 2666 [SUBMIT id=2209 SELL MARKET FOK px=0 q=20] trades:
          shadow = [{agg=2209 pas=2180 @108 q=8}, {agg=2209 pas=2198 @108 q=10}, {agg=2209 pas=2204 @97 q=2}, {agg=2186 pas=2204 @97 q=6}, {agg=2186 pas=2191 @95 q=1}]
          real   = [{agg=2209 pas=2198 @108 q=10}, {agg=2209 pas=2180 @108 q=8}, {agg=2209 pas=2204 @97 q=2}, {agg=2186 pas=2204 @97 q=6}, {agg=2186 pas=2191 @95 q=1}]
    [BUG  ] step 4439 [SUBMIT id=3639 SELL LIMIT GTC px=105 q=10] trades:
          shadow = [{agg=3639 pas=3475 @110 q=10}]
          real   = [{agg=3639 pas=3637 @110 q=10}]
    [BUG  ] step 4448 [SUBMIT id=3646 SELL LIMIT GTC px=104 q=10 dq=4] trades:
          shadow = [{agg=3646 pas=3475 @110 q=5}, {agg=3646 pas=3645 @110 q=5}]
          real   = [{agg=3646 pas=3475 @110 q=10}]
    [BUG  ] step 4448 [SUBMIT id=3646 SELL LIMIT GTC px=104 q=10 dq=4] orderCount:
          shadow = 3
          real   = 4
    [BUG  ] step 4449 [SUBMIT id=3647 SELL LIMIT IOC px=110 q=1] trades:
          shadow = [{agg=3647 pas=3645 @110 q=1}]
          real   = [{agg=3647 pas=3475 @110 q=1}]
    [BUG  ] step 4449 [SUBMIT id=3647 SELL LIMIT IOC px=110 q=1] orderCount:
          shadow = 3
          real   = 4
    [BUG  ] step 4450 [SUBMIT id=3648 SELL LIMIT DAY px=107 q=1] trades:
          shadow = [{agg=3648 pas=3645 @110 q=1}]
          real   = [{agg=3648 pas=3475 @110 q=1}]
    [BUG  ] step 4450 [SUBMIT id=3648 SELL LIMIT DAY px=107 q=1] orderCount:
          shadow = 3
          real   = 4
    [BUG  ] step 4451 [SUBMIT id=3649 BUY LIMIT DAY px=112 q=2] orderCount:
          shadow = 3
          real   = 4
    [BUG  ] step 4452 [SUBMIT id=3650 SELL MARKET IOC px=0 q=1] trades:
          shadow = [{agg=3650 pas=3645 @110 q=1}]
          real   = [{agg=3650 pas=3475 @110 q=1}]
    [BUG  ] step 4452 [SUBMIT id=3650 SELL MARKET IOC px=0 q=1] orderCount:
          shadow = 3
          real   = 4
    [BUG  ] step 4453 [SUBMIT id=3651 BUY LIMIT GTC px=109 q=15] orderCount:
          shadow = 4
          real   = 5
    [BUG  ] step 4454 [SUBMIT id=3652 SELL MARKET IOC px=0 q=1] trades:
          shadow = [{agg=3652 pas=3645 @110 q=1}]
          real   = [{agg=3652 pas=3475 @110 q=1}]
    [BUG  ] step 4454 [SUBMIT id=3652 SELL MARKET IOC px=0 q=1] orderCount:
          shadow = 4
          real   = 5
    [BUG  ] step 4455 [SUBMIT id=3653 SELL MARKET IOC px=0 q=8] trades:
          shadow = [{agg=3653 pas=3645 @110 q=3}, {agg=3653 pas=3645 @110 q=5}]
          real   = [{agg=3653 pas=3475 @110 q=1}, {agg=3653 pas=3645 @110 q=7}]
    [BUG  ] step 4461 [SUBMIT id=3658 SELL LIMIT IOC px=100 q=3 stg=2] bestBid:
          shadow = 109
          real   = 110
    [BUG  ] step 4461 [SUBMIT id=3658 SELL LIMIT IOC px=100 q=3 stg=2] orderCount:
          shadow = 3
          real   = 4
    [BUG  ] step 4462 [SUBMIT id=3659 BUY LIMIT GTC px=99 q=3 stg=2] bestBid:
          shadow = 109
          real   = 110
    [BUG  ] step 4462 [SUBMIT id=3659 BUY LIMIT GTC px=99 q=3 stg=2] orderCount:
          shadow = 4
          real   = 5
    [BUG  ] step 4463 [SUBMIT id=3660 BUY LIMIT FOK px=110 q=15] bestBid:
          shadow = 109
          real   = 110
    [BUG  ] step 4463 [SUBMIT id=3660 BUY LIMIT FOK px=110 q=15] orderCount:
          shadow = 4
          real   = 5

  Result: FAIL
=========================================================
