Shadow Model Test
  Steps: 5000000
  Seed:  463

  BUG   step 929 [SUBMIT id=765 SELL MARKET IOC px=0 q=5] field=trades shadow=[{agg=765 pas=733 @99 q=5}] real=[{agg=765 pas=763 @99 q=5}]
  BUG   step 931 [SUBMIT id=767 SELL LIMIT IOC px=99 q=15 mq=9] field=trades shadow=[{agg=767 pas=733 @99 q=15}] real=[{agg=767 pas=763 @99 q=7}, {agg=767 pas=733 @99 q=8}]
  BUG   step 936 [SUBMIT id=772 SELL LIMIT GTC px=98 q=20 dq=19] field=trades shadow=[{agg=772 pas=763 @99 q=12}, {agg=772 pas=771 @98 q=8}] real=[{agg=772 pas=733 @99 q=12}, {agg=772 pas=771 @98 q=8}]
  BUG   step 1661 [SUBMIT id=1371 BUY MARKET IOC px=0 q=20] field=trades shadow=[{agg=1371 pas=1366 @92 q=7}, {agg=1371 pas=1369 @108 q=13}, {agg=1276 pas=1002 @104 q=2}, {agg=1280 pas=1037 @108 q=1}, {agg=1280 pas=1369 @108 q=1}] real=[{agg=1371 pas=1366 @92 q=7}, {agg=1371 pas=1369 @108 q=13}, {agg=1276 pas=1002 @104 q=2}, {agg=1280 pas=1369 @108 q=1}, {agg=1280 pas=1037 @108 q=1}]
  BUG   step 4456 [SUBMIT id=3668 BUY LIMIT IOC px=111 q=8] field=trades shadow=[{agg=3668 pas=3648 @106 q=3}, {agg=3668 pas=3663 @106 q=3}] real=[{agg=3668 pas=3663 @106 q=3}, {agg=3668 pas=3648 @106 q=3}]
  BUG   step 8625 [SUBMIT id=7073 SELL LIMIT IOC px=106 q=10] field=trades shadow=[{agg=7073 pas=7056 @111 q=7}, {agg=7073 pas=7000 @110 q=1}, {agg=7073 pas=7065 @110 q=2}] real=[{agg=7073 pas=7056 @111 q=7}, {agg=7073 pas=7065 @110 q=3}]
  BUG   step 8625 [SUBMIT id=7073 SELL LIMIT IOC px=106 q=10] field=orderCount shadow=1 real=2
  BUG   step 8626 [SUBMIT id=7074 BUY LIMIT DAY px=105 q=3] field=orderCount shadow=2 real=3
  BUG   step 8627 [SUBMIT id=7075 SELL MARKET IOC px=0 q=20] field=trades shadow=[{agg=7075 pas=7065 @110 q=6}, {agg=7075 pas=7074 @105 q=3}] real=[{agg=7075 pas=7065 @110 q=5}, {agg=7075 pas=7000 @110 q=1}, {agg=7075 pas=7074 @105 q=3}]
  BUG   step 16203 [SUBMIT id=13329 BUY STP_MKT FOK px=0 q=15 sp=99] field=trades shadow=[{agg=13329 pas=13319 @106 q=8}, {agg=13329 pas=13314 @107 q=7}] real=[{agg=13329 pas=13319 @106 q=8}, {agg=13329 pas=13322 @107 q=4}, {agg=13329 pas=13314 @107 q=3}]
  BUG   step 16203 [SUBMIT id=13329 BUY STP_MKT FOK px=0 q=15 sp=99] field=orderCount shadow=3 real=2
  BUG   step 16204 [SUBMIT id=13330 SELL STP_LIM IOC px=104 q=20 sp=102] field=orderCount shadow=3 real=2
  BUG   step 16205 [SUBMIT id=13331 BUY STP_LIM IOC px=98 q=20 sp=107 stg=2] field=orderCount shadow=3 real=2
  BUG   step 16206 [SUBMIT id=13332 BUY LIMIT IOC px=94 q=15] field=orderCount shadow=3 real=2
  BUG   step 16207 [SUBMIT id=13333 BUY STP_MKT IOC px=0 q=2 sp=102] field=orderCount shadow=3 real=2
  BUG   step 16208 [CANCEL id=13322] field=cancelled shadow=[{13322:USER_REQUESTED}] real=[]
  BUG   step 16641 [SUBMIT id=13696 BUY LIMIT IOC px=109 q=15] field=trades shadow=[{agg=13696 pas=13296 @104 q=6}, {agg=13696 pas=13678 @107 q=6}, {agg=13691 pas=13302 @108 q=2}, {agg=13691 pas=13677 @108 q=3}, {agg=13696 pas=13302 @108 q=3}] real=[{agg=13696 pas=13296 @104 q=6}, {agg=13696 pas=13678 @107 q=6}, {agg=13691 pas=13302 @108 q=5}, {agg=13696 pas=13677 @108 q=3}]
  BUG   step 17319 [SUBMIT id=14249 SELL LIMIT IOC px=102 q=10] field=trades shadow=[{agg=14249 pas=14243 @109 q=7}, {agg=14249 pas=14040 @104 q=3}] real=[{agg=14249 pas=14243 @109 q=7}, {agg=14249 pas=14244 @104 q=3}]
  BUG   step 17319 [SUBMIT id=14249 SELL LIMIT IOC px=102 q=10] field=orderCount shadow=3 real=2
  BUG   step 17320 [SUBMIT id=14250 BUY STP_MKT IOC px=0 q=1 sp=105] field=orderCount shadow=3 real=2
  (halting after 20 BUG divergences)

=========================================================
  Shadow Model Test Report
=========================================================
  Steps run:         17320
  Submits:           14250
  Cancels:           1840
  Amends:            1230
  Trades produced:   3497
  Divergences total: 20  (BUG=20  KNOWN=0)

  Divergence details (first 30):
    [BUG  ] step 929 [SUBMIT id=765 SELL MARKET IOC px=0 q=5] trades:
          shadow = [{agg=765 pas=733 @99 q=5}]
          real   = [{agg=765 pas=763 @99 q=5}]
    [BUG  ] step 931 [SUBMIT id=767 SELL LIMIT IOC px=99 q=15 mq=9] trades:
          shadow = [{agg=767 pas=733 @99 q=15}]
          real   = [{agg=767 pas=763 @99 q=7}, {agg=767 pas=733 @99 q=8}]
    [BUG  ] step 936 [SUBMIT id=772 SELL LIMIT GTC px=98 q=20 dq=19] trades:
          shadow = [{agg=772 pas=763 @99 q=12}, {agg=772 pas=771 @98 q=8}]
          real   = [{agg=772 pas=733 @99 q=12}, {agg=772 pas=771 @98 q=8}]
    [BUG  ] step 1661 [SUBMIT id=1371 BUY MARKET IOC px=0 q=20] trades:
          shadow = [{agg=1371 pas=1366 @92 q=7}, {agg=1371 pas=1369 @108 q=13}, {agg=1276 pas=1002 @104 q=2}, {agg=1280 pas=1037 @108 q=1}, {agg=1280 pas=1369 @108 q=1}]
          real   = [{agg=1371 pas=1366 @92 q=7}, {agg=1371 pas=1369 @108 q=13}, {agg=1276 pas=1002 @104 q=2}, {agg=1280 pas=1369 @108 q=1}, {agg=1280 pas=1037 @108 q=1}]
    [BUG  ] step 4456 [SUBMIT id=3668 BUY LIMIT IOC px=111 q=8] trades:
          shadow = [{agg=3668 pas=3648 @106 q=3}, {agg=3668 pas=3663 @106 q=3}]
          real   = [{agg=3668 pas=3663 @106 q=3}, {agg=3668 pas=3648 @106 q=3}]
    [BUG  ] step 8625 [SUBMIT id=7073 SELL LIMIT IOC px=106 q=10] trades:
          shadow = [{agg=7073 pas=7056 @111 q=7}, {agg=7073 pas=7000 @110 q=1}, {agg=7073 pas=7065 @110 q=2}]
          real   = [{agg=7073 pas=7056 @111 q=7}, {agg=7073 pas=7065 @110 q=3}]
    [BUG  ] step 8625 [SUBMIT id=7073 SELL LIMIT IOC px=106 q=10] orderCount:
          shadow = 1
          real   = 2
    [BUG  ] step 8626 [SUBMIT id=7074 BUY LIMIT DAY px=105 q=3] orderCount:
          shadow = 2
          real   = 3
    [BUG  ] step 8627 [SUBMIT id=7075 SELL MARKET IOC px=0 q=20] trades:
          shadow = [{agg=7075 pas=7065 @110 q=6}, {agg=7075 pas=7074 @105 q=3}]
          real   = [{agg=7075 pas=7065 @110 q=5}, {agg=7075 pas=7000 @110 q=1}, {agg=7075 pas=7074 @105 q=3}]
    [BUG  ] step 16203 [SUBMIT id=13329 BUY STP_MKT FOK px=0 q=15 sp=99] trades:
          shadow = [{agg=13329 pas=13319 @106 q=8}, {agg=13329 pas=13314 @107 q=7}]
          real   = [{agg=13329 pas=13319 @106 q=8}, {agg=13329 pas=13322 @107 q=4}, {agg=13329 pas=13314 @107 q=3}]
    [BUG  ] step 16203 [SUBMIT id=13329 BUY STP_MKT FOK px=0 q=15 sp=99] orderCount:
          shadow = 3
          real   = 2
    [BUG  ] step 16204 [SUBMIT id=13330 SELL STP_LIM IOC px=104 q=20 sp=102] orderCount:
          shadow = 3
          real   = 2
    [BUG  ] step 16205 [SUBMIT id=13331 BUY STP_LIM IOC px=98 q=20 sp=107 stg=2] orderCount:
          shadow = 3
          real   = 2
    [BUG  ] step 16206 [SUBMIT id=13332 BUY LIMIT IOC px=94 q=15] orderCount:
          shadow = 3
          real   = 2
    [BUG  ] step 16207 [SUBMIT id=13333 BUY STP_MKT IOC px=0 q=2 sp=102] orderCount:
          shadow = 3
          real   = 2
    [BUG  ] step 16208 [CANCEL id=13322] cancelled:
          shadow = [{13322:USER_REQUESTED}]
          real   = []
    [BUG  ] step 16641 [SUBMIT id=13696 BUY LIMIT IOC px=109 q=15] trades:
          shadow = [{agg=13696 pas=13296 @104 q=6}, {agg=13696 pas=13678 @107 q=6}, {agg=13691 pas=13302 @108 q=2}, {agg=13691 pas=13677 @108 q=3}, {agg=13696 pas=13302 @108 q=3}]
          real   = [{agg=13696 pas=13296 @104 q=6}, {agg=13696 pas=13678 @107 q=6}, {agg=13691 pas=13302 @108 q=5}, {agg=13696 pas=13677 @108 q=3}]
    [BUG  ] step 17319 [SUBMIT id=14249 SELL LIMIT IOC px=102 q=10] trades:
          shadow = [{agg=14249 pas=14243 @109 q=7}, {agg=14249 pas=14040 @104 q=3}]
          real   = [{agg=14249 pas=14243 @109 q=7}, {agg=14249 pas=14244 @104 q=3}]
    [BUG  ] step 17319 [SUBMIT id=14249 SELL LIMIT IOC px=102 q=10] orderCount:
          shadow = 3
          real   = 2
    [BUG  ] step 17320 [SUBMIT id=14250 BUY STP_MKT IOC px=0 q=1 sp=105] orderCount:
          shadow = 3
          real   = 2

  Result: FAIL
=========================================================
