Shadow Model Test
  Steps: 5000000
  Seed:  422

  BUG   step 3080 [SUBMIT id=2512 BUY MARKET IOC px=0 q=1] field=trades shadow=[{agg=2512 pas=2484 @95 q=1}] real=[{agg=2512 pas=2505 @95 q=1}]
  BUG   step 3081 [SUBMIT id=2513 BUY STP_LIM FOK px=100 q=3 sp=94] field=trades shadow=[{agg=2513 pas=2484 @95 q=3}] real=[{agg=2513 pas=2505 @95 q=3}]
  BUG   step 3315 [SUBMIT id=2694 SELL MARKET FOK px=0 q=20] field=trades shadow=[{agg=2694 pas=2663 @109 q=8}, {agg=2694 pas=2578 @107 q=3}, {agg=2694 pas=2687 @107 q=3}, {agg=2694 pas=2689 @107 q=6}] real=[{agg=2694 pas=2663 @109 q=8}, {agg=2694 pas=2687 @107 q=3}, {agg=2694 pas=2689 @107 q=9}]
  BUG   step 3315 [SUBMIT id=2694 SELL MARKET FOK px=0 q=20] field=orderCount shadow=4 real=5
  BUG   step 3316 [SUBMIT id=2695 BUY LIMIT FOK px=98 q=15] field=orderCount shadow=4 real=5
  BUG   step 3317 [SUBMIT id=2696 SELL LIMIT FOK px=106 q=1] field=orderCount shadow=4 real=5
  BUG   step 3318 [CANCEL id=2685] field=orderCount shadow=3 real=4
  BUG   step 3319 [CANCEL id=2689] field=bestBid shadow=104 real=107
  BUG   step 3319 [CANCEL id=2689] field=orderCount shadow=2 real=3
  BUG   step 3320 [SUBMIT id=2697 BUY STP_MKT IOC px=0 q=2 sp=104] field=bestBid shadow=104 real=107
  BUG   step 3320 [SUBMIT id=2697 BUY STP_MKT IOC px=0 q=2 sp=104] field=orderCount shadow=2 real=3
  BUG   step 3321 [CANCEL id=2683] field=bestBid shadow=104 real=107
  BUG   step 3321 [CANCEL id=2683] field=orderCount shadow=1 real=2
  BUG   step 3322 [SUBMIT id=2698 BUY MTL GTC px=103 q=1] field=bestBid shadow=104 real=107
  BUG   step 3322 [SUBMIT id=2698 BUY MTL GTC px=103 q=1] field=orderCount shadow=1 real=2
  BUG   step 3323 [AMEND id=2690 px=106 qty=0] field=bestBid shadow=106 real=107
  BUG   step 3323 [AMEND id=2690 px=106 qty=0] field=orderCount shadow=1 real=2
  BUG   step 3324 [AMEND id=2690 px=0 qty=14] field=bestBid shadow=106 real=107
  BUG   step 3324 [AMEND id=2690 px=0 qty=14] field=orderCount shadow=1 real=2
  (halting after 20 BUG divergences)

=========================================================
  Shadow Model Test Report
=========================================================
  Steps run:         3325
  Submits:           2699
  Cancels:           373
  Amends:            253
  Trades produced:   656
  Divergences total: 21  (BUG=21  KNOWN=0)

  Divergence details (first 30):
    [BUG  ] step 3080 [SUBMIT id=2512 BUY MARKET IOC px=0 q=1] trades:
          shadow = [{agg=2512 pas=2484 @95 q=1}]
          real   = [{agg=2512 pas=2505 @95 q=1}]
    [BUG  ] step 3081 [SUBMIT id=2513 BUY STP_LIM FOK px=100 q=3 sp=94] trades:
          shadow = [{agg=2513 pas=2484 @95 q=3}]
          real   = [{agg=2513 pas=2505 @95 q=3}]
    [BUG  ] step 3315 [SUBMIT id=2694 SELL MARKET FOK px=0 q=20] trades:
          shadow = [{agg=2694 pas=2663 @109 q=8}, {agg=2694 pas=2578 @107 q=3}, {agg=2694 pas=2687 @107 q=3}, {agg=2694 pas=2689 @107 q=6}]
          real   = [{agg=2694 pas=2663 @109 q=8}, {agg=2694 pas=2687 @107 q=3}, {agg=2694 pas=2689 @107 q=9}]
    [BUG  ] step 3315 [SUBMIT id=2694 SELL MARKET FOK px=0 q=20] orderCount:
          shadow = 4
          real   = 5
    [BUG  ] step 3316 [SUBMIT id=2695 BUY LIMIT FOK px=98 q=15] orderCount:
          shadow = 4
          real   = 5
    [BUG  ] step 3317 [SUBMIT id=2696 SELL LIMIT FOK px=106 q=1] orderCount:
          shadow = 4
          real   = 5
    [BUG  ] step 3318 [CANCEL id=2685] orderCount:
          shadow = 3
          real   = 4
    [BUG  ] step 3319 [CANCEL id=2689] bestBid:
          shadow = 104
          real   = 107
    [BUG  ] step 3319 [CANCEL id=2689] orderCount:
          shadow = 2
          real   = 3
    [BUG  ] step 3320 [SUBMIT id=2697 BUY STP_MKT IOC px=0 q=2 sp=104] bestBid:
          shadow = 104
          real   = 107
    [BUG  ] step 3320 [SUBMIT id=2697 BUY STP_MKT IOC px=0 q=2 sp=104] orderCount:
          shadow = 2
          real   = 3
    [BUG  ] step 3321 [CANCEL id=2683] bestBid:
          shadow = 104
          real   = 107
    [BUG  ] step 3321 [CANCEL id=2683] orderCount:
          shadow = 1
          real   = 2
    [BUG  ] step 3322 [SUBMIT id=2698 BUY MTL GTC px=103 q=1] bestBid:
          shadow = 104
          real   = 107
    [BUG  ] step 3322 [SUBMIT id=2698 BUY MTL GTC px=103 q=1] orderCount:
          shadow = 1
          real   = 2
    [BUG  ] step 3323 [AMEND id=2690 px=106 qty=0] bestBid:
          shadow = 106
          real   = 107
    [BUG  ] step 3323 [AMEND id=2690 px=106 qty=0] orderCount:
          shadow = 1
          real   = 2
    [BUG  ] step 3324 [AMEND id=2690 px=0 qty=14] bestBid:
          shadow = 106
          real   = 107
    [BUG  ] step 3324 [AMEND id=2690 px=0 qty=14] orderCount:
          shadow = 1
          real   = 2
    [BUG  ] step 3325 [SUBMIT id=2699 BUY MTL GTC px=101 q=1] bestBid:
          shadow = 106
          real   = 107
    [BUG  ] step 3325 [SUBMIT id=2699 BUY MTL GTC px=101 q=1] orderCount:
          shadow = 1
          real   = 2

  Result: FAIL
=========================================================
