Shadow Model Test
  Steps: 5000000
  Seed:  9

  BUG   step 1230 [SUBMIT id=1028 SELL LIMIT IOC px=104 q=5 stg=1] field=trades shadow=[{agg=1028 pas=1026 @110 q=1}, {agg=1028 pas=1027 @110 q=3}] real=[{agg=1028 pas=1027 @110 q=3}, {agg=1028 pas=1026 @110 q=1}]
  BUG   step 2413 [SUBMIT id=1991 SELL MARKET IOC px=0 q=15] field=trades shadow=[{agg=1991 pas=1982 @107 q=1}, {agg=1991 pas=1988 @107 q=5}, {agg=1991 pas=1990 @107 q=9}] real=[{agg=1991 pas=1988 @107 q=5}, {agg=1991 pas=1982 @107 q=1}, {agg=1991 pas=1990 @107 q=9}]
  BUG   step 4032 [SUBMIT id=3320 BUY STP_LIM IOC px=103 q=8 sp=98] field=trades shadow=[{agg=3320 pas=3293 @98 q=3}, {agg=3320 pas=3317 @98 q=2}, {agg=3320 pas=3302 @100 q=3}] real=[{agg=3320 pas=3317 @98 q=2}, {agg=3320 pas=3293 @98 q=3}, {agg=3320 pas=3302 @100 q=3}]
  BUG   step 4754 [SUBMIT id=3931 SELL LIMIT DAY px=105 q=10 stg=2] field=trades shadow=[{agg=3931 pas=3879 @106 q=2}, {agg=3931 pas=3928 @106 q=8}] real=[{agg=3931 pas=3928 @106 q=9}, {agg=3931 pas=3879 @106 q=1}]
  BUG   step 4762 [SUBMIT id=3937 SELL LIMIT GTC px=101 q=20] field=trades shadow=[{agg=3937 pas=3875 @106 q=10}, {agg=3937 pas=3928 @106 q=10}] real=[{agg=3937 pas=3879 @106 q=1}, {agg=3937 pas=3875 @106 q=10}]
  BUG   step 4762 [SUBMIT id=3937 SELL LIMIT GTC px=101 q=20] field=bestBid shadow=106 real=93
  BUG   step 4762 [SUBMIT id=3937 SELL LIMIT GTC px=101 q=20] field=bestAsk shadow=0 real=101
  BUG   step 4763 [SUBMIT id=3938 SELL LIMIT GTC px=106 q=10 mq=4] field=trades shadow=[{agg=3938 pas=3928 @106 q=6}] real=[]
  BUG   step 4763 [SUBMIT id=3938 SELL LIMIT GTC px=106 q=10 mq=4] field=cancelled shadow=[] real=[{3938:MIN_QTY_NOT_SATISFIABLE}]
  BUG   step 4763 [SUBMIT id=3938 SELL LIMIT GTC px=106 q=10 mq=4] field=bestAsk shadow=106 real=101
  BUG   step 4764 [CANCEL id=3926] field=bestAsk shadow=106 real=101
  BUG   step 4765 [SUBMIT id=3939 SELL LIMIT IOC px=107 q=5] field=bestAsk shadow=106 real=101
  BUG   step 4766 [SUBMIT id=3940 SELL LIMIT DAY px=107 q=3] field=bestAsk shadow=106 real=101
  BUG   step 4767 [SUBMIT id=3941 BUY LIMIT DAY px=109 q=10 mq=5] field=trades shadow=[{agg=3941 pas=3938 @106 q=4}, {agg=3941 pas=3940 @107 q=3}] real=[{agg=3941 pas=3937 @101 q=9}, {agg=3941 pas=3940 @107 q=1}]
  BUG   step 4767 [SUBMIT id=3941 BUY LIMIT DAY px=109 q=10 mq=5] field=bestBid shadow=109 real=0
  BUG   step 4767 [SUBMIT id=3941 BUY LIMIT DAY px=109 q=10 mq=5] field=bestAsk shadow=0 real=101
  BUG   step 4767 [SUBMIT id=3941 BUY LIMIT DAY px=109 q=10 mq=5] field=orderCount shadow=1 real=3
  BUG   step 4767 [SUBMIT id=3941 BUY LIMIT DAY px=109 q=10 mq=5] field=stopCount shadow=91 real=89
  (halting after 20 BUG divergences)

=========================================================
  Shadow Model Test Report
=========================================================
  Steps run:         4768
  Submits:           3941
  Cancels:           503
  Amends:            324
  Trades produced:   912
  Divergences total: 22  (BUG=22  KNOWN=0)

  Divergence details (first 30):
    [BUG  ] step 1230 [SUBMIT id=1028 SELL LIMIT IOC px=104 q=5 stg=1] trades:
          shadow = [{agg=1028 pas=1026 @110 q=1}, {agg=1028 pas=1027 @110 q=3}]
          real   = [{agg=1028 pas=1027 @110 q=3}, {agg=1028 pas=1026 @110 q=1}]
    [BUG  ] step 2413 [SUBMIT id=1991 SELL MARKET IOC px=0 q=15] trades:
          shadow = [{agg=1991 pas=1982 @107 q=1}, {agg=1991 pas=1988 @107 q=5}, {agg=1991 pas=1990 @107 q=9}]
          real   = [{agg=1991 pas=1988 @107 q=5}, {agg=1991 pas=1982 @107 q=1}, {agg=1991 pas=1990 @107 q=9}]
    [BUG  ] step 4032 [SUBMIT id=3320 BUY STP_LIM IOC px=103 q=8 sp=98] trades:
          shadow = [{agg=3320 pas=3293 @98 q=3}, {agg=3320 pas=3317 @98 q=2}, {agg=3320 pas=3302 @100 q=3}]
          real   = [{agg=3320 pas=3317 @98 q=2}, {agg=3320 pas=3293 @98 q=3}, {agg=3320 pas=3302 @100 q=3}]
    [BUG  ] step 4754 [SUBMIT id=3931 SELL LIMIT DAY px=105 q=10 stg=2] trades:
          shadow = [{agg=3931 pas=3879 @106 q=2}, {agg=3931 pas=3928 @106 q=8}]
          real   = [{agg=3931 pas=3928 @106 q=9}, {agg=3931 pas=3879 @106 q=1}]
    [BUG  ] step 4762 [SUBMIT id=3937 SELL LIMIT GTC px=101 q=20] trades:
          shadow = [{agg=3937 pas=3875 @106 q=10}, {agg=3937 pas=3928 @106 q=10}]
          real   = [{agg=3937 pas=3879 @106 q=1}, {agg=3937 pas=3875 @106 q=10}]
    [BUG  ] step 4762 [SUBMIT id=3937 SELL LIMIT GTC px=101 q=20] bestBid:
          shadow = 106
          real   = 93
    [BUG  ] step 4762 [SUBMIT id=3937 SELL LIMIT GTC px=101 q=20] bestAsk:
          shadow = 0
          real   = 101
    [BUG  ] step 4763 [SUBMIT id=3938 SELL LIMIT GTC px=106 q=10 mq=4] trades:
          shadow = [{agg=3938 pas=3928 @106 q=6}]
          real   = []
    [BUG  ] step 4763 [SUBMIT id=3938 SELL LIMIT GTC px=106 q=10 mq=4] cancelled:
          shadow = []
          real   = [{3938:MIN_QTY_NOT_SATISFIABLE}]
    [BUG  ] step 4763 [SUBMIT id=3938 SELL LIMIT GTC px=106 q=10 mq=4] bestAsk:
          shadow = 106
          real   = 101
    [BUG  ] step 4764 [CANCEL id=3926] bestAsk:
          shadow = 106
          real   = 101
    [BUG  ] step 4765 [SUBMIT id=3939 SELL LIMIT IOC px=107 q=5] bestAsk:
          shadow = 106
          real   = 101
    [BUG  ] step 4766 [SUBMIT id=3940 SELL LIMIT DAY px=107 q=3] bestAsk:
          shadow = 106
          real   = 101
    [BUG  ] step 4767 [SUBMIT id=3941 BUY LIMIT DAY px=109 q=10 mq=5] trades:
          shadow = [{agg=3941 pas=3938 @106 q=4}, {agg=3941 pas=3940 @107 q=3}]
          real   = [{agg=3941 pas=3937 @101 q=9}, {agg=3941 pas=3940 @107 q=1}]
    [BUG  ] step 4767 [SUBMIT id=3941 BUY LIMIT DAY px=109 q=10 mq=5] bestBid:
          shadow = 109
          real   = 0
    [BUG  ] step 4767 [SUBMIT id=3941 BUY LIMIT DAY px=109 q=10 mq=5] bestAsk:
          shadow = 0
          real   = 101
    [BUG  ] step 4767 [SUBMIT id=3941 BUY LIMIT DAY px=109 q=10 mq=5] orderCount:
          shadow = 1
          real   = 3
    [BUG  ] step 4767 [SUBMIT id=3941 BUY LIMIT DAY px=109 q=10 mq=5] stopCount:
          shadow = 91
          real   = 89
    [BUG  ] step 4768 [AMEND id=3941 px=97 qty=0] bestBid:
          shadow = 97
          real   = 0
    [BUG  ] step 4768 [AMEND id=3941 px=97 qty=0] bestAsk:
          shadow = 0
          real   = 101
    [BUG  ] step 4768 [AMEND id=3941 px=97 qty=0] orderCount:
          shadow = 1
          real   = 3
    [BUG  ] step 4768 [AMEND id=3941 px=97 qty=0] stopCount:
          shadow = 91
          real   = 89

  Result: FAIL
=========================================================
