Shadow Model Test
  Steps: 5000000
  Seed:  360

  BUG   step 4577 [SUBMIT id=3769 BUY LIMIT FOK px=102 q=8] field=trades shadow=[{agg=3769 pas=3662 @102 q=8}] real=[{agg=3769 pas=3762 @102 q=8}]
  BUG   step 4580 [SUBMIT id=3772 BUY LIMIT IOC px=102 q=10] field=trades shadow=[{agg=3772 pas=3662 @102 q=2}, {agg=3772 pas=3762 @102 q=8}] real=[{agg=3772 pas=3762 @102 q=4}, {agg=3772 pas=3662 @102 q=6}]
  BUG   step 4581 [SUBMIT id=3773 BUY MARKET IOC px=0 q=3 stg=2] field=trades shadow=[] real=[{agg=3773 pas=3662 @102 q=3}]
  BUG   step 4586 [SUBMIT id=3777 BUY LIMIT GTC px=107 q=15 dq=6] field=trades shadow=[{agg=3777 pas=3762 @102 q=15}] real=[{agg=3777 pas=3662 @102 q=1}, {agg=3777 pas=3655 @106 q=8}]
  BUG   step 4586 [SUBMIT id=3777 BUY LIMIT GTC px=107 q=15 dq=6] field=bestBid shadow=0 real=107
  BUG   step 4586 [SUBMIT id=3777 BUY LIMIT GTC px=107 q=15 dq=6] field=bestAsk shadow=102 real=109
  BUG   step 4586 [SUBMIT id=3777 BUY LIMIT GTC px=107 q=15 dq=6] field=orderCount shadow=3 real=4
  BUG   step 4586 [SUBMIT id=3777 BUY LIMIT GTC px=107 q=15 dq=6] field=lastTradePrice shadow=102 real=106
  BUG   step 4586 [SUBMIT id=3777 BUY LIMIT GTC px=107 q=15 dq=6] field=stopCount shadow=59 real=57
  BUG   step 4587 [AMEND id=3655 px=0 qty=7] field=bestBid shadow=0 real=107
  BUG   step 4587 [AMEND id=3655 px=0 qty=7] field=bestAsk shadow=102 real=109
  BUG   step 4587 [AMEND id=3655 px=0 qty=7] field=orderCount shadow=3 real=4
  BUG   step 4587 [AMEND id=3655 px=0 qty=7] field=lastTradePrice shadow=102 real=106
  BUG   step 4587 [AMEND id=3655 px=0 qty=7] field=stopCount shadow=59 real=57
  BUG   step 4588 [SUBMIT id=3778 SELL STP_LIM IOC px=107 q=2 sp=92] field=bestBid shadow=0 real=107
  BUG   step 4588 [SUBMIT id=3778 SELL STP_LIM IOC px=107 q=2 sp=92] field=bestAsk shadow=102 real=109
  BUG   step 4588 [SUBMIT id=3778 SELL STP_LIM IOC px=107 q=2 sp=92] field=orderCount shadow=3 real=4
  BUG   step 4588 [SUBMIT id=3778 SELL STP_LIM IOC px=107 q=2 sp=92] field=lastTradePrice shadow=102 real=106
  BUG   step 4588 [SUBMIT id=3778 SELL STP_LIM IOC px=107 q=2 sp=92] field=stopCount shadow=60 real=58
  (halting after 20 BUG divergences)

=========================================================
  Shadow Model Test Report
=========================================================
  Steps run:         4589
  Submits:           3779
  Cancels:           466
  Amends:            344
  Trades produced:   982
  Divergences total: 25  (BUG=25  KNOWN=0)

  Divergence details (first 30):
    [BUG  ] step 4577 [SUBMIT id=3769 BUY LIMIT FOK px=102 q=8] trades:
          shadow = [{agg=3769 pas=3662 @102 q=8}]
          real   = [{agg=3769 pas=3762 @102 q=8}]
    [BUG  ] step 4580 [SUBMIT id=3772 BUY LIMIT IOC px=102 q=10] trades:
          shadow = [{agg=3772 pas=3662 @102 q=2}, {agg=3772 pas=3762 @102 q=8}]
          real   = [{agg=3772 pas=3762 @102 q=4}, {agg=3772 pas=3662 @102 q=6}]
    [BUG  ] step 4581 [SUBMIT id=3773 BUY MARKET IOC px=0 q=3 stg=2] trades:
          shadow = []
          real   = [{agg=3773 pas=3662 @102 q=3}]
    [BUG  ] step 4586 [SUBMIT id=3777 BUY LIMIT GTC px=107 q=15 dq=6] trades:
          shadow = [{agg=3777 pas=3762 @102 q=15}]
          real   = [{agg=3777 pas=3662 @102 q=1}, {agg=3777 pas=3655 @106 q=8}]
    [BUG  ] step 4586 [SUBMIT id=3777 BUY LIMIT GTC px=107 q=15 dq=6] bestBid:
          shadow = 0
          real   = 107
    [BUG  ] step 4586 [SUBMIT id=3777 BUY LIMIT GTC px=107 q=15 dq=6] bestAsk:
          shadow = 102
          real   = 109
    [BUG  ] step 4586 [SUBMIT id=3777 BUY LIMIT GTC px=107 q=15 dq=6] orderCount:
          shadow = 3
          real   = 4
    [BUG  ] step 4586 [SUBMIT id=3777 BUY LIMIT GTC px=107 q=15 dq=6] lastTradePrice:
          shadow = 102
          real   = 106
    [BUG  ] step 4586 [SUBMIT id=3777 BUY LIMIT GTC px=107 q=15 dq=6] stopCount:
          shadow = 59
          real   = 57
    [BUG  ] step 4587 [AMEND id=3655 px=0 qty=7] bestBid:
          shadow = 0
          real   = 107
    [BUG  ] step 4587 [AMEND id=3655 px=0 qty=7] bestAsk:
          shadow = 102
          real   = 109
    [BUG  ] step 4587 [AMEND id=3655 px=0 qty=7] orderCount:
          shadow = 3
          real   = 4
    [BUG  ] step 4587 [AMEND id=3655 px=0 qty=7] lastTradePrice:
          shadow = 102
          real   = 106
    [BUG  ] step 4587 [AMEND id=3655 px=0 qty=7] stopCount:
          shadow = 59
          real   = 57
    [BUG  ] step 4588 [SUBMIT id=3778 SELL STP_LIM IOC px=107 q=2 sp=92] bestBid:
          shadow = 0
          real   = 107
    [BUG  ] step 4588 [SUBMIT id=3778 SELL STP_LIM IOC px=107 q=2 sp=92] bestAsk:
          shadow = 102
          real   = 109
    [BUG  ] step 4588 [SUBMIT id=3778 SELL STP_LIM IOC px=107 q=2 sp=92] orderCount:
          shadow = 3
          real   = 4
    [BUG  ] step 4588 [SUBMIT id=3778 SELL STP_LIM IOC px=107 q=2 sp=92] lastTradePrice:
          shadow = 102
          real   = 106
    [BUG  ] step 4588 [SUBMIT id=3778 SELL STP_LIM IOC px=107 q=2 sp=92] stopCount:
          shadow = 60
          real   = 58
    [BUG  ] step 4589 [SUBMIT id=3779 SELL STP_MKT FOK px=0 q=8 sp=102] cancelled:
          shadow = [{3779:FOK_NOT_SATISFIABLE}]
          real   = []
    [BUG  ] step 4589 [SUBMIT id=3779 SELL STP_MKT FOK px=0 q=8 sp=102] bestBid:
          shadow = 0
          real   = 107
    [BUG  ] step 4589 [SUBMIT id=3779 SELL STP_MKT FOK px=0 q=8 sp=102] bestAsk:
          shadow = 102
          real   = 109
    [BUG  ] step 4589 [SUBMIT id=3779 SELL STP_MKT FOK px=0 q=8 sp=102] orderCount:
          shadow = 3
          real   = 4
    [BUG  ] step 4589 [SUBMIT id=3779 SELL STP_MKT FOK px=0 q=8 sp=102] lastTradePrice:
          shadow = 102
          real   = 106
    [BUG  ] step 4589 [SUBMIT id=3779 SELL STP_MKT FOK px=0 q=8 sp=102] stopCount:
          shadow = 60
          real   = 59

  Result: FAIL
=========================================================
