Shadow Model Test
  Steps: 5000000
  Seed:  196

  BUG   step 4507 [SUBMIT id=3719 SELL STP_LIM IOC px=104 q=15 sp=110] field=trades shadow=[{agg=3719 pas=3601 @109 q=3}, {agg=3719 pas=3692 @104 q=5}, {agg=3719 pas=3717 @104 q=7}] real=[{agg=3719 pas=3601 @109 q=3}, {agg=3719 pas=3717 @104 q=7}, {agg=3719 pas=3692 @104 q=5}]
  BUG   step 5713 [SUBMIT id=4699 BUY MARKET IOC px=0 q=15] field=trades shadow=[{agg=4699 pas=4691 @98 q=15}] real=[{agg=4699 pas=4689 @98 q=15}]
  BUG   step 7380 [SUBMIT id=6052 BUY LIMIT IOC px=98 q=15] field=trades shadow=[{agg=6052 pas=6043 @97 q=15}] real=[{agg=6052 pas=6046 @97 q=8}, {agg=6052 pas=6043 @97 q=7}]
  BUG   step 7380 [SUBMIT id=6052 BUY LIMIT IOC px=98 q=15] field=orderCount shadow=2 real=1
  BUG   step 7381 [CANCEL id=6046] field=cancelled shadow=[{6046:USER_REQUESTED}] real=[]
  BUG   step 7390 [SUBMIT id=6060 BUY MARKET IOC px=0 q=5 stg=2] field=bestAsk shadow=102 real=97
  BUG   step 7390 [SUBMIT id=6060 BUY MARKET IOC px=0 q=5 stg=2] field=orderCount shadow=1 real=2
  BUG   step 7391 [SUBMIT id=6061 SELL MTL GTC px=102 q=15] field=bestAsk shadow=102 real=97
  BUG   step 7391 [SUBMIT id=6061 SELL MTL GTC px=102 q=15] field=orderCount shadow=1 real=2
  BUG   step 7392 [SUBMIT id=6062 BUY STP_MKT FOK px=0 q=5 sp=102] field=bestAsk shadow=102 real=97
  BUG   step 7392 [SUBMIT id=6062 BUY STP_MKT FOK px=0 q=5 sp=102] field=orderCount shadow=1 real=2
  BUG   step 7393 [AMEND id=6059 px=108 qty=1] field=bestAsk shadow=108 real=97
  BUG   step 7393 [AMEND id=6059 px=108 qty=1] field=orderCount shadow=1 real=2
  BUG   step 7394 [SUBMIT id=6063 BUY LIMIT IOC px=105 q=2] field=trades shadow=[] real=[{agg=6063 pas=6043 @97 q=2}]
  BUG   step 7394 [SUBMIT id=6063 BUY LIMIT IOC px=105 q=2] field=cancelled shadow=[{6063:IOC_REMAINDER}] real=[]
  BUG   step 7394 [SUBMIT id=6063 BUY LIMIT IOC px=105 q=2] field=bestAsk shadow=108 real=97
  BUG   step 7394 [SUBMIT id=6063 BUY LIMIT IOC px=105 q=2] field=orderCount shadow=1 real=2
  BUG   step 7395 [CANCEL id=6059] field=bestAsk shadow=0 real=97
  BUG   step 7395 [CANCEL id=6059] field=orderCount shadow=0 real=1
  (halting after 20 BUG divergences)

=========================================================
  Shadow Model Test Report
=========================================================
  Steps run:         7396
  Submits:           6064
  Cancels:           801
  Amends:            531
  Trades produced:   1541
  Divergences total: 21  (BUG=21  KNOWN=0)

  Divergence details (first 30):
    [BUG  ] step 4507 [SUBMIT id=3719 SELL STP_LIM IOC px=104 q=15 sp=110] trades:
          shadow = [{agg=3719 pas=3601 @109 q=3}, {agg=3719 pas=3692 @104 q=5}, {agg=3719 pas=3717 @104 q=7}]
          real   = [{agg=3719 pas=3601 @109 q=3}, {agg=3719 pas=3717 @104 q=7}, {agg=3719 pas=3692 @104 q=5}]
    [BUG  ] step 5713 [SUBMIT id=4699 BUY MARKET IOC px=0 q=15] trades:
          shadow = [{agg=4699 pas=4691 @98 q=15}]
          real   = [{agg=4699 pas=4689 @98 q=15}]
    [BUG  ] step 7380 [SUBMIT id=6052 BUY LIMIT IOC px=98 q=15] trades:
          shadow = [{agg=6052 pas=6043 @97 q=15}]
          real   = [{agg=6052 pas=6046 @97 q=8}, {agg=6052 pas=6043 @97 q=7}]
    [BUG  ] step 7380 [SUBMIT id=6052 BUY LIMIT IOC px=98 q=15] orderCount:
          shadow = 2
          real   = 1
    [BUG  ] step 7381 [CANCEL id=6046] cancelled:
          shadow = [{6046:USER_REQUESTED}]
          real   = []
    [BUG  ] step 7390 [SUBMIT id=6060 BUY MARKET IOC px=0 q=5 stg=2] bestAsk:
          shadow = 102
          real   = 97
    [BUG  ] step 7390 [SUBMIT id=6060 BUY MARKET IOC px=0 q=5 stg=2] orderCount:
          shadow = 1
          real   = 2
    [BUG  ] step 7391 [SUBMIT id=6061 SELL MTL GTC px=102 q=15] bestAsk:
          shadow = 102
          real   = 97
    [BUG  ] step 7391 [SUBMIT id=6061 SELL MTL GTC px=102 q=15] orderCount:
          shadow = 1
          real   = 2
    [BUG  ] step 7392 [SUBMIT id=6062 BUY STP_MKT FOK px=0 q=5 sp=102] bestAsk:
          shadow = 102
          real   = 97
    [BUG  ] step 7392 [SUBMIT id=6062 BUY STP_MKT FOK px=0 q=5 sp=102] orderCount:
          shadow = 1
          real   = 2
    [BUG  ] step 7393 [AMEND id=6059 px=108 qty=1] bestAsk:
          shadow = 108
          real   = 97
    [BUG  ] step 7393 [AMEND id=6059 px=108 qty=1] orderCount:
          shadow = 1
          real   = 2
    [BUG  ] step 7394 [SUBMIT id=6063 BUY LIMIT IOC px=105 q=2] trades:
          shadow = []
          real   = [{agg=6063 pas=6043 @97 q=2}]
    [BUG  ] step 7394 [SUBMIT id=6063 BUY LIMIT IOC px=105 q=2] cancelled:
          shadow = [{6063:IOC_REMAINDER}]
          real   = []
    [BUG  ] step 7394 [SUBMIT id=6063 BUY LIMIT IOC px=105 q=2] bestAsk:
          shadow = 108
          real   = 97
    [BUG  ] step 7394 [SUBMIT id=6063 BUY LIMIT IOC px=105 q=2] orderCount:
          shadow = 1
          real   = 2
    [BUG  ] step 7395 [CANCEL id=6059] bestAsk:
          shadow = 0
          real   = 97
    [BUG  ] step 7395 [CANCEL id=6059] orderCount:
          shadow = 0
          real   = 1
    [BUG  ] step 7396 [SUBMIT id=6064 SELL STP_MKT IOC px=0 q=5 sp=102] bestAsk:
          shadow = 0
          real   = 97
    [BUG  ] step 7396 [SUBMIT id=6064 SELL STP_MKT IOC px=0 q=5 sp=102] orderCount:
          shadow = 0
          real   = 1

  Result: FAIL
=========================================================
