Shadow Model Test
  Steps: 5000000
  Seed:  187

  BUG   step 1911 [SUBMIT id=1571 SELL MARKET FOK px=0 q=5] field=trades shadow=[{agg=1571 pas=1557 @116 q=1}, {agg=1571 pas=1563 @116 q=3}, {agg=1571 pas=1552 @115 q=1}] real=[{agg=1571 pas=1557 @116 q=1}, {agg=1571 pas=1563 @116 q=3}, {agg=1571 pas=1553 @115 q=1}]
  BUG   step 1950 [SUBMIT id=1600 SELL STP_MKT FOK px=0 q=20 sp=115] field=trades shadow=[{agg=1600 pas=1552 @115 q=1}, {agg=1600 pas=1586 @111 q=8}, {agg=1550 pas=1545 @101 q=1}, {agg=1556 pas=1545 @101 q=4}, {agg=1600 pas=1160 @107 q=4}, {agg=1600 pas=1545 @101 q=7}] real=[{agg=1600 pas=1552 @115 q=2}, {agg=1600 pas=1586 @111 q=8}, {agg=1550 pas=1545 @101 q=1}, {agg=1556 pas=1545 @101 q=5}, {agg=1600 pas=1160 @107 q=4}, {agg=1600 pas=1545 @101 q=6}]
  BUG   step 4180 [SUBMIT id=3432 BUY LIMIT GTC px=106 q=3] field=trades shadow=[{agg=3432 pas=3344 @101 q=1}, {agg=3432 pas=3413 @101 q=2}] real=[{agg=3432 pas=3414 @101 q=3}]
  BUG   step 4180 [SUBMIT id=3432 BUY LIMIT GTC px=106 q=3] field=orderCount shadow=3 real=5
  BUG   step 4181 [SUBMIT id=3433 BUY LIMIT GTC px=106 q=3] field=orderCount shadow=3 real=5
  BUG   step 4182 [CANCEL id=3427] field=orderCount shadow=2 real=4
  BUG   step 4183 [SUBMIT id=3434 SELL LIMIT FOK px=106 q=5] field=orderCount shadow=2 real=4
  BUG   step 4184 [CANCEL id=3407] field=orderCount shadow=1 real=3
  BUG   step 4185 [CANCEL id=3414] field=bestAsk shadow=0 real=101
  BUG   step 4185 [CANCEL id=3414] field=orderCount shadow=0 real=2
  BUG   step 4186 [SUBMIT id=3435 BUY LIMIT FOK px=107 q=5] field=bestAsk shadow=0 real=101
  BUG   step 4186 [SUBMIT id=3435 BUY LIMIT FOK px=107 q=5] field=orderCount shadow=0 real=2
  BUG   step 4187 [SUBMIT id=3436 BUY STP_LIM DAY px=102 q=5 sp=100] field=trades shadow=[] real=[{agg=3436 pas=3413 @101 q=2}, {agg=3436 pas=3344 @101 q=1}]
  BUG   step 6011 [SUBMIT id=4947 BUY MARKET IOC px=0 q=5] field=trades shadow=[{agg=4947 pas=4873 @98 q=5}] real=[{agg=4947 pas=4944 @98 q=3}, {agg=4947 pas=4873 @98 q=2}]
  BUG   step 6016 [SUBMIT id=4952 BUY MARKET FOK px=0 q=8] field=trades shadow=[{agg=4952 pas=4944 @98 q=3}, {agg=4952 pas=4940 @100 q=5}] real=[{agg=4952 pas=4873 @98 q=3}, {agg=4952 pas=4940 @100 q=5}]
  BUG   step 8003 [SUBMIT id=6582 SELL LIMIT GTC px=100 q=10] field=trades shadow=[{agg=6582 pas=6580 @105 q=2}, {agg=6582 pas=6581 @105 q=8}] real=[{agg=6582 pas=6581 @105 q=10}]
  BUG   step 8003 [SUBMIT id=6582 SELL LIMIT GTC px=100 q=10] field=orderCount shadow=1 real=2
  BUG   step 8004 [SUBMIT id=6583 SELL STP_MKT IOC px=0 q=1 sp=105] field=orderCount shadow=1 real=2
  BUG   step 8005 [SUBMIT id=6584 BUY STP_MKT IOC px=0 q=20 sp=105] field=orderCount shadow=1 real=2
  (halting after 20 BUG divergences)

=========================================================
  Shadow Model Test Report
=========================================================
  Steps run:         8006
  Submits:           6584
  Cancels:           866
  Amends:            556
  Trades produced:   1676
  Divergences total: 21  (BUG=21  KNOWN=0)

  Divergence details (first 30):
    [BUG  ] step 1911 [SUBMIT id=1571 SELL MARKET FOK px=0 q=5] trades:
          shadow = [{agg=1571 pas=1557 @116 q=1}, {agg=1571 pas=1563 @116 q=3}, {agg=1571 pas=1552 @115 q=1}]
          real   = [{agg=1571 pas=1557 @116 q=1}, {agg=1571 pas=1563 @116 q=3}, {agg=1571 pas=1553 @115 q=1}]
    [BUG  ] step 1950 [SUBMIT id=1600 SELL STP_MKT FOK px=0 q=20 sp=115] trades:
          shadow = [{agg=1600 pas=1552 @115 q=1}, {agg=1600 pas=1586 @111 q=8}, {agg=1550 pas=1545 @101 q=1}, {agg=1556 pas=1545 @101 q=4}, {agg=1600 pas=1160 @107 q=4}, {agg=1600 pas=1545 @101 q=7}]
          real   = [{agg=1600 pas=1552 @115 q=2}, {agg=1600 pas=1586 @111 q=8}, {agg=1550 pas=1545 @101 q=1}, {agg=1556 pas=1545 @101 q=5}, {agg=1600 pas=1160 @107 q=4}, {agg=1600 pas=1545 @101 q=6}]
    [BUG  ] step 4180 [SUBMIT id=3432 BUY LIMIT GTC px=106 q=3] trades:
          shadow = [{agg=3432 pas=3344 @101 q=1}, {agg=3432 pas=3413 @101 q=2}]
          real   = [{agg=3432 pas=3414 @101 q=3}]
    [BUG  ] step 4180 [SUBMIT id=3432 BUY LIMIT GTC px=106 q=3] orderCount:
          shadow = 3
          real   = 5
    [BUG  ] step 4181 [SUBMIT id=3433 BUY LIMIT GTC px=106 q=3] orderCount:
          shadow = 3
          real   = 5
    [BUG  ] step 4182 [CANCEL id=3427] orderCount:
          shadow = 2
          real   = 4
    [BUG  ] step 4183 [SUBMIT id=3434 SELL LIMIT FOK px=106 q=5] orderCount:
          shadow = 2
          real   = 4
    [BUG  ] step 4184 [CANCEL id=3407] orderCount:
          shadow = 1
          real   = 3
    [BUG  ] step 4185 [CANCEL id=3414] bestAsk:
          shadow = 0
          real   = 101
    [BUG  ] step 4185 [CANCEL id=3414] orderCount:
          shadow = 0
          real   = 2
    [BUG  ] step 4186 [SUBMIT id=3435 BUY LIMIT FOK px=107 q=5] bestAsk:
          shadow = 0
          real   = 101
    [BUG  ] step 4186 [SUBMIT id=3435 BUY LIMIT FOK px=107 q=5] orderCount:
          shadow = 0
          real   = 2
    [BUG  ] step 4187 [SUBMIT id=3436 BUY STP_LIM DAY px=102 q=5 sp=100] trades:
          shadow = []
          real   = [{agg=3436 pas=3413 @101 q=2}, {agg=3436 pas=3344 @101 q=1}]
    [BUG  ] step 6011 [SUBMIT id=4947 BUY MARKET IOC px=0 q=5] trades:
          shadow = [{agg=4947 pas=4873 @98 q=5}]
          real   = [{agg=4947 pas=4944 @98 q=3}, {agg=4947 pas=4873 @98 q=2}]
    [BUG  ] step 6016 [SUBMIT id=4952 BUY MARKET FOK px=0 q=8] trades:
          shadow = [{agg=4952 pas=4944 @98 q=3}, {agg=4952 pas=4940 @100 q=5}]
          real   = [{agg=4952 pas=4873 @98 q=3}, {agg=4952 pas=4940 @100 q=5}]
    [BUG  ] step 8003 [SUBMIT id=6582 SELL LIMIT GTC px=100 q=10] trades:
          shadow = [{agg=6582 pas=6580 @105 q=2}, {agg=6582 pas=6581 @105 q=8}]
          real   = [{agg=6582 pas=6581 @105 q=10}]
    [BUG  ] step 8003 [SUBMIT id=6582 SELL LIMIT GTC px=100 q=10] orderCount:
          shadow = 1
          real   = 2
    [BUG  ] step 8004 [SUBMIT id=6583 SELL STP_MKT IOC px=0 q=1 sp=105] orderCount:
          shadow = 1
          real   = 2
    [BUG  ] step 8005 [SUBMIT id=6584 BUY STP_MKT IOC px=0 q=20 sp=105] orderCount:
          shadow = 1
          real   = 2
    [BUG  ] step 8006 [AMEND id=6581 px=98 qty=16] bestBid:
          shadow = 98
          real   = 105
    [BUG  ] step 8006 [AMEND id=6581 px=98 qty=16] orderCount:
          shadow = 1
          real   = 2

  Result: FAIL
=========================================================
