Shadow Model Test
  Steps: 5000000
  Seed:  195

  BUG   step 184 [SUBMIT id=160 SELL MARKET IOC px=0 q=15] field=trades shadow=[{agg=160 pas=142 @110 q=3}, {agg=160 pas=121 @107 q=10}, {agg=160 pas=143 @107 q=2}] real=[{agg=160 pas=142 @110 q=3}, {agg=160 pas=143 @107 q=2}, {agg=160 pas=121 @107 q=10}]
  BUG   step 1476 [SUBMIT id=1200 SELL STP_MKT IOC px=0 q=15 sp=102] field=trades shadow=[{agg=1200 pas=1143 @99 q=2}, {agg=1200 pas=1163 @95 q=3}, {agg=1200 pas=1174 @95 q=2}, {agg=1200 pas=1183 @95 q=8}] real=[{agg=1200 pas=1143 @99 q=2}, {agg=1200 pas=1183 @95 q=13}]
  BUG   step 1476 [SUBMIT id=1200 SELL STP_MKT IOC px=0 q=15 sp=102] field=orderCount shadow=1 real=3
  BUG   step 1477 [SUBMIT id=1201 BUY LIMIT IOC px=96 q=8] field=orderCount shadow=1 real=3
  BUG   step 1478 [SUBMIT id=1202 BUY STP_LIM FOK px=94 q=15 sp=102] field=orderCount shadow=1 real=3
  BUG   step 1479 [SUBMIT id=1203 SELL MTL GTC px=94 q=8 stg=2] field=orderCount shadow=1 real=3
  BUG   step 1480 [SUBMIT id=1204 BUY LIMIT GTC px=95 q=1] field=orderCount shadow=2 real=4
  BUG   step 1481 [SUBMIT id=1205 SELL LIMIT IOC px=94 q=5 stg=2] field=trades shadow=[{agg=1205 pas=1183 @95 q=5}] real=[{agg=1205 pas=1183 @95 q=1}, {agg=1205 pas=1163 @95 q=3}]
  BUG   step 1487 [AMEND id=1183 px=107 qty=3] field=bestBid shadow=107 real=95
  BUG   step 1488 [SUBMIT id=1209 BUY STP_MKT IOC px=0 q=8 sp=102] field=bestBid shadow=107 real=95
  BUG   step 1489 [SUBMIT id=1210 SELL STP_LIM FOK px=107 q=8 sp=94] field=bestBid shadow=107 real=95
  BUG   step 1490 [SUBMIT id=1211 SELL LIMIT GTC px=107 q=1 stg=2] field=trades shadow=[{agg=1211 pas=1183 @107 q=1}] real=[]
  BUG   step 1490 [SUBMIT id=1211 SELL LIMIT GTC px=107 q=1 stg=2] field=cancelled shadow=[{1202:FOK_NOT_SATISFIABLE}, {1209:IOC_REMAINDER}] real=[]
  BUG   step 1490 [SUBMIT id=1211 SELL LIMIT GTC px=107 q=1 stg=2] field=bestBid shadow=107 real=95
  BUG   step 1490 [SUBMIT id=1211 SELL LIMIT GTC px=107 q=1 stg=2] field=bestAsk shadow=0 real=107
  BUG   step 1490 [SUBMIT id=1211 SELL LIMIT GTC px=107 q=1 stg=2] field=orderCount shadow=1 real=2
  BUG   step 1490 [SUBMIT id=1211 SELL LIMIT GTC px=107 q=1 stg=2] field=lastTradePrice shadow=107 real=95
  BUG   step 1490 [SUBMIT id=1211 SELL LIMIT GTC px=107 q=1 stg=2] field=stopCount shadow=37 real=39
  (halting after 20 BUG divergences)

=========================================================
  Shadow Model Test Report
=========================================================
  Steps run:         1491
  Submits:           1212
  Cancels:           158
  Amends:            121
  Trades produced:   270
  Divergences total: 22  (BUG=22  KNOWN=0)

  Divergence details (first 30):
    [BUG  ] step 184 [SUBMIT id=160 SELL MARKET IOC px=0 q=15] trades:
          shadow = [{agg=160 pas=142 @110 q=3}, {agg=160 pas=121 @107 q=10}, {agg=160 pas=143 @107 q=2}]
          real   = [{agg=160 pas=142 @110 q=3}, {agg=160 pas=143 @107 q=2}, {agg=160 pas=121 @107 q=10}]
    [BUG  ] step 1476 [SUBMIT id=1200 SELL STP_MKT IOC px=0 q=15 sp=102] trades:
          shadow = [{agg=1200 pas=1143 @99 q=2}, {agg=1200 pas=1163 @95 q=3}, {agg=1200 pas=1174 @95 q=2}, {agg=1200 pas=1183 @95 q=8}]
          real   = [{agg=1200 pas=1143 @99 q=2}, {agg=1200 pas=1183 @95 q=13}]
    [BUG  ] step 1476 [SUBMIT id=1200 SELL STP_MKT IOC px=0 q=15 sp=102] orderCount:
          shadow = 1
          real   = 3
    [BUG  ] step 1477 [SUBMIT id=1201 BUY LIMIT IOC px=96 q=8] orderCount:
          shadow = 1
          real   = 3
    [BUG  ] step 1478 [SUBMIT id=1202 BUY STP_LIM FOK px=94 q=15 sp=102] orderCount:
          shadow = 1
          real   = 3
    [BUG  ] step 1479 [SUBMIT id=1203 SELL MTL GTC px=94 q=8 stg=2] orderCount:
          shadow = 1
          real   = 3
    [BUG  ] step 1480 [SUBMIT id=1204 BUY LIMIT GTC px=95 q=1] orderCount:
          shadow = 2
          real   = 4
    [BUG  ] step 1481 [SUBMIT id=1205 SELL LIMIT IOC px=94 q=5 stg=2] trades:
          shadow = [{agg=1205 pas=1183 @95 q=5}]
          real   = [{agg=1205 pas=1183 @95 q=1}, {agg=1205 pas=1163 @95 q=3}]
    [BUG  ] step 1487 [AMEND id=1183 px=107 qty=3] bestBid:
          shadow = 107
          real   = 95
    [BUG  ] step 1488 [SUBMIT id=1209 BUY STP_MKT IOC px=0 q=8 sp=102] bestBid:
          shadow = 107
          real   = 95
    [BUG  ] step 1489 [SUBMIT id=1210 SELL STP_LIM FOK px=107 q=8 sp=94] bestBid:
          shadow = 107
          real   = 95
    [BUG  ] step 1490 [SUBMIT id=1211 SELL LIMIT GTC px=107 q=1 stg=2] trades:
          shadow = [{agg=1211 pas=1183 @107 q=1}]
          real   = []
    [BUG  ] step 1490 [SUBMIT id=1211 SELL LIMIT GTC px=107 q=1 stg=2] cancelled:
          shadow = [{1202:FOK_NOT_SATISFIABLE}, {1209:IOC_REMAINDER}]
          real   = []
    [BUG  ] step 1490 [SUBMIT id=1211 SELL LIMIT GTC px=107 q=1 stg=2] bestBid:
          shadow = 107
          real   = 95
    [BUG  ] step 1490 [SUBMIT id=1211 SELL LIMIT GTC px=107 q=1 stg=2] bestAsk:
          shadow = 0
          real   = 107
    [BUG  ] step 1490 [SUBMIT id=1211 SELL LIMIT GTC px=107 q=1 stg=2] orderCount:
          shadow = 1
          real   = 2
    [BUG  ] step 1490 [SUBMIT id=1211 SELL LIMIT GTC px=107 q=1 stg=2] lastTradePrice:
          shadow = 107
          real   = 95
    [BUG  ] step 1490 [SUBMIT id=1211 SELL LIMIT GTC px=107 q=1 stg=2] stopCount:
          shadow = 37
          real   = 39
    [BUG  ] step 1491 [SUBMIT id=1212 BUY STP_LIM DAY px=109 q=8 sp=107] bestBid:
          shadow = 109
          real   = 95
    [BUG  ] step 1491 [SUBMIT id=1212 BUY STP_LIM DAY px=109 q=8 sp=107] bestAsk:
          shadow = 0
          real   = 107
    [BUG  ] step 1491 [SUBMIT id=1212 BUY STP_LIM DAY px=109 q=8 sp=107] lastTradePrice:
          shadow = 107
          real   = 95
    [BUG  ] step 1491 [SUBMIT id=1212 BUY STP_LIM DAY px=109 q=8 sp=107] stopCount:
          shadow = 37
          real   = 40

  Result: FAIL
=========================================================
