Shadow Model Test
  Steps: 5000000
  Seed:  265

  BUG   step 49 [SUBMIT id=38 BUY LIMIT IOC px=102 q=2] field=trades shadow=[{agg=38 pas=15 @97 q=2}] real=[{agg=38 pas=30 @97 q=1}, {agg=38 pas=15 @97 q=1}]
  BUG   step 49 [SUBMIT id=38 BUY LIMIT IOC px=102 q=2] field=orderCount shadow=4 real=3
  BUG   step 50 [SUBMIT id=39 BUY LIMIT GTC px=97 q=5 PO] field=orderCount shadow=4 real=3
  BUG   step 51 [CANCEL id=30] field=cancelled shadow=[{30:USER_REQUESTED}] real=[]
  BUG   step 57 [SUBMIT id=43 BUY MARKET IOC px=0 q=3] field=bestAsk shadow=98 real=97
  BUG   step 57 [SUBMIT id=43 BUY MARKET IOC px=0 q=3] field=orderCount shadow=2 real=3
  BUG   step 58 [SUBMIT id=44 BUY STP_MKT IOC px=0 q=2 sp=100 stg=1] field=bestAsk shadow=98 real=97
  BUG   step 58 [SUBMIT id=44 BUY STP_MKT IOC px=0 q=2 sp=100 stg=1] field=orderCount shadow=2 real=3
  BUG   step 59 [CANCEL id=37] field=bestAsk shadow=98 real=97
  BUG   step 59 [CANCEL id=37] field=orderCount shadow=1 real=2
  BUG   step 60 [SUBMIT id=45 SELL STP_LIM IOC px=99 q=2 sp=96] field=bestAsk shadow=98 real=97
  BUG   step 60 [SUBMIT id=45 SELL STP_LIM IOC px=99 q=2 sp=96] field=orderCount shadow=1 real=2
  BUG   step 61 [CANCEL id=31] field=bestAsk shadow=0 real=97
  BUG   step 61 [CANCEL id=31] field=orderCount shadow=0 real=1
  BUG   step 62 [SUBMIT id=46 SELL STP_LIM FOK px=104 q=3 sp=105] field=bestAsk shadow=0 real=97
  BUG   step 62 [SUBMIT id=46 SELL STP_LIM FOK px=104 q=3 sp=105] field=orderCount shadow=0 real=1
  BUG   step 63 [SUBMIT id=47 SELL STP_MKT IOC px=0 q=5 sp=98] field=bestAsk shadow=0 real=97
  BUG   step 63 [SUBMIT id=47 SELL STP_MKT IOC px=0 q=5 sp=98] field=orderCount shadow=0 real=1
  (halting after 20 BUG divergences)

=========================================================
  Shadow Model Test Report
=========================================================
  Steps run:         64
  Submits:           48
  Cancels:           10
  Amends:            6
  Trades produced:   15
  Divergences total: 21  (BUG=21  KNOWN=0)

  Divergence details (first 30):
    [BUG  ] step 49 [SUBMIT id=38 BUY LIMIT IOC px=102 q=2] trades:
          shadow = [{agg=38 pas=15 @97 q=2}]
          real   = [{agg=38 pas=30 @97 q=1}, {agg=38 pas=15 @97 q=1}]
    [BUG  ] step 49 [SUBMIT id=38 BUY LIMIT IOC px=102 q=2] orderCount:
          shadow = 4
          real   = 3
    [BUG  ] step 50 [SUBMIT id=39 BUY LIMIT GTC px=97 q=5 PO] orderCount:
          shadow = 4
          real   = 3
    [BUG  ] step 51 [CANCEL id=30] cancelled:
          shadow = [{30:USER_REQUESTED}]
          real   = []
    [BUG  ] step 57 [SUBMIT id=43 BUY MARKET IOC px=0 q=3] bestAsk:
          shadow = 98
          real   = 97
    [BUG  ] step 57 [SUBMIT id=43 BUY MARKET IOC px=0 q=3] orderCount:
          shadow = 2
          real   = 3
    [BUG  ] step 58 [SUBMIT id=44 BUY STP_MKT IOC px=0 q=2 sp=100 stg=1] bestAsk:
          shadow = 98
          real   = 97
    [BUG  ] step 58 [SUBMIT id=44 BUY STP_MKT IOC px=0 q=2 sp=100 stg=1] orderCount:
          shadow = 2
          real   = 3
    [BUG  ] step 59 [CANCEL id=37] bestAsk:
          shadow = 98
          real   = 97
    [BUG  ] step 59 [CANCEL id=37] orderCount:
          shadow = 1
          real   = 2
    [BUG  ] step 60 [SUBMIT id=45 SELL STP_LIM IOC px=99 q=2 sp=96] bestAsk:
          shadow = 98
          real   = 97
    [BUG  ] step 60 [SUBMIT id=45 SELL STP_LIM IOC px=99 q=2 sp=96] orderCount:
          shadow = 1
          real   = 2
    [BUG  ] step 61 [CANCEL id=31] bestAsk:
          shadow = 0
          real   = 97
    [BUG  ] step 61 [CANCEL id=31] orderCount:
          shadow = 0
          real   = 1
    [BUG  ] step 62 [SUBMIT id=46 SELL STP_LIM FOK px=104 q=3 sp=105] bestAsk:
          shadow = 0
          real   = 97
    [BUG  ] step 62 [SUBMIT id=46 SELL STP_LIM FOK px=104 q=3 sp=105] orderCount:
          shadow = 0
          real   = 1
    [BUG  ] step 63 [SUBMIT id=47 SELL STP_MKT IOC px=0 q=5 sp=98] bestAsk:
          shadow = 0
          real   = 97
    [BUG  ] step 63 [SUBMIT id=47 SELL STP_MKT IOC px=0 q=5 sp=98] orderCount:
          shadow = 0
          real   = 1
    [BUG  ] step 64 [SUBMIT id=48 BUY LIMIT GTC px=105 q=1] trades:
          shadow = []
          real   = [{agg=48 pas=15 @97 q=1}]
    [BUG  ] step 64 [SUBMIT id=48 BUY LIMIT GTC px=105 q=1] bestBid:
          shadow = 105
          real   = 0
    [BUG  ] step 64 [SUBMIT id=48 BUY LIMIT GTC px=105 q=1] orderCount:
          shadow = 1
          real   = 0

  Result: FAIL
=========================================================
