Shadow Model Test
  Steps: 5000000
  Seed:  439

  BUG   step 5719 [SUBMIT id=4734 BUY LIMIT DAY px=96 q=8 dq=5 mq=4 stg=1] field=trades shadow=[{agg=4734 pas=4711 @96 q=5}, {agg=4734 pas=4730 @96 q=3}] real=[{agg=4734 pas=4730 @96 q=8}]
  BUG   step 5719 [SUBMIT id=4734 BUY LIMIT DAY px=96 q=8 dq=5 mq=4 stg=1] field=orderCount shadow=3 real=4
  BUG   step 5720 [SUBMIT id=4735 BUY LIMIT IOC px=97 q=8] field=trades shadow=[{agg=4735 pas=4730 @96 q=8}] real=[{agg=4735 pas=4730 @96 q=7}, {agg=4735 pas=4711 @96 q=1}]
  BUG   step 5725 [SUBMIT id=4740 BUY LIMIT IOC px=105 q=8] field=trades shadow=[{agg=4740 pas=4730 @96 q=4}, {agg=4740 pas=4738 @97 q=3}, {agg=4740 pas=4732 @101 q=1}] real=[{agg=4740 pas=4711 @96 q=4}, {agg=4740 pas=4738 @97 q=3}, {agg=4740 pas=4732 @101 q=1}]
  BUG   step 9189 [SUBMIT id=7569 BUY LIMIT GTC px=97 q=5] field=trades shadow=[{agg=7569 pas=7558 @97 q=1}, {agg=7569 pas=7565 @97 q=4}] real=[{agg=7569 pas=7565 @97 q=5}]
  BUG   step 9189 [SUBMIT id=7569 BUY LIMIT GTC px=97 q=5] field=orderCount shadow=4 real=5
  BUG   step 9190 [SUBMIT id=7570 SELL STP_LIM IOC px=97 q=15 sp=96] field=orderCount shadow=4 real=5
  BUG   step 9191 [SUBMIT id=7571 BUY LIMIT IOC px=102 q=10 stg=2] field=trades shadow=[{agg=7571 pas=7543 @99 q=2}] real=[{agg=7571 pas=7558 @97 q=1}, {agg=7571 pas=7543 @99 q=2}]
  BUG   step 11699 [SUBMIT id=9629 SELL MARKET IOC px=0 q=2 stg=1] field=trades shadow=[{agg=9629 pas=9621 @105 q=2}] real=[{agg=9629 pas=9625 @105 q=2}]
  BUG   step 11704 [SUBMIT id=9634 SELL LIMIT GTC px=105 q=8] field=trades shadow=[{agg=9634 pas=9621 @105 q=3}, {agg=9634 pas=9625 @105 q=5}] real=[{agg=9634 pas=9625 @105 q=8}]
  BUG   step 11704 [SUBMIT id=9634 SELL LIMIT GTC px=105 q=8] field=orderCount shadow=1 real=2
  BUG   step 11705 [SUBMIT id=9635 BUY LIMIT FOK px=103 q=5] field=orderCount shadow=1 real=2
  BUG   step 11706 [SUBMIT id=9636 BUY LIMIT IOC px=104 q=20] field=orderCount shadow=1 real=2
  BUG   step 11707 [AMEND id=9625 px=108 qty=19] field=orderCount shadow=1 real=2
  BUG   step 11708 [SUBMIT id=9637 SELL STP_LIM DAY px=107 q=1 sp=105] field=orderCount shadow=2 real=3
  BUG   step 11709 [SUBMIT id=9638 SELL LIMIT GTC px=107 q=15] field=orderCount shadow=2 real=3
  BUG   step 11710 [SUBMIT id=9639 SELL STP_LIM FOK px=109 q=2 sp=102] field=orderCount shadow=2 real=3
  BUG   step 11711 [SUBMIT id=9640 BUY LIMIT IOC px=107 q=1 stg=2] field=orderCount shadow=2 real=3
  BUG   step 11712 [AMEND id=9521 px=106 qty=0] field=orderCount shadow=2 real=3
  BUG   step 11713 [SUBMIT id=9641 SELL STP_MKT IOC px=0 q=5 sp=108] field=orderCount shadow=1 real=2
  (halting after 20 BUG divergences)

=========================================================
  Shadow Model Test Report
=========================================================
  Steps run:         11713
  Submits:           9641
  Cancels:           1243
  Amends:            829
  Trades produced:   2295
  Divergences total: 20  (BUG=20  KNOWN=0)

  Divergence details (first 30):
    [BUG  ] step 5719 [SUBMIT id=4734 BUY LIMIT DAY px=96 q=8 dq=5 mq=4 stg=1] trades:
          shadow = [{agg=4734 pas=4711 @96 q=5}, {agg=4734 pas=4730 @96 q=3}]
          real   = [{agg=4734 pas=4730 @96 q=8}]
    [BUG  ] step 5719 [SUBMIT id=4734 BUY LIMIT DAY px=96 q=8 dq=5 mq=4 stg=1] orderCount:
          shadow = 3
          real   = 4
    [BUG  ] step 5720 [SUBMIT id=4735 BUY LIMIT IOC px=97 q=8] trades:
          shadow = [{agg=4735 pas=4730 @96 q=8}]
          real   = [{agg=4735 pas=4730 @96 q=7}, {agg=4735 pas=4711 @96 q=1}]
    [BUG  ] step 5725 [SUBMIT id=4740 BUY LIMIT IOC px=105 q=8] trades:
          shadow = [{agg=4740 pas=4730 @96 q=4}, {agg=4740 pas=4738 @97 q=3}, {agg=4740 pas=4732 @101 q=1}]
          real   = [{agg=4740 pas=4711 @96 q=4}, {agg=4740 pas=4738 @97 q=3}, {agg=4740 pas=4732 @101 q=1}]
    [BUG  ] step 9189 [SUBMIT id=7569 BUY LIMIT GTC px=97 q=5] trades:
          shadow = [{agg=7569 pas=7558 @97 q=1}, {agg=7569 pas=7565 @97 q=4}]
          real   = [{agg=7569 pas=7565 @97 q=5}]
    [BUG  ] step 9189 [SUBMIT id=7569 BUY LIMIT GTC px=97 q=5] orderCount:
          shadow = 4
          real   = 5
    [BUG  ] step 9190 [SUBMIT id=7570 SELL STP_LIM IOC px=97 q=15 sp=96] orderCount:
          shadow = 4
          real   = 5
    [BUG  ] step 9191 [SUBMIT id=7571 BUY LIMIT IOC px=102 q=10 stg=2] trades:
          shadow = [{agg=7571 pas=7543 @99 q=2}]
          real   = [{agg=7571 pas=7558 @97 q=1}, {agg=7571 pas=7543 @99 q=2}]
    [BUG  ] step 11699 [SUBMIT id=9629 SELL MARKET IOC px=0 q=2 stg=1] trades:
          shadow = [{agg=9629 pas=9621 @105 q=2}]
          real   = [{agg=9629 pas=9625 @105 q=2}]
    [BUG  ] step 11704 [SUBMIT id=9634 SELL LIMIT GTC px=105 q=8] trades:
          shadow = [{agg=9634 pas=9621 @105 q=3}, {agg=9634 pas=9625 @105 q=5}]
          real   = [{agg=9634 pas=9625 @105 q=8}]
    [BUG  ] step 11704 [SUBMIT id=9634 SELL LIMIT GTC px=105 q=8] orderCount:
          shadow = 1
          real   = 2
    [BUG  ] step 11705 [SUBMIT id=9635 BUY LIMIT FOK px=103 q=5] orderCount:
          shadow = 1
          real   = 2
    [BUG  ] step 11706 [SUBMIT id=9636 BUY LIMIT IOC px=104 q=20] orderCount:
          shadow = 1
          real   = 2
    [BUG  ] step 11707 [AMEND id=9625 px=108 qty=19] orderCount:
          shadow = 1
          real   = 2
    [BUG  ] step 11708 [SUBMIT id=9637 SELL STP_LIM DAY px=107 q=1 sp=105] orderCount:
          shadow = 2
          real   = 3
    [BUG  ] step 11709 [SUBMIT id=9638 SELL LIMIT GTC px=107 q=15] orderCount:
          shadow = 2
          real   = 3
    [BUG  ] step 11710 [SUBMIT id=9639 SELL STP_LIM FOK px=109 q=2 sp=102] orderCount:
          shadow = 2
          real   = 3
    [BUG  ] step 11711 [SUBMIT id=9640 BUY LIMIT IOC px=107 q=1 stg=2] orderCount:
          shadow = 2
          real   = 3
    [BUG  ] step 11712 [AMEND id=9521 px=106 qty=0] orderCount:
          shadow = 2
          real   = 3
    [BUG  ] step 11713 [SUBMIT id=9641 SELL STP_MKT IOC px=0 q=5 sp=108] orderCount:
          shadow = 1
          real   = 2

  Result: FAIL
=========================================================
