Shadow Model Test
  Steps: 5000000
  Seed:  256

  BUG   step 2076 [SUBMIT id=1707 BUY LIMIT FOK px=108 q=20] field=trades shadow=[{agg=1707 pas=1680 @95 q=3}, {agg=1707 pas=1695 @97 q=7}, {agg=1706 pas=1700 @107 q=2}, {agg=1707 pas=1648 @107 q=3}, {agg=1707 pas=1677 @107 q=2}, {agg=1707 pas=1700 @107 q=5}] real=[{agg=1707 pas=1680 @95 q=3}, {agg=1707 pas=1695 @97 q=7}, {agg=1706 pas=1700 @107 q=2}, {agg=1707 pas=1677 @107 q=2}, {agg=1707 pas=1700 @107 q=8}]
  BUG   step 2076 [SUBMIT id=1707 BUY LIMIT FOK px=108 q=20] field=orderCount shadow=3 real=4
  BUG   step 2077 [SUBMIT id=1708 SELL MARKET IOC px=0 q=3] field=orderCount shadow=3 real=4
  BUG   step 2080 [SUBMIT id=1711 BUY LIMIT IOC px=108 q=20] field=trades shadow=[{agg=1711 pas=1700 @107 q=3}, {agg=1711 pas=1655 @108 q=1}] real=[{agg=1711 pas=1648 @107 q=3}, {agg=1711 pas=1655 @108 q=1}]
  BUG   step 6865 [SUBMIT id=5690 BUY LIMIT FOK px=104 q=1 stg=1] field=trades shadow=[] real=[{agg=5690 pas=5682 @103 q=1}]
  BUG   step 6865 [SUBMIT id=5690 BUY LIMIT FOK px=104 q=1 stg=1] field=cancelled shadow=[{5690:STP_CANCEL_BOTH}, {5664:STP_CANCEL_BOTH}] real=[]
  BUG   step 6865 [SUBMIT id=5690 BUY LIMIT FOK px=104 q=1 stg=1] field=orderCount shadow=3 real=4
  BUG   step 6865 [SUBMIT id=5690 BUY LIMIT FOK px=104 q=1 stg=1] field=lastTradePrice shadow=97 real=103
  BUG   step 6866 [CANCEL id=5687] field=orderCount shadow=2 real=3
  BUG   step 6866 [CANCEL id=5687] field=lastTradePrice shadow=97 real=103
  BUG   step 6867 [CANCEL id=5688] field=orderCount shadow=1 real=2
  BUG   step 6867 [CANCEL id=5688] field=lastTradePrice shadow=97 real=103
  BUG   step 6868 [SUBMIT id=5691 BUY LIMIT GTC px=102 q=10] field=orderCount shadow=2 real=3
  BUG   step 6868 [SUBMIT id=5691 BUY LIMIT GTC px=102 q=10] field=lastTradePrice shadow=97 real=103
  BUG   step 6869 [SUBMIT id=5692 SELL STP_MKT IOC px=0 q=10 sp=105] field=orderCount shadow=1 real=2
  BUG   step 6870 [SUBMIT id=5693 BUY STP_LIM GTC px=102 q=1 sp=102] field=orderCount shadow=2 real=3
  BUG   step 6871 [SUBMIT id=5694 BUY STP_MKT IOC px=0 q=5 sp=98 stg=2] field=trades shadow=[{agg=5694 pas=5682 @103 q=2}] real=[{agg=5694 pas=5682 @103 q=1}, {agg=5694 pas=5664 @103 q=1}]
  BUG   step 8435 [SUBMIT id=6990 SELL LIMIT GTC px=96 q=20] field=trades shadow=[{agg=6990 pas=6966 @97 q=6}, {agg=6990 pas=6135 @96 q=5}, {agg=6990 pas=6920 @96 q=9}] real=[{agg=6990 pas=6966 @97 q=6}, {agg=6957 pas=6135 @96 q=1}, {agg=6990 pas=6920 @96 q=14}]
  BUG   step 8460 [CANCEL id=6920] field=cancelled shadow=[{6920:USER_REQUESTED}] real=[]
  BUG   step 8460 [CANCEL id=6920] field=orderCount shadow=5 real=6
  (halting after 20 BUG divergences)

=========================================================
  Shadow Model Test Report
=========================================================
  Steps run:         8460
  Submits:           7009
  Cancels:           885
  Amends:            566
  Trades produced:   1688
  Divergences total: 20  (BUG=20  KNOWN=0)

  Divergence details (first 30):
    [BUG  ] step 2076 [SUBMIT id=1707 BUY LIMIT FOK px=108 q=20] trades:
          shadow = [{agg=1707 pas=1680 @95 q=3}, {agg=1707 pas=1695 @97 q=7}, {agg=1706 pas=1700 @107 q=2}, {agg=1707 pas=1648 @107 q=3}, {agg=1707 pas=1677 @107 q=2}, {agg=1707 pas=1700 @107 q=5}]
          real   = [{agg=1707 pas=1680 @95 q=3}, {agg=1707 pas=1695 @97 q=7}, {agg=1706 pas=1700 @107 q=2}, {agg=1707 pas=1677 @107 q=2}, {agg=1707 pas=1700 @107 q=8}]
    [BUG  ] step 2076 [SUBMIT id=1707 BUY LIMIT FOK px=108 q=20] orderCount:
          shadow = 3
          real   = 4
    [BUG  ] step 2077 [SUBMIT id=1708 SELL MARKET IOC px=0 q=3] orderCount:
          shadow = 3
          real   = 4
    [BUG  ] step 2080 [SUBMIT id=1711 BUY LIMIT IOC px=108 q=20] trades:
          shadow = [{agg=1711 pas=1700 @107 q=3}, {agg=1711 pas=1655 @108 q=1}]
          real   = [{agg=1711 pas=1648 @107 q=3}, {agg=1711 pas=1655 @108 q=1}]
    [BUG  ] step 6865 [SUBMIT id=5690 BUY LIMIT FOK px=104 q=1 stg=1] trades:
          shadow = []
          real   = [{agg=5690 pas=5682 @103 q=1}]
    [BUG  ] step 6865 [SUBMIT id=5690 BUY LIMIT FOK px=104 q=1 stg=1] cancelled:
          shadow = [{5690:STP_CANCEL_BOTH}, {5664:STP_CANCEL_BOTH}]
          real   = []
    [BUG  ] step 6865 [SUBMIT id=5690 BUY LIMIT FOK px=104 q=1 stg=1] orderCount:
          shadow = 3
          real   = 4
    [BUG  ] step 6865 [SUBMIT id=5690 BUY LIMIT FOK px=104 q=1 stg=1] lastTradePrice:
          shadow = 97
          real   = 103
    [BUG  ] step 6866 [CANCEL id=5687] orderCount:
          shadow = 2
          real   = 3
    [BUG  ] step 6866 [CANCEL id=5687] lastTradePrice:
          shadow = 97
          real   = 103
    [BUG  ] step 6867 [CANCEL id=5688] orderCount:
          shadow = 1
          real   = 2
    [BUG  ] step 6867 [CANCEL id=5688] lastTradePrice:
          shadow = 97
          real   = 103
    [BUG  ] step 6868 [SUBMIT id=5691 BUY LIMIT GTC px=102 q=10] orderCount:
          shadow = 2
          real   = 3
    [BUG  ] step 6868 [SUBMIT id=5691 BUY LIMIT GTC px=102 q=10] lastTradePrice:
          shadow = 97
          real   = 103
    [BUG  ] step 6869 [SUBMIT id=5692 SELL STP_MKT IOC px=0 q=10 sp=105] orderCount:
          shadow = 1
          real   = 2
    [BUG  ] step 6870 [SUBMIT id=5693 BUY STP_LIM GTC px=102 q=1 sp=102] orderCount:
          shadow = 2
          real   = 3
    [BUG  ] step 6871 [SUBMIT id=5694 BUY STP_MKT IOC px=0 q=5 sp=98 stg=2] trades:
          shadow = [{agg=5694 pas=5682 @103 q=2}]
          real   = [{agg=5694 pas=5682 @103 q=1}, {agg=5694 pas=5664 @103 q=1}]
    [BUG  ] step 8435 [SUBMIT id=6990 SELL LIMIT GTC px=96 q=20] trades:
          shadow = [{agg=6990 pas=6966 @97 q=6}, {agg=6990 pas=6135 @96 q=5}, {agg=6990 pas=6920 @96 q=9}]
          real   = [{agg=6990 pas=6966 @97 q=6}, {agg=6957 pas=6135 @96 q=1}, {agg=6990 pas=6920 @96 q=14}]
    [BUG  ] step 8460 [CANCEL id=6920] cancelled:
          shadow = [{6920:USER_REQUESTED}]
          real   = []
    [BUG  ] step 8460 [CANCEL id=6920] orderCount:
          shadow = 5
          real   = 6

  Result: FAIL
=========================================================
