Shadow Model Test
  Steps: 5000000
  Seed:  59

  BUG   step 942 [SUBMIT id=786 SELL LIMIT DAY px=97 q=2] field=trades shadow=[{agg=786 pas=761 @102 q=2}] real=[{agg=786 pas=782 @102 q=2}]
  BUG   step 943 [SUBMIT id=787 SELL STP_LIM GTC px=96 q=8 sp=103] field=trades shadow=[{agg=787 pas=761 @102 q=1}, {agg=787 pas=782 @102 q=7}] real=[{agg=787 pas=782 @102 q=6}, {agg=787 pas=761 @102 q=2}]
  BUG   step 945 [SUBMIT id=789 SELL LIMIT DAY px=95 q=8] field=trades shadow=[{agg=789 pas=782 @102 q=1}] real=[{agg=789 pas=761 @102 q=1}]
  BUG   step 1076 [SUBMIT id=899 BUY LIMIT IOC px=103 q=3] field=trades shadow=[{agg=899 pas=894 @98 q=3}] real=[{agg=899 pas=892 @98 q=3}]
  BUG   step 4738 [SUBMIT id=3930 BUY STP_MKT IOC px=0 q=3 sp=97] field=trades shadow=[{agg=3930 pas=3924 @97 q=2}, {agg=3930 pas=3927 @97 q=1}] real=[{agg=3930 pas=3927 @97 q=3}]
  BUG   step 4738 [SUBMIT id=3930 BUY STP_MKT IOC px=0 q=3 sp=97] field=orderCount shadow=2 real=3
  BUG   step 4739 [SUBMIT id=3931 BUY LIMIT GTC px=102 q=15] field=trades shadow=[{agg=3931 pas=3927 @97 q=12}] real=[{agg=3931 pas=3927 @97 q=10}, {agg=3931 pas=3924 @97 q=2}]
  BUG   step 7964 [SUBMIT id=6564 BUY STP_MKT IOC px=0 q=15 sp=90] field=trades shadow=[{agg=6564 pas=6450 @95 q=1}, {agg=6564 pas=6149 @98 q=3}, {agg=6564 pas=6412 @107 q=3}, {agg=6564 pas=6557 @107 q=2}, {agg=6564 pas=6294 @115 q=6}, {agg=5650 pas=6294 @115 q=3}, {agg=5900 pas=6294 @115 q=1}] real=[{agg=6564 pas=6450 @95 q=1}, {agg=6564 pas=6149 @98 q=3}, {agg=6564 pas=6557 @107 q=2}, {agg=6564 pas=6412 @107 q=3}, {agg=6564 pas=6294 @115 q=6}, {agg=5650 pas=6294 @115 q=3}, {agg=5900 pas=6294 @115 q=1}]
  BUG   step 7998 [SUBMIT id=6590 BUY LIMIT FOK px=109 q=15 stg=2] field=trades shadow=[{agg=6590 pas=6566 @104 q=8}, {agg=6590 pas=6587 @104 q=7}] real=[{agg=6590 pas=6587 @104 q=10}, {agg=6590 pas=6566 @104 q=5}]
  BUG   step 7999 [CANCEL id=6587] field=cancelled shadow=[{6587:USER_REQUESTED}] real=[]
  BUG   step 7999 [CANCEL id=6587] field=bestAsk shadow=0 real=104
  BUG   step 7999 [CANCEL id=6587] field=orderCount shadow=0 real=1
  BUG   step 8000 [SUBMIT id=6591 SELL STP_LIM IOC px=100 q=20 sp=101] field=bestAsk shadow=0 real=104
  BUG   step 8000 [SUBMIT id=6591 SELL STP_LIM IOC px=100 q=20 sp=101] field=orderCount shadow=0 real=1
  BUG   step 8001 [SUBMIT id=6592 SELL STP_MKT IOC px=0 q=15 sp=105 stg=2] field=bestAsk shadow=0 real=104
  BUG   step 8001 [SUBMIT id=6592 SELL STP_MKT IOC px=0 q=15 sp=105 stg=2] field=orderCount shadow=0 real=1
  BUG   step 8002 [SUBMIT id=6593 SELL MTL GTC px=105 q=3] field=bestAsk shadow=0 real=104
  BUG   step 8002 [SUBMIT id=6593 SELL MTL GTC px=105 q=3] field=orderCount shadow=0 real=1
  BUG   step 8003 [SUBMIT id=6594 SELL LIMIT DAY px=105 q=8 dq=7] field=bestAsk shadow=105 real=104
  BUG   step 8003 [SUBMIT id=6594 SELL LIMIT DAY px=105 q=8 dq=7] field=orderCount shadow=1 real=2
  (halting after 20 BUG divergences)

=========================================================
  Shadow Model Test Report
=========================================================
  Steps run:         8003
  Submits:           6594
  Cancels:           870
  Amends:            539
  Trades produced:   1590
  Divergences total: 20  (BUG=20  KNOWN=0)

  Divergence details (first 30):
    [BUG  ] step 942 [SUBMIT id=786 SELL LIMIT DAY px=97 q=2] trades:
          shadow = [{agg=786 pas=761 @102 q=2}]
          real   = [{agg=786 pas=782 @102 q=2}]
    [BUG  ] step 943 [SUBMIT id=787 SELL STP_LIM GTC px=96 q=8 sp=103] trades:
          shadow = [{agg=787 pas=761 @102 q=1}, {agg=787 pas=782 @102 q=7}]
          real   = [{agg=787 pas=782 @102 q=6}, {agg=787 pas=761 @102 q=2}]
    [BUG  ] step 945 [SUBMIT id=789 SELL LIMIT DAY px=95 q=8] trades:
          shadow = [{agg=789 pas=782 @102 q=1}]
          real   = [{agg=789 pas=761 @102 q=1}]
    [BUG  ] step 1076 [SUBMIT id=899 BUY LIMIT IOC px=103 q=3] trades:
          shadow = [{agg=899 pas=894 @98 q=3}]
          real   = [{agg=899 pas=892 @98 q=3}]
    [BUG  ] step 4738 [SUBMIT id=3930 BUY STP_MKT IOC px=0 q=3 sp=97] trades:
          shadow = [{agg=3930 pas=3924 @97 q=2}, {agg=3930 pas=3927 @97 q=1}]
          real   = [{agg=3930 pas=3927 @97 q=3}]
    [BUG  ] step 4738 [SUBMIT id=3930 BUY STP_MKT IOC px=0 q=3 sp=97] orderCount:
          shadow = 2
          real   = 3
    [BUG  ] step 4739 [SUBMIT id=3931 BUY LIMIT GTC px=102 q=15] trades:
          shadow = [{agg=3931 pas=3927 @97 q=12}]
          real   = [{agg=3931 pas=3927 @97 q=10}, {agg=3931 pas=3924 @97 q=2}]
    [BUG  ] step 7964 [SUBMIT id=6564 BUY STP_MKT IOC px=0 q=15 sp=90] trades:
          shadow = [{agg=6564 pas=6450 @95 q=1}, {agg=6564 pas=6149 @98 q=3}, {agg=6564 pas=6412 @107 q=3}, {agg=6564 pas=6557 @107 q=2}, {agg=6564 pas=6294 @115 q=6}, {agg=5650 pas=6294 @115 q=3}, {agg=5900 pas=6294 @115 q=1}]
          real   = [{agg=6564 pas=6450 @95 q=1}, {agg=6564 pas=6149 @98 q=3}, {agg=6564 pas=6557 @107 q=2}, {agg=6564 pas=6412 @107 q=3}, {agg=6564 pas=6294 @115 q=6}, {agg=5650 pas=6294 @115 q=3}, {agg=5900 pas=6294 @115 q=1}]
    [BUG  ] step 7998 [SUBMIT id=6590 BUY LIMIT FOK px=109 q=15 stg=2] trades:
          shadow = [{agg=6590 pas=6566 @104 q=8}, {agg=6590 pas=6587 @104 q=7}]
          real   = [{agg=6590 pas=6587 @104 q=10}, {agg=6590 pas=6566 @104 q=5}]
    [BUG  ] step 7999 [CANCEL id=6587] cancelled:
          shadow = [{6587:USER_REQUESTED}]
          real   = []
    [BUG  ] step 7999 [CANCEL id=6587] bestAsk:
          shadow = 0
          real   = 104
    [BUG  ] step 7999 [CANCEL id=6587] orderCount:
          shadow = 0
          real   = 1
    [BUG  ] step 8000 [SUBMIT id=6591 SELL STP_LIM IOC px=100 q=20 sp=101] bestAsk:
          shadow = 0
          real   = 104
    [BUG  ] step 8000 [SUBMIT id=6591 SELL STP_LIM IOC px=100 q=20 sp=101] orderCount:
          shadow = 0
          real   = 1
    [BUG  ] step 8001 [SUBMIT id=6592 SELL STP_MKT IOC px=0 q=15 sp=105 stg=2] bestAsk:
          shadow = 0
          real   = 104
    [BUG  ] step 8001 [SUBMIT id=6592 SELL STP_MKT IOC px=0 q=15 sp=105 stg=2] orderCount:
          shadow = 0
          real   = 1
    [BUG  ] step 8002 [SUBMIT id=6593 SELL MTL GTC px=105 q=3] bestAsk:
          shadow = 0
          real   = 104
    [BUG  ] step 8002 [SUBMIT id=6593 SELL MTL GTC px=105 q=3] orderCount:
          shadow = 0
          real   = 1
    [BUG  ] step 8003 [SUBMIT id=6594 SELL LIMIT DAY px=105 q=8 dq=7] bestAsk:
          shadow = 105
          real   = 104
    [BUG  ] step 8003 [SUBMIT id=6594 SELL LIMIT DAY px=105 q=8 dq=7] orderCount:
          shadow = 1
          real   = 2

  Result: FAIL
=========================================================
