Shadow Model Test
  Steps: 5000000
  Seed:  397

  BUG   step 756 [SUBMIT id=627 SELL STP_MKT IOC px=0 q=15 sp=109] field=trades shadow=[{agg=627 pas=572 @109 q=15}] real=[{agg=627 pas=599 @109 q=1}, {agg=627 pas=572 @109 q=14}]
  BUG   step 761 [CANCEL id=599] field=cancelled shadow=[{599:USER_REQUESTED}] real=[]
  BUG   step 761 [CANCEL id=599] field=bestBid shadow=103 real=109
  BUG   step 761 [CANCEL id=599] field=orderCount shadow=1 real=2
  BUG   step 762 [SUBMIT id=630 BUY MARKET FOK px=0 q=20] field=bestBid shadow=103 real=109
  BUG   step 762 [SUBMIT id=630 BUY MARKET FOK px=0 q=20] field=orderCount shadow=1 real=2
  BUG   step 763 [SUBMIT id=631 BUY MARKET FOK px=0 q=8] field=bestBid shadow=103 real=109
  BUG   step 763 [SUBMIT id=631 BUY MARKET FOK px=0 q=8] field=orderCount shadow=1 real=2
  BUG   step 764 [SUBMIT id=632 SELL MTL GTC px=104 q=2] field=bestBid shadow=103 real=109
  BUG   step 764 [SUBMIT id=632 SELL MTL GTC px=104 q=2] field=orderCount shadow=1 real=2
  BUG   step 765 [SUBMIT id=633 SELL LIMIT GTC px=98 q=10 dq=6 stg=2] field=trades shadow=[{agg=633 pas=621 @103 q=3}] real=[{agg=633 pas=572 @109 q=1}, {agg=633 pas=621 @103 q=3}]
  BUG   step 1220 [SUBMIT id=999 BUY STP_LIM IOC px=95 q=5 sp=93] field=trades shadow=[{agg=999 pas=791 @95 q=5}] real=[{agg=999 pas=989 @95 q=2}, {agg=999 pas=791 @95 q=3}]
  BUG   step 1229 [SUBMIT id=1005 BUY LIMIT IOC px=95 q=8] field=trades shadow=[{agg=1005 pas=842 @95 q=5}, {agg=1005 pas=989 @95 q=2}] real=[{agg=1005 pas=791 @95 q=2}, {agg=1005 pas=842 @95 q=5}]
  BUG   step 3036 [SUBMIT id=2503 SELL MARKET IOC px=0 q=3] field=trades shadow=[{agg=2503 pas=2444 @104 q=3}] real=[{agg=2503 pas=2499 @104 q=3}]
  BUG   step 3689 [SUBMIT id=3026 BUY LIMIT DAY px=107 q=2] field=trades shadow=[{agg=3026 pas=3024 @106 q=2}, {agg=3012 pas=2814 @105 q=3}, {agg=3006 pas=2999 @105 q=2}, {agg=3025 pas=2999 @105 q=1}, {agg=3012 pas=2999 @105 q=7}] real=[{agg=3026 pas=3024 @106 q=2}, {agg=3012 pas=2999 @105 q=10}, {agg=3006 pas=2999 @105 q=2}, {agg=3025 pas=2999 @105 q=1}]
  BUG   step 3689 [SUBMIT id=3026 BUY LIMIT DAY px=107 q=2] field=orderCount shadow=6 real=7
  BUG   step 3690 [SUBMIT id=3027 BUY LIMIT IOC px=106 q=2 stg=1] field=orderCount shadow=6 real=7
  BUG   step 3691 [SUBMIT id=3028 BUY STP_MKT IOC px=0 q=5 sp=102 stg=2] field=orderCount shadow=6 real=7
  BUG   step 3692 [SUBMIT id=3029 BUY LIMIT DAY px=111 q=8] field=orderCount shadow=6 real=7
  BUG   step 3693 [SUBMIT id=3030 BUY LIMIT DAY px=106 q=5] field=orderCount shadow=6 real=7
  (halting after 20 BUG divergences)

=========================================================
  Shadow Model Test Report
=========================================================
  Steps run:         3693
  Submits:           3030
  Cancels:           380
  Amends:            283
  Trades produced:   845
  Divergences total: 20  (BUG=20  KNOWN=0)

  Divergence details (first 30):
    [BUG  ] step 756 [SUBMIT id=627 SELL STP_MKT IOC px=0 q=15 sp=109] trades:
          shadow = [{agg=627 pas=572 @109 q=15}]
          real   = [{agg=627 pas=599 @109 q=1}, {agg=627 pas=572 @109 q=14}]
    [BUG  ] step 761 [CANCEL id=599] cancelled:
          shadow = [{599:USER_REQUESTED}]
          real   = []
    [BUG  ] step 761 [CANCEL id=599] bestBid:
          shadow = 103
          real   = 109
    [BUG  ] step 761 [CANCEL id=599] orderCount:
          shadow = 1
          real   = 2
    [BUG  ] step 762 [SUBMIT id=630 BUY MARKET FOK px=0 q=20] bestBid:
          shadow = 103
          real   = 109
    [BUG  ] step 762 [SUBMIT id=630 BUY MARKET FOK px=0 q=20] orderCount:
          shadow = 1
          real   = 2
    [BUG  ] step 763 [SUBMIT id=631 BUY MARKET FOK px=0 q=8] bestBid:
          shadow = 103
          real   = 109
    [BUG  ] step 763 [SUBMIT id=631 BUY MARKET FOK px=0 q=8] orderCount:
          shadow = 1
          real   = 2
    [BUG  ] step 764 [SUBMIT id=632 SELL MTL GTC px=104 q=2] bestBid:
          shadow = 103
          real   = 109
    [BUG  ] step 764 [SUBMIT id=632 SELL MTL GTC px=104 q=2] orderCount:
          shadow = 1
          real   = 2
    [BUG  ] step 765 [SUBMIT id=633 SELL LIMIT GTC px=98 q=10 dq=6 stg=2] trades:
          shadow = [{agg=633 pas=621 @103 q=3}]
          real   = [{agg=633 pas=572 @109 q=1}, {agg=633 pas=621 @103 q=3}]
    [BUG  ] step 1220 [SUBMIT id=999 BUY STP_LIM IOC px=95 q=5 sp=93] trades:
          shadow = [{agg=999 pas=791 @95 q=5}]
          real   = [{agg=999 pas=989 @95 q=2}, {agg=999 pas=791 @95 q=3}]
    [BUG  ] step 1229 [SUBMIT id=1005 BUY LIMIT IOC px=95 q=8] trades:
          shadow = [{agg=1005 pas=842 @95 q=5}, {agg=1005 pas=989 @95 q=2}]
          real   = [{agg=1005 pas=791 @95 q=2}, {agg=1005 pas=842 @95 q=5}]
    [BUG  ] step 3036 [SUBMIT id=2503 SELL MARKET IOC px=0 q=3] trades:
          shadow = [{agg=2503 pas=2444 @104 q=3}]
          real   = [{agg=2503 pas=2499 @104 q=3}]
    [BUG  ] step 3689 [SUBMIT id=3026 BUY LIMIT DAY px=107 q=2] trades:
          shadow = [{agg=3026 pas=3024 @106 q=2}, {agg=3012 pas=2814 @105 q=3}, {agg=3006 pas=2999 @105 q=2}, {agg=3025 pas=2999 @105 q=1}, {agg=3012 pas=2999 @105 q=7}]
          real   = [{agg=3026 pas=3024 @106 q=2}, {agg=3012 pas=2999 @105 q=10}, {agg=3006 pas=2999 @105 q=2}, {agg=3025 pas=2999 @105 q=1}]
    [BUG  ] step 3689 [SUBMIT id=3026 BUY LIMIT DAY px=107 q=2] orderCount:
          shadow = 6
          real   = 7
    [BUG  ] step 3690 [SUBMIT id=3027 BUY LIMIT IOC px=106 q=2 stg=1] orderCount:
          shadow = 6
          real   = 7
    [BUG  ] step 3691 [SUBMIT id=3028 BUY STP_MKT IOC px=0 q=5 sp=102 stg=2] orderCount:
          shadow = 6
          real   = 7
    [BUG  ] step 3692 [SUBMIT id=3029 BUY LIMIT DAY px=111 q=8] orderCount:
          shadow = 6
          real   = 7
    [BUG  ] step 3693 [SUBMIT id=3030 BUY LIMIT DAY px=106 q=5] orderCount:
          shadow = 6
          real   = 7

  Result: FAIL
=========================================================
