Shadow Model Test
  Steps: 5000000
  Seed:  77

  BUG   step 1073 [SUBMIT id=896 BUY LIMIT IOC px=102 q=5] field=trades shadow=[{agg=896 pas=883 @97 q=5}] real=[{agg=896 pas=892 @97 q=5}]
  BUG   step 1073 [SUBMIT id=896 BUY LIMIT IOC px=102 q=5] field=orderCount shadow=3 real=4
  BUG   step 1074 [SUBMIT id=897 SELL LIMIT DAY px=96 q=3] field=orderCount shadow=3 real=4
  BUG   step 1075 [SUBMIT id=898 SELL LIMIT IOC px=97 q=5] field=orderCount shadow=3 real=4
  BUG   step 1076 [SUBMIT id=899 BUY STP_MKT IOC px=0 q=5 sp=98] field=orderCount shadow=3 real=4
  BUG   step 1077 [SUBMIT id=900 SELL STP_MKT IOC px=0 q=3 sp=97 stg=2] field=orderCount shadow=3 real=4
  BUG   step 1078 [SUBMIT id=901 BUY STP_MKT IOC px=0 q=2 sp=102] field=orderCount shadow=3 real=4
  BUG   step 1079 [SUBMIT id=902 SELL STP_MKT FOK px=0 q=1 sp=96] field=orderCount shadow=3 real=4
  BUG   step 1080 [SUBMIT id=903 BUY LIMIT FOK px=96 q=8 stg=2] field=orderCount shadow=3 real=4
  BUG   step 1081 [SUBMIT id=904 SELL STP_LIM GTC px=97 q=10 sp=95] field=orderCount shadow=3 real=4
  BUG   step 1082 [SUBMIT id=905 SELL LIMIT IOC px=96 q=20] field=orderCount shadow=2 real=3
  BUG   step 1083 [SUBMIT id=906 BUY STP_LIM FOK px=97 q=3 sp=95] field=orderCount shadow=2 real=3
  BUG   step 1084 [AMEND id=892 px=99 qty=18] field=bestAsk shadow=99 real=97
  BUG   step 1084 [AMEND id=892 px=99 qty=18] field=orderCount shadow=2 real=3
  BUG   step 1085 [SUBMIT id=907 SELL LIMIT IOC px=100 q=10 mq=10] field=bestAsk shadow=99 real=97
  BUG   step 1085 [SUBMIT id=907 SELL LIMIT IOC px=100 q=10 mq=10] field=orderCount shadow=2 real=3
  BUG   step 1086 [CANCEL id=894] field=bestAsk shadow=99 real=97
  BUG   step 1086 [CANCEL id=894] field=orderCount shadow=1 real=2
  BUG   step 1087 [SUBMIT id=908 SELL STP_MKT IOC px=0 q=1 sp=105] field=bestAsk shadow=99 real=97
  BUG   step 1087 [SUBMIT id=908 SELL STP_MKT IOC px=0 q=1 sp=105] field=orderCount shadow=1 real=2
  (halting after 20 BUG divergences)

=========================================================
  Shadow Model Test Report
=========================================================
  Steps run:         1087
  Submits:           908
  Cancels:           115
  Amends:            64
  Trades produced:   238
  Divergences total: 20  (BUG=20  KNOWN=0)

  Divergence details (first 30):
    [BUG  ] step 1073 [SUBMIT id=896 BUY LIMIT IOC px=102 q=5] trades:
          shadow = [{agg=896 pas=883 @97 q=5}]
          real   = [{agg=896 pas=892 @97 q=5}]
    [BUG  ] step 1073 [SUBMIT id=896 BUY LIMIT IOC px=102 q=5] orderCount:
          shadow = 3
          real   = 4
    [BUG  ] step 1074 [SUBMIT id=897 SELL LIMIT DAY px=96 q=3] orderCount:
          shadow = 3
          real   = 4
    [BUG  ] step 1075 [SUBMIT id=898 SELL LIMIT IOC px=97 q=5] orderCount:
          shadow = 3
          real   = 4
    [BUG  ] step 1076 [SUBMIT id=899 BUY STP_MKT IOC px=0 q=5 sp=98] orderCount:
          shadow = 3
          real   = 4
    [BUG  ] step 1077 [SUBMIT id=900 SELL STP_MKT IOC px=0 q=3 sp=97 stg=2] orderCount:
          shadow = 3
          real   = 4
    [BUG  ] step 1078 [SUBMIT id=901 BUY STP_MKT IOC px=0 q=2 sp=102] orderCount:
          shadow = 3
          real   = 4
    [BUG  ] step 1079 [SUBMIT id=902 SELL STP_MKT FOK px=0 q=1 sp=96] orderCount:
          shadow = 3
          real   = 4
    [BUG  ] step 1080 [SUBMIT id=903 BUY LIMIT FOK px=96 q=8 stg=2] orderCount:
          shadow = 3
          real   = 4
    [BUG  ] step 1081 [SUBMIT id=904 SELL STP_LIM GTC px=97 q=10 sp=95] orderCount:
          shadow = 3
          real   = 4
    [BUG  ] step 1082 [SUBMIT id=905 SELL LIMIT IOC px=96 q=20] orderCount:
          shadow = 2
          real   = 3
    [BUG  ] step 1083 [SUBMIT id=906 BUY STP_LIM FOK px=97 q=3 sp=95] orderCount:
          shadow = 2
          real   = 3
    [BUG  ] step 1084 [AMEND id=892 px=99 qty=18] bestAsk:
          shadow = 99
          real   = 97
    [BUG  ] step 1084 [AMEND id=892 px=99 qty=18] orderCount:
          shadow = 2
          real   = 3
    [BUG  ] step 1085 [SUBMIT id=907 SELL LIMIT IOC px=100 q=10 mq=10] bestAsk:
          shadow = 99
          real   = 97
    [BUG  ] step 1085 [SUBMIT id=907 SELL LIMIT IOC px=100 q=10 mq=10] orderCount:
          shadow = 2
          real   = 3
    [BUG  ] step 1086 [CANCEL id=894] bestAsk:
          shadow = 99
          real   = 97
    [BUG  ] step 1086 [CANCEL id=894] orderCount:
          shadow = 1
          real   = 2
    [BUG  ] step 1087 [SUBMIT id=908 SELL STP_MKT IOC px=0 q=1 sp=105] bestAsk:
          shadow = 99
          real   = 97
    [BUG  ] step 1087 [SUBMIT id=908 SELL STP_MKT IOC px=0 q=1 sp=105] orderCount:
          shadow = 1
          real   = 2

  Result: FAIL
=========================================================
