Shadow Model Test
  Steps: 5000000
  Seed:  431

  BUG   step 237 [SUBMIT id=206 SELL LIMIT GTC px=108 q=8] field=trades shadow=[{agg=206 pas=173 @108 q=1}, {agg=206 pas=200 @108 q=7}] real=[{agg=206 pas=200 @108 q=8}]
  BUG   step 237 [SUBMIT id=206 SELL LIMIT GTC px=108 q=8] field=orderCount shadow=3 real=4
  BUG   step 238 [CANCEL id=193] field=orderCount shadow=2 real=3
  BUG   step 239 [SUBMIT id=207 BUY LIMIT IOC px=109 q=15 mq=15] field=orderCount shadow=2 real=3
  BUG   step 240 [SUBMIT id=208 BUY LIMIT GTC px=105 q=10 stg=1] field=orderCount shadow=3 real=4
  BUG   step 241 [SUBMIT id=209 BUY STP_MKT IOC px=0 q=5 sp=98] field=orderCount shadow=3 real=4
  BUG   step 242 [SUBMIT id=210 SELL LIMIT IOC px=107 q=1] field=orderCount shadow=3 real=4
  BUG   step 243 [SUBMIT id=211 SELL LIMIT DAY px=109 q=8] field=orderCount shadow=4 real=5
  BUG   step 244 [CANCEL id=198] field=orderCount shadow=3 real=4
  BUG   step 245 [CANCEL id=200] field=bestBid shadow=105 real=108
  BUG   step 245 [CANCEL id=200] field=orderCount shadow=2 real=3
  BUG   step 246 [SUBMIT id=212 BUY LIMIT FOK px=110 q=1] field=bestBid shadow=105 real=108
  BUG   step 246 [SUBMIT id=212 BUY LIMIT FOK px=110 q=1] field=orderCount shadow=2 real=3
  BUG   step 247 [SUBMIT id=213 BUY STP_LIM FOK px=114 q=5 sp=105] field=bestBid shadow=105 real=108
  BUG   step 247 [SUBMIT id=213 BUY STP_LIM FOK px=114 q=5 sp=105] field=orderCount shadow=2 real=3
  BUG   step 248 [SUBMIT id=214 SELL LIMIT DAY px=108 q=2] field=trades shadow=[] real=[{agg=214 pas=173 @108 q=1}]
  BUG   step 248 [SUBMIT id=214 SELL LIMIT DAY px=108 q=2] field=lastTradePrice shadow=109 real=108
  BUG   step 249 [SUBMIT id=215 BUY STP_MKT FOK px=0 q=1 sp=108] field=bestAsk shadow=108 real=109
  BUG   step 249 [SUBMIT id=215 BUY STP_MKT FOK px=0 q=1 sp=108] field=orderCount shadow=3 real=2
  (halting after 20 BUG divergences)

=========================================================
  Shadow Model Test Report
=========================================================
  Steps run:         250
  Submits:           215
  Cancels:           22
  Amends:            13
  Trades produced:   54
  Divergences total: 21  (BUG=21  KNOWN=0)

  Divergence details (first 30):
    [BUG  ] step 237 [SUBMIT id=206 SELL LIMIT GTC px=108 q=8] trades:
          shadow = [{agg=206 pas=173 @108 q=1}, {agg=206 pas=200 @108 q=7}]
          real   = [{agg=206 pas=200 @108 q=8}]
    [BUG  ] step 237 [SUBMIT id=206 SELL LIMIT GTC px=108 q=8] orderCount:
          shadow = 3
          real   = 4
    [BUG  ] step 238 [CANCEL id=193] orderCount:
          shadow = 2
          real   = 3
    [BUG  ] step 239 [SUBMIT id=207 BUY LIMIT IOC px=109 q=15 mq=15] orderCount:
          shadow = 2
          real   = 3
    [BUG  ] step 240 [SUBMIT id=208 BUY LIMIT GTC px=105 q=10 stg=1] orderCount:
          shadow = 3
          real   = 4
    [BUG  ] step 241 [SUBMIT id=209 BUY STP_MKT IOC px=0 q=5 sp=98] orderCount:
          shadow = 3
          real   = 4
    [BUG  ] step 242 [SUBMIT id=210 SELL LIMIT IOC px=107 q=1] orderCount:
          shadow = 3
          real   = 4
    [BUG  ] step 243 [SUBMIT id=211 SELL LIMIT DAY px=109 q=8] orderCount:
          shadow = 4
          real   = 5
    [BUG  ] step 244 [CANCEL id=198] orderCount:
          shadow = 3
          real   = 4
    [BUG  ] step 245 [CANCEL id=200] bestBid:
          shadow = 105
          real   = 108
    [BUG  ] step 245 [CANCEL id=200] orderCount:
          shadow = 2
          real   = 3
    [BUG  ] step 246 [SUBMIT id=212 BUY LIMIT FOK px=110 q=1] bestBid:
          shadow = 105
          real   = 108
    [BUG  ] step 246 [SUBMIT id=212 BUY LIMIT FOK px=110 q=1] orderCount:
          shadow = 2
          real   = 3
    [BUG  ] step 247 [SUBMIT id=213 BUY STP_LIM FOK px=114 q=5 sp=105] bestBid:
          shadow = 105
          real   = 108
    [BUG  ] step 247 [SUBMIT id=213 BUY STP_LIM FOK px=114 q=5 sp=105] orderCount:
          shadow = 2
          real   = 3
    [BUG  ] step 248 [SUBMIT id=214 SELL LIMIT DAY px=108 q=2] trades:
          shadow = []
          real   = [{agg=214 pas=173 @108 q=1}]
    [BUG  ] step 248 [SUBMIT id=214 SELL LIMIT DAY px=108 q=2] lastTradePrice:
          shadow = 109
          real   = 108
    [BUG  ] step 249 [SUBMIT id=215 BUY STP_MKT FOK px=0 q=1 sp=108] bestAsk:
          shadow = 108
          real   = 109
    [BUG  ] step 249 [SUBMIT id=215 BUY STP_MKT FOK px=0 q=1 sp=108] orderCount:
          shadow = 3
          real   = 2
    [BUG  ] step 250 [AMEND id=214 px=107 qty=6] bestAsk:
          shadow = 107
          real   = 109
    [BUG  ] step 250 [AMEND id=214 px=107 qty=6] orderCount:
          shadow = 3
          real   = 2

  Result: FAIL
=========================================================
