Shadow Model Test
  Steps: 5000000
  Seed:  405

  BUG   step 2816 [SUBMIT id=2328 SELL STP_LIM DAY px=96 q=8 sp=105] field=trades shadow=[{agg=2328 pas=2301 @101 q=8}] real=[{agg=2328 pas=2322 @101 q=8}]
  BUG   step 2821 [SUBMIT id=2333 SELL LIMIT FOK px=101 q=20] field=trades shadow=[{agg=2333 pas=2301 @101 q=7}, {agg=2333 pas=2322 @101 q=13}] real=[{agg=2333 pas=2322 @101 q=8}, {agg=2333 pas=2301 @101 q=12}]
  BUG   step 2822 [SUBMIT id=2334 SELL STP_MKT IOC px=0 q=10 sp=102] field=trades shadow=[{agg=2334 pas=2322 @101 q=3}, {agg=2334 pas=2332 @100 q=7}] real=[{agg=2334 pas=2301 @101 q=3}, {agg=2334 pas=2332 @100 q=7}]
  BUG   step 4062 [SUBMIT id=3342 SELL LIMIT IOC px=97 q=10] field=trades shadow=[{agg=3342 pas=3336 @102 q=5}, {agg=3342 pas=3335 @102 q=5}] real=[{agg=3342 pas=3335 @102 q=10}]
  BUG   step 4062 [SUBMIT id=3342 SELL LIMIT IOC px=97 q=10] field=orderCount shadow=2 real=3
  BUG   step 4063 [SUBMIT id=3343 SELL STP_MKT FOK px=0 q=20 sp=102 stg=2] field=trades shadow=[{agg=3343 pas=3335 @102 q=13}, {agg=3343 pas=3320 @100 q=7}] real=[{agg=3343 pas=3335 @102 q=8}, {agg=3343 pas=3336 @102 q=5}, {agg=3343 pas=3320 @100 q=7}]
  BUG   step 6695 [SUBMIT id=5490 BUY LIMIT FOK px=101 q=15] field=trades shadow=[{agg=5490 pas=5481 @101 q=5}, {agg=5490 pas=5483 @101 q=3}, {agg=5490 pas=5487 @101 q=7}] real=[{agg=5490 pas=5483 @101 q=3}, {agg=5490 pas=5481 @101 q=5}, {agg=5490 pas=5487 @101 q=7}]
  BUG   step 7382 [SUBMIT id=6039 BUY MARKET IOC px=0 q=10 stg=2] field=cancelled shadow=[{6005:STP_CANCEL_OLDEST}] real=[]
  BUG   step 7382 [SUBMIT id=6039 BUY MARKET IOC px=0 q=10 stg=2] field=orderCount shadow=2 real=3
  BUG   step 7383 [SUBMIT id=6040 BUY STP_LIM GTC px=103 q=20 sp=102] field=orderCount shadow=2 real=3
  BUG   step 7384 [AMEND id=5986 px=103 qty=0] field=orderCount shadow=2 real=3
  BUG   step 7385 [SUBMIT id=6041 SELL MTL GTC px=97 q=1] field=orderCount shadow=2 real=3
  BUG   step 7386 [SUBMIT id=6042 SELL STP_LIM DAY px=108 q=3 sp=97] field=orderCount shadow=2 real=3
  BUG   step 7387 [SUBMIT id=6043 SELL LIMIT DAY px=101 q=3] field=orderCount shadow=3 real=4
  BUG   step 7388 [SUBMIT id=6044 SELL LIMIT IOC px=103 q=2] field=orderCount shadow=3 real=4
  BUG   step 7389 [SUBMIT id=6045 SELL LIMIT FOK px=103 q=2] field=orderCount shadow=3 real=4
  BUG   step 7390 [SUBMIT id=6046 SELL LIMIT DAY px=98 q=5] field=orderCount shadow=4 real=5
  BUG   step 7391 [SUBMIT id=6047 SELL STP_MKT IOC px=0 q=2 sp=102 stg=2] field=orderCount shadow=4 real=5
  BUG   step 7392 [CANCEL id=6046] field=orderCount shadow=3 real=4
  BUG   step 7393 [CANCEL id=6043] field=orderCount shadow=2 real=3
  (halting after 20 BUG divergences)

=========================================================
  Shadow Model Test Report
=========================================================
  Steps run:         7393
  Submits:           6047
  Cancels:           786
  Amends:            560
  Trades produced:   1423
  Divergences total: 20  (BUG=20  KNOWN=0)

  Divergence details (first 30):
    [BUG  ] step 2816 [SUBMIT id=2328 SELL STP_LIM DAY px=96 q=8 sp=105] trades:
          shadow = [{agg=2328 pas=2301 @101 q=8}]
          real   = [{agg=2328 pas=2322 @101 q=8}]
    [BUG  ] step 2821 [SUBMIT id=2333 SELL LIMIT FOK px=101 q=20] trades:
          shadow = [{agg=2333 pas=2301 @101 q=7}, {agg=2333 pas=2322 @101 q=13}]
          real   = [{agg=2333 pas=2322 @101 q=8}, {agg=2333 pas=2301 @101 q=12}]
    [BUG  ] step 2822 [SUBMIT id=2334 SELL STP_MKT IOC px=0 q=10 sp=102] trades:
          shadow = [{agg=2334 pas=2322 @101 q=3}, {agg=2334 pas=2332 @100 q=7}]
          real   = [{agg=2334 pas=2301 @101 q=3}, {agg=2334 pas=2332 @100 q=7}]
    [BUG  ] step 4062 [SUBMIT id=3342 SELL LIMIT IOC px=97 q=10] trades:
          shadow = [{agg=3342 pas=3336 @102 q=5}, {agg=3342 pas=3335 @102 q=5}]
          real   = [{agg=3342 pas=3335 @102 q=10}]
    [BUG  ] step 4062 [SUBMIT id=3342 SELL LIMIT IOC px=97 q=10] orderCount:
          shadow = 2
          real   = 3
    [BUG  ] step 4063 [SUBMIT id=3343 SELL STP_MKT FOK px=0 q=20 sp=102 stg=2] trades:
          shadow = [{agg=3343 pas=3335 @102 q=13}, {agg=3343 pas=3320 @100 q=7}]
          real   = [{agg=3343 pas=3335 @102 q=8}, {agg=3343 pas=3336 @102 q=5}, {agg=3343 pas=3320 @100 q=7}]
    [BUG  ] step 6695 [SUBMIT id=5490 BUY LIMIT FOK px=101 q=15] trades:
          shadow = [{agg=5490 pas=5481 @101 q=5}, {agg=5490 pas=5483 @101 q=3}, {agg=5490 pas=5487 @101 q=7}]
          real   = [{agg=5490 pas=5483 @101 q=3}, {agg=5490 pas=5481 @101 q=5}, {agg=5490 pas=5487 @101 q=7}]
    [BUG  ] step 7382 [SUBMIT id=6039 BUY MARKET IOC px=0 q=10 stg=2] cancelled:
          shadow = [{6005:STP_CANCEL_OLDEST}]
          real   = []
    [BUG  ] step 7382 [SUBMIT id=6039 BUY MARKET IOC px=0 q=10 stg=2] orderCount:
          shadow = 2
          real   = 3
    [BUG  ] step 7383 [SUBMIT id=6040 BUY STP_LIM GTC px=103 q=20 sp=102] orderCount:
          shadow = 2
          real   = 3
    [BUG  ] step 7384 [AMEND id=5986 px=103 qty=0] orderCount:
          shadow = 2
          real   = 3
    [BUG  ] step 7385 [SUBMIT id=6041 SELL MTL GTC px=97 q=1] orderCount:
          shadow = 2
          real   = 3
    [BUG  ] step 7386 [SUBMIT id=6042 SELL STP_LIM DAY px=108 q=3 sp=97] orderCount:
          shadow = 2
          real   = 3
    [BUG  ] step 7387 [SUBMIT id=6043 SELL LIMIT DAY px=101 q=3] orderCount:
          shadow = 3
          real   = 4
    [BUG  ] step 7388 [SUBMIT id=6044 SELL LIMIT IOC px=103 q=2] orderCount:
          shadow = 3
          real   = 4
    [BUG  ] step 7389 [SUBMIT id=6045 SELL LIMIT FOK px=103 q=2] orderCount:
          shadow = 3
          real   = 4
    [BUG  ] step 7390 [SUBMIT id=6046 SELL LIMIT DAY px=98 q=5] orderCount:
          shadow = 4
          real   = 5
    [BUG  ] step 7391 [SUBMIT id=6047 SELL STP_MKT IOC px=0 q=2 sp=102 stg=2] orderCount:
          shadow = 4
          real   = 5
    [BUG  ] step 7392 [CANCEL id=6046] orderCount:
          shadow = 3
          real   = 4
    [BUG  ] step 7393 [CANCEL id=6043] orderCount:
          shadow = 2
          real   = 3

  Result: FAIL
=========================================================
