Shadow Model Test
  Steps: 5000000
  Seed:  13

  BUG   step 911 [SUBMIT id=745 SELL LIMIT IOC px=101 q=5 mq=2] field=trades shadow=[{agg=745 pas=737 @106 q=5}] real=[{agg=745 pas=741 @106 q=5}]
  BUG   step 914 [SUBMIT id=746 SELL STP_LIM DAY px=105 q=2 sp=106] field=trades shadow=[{agg=746 pas=737 @106 q=2}] real=[{agg=746 pas=741 @106 q=2}]
  BUG   step 915 [SUBMIT id=747 SELL LIMIT DAY px=105 q=5] field=trades shadow=[{agg=747 pas=737 @106 q=5}] real=[{agg=747 pas=741 @106 q=5}]
  BUG   step 915 [SUBMIT id=747 SELL LIMIT DAY px=105 q=5] field=orderCount shadow=3 real=2
  BUG   step 916 [SUBMIT id=748 SELL STP_MKT FOK px=0 q=15 sp=103] field=orderCount shadow=3 real=2
  BUG   step 917 [AMEND id=738 px=106 qty=8] field=orderCount shadow=3 real=2
  BUG   step 918 [AMEND id=737 px=106 qty=0] field=orderCount shadow=3 real=2
  BUG   step 919 [SUBMIT id=749 BUY LIMIT FOK px=101 q=20 stg=2] field=orderCount shadow=3 real=2
  BUG   step 920 [SUBMIT id=750 BUY LIMIT IOC px=105 q=1] field=orderCount shadow=3 real=2
  BUG   step 921 [SUBMIT id=751 SELL STP_LIM DAY px=101 q=5 sp=98 stg=1] field=orderCount shadow=3 real=2
  BUG   step 922 [SUBMIT id=752 BUY MTL GTC px=100 q=8] field=orderCount shadow=3 real=2
  BUG   step 923 [CANCEL id=741] field=cancelled shadow=[{741:USER_REQUESTED}] real=[]
  BUG   step 1046 [SUBMIT id=855 SELL MARKET IOC px=0 q=2] field=trades shadow=[{agg=855 pas=811 @110 q=1}, {agg=855 pas=834 @110 q=1}] real=[{agg=855 pas=834 @110 q=2}]
  BUG   step 1053 [CANCEL id=834] field=cancelled shadow=[{834:USER_REQUESTED}] real=[]
  BUG   step 1053 [CANCEL id=834] field=orderCount shadow=4 real=5
  BUG   step 1054 [SUBMIT id=861 BUY STP_MKT IOC px=0 q=1 sp=121] field=orderCount shadow=4 real=5
  BUG   step 1055 [SUBMIT id=862 SELL STP_MKT FOK px=0 q=2 sp=98] field=orderCount shadow=4 real=5
  BUG   step 1056 [CANCEL id=843] field=orderCount shadow=3 real=4
  BUG   step 1057 [AMEND id=822 px=96 qty=0] field=orderCount shadow=3 real=4
  BUG   step 1058 [SUBMIT id=863 SELL LIMIT FOK px=105 q=5] field=trades shadow=[{agg=863 pas=830 @110 q=5}] real=[{agg=863 pas=811 @110 q=1}, {agg=863 pas=830 @110 q=4}]
  (halting after 20 BUG divergences)

=========================================================
  Shadow Model Test Report
=========================================================
  Steps run:         1058
  Submits:           863
  Cancels:           125
  Amends:            70
  Trades produced:   202
  Divergences total: 20  (BUG=20  KNOWN=0)

  Divergence details (first 30):
    [BUG  ] step 911 [SUBMIT id=745 SELL LIMIT IOC px=101 q=5 mq=2] trades:
          shadow = [{agg=745 pas=737 @106 q=5}]
          real   = [{agg=745 pas=741 @106 q=5}]
    [BUG  ] step 914 [SUBMIT id=746 SELL STP_LIM DAY px=105 q=2 sp=106] trades:
          shadow = [{agg=746 pas=737 @106 q=2}]
          real   = [{agg=746 pas=741 @106 q=2}]
    [BUG  ] step 915 [SUBMIT id=747 SELL LIMIT DAY px=105 q=5] trades:
          shadow = [{agg=747 pas=737 @106 q=5}]
          real   = [{agg=747 pas=741 @106 q=5}]
    [BUG  ] step 915 [SUBMIT id=747 SELL LIMIT DAY px=105 q=5] orderCount:
          shadow = 3
          real   = 2
    [BUG  ] step 916 [SUBMIT id=748 SELL STP_MKT FOK px=0 q=15 sp=103] orderCount:
          shadow = 3
          real   = 2
    [BUG  ] step 917 [AMEND id=738 px=106 qty=8] orderCount:
          shadow = 3
          real   = 2
    [BUG  ] step 918 [AMEND id=737 px=106 qty=0] orderCount:
          shadow = 3
          real   = 2
    [BUG  ] step 919 [SUBMIT id=749 BUY LIMIT FOK px=101 q=20 stg=2] orderCount:
          shadow = 3
          real   = 2
    [BUG  ] step 920 [SUBMIT id=750 BUY LIMIT IOC px=105 q=1] orderCount:
          shadow = 3
          real   = 2
    [BUG  ] step 921 [SUBMIT id=751 SELL STP_LIM DAY px=101 q=5 sp=98 stg=1] orderCount:
          shadow = 3
          real   = 2
    [BUG  ] step 922 [SUBMIT id=752 BUY MTL GTC px=100 q=8] orderCount:
          shadow = 3
          real   = 2
    [BUG  ] step 923 [CANCEL id=741] cancelled:
          shadow = [{741:USER_REQUESTED}]
          real   = []
    [BUG  ] step 1046 [SUBMIT id=855 SELL MARKET IOC px=0 q=2] trades:
          shadow = [{agg=855 pas=811 @110 q=1}, {agg=855 pas=834 @110 q=1}]
          real   = [{agg=855 pas=834 @110 q=2}]
    [BUG  ] step 1053 [CANCEL id=834] cancelled:
          shadow = [{834:USER_REQUESTED}]
          real   = []
    [BUG  ] step 1053 [CANCEL id=834] orderCount:
          shadow = 4
          real   = 5
    [BUG  ] step 1054 [SUBMIT id=861 BUY STP_MKT IOC px=0 q=1 sp=121] orderCount:
          shadow = 4
          real   = 5
    [BUG  ] step 1055 [SUBMIT id=862 SELL STP_MKT FOK px=0 q=2 sp=98] orderCount:
          shadow = 4
          real   = 5
    [BUG  ] step 1056 [CANCEL id=843] orderCount:
          shadow = 3
          real   = 4
    [BUG  ] step 1057 [AMEND id=822 px=96 qty=0] orderCount:
          shadow = 3
          real   = 4
    [BUG  ] step 1058 [SUBMIT id=863 SELL LIMIT FOK px=105 q=5] trades:
          shadow = [{agg=863 pas=830 @110 q=5}]
          real   = [{agg=863 pas=811 @110 q=1}, {agg=863 pas=830 @110 q=4}]

  Result: FAIL
=========================================================
