Shadow Model Test
  Steps: 5000000
  Seed:  12

  BUG   step 1357 [SUBMIT id=1137 BUY STP_MKT IOC px=0 q=5 sp=101 stg=2] field=trades shadow=[{agg=1137 pas=1130 @101 q=3}, {agg=1137 pas=1132 @101 q=2}] real=[{agg=1137 pas=1132 @101 q=5}]
  BUG   step 1357 [SUBMIT id=1137 BUY STP_MKT IOC px=0 q=5 sp=101 stg=2] field=orderCount shadow=3 real=4
  BUG   step 1358 [SUBMIT id=1138 BUY STP_MKT FOK px=0 q=15 sp=100] field=trades shadow=[{agg=1138 pas=1132 @101 q=15}] real=[{agg=1138 pas=1132 @101 q=14}, {agg=1138 pas=1130 @101 q=1}]
  BUG   step 1361 [AMEND id=1132 px=103 qty=0] field=bestAsk shadow=102 real=101
  BUG   step 1362 [SUBMIT id=1141 BUY STP_MKT IOC px=0 q=15 sp=100 stg=1] field=trades shadow=[{agg=1141 pas=1133 @102 q=2}] real=[{agg=1141 pas=1130 @101 q=2}, {agg=1141 pas=1133 @102 q=2}, {agg=1141 pas=1134 @106 q=8}]
  BUG   step 1362 [SUBMIT id=1141 BUY STP_MKT IOC px=0 q=15 sp=100 stg=1] field=cancelled shadow=[{1141:STP_CANCEL_BOTH}, {1132:STP_CANCEL_BOTH}] real=[{1141:IOC_REMAINDER}, {1136:IOC_REMAINDER}]
  BUG   step 1362 [SUBMIT id=1141 BUY STP_MKT IOC px=0 q=15 sp=100 stg=1] field=bestAsk shadow=106 real=0
  BUG   step 1362 [SUBMIT id=1141 BUY STP_MKT IOC px=0 q=15 sp=100 stg=1] field=orderCount shadow=1 real=0
  BUG   step 1362 [SUBMIT id=1141 BUY STP_MKT IOC px=0 q=15 sp=100 stg=1] field=lastTradePrice shadow=102 real=106
  BUG   step 1362 [SUBMIT id=1141 BUY STP_MKT IOC px=0 q=15 sp=100 stg=1] field=stopCount shadow=34 real=33
  BUG   step 1363 [SUBMIT id=1142 BUY STP_MKT IOC px=0 q=3 sp=106] field=cancelled shadow=[] real=[{1142:IOC_REMAINDER}]
  BUG   step 1363 [SUBMIT id=1142 BUY STP_MKT IOC px=0 q=3 sp=106] field=bestAsk shadow=106 real=0
  BUG   step 1363 [SUBMIT id=1142 BUY STP_MKT IOC px=0 q=3 sp=106] field=orderCount shadow=1 real=0
  BUG   step 1363 [SUBMIT id=1142 BUY STP_MKT IOC px=0 q=3 sp=106] field=lastTradePrice shadow=102 real=106
  BUG   step 1363 [SUBMIT id=1142 BUY STP_MKT IOC px=0 q=3 sp=106] field=stopCount shadow=35 real=33
  BUG   step 1364 [CANCEL id=1134] field=cancelled shadow=[{1134:USER_REQUESTED}] real=[]
  BUG   step 1364 [CANCEL id=1134] field=lastTradePrice shadow=102 real=106
  BUG   step 1364 [CANCEL id=1134] field=stopCount shadow=35 real=33
  BUG   step 1365 [SUBMIT id=1143 SELL LIMIT GTC px=96 q=8] field=lastTradePrice shadow=102 real=106
  BUG   step 1365 [SUBMIT id=1143 SELL LIMIT GTC px=96 q=8] field=stopCount shadow=35 real=33
  (halting after 20 BUG divergences)

=========================================================
  Shadow Model Test Report
=========================================================
  Steps run:         1365
  Submits:           1143
  Cancels:           143
  Amends:            79
  Trades produced:   269
  Divergences total: 20  (BUG=20  KNOWN=0)

  Divergence details (first 30):
    [BUG  ] step 1357 [SUBMIT id=1137 BUY STP_MKT IOC px=0 q=5 sp=101 stg=2] trades:
          shadow = [{agg=1137 pas=1130 @101 q=3}, {agg=1137 pas=1132 @101 q=2}]
          real   = [{agg=1137 pas=1132 @101 q=5}]
    [BUG  ] step 1357 [SUBMIT id=1137 BUY STP_MKT IOC px=0 q=5 sp=101 stg=2] orderCount:
          shadow = 3
          real   = 4
    [BUG  ] step 1358 [SUBMIT id=1138 BUY STP_MKT FOK px=0 q=15 sp=100] trades:
          shadow = [{agg=1138 pas=1132 @101 q=15}]
          real   = [{agg=1138 pas=1132 @101 q=14}, {agg=1138 pas=1130 @101 q=1}]
    [BUG  ] step 1361 [AMEND id=1132 px=103 qty=0] bestAsk:
          shadow = 102
          real   = 101
    [BUG  ] step 1362 [SUBMIT id=1141 BUY STP_MKT IOC px=0 q=15 sp=100 stg=1] trades:
          shadow = [{agg=1141 pas=1133 @102 q=2}]
          real   = [{agg=1141 pas=1130 @101 q=2}, {agg=1141 pas=1133 @102 q=2}, {agg=1141 pas=1134 @106 q=8}]
    [BUG  ] step 1362 [SUBMIT id=1141 BUY STP_MKT IOC px=0 q=15 sp=100 stg=1] cancelled:
          shadow = [{1141:STP_CANCEL_BOTH}, {1132:STP_CANCEL_BOTH}]
          real   = [{1141:IOC_REMAINDER}, {1136:IOC_REMAINDER}]
    [BUG  ] step 1362 [SUBMIT id=1141 BUY STP_MKT IOC px=0 q=15 sp=100 stg=1] bestAsk:
          shadow = 106
          real   = 0
    [BUG  ] step 1362 [SUBMIT id=1141 BUY STP_MKT IOC px=0 q=15 sp=100 stg=1] orderCount:
          shadow = 1
          real   = 0
    [BUG  ] step 1362 [SUBMIT id=1141 BUY STP_MKT IOC px=0 q=15 sp=100 stg=1] lastTradePrice:
          shadow = 102
          real   = 106
    [BUG  ] step 1362 [SUBMIT id=1141 BUY STP_MKT IOC px=0 q=15 sp=100 stg=1] stopCount:
          shadow = 34
          real   = 33
    [BUG  ] step 1363 [SUBMIT id=1142 BUY STP_MKT IOC px=0 q=3 sp=106] cancelled:
          shadow = []
          real   = [{1142:IOC_REMAINDER}]
    [BUG  ] step 1363 [SUBMIT id=1142 BUY STP_MKT IOC px=0 q=3 sp=106] bestAsk:
          shadow = 106
          real   = 0
    [BUG  ] step 1363 [SUBMIT id=1142 BUY STP_MKT IOC px=0 q=3 sp=106] orderCount:
          shadow = 1
          real   = 0
    [BUG  ] step 1363 [SUBMIT id=1142 BUY STP_MKT IOC px=0 q=3 sp=106] lastTradePrice:
          shadow = 102
          real   = 106
    [BUG  ] step 1363 [SUBMIT id=1142 BUY STP_MKT IOC px=0 q=3 sp=106] stopCount:
          shadow = 35
          real   = 33
    [BUG  ] step 1364 [CANCEL id=1134] cancelled:
          shadow = [{1134:USER_REQUESTED}]
          real   = []
    [BUG  ] step 1364 [CANCEL id=1134] lastTradePrice:
          shadow = 102
          real   = 106
    [BUG  ] step 1364 [CANCEL id=1134] stopCount:
          shadow = 35
          real   = 33
    [BUG  ] step 1365 [SUBMIT id=1143 SELL LIMIT GTC px=96 q=8] lastTradePrice:
          shadow = 102
          real   = 106
    [BUG  ] step 1365 [SUBMIT id=1143 SELL LIMIT GTC px=96 q=8] stopCount:
          shadow = 35
          real   = 33

  Result: FAIL
=========================================================
