Shadow Model Test
  Steps: 5000000
  Seed:  20

  BUG   step 1329 [SUBMIT id=1107 BUY LIMIT IOC px=103 q=1] field=trades shadow=[{agg=1107 pas=1047 @98 q=1}] real=[{agg=1107 pas=1102 @98 q=1}]
  BUG   step 1338 [SUBMIT id=1114 BUY LIMIT IOC px=98 q=15] field=trades shadow=[{agg=1114 pas=1102 @98 q=7}, {agg=1114 pas=1106 @98 q=3}] real=[{agg=1114 pas=1102 @98 q=6}, {agg=1114 pas=1106 @98 q=3}]
  BUG   step 1607 [SUBMIT id=1342 SELL LIMIT FOK px=96 q=3] field=trades shadow=[{agg=1342 pas=1318 @96 q=3}, {agg=1337 pas=1318 @96 q=7}, {agg=1337 pas=1334 @96 q=2}, {agg=1337 pas=1341 @96 q=6}] real=[{agg=1342 pas=1334 @96 q=2}, {agg=1337 pas=1318 @96 q=9}, {agg=1337 pas=1341 @96 q=6}, {agg=1342 pas=1318 @96 q=1}]
  BUG   step 2933 [SUBMIT id=2443 BUY LIMIT FOK px=98 q=15] field=trades shadow=[{agg=2443 pas=2418 @98 q=8}, {agg=2443 pas=2427 @98 q=7}] real=[{agg=2443 pas=2427 @98 q=15}]
  BUG   step 2933 [SUBMIT id=2443 BUY LIMIT FOK px=98 q=15] field=orderCount shadow=3 real=4
  BUG   step 2934 [SUBMIT id=2444 BUY MARKET IOC px=0 q=1] field=orderCount shadow=3 real=4
  BUG   step 2935 [SUBMIT id=2445 SELL STP_MKT IOC px=0 q=1 sp=98] field=orderCount shadow=3 real=4
  BUG   step 2936 [SUBMIT id=2446 SELL STP_MKT FOK px=0 q=15 sp=98] field=orderCount shadow=3 real=4
  BUG   step 2937 [SUBMIT id=2447 SELL LIMIT FOK px=97 q=1] field=orderCount shadow=3 real=4
  BUG   step 2938 [SUBMIT id=2448 BUY MARKET FOK px=0 q=1 stg=1] field=orderCount shadow=3 real=4
  BUG   step 2939 [SUBMIT id=2449 BUY STP_LIM DAY px=98 q=20 sp=101] field=orderCount shadow=3 real=4
  BUG   step 2940 [SUBMIT id=2450 SELL LIMIT GTC px=103 q=20] field=orderCount shadow=4 real=5
  BUG   step 2941 [SUBMIT id=2451 BUY LIMIT IOC px=103 q=15] field=trades shadow=[{agg=2451 pas=2427 @98 q=11}, {agg=2451 pas=2450 @103 q=4}] real=[{agg=2451 pas=2427 @98 q=3}, {agg=2451 pas=2418 @98 q=8}, {agg=2451 pas=2450 @103 q=4}]
  BUG   step 4444 [SUBMIT id=3667 SELL STP_MKT FOK px=0 q=5 sp=109] field=trades shadow=[{agg=3667 pas=3615 @107 q=1}, {agg=3667 pas=3661 @107 q=4}] real=[{agg=3667 pas=3661 @107 q=5}]
  BUG   step 4444 [SUBMIT id=3667 SELL STP_MKT FOK px=0 q=5 sp=109] field=orderCount shadow=2 real=3
  BUG   step 4445 [CANCEL id=3661] field=bestBid shadow=106 real=107
  BUG   step 4445 [CANCEL id=3661] field=orderCount shadow=1 real=2
  BUG   step 4446 [SUBMIT id=3668 BUY MARKET FOK px=0 q=5] field=bestBid shadow=106 real=107
  BUG   step 4446 [SUBMIT id=3668 BUY MARKET FOK px=0 q=5] field=orderCount shadow=1 real=2
  (halting after 20 BUG divergences)

=========================================================
  Shadow Model Test Report
=========================================================
  Steps run:         4447
  Submits:           3668
  Cancels:           467
  Amends:            312
  Trades produced:   880
  Divergences total: 21  (BUG=21  KNOWN=0)

  Divergence details (first 30):
    [BUG  ] step 1329 [SUBMIT id=1107 BUY LIMIT IOC px=103 q=1] trades:
          shadow = [{agg=1107 pas=1047 @98 q=1}]
          real   = [{agg=1107 pas=1102 @98 q=1}]
    [BUG  ] step 1338 [SUBMIT id=1114 BUY LIMIT IOC px=98 q=15] trades:
          shadow = [{agg=1114 pas=1102 @98 q=7}, {agg=1114 pas=1106 @98 q=3}]
          real   = [{agg=1114 pas=1102 @98 q=6}, {agg=1114 pas=1106 @98 q=3}]
    [BUG  ] step 1607 [SUBMIT id=1342 SELL LIMIT FOK px=96 q=3] trades:
          shadow = [{agg=1342 pas=1318 @96 q=3}, {agg=1337 pas=1318 @96 q=7}, {agg=1337 pas=1334 @96 q=2}, {agg=1337 pas=1341 @96 q=6}]
          real   = [{agg=1342 pas=1334 @96 q=2}, {agg=1337 pas=1318 @96 q=9}, {agg=1337 pas=1341 @96 q=6}, {agg=1342 pas=1318 @96 q=1}]
    [BUG  ] step 2933 [SUBMIT id=2443 BUY LIMIT FOK px=98 q=15] trades:
          shadow = [{agg=2443 pas=2418 @98 q=8}, {agg=2443 pas=2427 @98 q=7}]
          real   = [{agg=2443 pas=2427 @98 q=15}]
    [BUG  ] step 2933 [SUBMIT id=2443 BUY LIMIT FOK px=98 q=15] orderCount:
          shadow = 3
          real   = 4
    [BUG  ] step 2934 [SUBMIT id=2444 BUY MARKET IOC px=0 q=1] orderCount:
          shadow = 3
          real   = 4
    [BUG  ] step 2935 [SUBMIT id=2445 SELL STP_MKT IOC px=0 q=1 sp=98] orderCount:
          shadow = 3
          real   = 4
    [BUG  ] step 2936 [SUBMIT id=2446 SELL STP_MKT FOK px=0 q=15 sp=98] orderCount:
          shadow = 3
          real   = 4
    [BUG  ] step 2937 [SUBMIT id=2447 SELL LIMIT FOK px=97 q=1] orderCount:
          shadow = 3
          real   = 4
    [BUG  ] step 2938 [SUBMIT id=2448 BUY MARKET FOK px=0 q=1 stg=1] orderCount:
          shadow = 3
          real   = 4
    [BUG  ] step 2939 [SUBMIT id=2449 BUY STP_LIM DAY px=98 q=20 sp=101] orderCount:
          shadow = 3
          real   = 4
    [BUG  ] step 2940 [SUBMIT id=2450 SELL LIMIT GTC px=103 q=20] orderCount:
          shadow = 4
          real   = 5
    [BUG  ] step 2941 [SUBMIT id=2451 BUY LIMIT IOC px=103 q=15] trades:
          shadow = [{agg=2451 pas=2427 @98 q=11}, {agg=2451 pas=2450 @103 q=4}]
          real   = [{agg=2451 pas=2427 @98 q=3}, {agg=2451 pas=2418 @98 q=8}, {agg=2451 pas=2450 @103 q=4}]
    [BUG  ] step 4444 [SUBMIT id=3667 SELL STP_MKT FOK px=0 q=5 sp=109] trades:
          shadow = [{agg=3667 pas=3615 @107 q=1}, {agg=3667 pas=3661 @107 q=4}]
          real   = [{agg=3667 pas=3661 @107 q=5}]
    [BUG  ] step 4444 [SUBMIT id=3667 SELL STP_MKT FOK px=0 q=5 sp=109] orderCount:
          shadow = 2
          real   = 3
    [BUG  ] step 4445 [CANCEL id=3661] bestBid:
          shadow = 106
          real   = 107
    [BUG  ] step 4445 [CANCEL id=3661] orderCount:
          shadow = 1
          real   = 2
    [BUG  ] step 4446 [SUBMIT id=3668 BUY MARKET FOK px=0 q=5] bestBid:
          shadow = 106
          real   = 107
    [BUG  ] step 4446 [SUBMIT id=3668 BUY MARKET FOK px=0 q=5] orderCount:
          shadow = 1
          real   = 2
    [BUG  ] step 4447 [CANCEL id=3663] bestBid:
          shadow = 0
          real   = 107
    [BUG  ] step 4447 [CANCEL id=3663] orderCount:
          shadow = 0
          real   = 1

  Result: FAIL
=========================================================
