Shadow Model Test
  Steps: 5000000
  Seed:  331

  BUG   step 215 [SUBMIT id=168 SELL LIMIT IOC px=96 q=2] field=trades shadow=[{agg=168 pas=108 @99 q=2}] real=[{agg=168 pas=161 @99 q=2}]
  BUG   step 215 [SUBMIT id=168 SELL LIMIT IOC px=96 q=2] field=orderCount shadow=2 real=1
  BUG   step 216 [CANCEL id=108] field=bestBid shadow=99 real=0
  BUG   step 216 [CANCEL id=108] field=orderCount shadow=1 real=0
  BUG   step 217 [SUBMIT id=169 BUY MTL GTC px=94 q=5 mq=1 stg=2] field=bestBid shadow=99 real=0
  BUG   step 217 [SUBMIT id=169 BUY MTL GTC px=94 q=5 mq=1 stg=2] field=orderCount shadow=1 real=0
  BUG   step 218 [SUBMIT id=170 BUY STP_LIM GTC px=98 q=3 sp=102] field=bestBid shadow=99 real=0
  BUG   step 218 [SUBMIT id=170 BUY STP_LIM GTC px=98 q=3 sp=102] field=orderCount shadow=1 real=0
  BUG   step 219 [SUBMIT id=171 BUY LIMIT GTC px=100 q=3] field=orderCount shadow=2 real=1
  BUG   step 220 [SUBMIT id=172 BUY LIMIT DAY px=96 q=15 dq=6] field=orderCount shadow=3 real=2
  BUG   step 221 [AMEND id=161 px=101 qty=12] field=bestBid shadow=101 real=100
  BUG   step 221 [AMEND id=161 px=101 qty=12] field=orderCount shadow=3 real=2
  BUG   step 222 [SUBMIT id=173 BUY MARKET FOK px=0 q=1] field=bestBid shadow=101 real=100
  BUG   step 222 [SUBMIT id=173 BUY MARKET FOK px=0 q=1] field=orderCount shadow=3 real=2
  BUG   step 223 [AMEND id=171 px=100 qty=15] field=bestBid shadow=101 real=100
  BUG   step 223 [AMEND id=171 px=100 qty=15] field=orderCount shadow=3 real=2
  BUG   step 224 [SUBMIT id=174 BUY LIMIT DAY px=100 q=5] field=bestBid shadow=101 real=100
  BUG   step 224 [SUBMIT id=174 BUY LIMIT DAY px=100 q=5] field=orderCount shadow=4 real=3
  BUG   step 225 [SUBMIT id=175 SELL STP_MKT IOC px=0 q=1 sp=89] field=bestBid shadow=101 real=100
  BUG   step 225 [SUBMIT id=175 SELL STP_MKT IOC px=0 q=1 sp=89] field=orderCount shadow=4 real=3
  (halting after 20 BUG divergences)

=========================================================
  Shadow Model Test Report
=========================================================
  Steps run:         225
  Submits:           175
  Cancels:           25
  Amends:            25
  Trades produced:   52
  Divergences total: 20  (BUG=20  KNOWN=0)

  Divergence details (first 30):
    [BUG  ] step 215 [SUBMIT id=168 SELL LIMIT IOC px=96 q=2] trades:
          shadow = [{agg=168 pas=108 @99 q=2}]
          real   = [{agg=168 pas=161 @99 q=2}]
    [BUG  ] step 215 [SUBMIT id=168 SELL LIMIT IOC px=96 q=2] orderCount:
          shadow = 2
          real   = 1
    [BUG  ] step 216 [CANCEL id=108] bestBid:
          shadow = 99
          real   = 0
    [BUG  ] step 216 [CANCEL id=108] orderCount:
          shadow = 1
          real   = 0
    [BUG  ] step 217 [SUBMIT id=169 BUY MTL GTC px=94 q=5 mq=1 stg=2] bestBid:
          shadow = 99
          real   = 0
    [BUG  ] step 217 [SUBMIT id=169 BUY MTL GTC px=94 q=5 mq=1 stg=2] orderCount:
          shadow = 1
          real   = 0
    [BUG  ] step 218 [SUBMIT id=170 BUY STP_LIM GTC px=98 q=3 sp=102] bestBid:
          shadow = 99
          real   = 0
    [BUG  ] step 218 [SUBMIT id=170 BUY STP_LIM GTC px=98 q=3 sp=102] orderCount:
          shadow = 1
          real   = 0
    [BUG  ] step 219 [SUBMIT id=171 BUY LIMIT GTC px=100 q=3] orderCount:
          shadow = 2
          real   = 1
    [BUG  ] step 220 [SUBMIT id=172 BUY LIMIT DAY px=96 q=15 dq=6] orderCount:
          shadow = 3
          real   = 2
    [BUG  ] step 221 [AMEND id=161 px=101 qty=12] bestBid:
          shadow = 101
          real   = 100
    [BUG  ] step 221 [AMEND id=161 px=101 qty=12] orderCount:
          shadow = 3
          real   = 2
    [BUG  ] step 222 [SUBMIT id=173 BUY MARKET FOK px=0 q=1] bestBid:
          shadow = 101
          real   = 100
    [BUG  ] step 222 [SUBMIT id=173 BUY MARKET FOK px=0 q=1] orderCount:
          shadow = 3
          real   = 2
    [BUG  ] step 223 [AMEND id=171 px=100 qty=15] bestBid:
          shadow = 101
          real   = 100
    [BUG  ] step 223 [AMEND id=171 px=100 qty=15] orderCount:
          shadow = 3
          real   = 2
    [BUG  ] step 224 [SUBMIT id=174 BUY LIMIT DAY px=100 q=5] bestBid:
          shadow = 101
          real   = 100
    [BUG  ] step 224 [SUBMIT id=174 BUY LIMIT DAY px=100 q=5] orderCount:
          shadow = 4
          real   = 3
    [BUG  ] step 225 [SUBMIT id=175 SELL STP_MKT IOC px=0 q=1 sp=89] bestBid:
          shadow = 101
          real   = 100
    [BUG  ] step 225 [SUBMIT id=175 SELL STP_MKT IOC px=0 q=1 sp=89] orderCount:
          shadow = 4
          real   = 3

  Result: FAIL
=========================================================
