Shadow Model Test
  Steps: 5000000
  Seed:  363

  BUG   step 2232 [SUBMIT id=1821 SELL LIMIT IOC px=93 q=2] field=trades shadow=[{agg=1821 pas=1801 @98 q=2}] real=[{agg=1821 pas=1812 @98 q=2}]
  BUG   step 2233 [SUBMIT id=1822 SELL LIMIT IOC px=97 q=1 stg=2] field=trades shadow=[{agg=1822 pas=1801 @98 q=1}] real=[{agg=1822 pas=1812 @98 q=1}]
  BUG   step 2233 [SUBMIT id=1822 SELL LIMIT IOC px=97 q=1 stg=2] field=orderCount shadow=3 real=4
  BUG   step 2234 [SUBMIT id=1823 BUY STP_LIM DAY px=99 q=3 sp=108] field=orderCount shadow=3 real=4
  BUG   step 2235 [SUBMIT id=1824 SELL LIMIT GTC px=98 q=5] field=trades shadow=[{agg=1824 pas=1812 @98 q=5}] real=[{agg=1824 pas=1812 @98 q=4}, {agg=1824 pas=1801 @98 q=1}]
  BUG   step 2237 [CANCEL id=1812] field=cancelled shadow=[{1812:USER_REQUESTED}] real=[]
  BUG   step 2237 [CANCEL id=1812] field=orderCount shadow=2 real=3
  BUG   step 2238 [SUBMIT id=1825 SELL STP_MKT FOK px=0 q=1 sp=98] field=orderCount shadow=2 real=3
  BUG   step 2239 [SUBMIT id=1826 SELL LIMIT IOC px=98 q=10] field=trades shadow=[{agg=1826 pas=1807 @100 q=9}] real=[{agg=1826 pas=1807 @100 q=9}, {agg=1826 pas=1801 @98 q=1}]
  BUG   step 2239 [SUBMIT id=1826 SELL LIMIT IOC px=98 q=10] field=cancelled shadow=[{1826:IOC_REMAINDER}] real=[]
  BUG   step 2239 [SUBMIT id=1826 SELL LIMIT IOC px=98 q=10] field=bestBid shadow=97 real=98
  BUG   step 2239 [SUBMIT id=1826 SELL LIMIT IOC px=98 q=10] field=orderCount shadow=1 real=2
  BUG   step 2239 [SUBMIT id=1826 SELL LIMIT IOC px=98 q=10] field=lastTradePrice shadow=100 real=98
  BUG   step 2240 [SUBMIT id=1827 SELL LIMIT GTC px=106 q=2] field=bestBid shadow=97 real=98
  BUG   step 2240 [SUBMIT id=1827 SELL LIMIT GTC px=106 q=2] field=orderCount shadow=2 real=3
  BUG   step 2240 [SUBMIT id=1827 SELL LIMIT GTC px=106 q=2] field=lastTradePrice shadow=100 real=98
  BUG   step 2241 [SUBMIT id=1828 SELL LIMIT DAY px=96 q=15] field=trades shadow=[{agg=1828 pas=1811 @97 q=15}] real=[{agg=1828 pas=1801 @98 q=1}, {agg=1828 pas=1811 @97 q=14}]
  BUG   step 4206 [SUBMIT id=3447 SELL MARKET IOC px=0 q=1] field=trades shadow=[{agg=3447 pas=3427 @95 q=1}] real=[{agg=3447 pas=3439 @95 q=1}]
  BUG   step 4206 [SUBMIT id=3447 SELL MARKET IOC px=0 q=1] field=orderCount shadow=2 real=3
  BUG   step 4207 [SUBMIT id=3448 BUY LIMIT FOK px=96 q=15 stg=2] field=orderCount shadow=2 real=3
  (halting after 20 BUG divergences)

=========================================================
  Shadow Model Test Report
=========================================================
  Steps run:         4207
  Submits:           3448
  Cancels:           445
  Amends:            314
  Trades produced:   839
  Divergences total: 20  (BUG=20  KNOWN=0)

  Divergence details (first 30):
    [BUG  ] step 2232 [SUBMIT id=1821 SELL LIMIT IOC px=93 q=2] trades:
          shadow = [{agg=1821 pas=1801 @98 q=2}]
          real   = [{agg=1821 pas=1812 @98 q=2}]
    [BUG  ] step 2233 [SUBMIT id=1822 SELL LIMIT IOC px=97 q=1 stg=2] trades:
          shadow = [{agg=1822 pas=1801 @98 q=1}]
          real   = [{agg=1822 pas=1812 @98 q=1}]
    [BUG  ] step 2233 [SUBMIT id=1822 SELL LIMIT IOC px=97 q=1 stg=2] orderCount:
          shadow = 3
          real   = 4
    [BUG  ] step 2234 [SUBMIT id=1823 BUY STP_LIM DAY px=99 q=3 sp=108] orderCount:
          shadow = 3
          real   = 4
    [BUG  ] step 2235 [SUBMIT id=1824 SELL LIMIT GTC px=98 q=5] trades:
          shadow = [{agg=1824 pas=1812 @98 q=5}]
          real   = [{agg=1824 pas=1812 @98 q=4}, {agg=1824 pas=1801 @98 q=1}]
    [BUG  ] step 2237 [CANCEL id=1812] cancelled:
          shadow = [{1812:USER_REQUESTED}]
          real   = []
    [BUG  ] step 2237 [CANCEL id=1812] orderCount:
          shadow = 2
          real   = 3
    [BUG  ] step 2238 [SUBMIT id=1825 SELL STP_MKT FOK px=0 q=1 sp=98] orderCount:
          shadow = 2
          real   = 3
    [BUG  ] step 2239 [SUBMIT id=1826 SELL LIMIT IOC px=98 q=10] trades:
          shadow = [{agg=1826 pas=1807 @100 q=9}]
          real   = [{agg=1826 pas=1807 @100 q=9}, {agg=1826 pas=1801 @98 q=1}]
    [BUG  ] step 2239 [SUBMIT id=1826 SELL LIMIT IOC px=98 q=10] cancelled:
          shadow = [{1826:IOC_REMAINDER}]
          real   = []
    [BUG  ] step 2239 [SUBMIT id=1826 SELL LIMIT IOC px=98 q=10] bestBid:
          shadow = 97
          real   = 98
    [BUG  ] step 2239 [SUBMIT id=1826 SELL LIMIT IOC px=98 q=10] orderCount:
          shadow = 1
          real   = 2
    [BUG  ] step 2239 [SUBMIT id=1826 SELL LIMIT IOC px=98 q=10] lastTradePrice:
          shadow = 100
          real   = 98
    [BUG  ] step 2240 [SUBMIT id=1827 SELL LIMIT GTC px=106 q=2] bestBid:
          shadow = 97
          real   = 98
    [BUG  ] step 2240 [SUBMIT id=1827 SELL LIMIT GTC px=106 q=2] orderCount:
          shadow = 2
          real   = 3
    [BUG  ] step 2240 [SUBMIT id=1827 SELL LIMIT GTC px=106 q=2] lastTradePrice:
          shadow = 100
          real   = 98
    [BUG  ] step 2241 [SUBMIT id=1828 SELL LIMIT DAY px=96 q=15] trades:
          shadow = [{agg=1828 pas=1811 @97 q=15}]
          real   = [{agg=1828 pas=1801 @98 q=1}, {agg=1828 pas=1811 @97 q=14}]
    [BUG  ] step 4206 [SUBMIT id=3447 SELL MARKET IOC px=0 q=1] trades:
          shadow = [{agg=3447 pas=3427 @95 q=1}]
          real   = [{agg=3447 pas=3439 @95 q=1}]
    [BUG  ] step 4206 [SUBMIT id=3447 SELL MARKET IOC px=0 q=1] orderCount:
          shadow = 2
          real   = 3
    [BUG  ] step 4207 [SUBMIT id=3448 BUY LIMIT FOK px=96 q=15 stg=2] orderCount:
          shadow = 2
          real   = 3

  Result: FAIL
=========================================================
