Shadow Model Test
  Steps: 5000000
  Seed:  356

  BUG   step 346 [SUBMIT id=285 SELL LIMIT DAY px=100 q=2] field=trades shadow=[{agg=285 pas=278 @105 q=2}] real=[{agg=285 pas=281 @105 q=2}]
  BUG   step 359 [SUBMIT id=296 SELL MARKET FOK px=0 q=10] field=bestBid shadow=105 real=0
  BUG   step 359 [SUBMIT id=296 SELL MARKET FOK px=0 q=10] field=orderCount shadow=1 real=0
  BUG   step 360 [SUBMIT id=297 BUY MTL GTC px=100 q=2] field=bestBid shadow=105 real=0
  BUG   step 360 [SUBMIT id=297 BUY MTL GTC px=100 q=2] field=orderCount shadow=1 real=0
  BUG   step 361 [SUBMIT id=298 BUY STP_MKT FOK px=0 q=3 sp=105] field=bestBid shadow=105 real=0
  BUG   step 361 [SUBMIT id=298 BUY STP_MKT FOK px=0 q=3 sp=105] field=orderCount shadow=1 real=0
  BUG   step 362 [SUBMIT id=299 BUY MTL GTC px=106 q=5] field=bestBid shadow=105 real=0
  BUG   step 362 [SUBMIT id=299 BUY MTL GTC px=106 q=5] field=orderCount shadow=1 real=0
  BUG   step 363 [SUBMIT id=300 SELL LIMIT IOC px=100 q=8] field=trades shadow=[{agg=300 pas=281 @105 q=2}] real=[]
  BUG   step 1099 [SUBMIT id=868 SELL STP_MKT IOC px=0 q=20 sp=102] field=trades shadow=[{agg=868 pas=845 @98 q=1}, {agg=868 pas=853 @98 q=15}, {agg=868 pas=857 @98 q=4}] real=[{agg=868 pas=845 @98 q=1}, {agg=868 pas=857 @98 q=15}, {agg=868 pas=853 @98 q=4}]
  BUG   step 1103 [CANCEL id=857] field=cancelled shadow=[{857:USER_REQUESTED}] real=[]
  BUG   step 1103 [CANCEL id=857] field=bestBid shadow=97 real=98
  BUG   step 1103 [CANCEL id=857] field=orderCount shadow=2 real=3
  BUG   step 1104 [CANCEL id=864] field=bestBid shadow=93 real=98
  BUG   step 1104 [CANCEL id=864] field=orderCount shadow=1 real=2
  BUG   step 1105 [AMEND id=851 px=108 qty=0] field=orderCount shadow=1 real=2
  BUG   step 1106 [AMEND id=851 px=100 qty=0] field=orderCount shadow=1 real=2
  (halting after 20 BUG divergences)

=========================================================
  Shadow Model Test Report
=========================================================
  Steps run:         1107
  Submits:           871
  Cancels:           121
  Amends:            115
  Trades produced:   239
  Divergences total: 23  (BUG=23  KNOWN=0)

  Divergence details (first 30):
    [BUG  ] step 346 [SUBMIT id=285 SELL LIMIT DAY px=100 q=2] trades:
          shadow = [{agg=285 pas=278 @105 q=2}]
          real   = [{agg=285 pas=281 @105 q=2}]
    [BUG  ] step 359 [SUBMIT id=296 SELL MARKET FOK px=0 q=10] bestBid:
          shadow = 105
          real   = 0
    [BUG  ] step 359 [SUBMIT id=296 SELL MARKET FOK px=0 q=10] orderCount:
          shadow = 1
          real   = 0
    [BUG  ] step 360 [SUBMIT id=297 BUY MTL GTC px=100 q=2] bestBid:
          shadow = 105
          real   = 0
    [BUG  ] step 360 [SUBMIT id=297 BUY MTL GTC px=100 q=2] orderCount:
          shadow = 1
          real   = 0
    [BUG  ] step 361 [SUBMIT id=298 BUY STP_MKT FOK px=0 q=3 sp=105] bestBid:
          shadow = 105
          real   = 0
    [BUG  ] step 361 [SUBMIT id=298 BUY STP_MKT FOK px=0 q=3 sp=105] orderCount:
          shadow = 1
          real   = 0
    [BUG  ] step 362 [SUBMIT id=299 BUY MTL GTC px=106 q=5] bestBid:
          shadow = 105
          real   = 0
    [BUG  ] step 362 [SUBMIT id=299 BUY MTL GTC px=106 q=5] orderCount:
          shadow = 1
          real   = 0
    [BUG  ] step 363 [SUBMIT id=300 SELL LIMIT IOC px=100 q=8] trades:
          shadow = [{agg=300 pas=281 @105 q=2}]
          real   = []
    [BUG  ] step 1099 [SUBMIT id=868 SELL STP_MKT IOC px=0 q=20 sp=102] trades:
          shadow = [{agg=868 pas=845 @98 q=1}, {agg=868 pas=853 @98 q=15}, {agg=868 pas=857 @98 q=4}]
          real   = [{agg=868 pas=845 @98 q=1}, {agg=868 pas=857 @98 q=15}, {agg=868 pas=853 @98 q=4}]
    [BUG  ] step 1103 [CANCEL id=857] cancelled:
          shadow = [{857:USER_REQUESTED}]
          real   = []
    [BUG  ] step 1103 [CANCEL id=857] bestBid:
          shadow = 97
          real   = 98
    [BUG  ] step 1103 [CANCEL id=857] orderCount:
          shadow = 2
          real   = 3
    [BUG  ] step 1104 [CANCEL id=864] bestBid:
          shadow = 93
          real   = 98
    [BUG  ] step 1104 [CANCEL id=864] orderCount:
          shadow = 1
          real   = 2
    [BUG  ] step 1105 [AMEND id=851 px=108 qty=0] orderCount:
          shadow = 1
          real   = 2
    [BUG  ] step 1106 [AMEND id=851 px=100 qty=0] orderCount:
          shadow = 1
          real   = 2
    [BUG  ] step 1107 [SUBMIT id=871 SELL STP_LIM IOC px=95 q=15 sp=102] trades:
          shadow = [{agg=871 pas=851 @100 q=8}, {agg=871 pas=851 @100 q=2}]
          real   = [{agg=871 pas=851 @100 q=8}, {agg=871 pas=851 @100 q=2}, {agg=871 pas=853 @98 q=5}]
    [BUG  ] step 1107 [SUBMIT id=871 SELL STP_LIM IOC px=95 q=15 sp=102] cancelled:
          shadow = [{871:IOC_REMAINDER}]
          real   = []
    [BUG  ] step 1107 [SUBMIT id=871 SELL STP_LIM IOC px=95 q=15 sp=102] bestBid:
          shadow = 0
          real   = 98
    [BUG  ] step 1107 [SUBMIT id=871 SELL STP_LIM IOC px=95 q=15 sp=102] orderCount:
          shadow = 0
          real   = 1
    [BUG  ] step 1107 [SUBMIT id=871 SELL STP_LIM IOC px=95 q=15 sp=102] lastTradePrice:
          shadow = 100
          real   = 98

  Result: FAIL
=========================================================
