Shadow Model Test
  Steps: 5000000
  Seed:  402

  BUG   step 3102 [SUBMIT id=2514 BUY LIMIT GTC px=101 q=10 dq=8 stg=1] field=trades shadow=[{agg=2514 pas=2491 @100 q=7}, {agg=2514 pas=2498 @100 q=2}, {agg=2514 pas=2443 @101 q=1}] real=[{agg=2514 pas=2491 @100 q=7}, {agg=2514 pas=2498 @100 q=2}, {agg=2514 pas=2488 @101 q=1}]
  BUG   step 3102 [SUBMIT id=2514 BUY LIMIT GTC px=101 q=10 dq=8 stg=1] field=orderCount shadow=6 real=7
  BUG   step 3103 [SUBMIT id=2515 BUY LIMIT IOC px=101 q=2] field=trades shadow=[{agg=2515 pas=2488 @101 q=2}] real=[{agg=2515 pas=2488 @101 q=1}, {agg=2515 pas=2443 @101 q=1}]
  BUG   step 3726 [AMEND id=3019 px=100 qty=2] field=trades shadow=[{agg=3019 pas=3007 @103 q=2}] real=[{agg=3019 pas=3009 @103 q=2}]
  BUG   step 3728 [SUBMIT id=3022 SELL LIMIT FOK px=103 q=15 stg=2] field=trades shadow=[{agg=3022 pas=3007 @103 q=15}] real=[{agg=3022 pas=3009 @103 q=11}, {agg=3022 pas=3007 @103 q=4}]
  BUG   step 3728 [SUBMIT id=3022 SELL LIMIT FOK px=103 q=15 stg=2] field=orderCount shadow=3 real=2
  BUG   step 3729 [SUBMIT id=3023 BUY LIMIT FOK px=104 q=3] field=orderCount shadow=3 real=2
  BUG   step 3730 [SUBMIT id=3024 SELL MARKET IOC px=0 q=1 stg=1] field=orderCount shadow=3 real=2
  BUG   step 3731 [SUBMIT id=3025 SELL LIMIT IOC px=102 q=8 stg=2] field=trades shadow=[{agg=3025 pas=3007 @103 q=2}, {agg=3025 pas=3009 @103 q=6}] real=[{agg=3025 pas=3007 @103 q=8}]
  BUG   step 3743 [AMEND id=3009 px=108 qty=0] field=trades shadow=[{agg=3009 pas=3032 @104 q=7}] real=[]
  BUG   step 3743 [AMEND id=3009 px=108 qty=0] field=bestBid shadow=98 real=103
  BUG   step 3743 [AMEND id=3009 px=108 qty=0] field=bestAsk shadow=0 real=104
  BUG   step 3743 [AMEND id=3009 px=108 qty=0] field=orderCount shadow=1 real=3
  BUG   step 3744 [SUBMIT id=3036 SELL MTL DAY px=99 q=3] field=bestBid shadow=98 real=103
  BUG   step 3744 [SUBMIT id=3036 SELL MTL DAY px=99 q=3] field=bestAsk shadow=0 real=104
  BUG   step 3744 [SUBMIT id=3036 SELL MTL DAY px=99 q=3] field=orderCount shadow=1 real=3
  BUG   step 3745 [AMEND id=3027 px=101 qty=0] field=bestBid shadow=101 real=103
  BUG   step 3745 [AMEND id=3027 px=101 qty=0] field=bestAsk shadow=0 real=104
  BUG   step 3745 [AMEND id=3027 px=101 qty=0] field=orderCount shadow=1 real=3
  (halting after 20 BUG divergences)

=========================================================
  Shadow Model Test Report
=========================================================
  Steps run:         3746
  Submits:           3036
  Cancels:           427
  Amends:            283
  Trades produced:   717
  Divergences total: 22  (BUG=22  KNOWN=0)

  Divergence details (first 30):
    [BUG  ] step 3102 [SUBMIT id=2514 BUY LIMIT GTC px=101 q=10 dq=8 stg=1] trades:
          shadow = [{agg=2514 pas=2491 @100 q=7}, {agg=2514 pas=2498 @100 q=2}, {agg=2514 pas=2443 @101 q=1}]
          real   = [{agg=2514 pas=2491 @100 q=7}, {agg=2514 pas=2498 @100 q=2}, {agg=2514 pas=2488 @101 q=1}]
    [BUG  ] step 3102 [SUBMIT id=2514 BUY LIMIT GTC px=101 q=10 dq=8 stg=1] orderCount:
          shadow = 6
          real   = 7
    [BUG  ] step 3103 [SUBMIT id=2515 BUY LIMIT IOC px=101 q=2] trades:
          shadow = [{agg=2515 pas=2488 @101 q=2}]
          real   = [{agg=2515 pas=2488 @101 q=1}, {agg=2515 pas=2443 @101 q=1}]
    [BUG  ] step 3726 [AMEND id=3019 px=100 qty=2] trades:
          shadow = [{agg=3019 pas=3007 @103 q=2}]
          real   = [{agg=3019 pas=3009 @103 q=2}]
    [BUG  ] step 3728 [SUBMIT id=3022 SELL LIMIT FOK px=103 q=15 stg=2] trades:
          shadow = [{agg=3022 pas=3007 @103 q=15}]
          real   = [{agg=3022 pas=3009 @103 q=11}, {agg=3022 pas=3007 @103 q=4}]
    [BUG  ] step 3728 [SUBMIT id=3022 SELL LIMIT FOK px=103 q=15 stg=2] orderCount:
          shadow = 3
          real   = 2
    [BUG  ] step 3729 [SUBMIT id=3023 BUY LIMIT FOK px=104 q=3] orderCount:
          shadow = 3
          real   = 2
    [BUG  ] step 3730 [SUBMIT id=3024 SELL MARKET IOC px=0 q=1 stg=1] orderCount:
          shadow = 3
          real   = 2
    [BUG  ] step 3731 [SUBMIT id=3025 SELL LIMIT IOC px=102 q=8 stg=2] trades:
          shadow = [{agg=3025 pas=3007 @103 q=2}, {agg=3025 pas=3009 @103 q=6}]
          real   = [{agg=3025 pas=3007 @103 q=8}]
    [BUG  ] step 3743 [AMEND id=3009 px=108 qty=0] trades:
          shadow = [{agg=3009 pas=3032 @104 q=7}]
          real   = []
    [BUG  ] step 3743 [AMEND id=3009 px=108 qty=0] bestBid:
          shadow = 98
          real   = 103
    [BUG  ] step 3743 [AMEND id=3009 px=108 qty=0] bestAsk:
          shadow = 0
          real   = 104
    [BUG  ] step 3743 [AMEND id=3009 px=108 qty=0] orderCount:
          shadow = 1
          real   = 3
    [BUG  ] step 3744 [SUBMIT id=3036 SELL MTL DAY px=99 q=3] bestBid:
          shadow = 98
          real   = 103
    [BUG  ] step 3744 [SUBMIT id=3036 SELL MTL DAY px=99 q=3] bestAsk:
          shadow = 0
          real   = 104
    [BUG  ] step 3744 [SUBMIT id=3036 SELL MTL DAY px=99 q=3] orderCount:
          shadow = 1
          real   = 3
    [BUG  ] step 3745 [AMEND id=3027 px=101 qty=0] bestBid:
          shadow = 101
          real   = 103
    [BUG  ] step 3745 [AMEND id=3027 px=101 qty=0] bestAsk:
          shadow = 0
          real   = 104
    [BUG  ] step 3745 [AMEND id=3027 px=101 qty=0] orderCount:
          shadow = 1
          real   = 3
    [BUG  ] step 3746 [CANCEL id=3027] bestBid:
          shadow = 0
          real   = 103
    [BUG  ] step 3746 [CANCEL id=3027] bestAsk:
          shadow = 0
          real   = 104
    [BUG  ] step 3746 [CANCEL id=3027] orderCount:
          shadow = 0
          real   = 2

  Result: FAIL
=========================================================
