Shadow Model Test
  Steps: 5000000
  Seed:  205

  BUG   step 3256 [SUBMIT id=2669 BUY LIMIT IOC px=96 q=10] field=trades shadow=[{agg=2669 pas=1983 @95 q=3}, {agg=2669 pas=2512 @95 q=4}, {agg=2669 pas=2644 @96 q=3}] real=[{agg=2669 pas=2512 @95 q=4}, {agg=2669 pas=1983 @95 q=3}, {agg=2669 pas=2644 @96 q=3}]
  BUG   step 6267 [SUBMIT id=5128 BUY LIMIT FOK px=101 q=1 stg=2] field=trades shadow=[{agg=5128 pas=5105 @96 q=1}] real=[{agg=5128 pas=5121 @96 q=1}]
  BUG   step 6268 [SUBMIT id=5129 BUY LIMIT IOC px=109 q=3] field=trades shadow=[{agg=5129 pas=5105 @96 q=3}] real=[{agg=5129 pas=5121 @96 q=3}]
  BUG   step 6276 [SUBMIT id=5136 BUY LIMIT FOK px=97 q=20] field=trades shadow=[] real=[{agg=5136 pas=5105 @96 q=5}, {agg=5136 pas=5121 @96 q=15}]
  BUG   step 6276 [SUBMIT id=5136 BUY LIMIT FOK px=97 q=20] field=cancelled shadow=[{5136:FOK_NOT_SATISFIABLE}] real=[]
  BUG   step 6276 [SUBMIT id=5136 BUY LIMIT FOK px=97 q=20] field=orderCount shadow=5 real=4
  BUG   step 6277 [SUBMIT id=5137 BUY STP_MKT IOC px=0 q=10 sp=105] field=orderCount shadow=5 real=4
  BUG   step 6278 [SUBMIT id=5138 BUY STP_LIM FOK px=97 q=1 sp=102] field=orderCount shadow=5 real=4
  BUG   step 6279 [SUBMIT id=5139 SELL STP_MKT FOK px=0 q=8 sp=86] field=orderCount shadow=5 real=4
  BUG   step 6280 [SUBMIT id=5140 BUY STP_MKT IOC px=0 q=20 sp=105] field=orderCount shadow=5 real=4
  BUG   step 6281 [SUBMIT id=5141 SELL STP_MKT IOC px=0 q=2 sp=98] field=orderCount shadow=4 real=3
  BUG   step 6282 [SUBMIT id=5142 BUY MARKET IOC px=0 q=3] field=trades shadow=[{agg=5142 pas=5105 @96 q=1}, {agg=5142 pas=5121 @96 q=2}] real=[{agg=5142 pas=5121 @96 q=1}, {agg=5142 pas=5113 @102 q=2}, {agg=5132 pas=5095 @109 q=1}]
  BUG   step 6282 [SUBMIT id=5142 BUY MARKET IOC px=0 q=3] field=cancelled shadow=[] real=[{5101:FOK_NOT_SATISFIABLE}, {5130:FOK_NOT_SATISFIABLE}, {5132:IOC_REMAINDER}, {5107:FOK_NOT_SATISFIABLE}, {5115:FOK_NOT_SATISFIABLE}, {5137:IOC_REMAINDER}, {5140:IOC_REMAINDER}, {5133:IOC_REMAINDER}, {5138:FOK_NOT_SATISFIABLE}]
  BUG   step 6282 [SUBMIT id=5142 BUY MARKET IOC px=0 q=3] field=bestBid shadow=0 real=97
  BUG   step 6282 [SUBMIT id=5142 BUY MARKET IOC px=0 q=3] field=bestAsk shadow=96 real=0
  BUG   step 6282 [SUBMIT id=5142 BUY MARKET IOC px=0 q=3] field=orderCount shadow=3 real=1
  BUG   step 6282 [SUBMIT id=5142 BUY MARKET IOC px=0 q=3] field=lastTradePrice shadow=96 real=109
  BUG   step 6282 [SUBMIT id=5142 BUY MARKET IOC px=0 q=3] field=stopCount shadow=87 real=77
  (halting after 20 BUG divergences)

=========================================================
  Shadow Model Test Report
=========================================================
  Steps run:         6283
  Submits:           5143
  Cancels:           676
  Amends:            464
  Trades produced:   1280
  Divergences total: 25  (BUG=25  KNOWN=0)

  Divergence details (first 30):
    [BUG  ] step 3256 [SUBMIT id=2669 BUY LIMIT IOC px=96 q=10] trades:
          shadow = [{agg=2669 pas=1983 @95 q=3}, {agg=2669 pas=2512 @95 q=4}, {agg=2669 pas=2644 @96 q=3}]
          real   = [{agg=2669 pas=2512 @95 q=4}, {agg=2669 pas=1983 @95 q=3}, {agg=2669 pas=2644 @96 q=3}]
    [BUG  ] step 6267 [SUBMIT id=5128 BUY LIMIT FOK px=101 q=1 stg=2] trades:
          shadow = [{agg=5128 pas=5105 @96 q=1}]
          real   = [{agg=5128 pas=5121 @96 q=1}]
    [BUG  ] step 6268 [SUBMIT id=5129 BUY LIMIT IOC px=109 q=3] trades:
          shadow = [{agg=5129 pas=5105 @96 q=3}]
          real   = [{agg=5129 pas=5121 @96 q=3}]
    [BUG  ] step 6276 [SUBMIT id=5136 BUY LIMIT FOK px=97 q=20] trades:
          shadow = []
          real   = [{agg=5136 pas=5105 @96 q=5}, {agg=5136 pas=5121 @96 q=15}]
    [BUG  ] step 6276 [SUBMIT id=5136 BUY LIMIT FOK px=97 q=20] cancelled:
          shadow = [{5136:FOK_NOT_SATISFIABLE}]
          real   = []
    [BUG  ] step 6276 [SUBMIT id=5136 BUY LIMIT FOK px=97 q=20] orderCount:
          shadow = 5
          real   = 4
    [BUG  ] step 6277 [SUBMIT id=5137 BUY STP_MKT IOC px=0 q=10 sp=105] orderCount:
          shadow = 5
          real   = 4
    [BUG  ] step 6278 [SUBMIT id=5138 BUY STP_LIM FOK px=97 q=1 sp=102] orderCount:
          shadow = 5
          real   = 4
    [BUG  ] step 6279 [SUBMIT id=5139 SELL STP_MKT FOK px=0 q=8 sp=86] orderCount:
          shadow = 5
          real   = 4
    [BUG  ] step 6280 [SUBMIT id=5140 BUY STP_MKT IOC px=0 q=20 sp=105] orderCount:
          shadow = 5
          real   = 4
    [BUG  ] step 6281 [SUBMIT id=5141 SELL STP_MKT IOC px=0 q=2 sp=98] orderCount:
          shadow = 4
          real   = 3
    [BUG  ] step 6282 [SUBMIT id=5142 BUY MARKET IOC px=0 q=3] trades:
          shadow = [{agg=5142 pas=5105 @96 q=1}, {agg=5142 pas=5121 @96 q=2}]
          real   = [{agg=5142 pas=5121 @96 q=1}, {agg=5142 pas=5113 @102 q=2}, {agg=5132 pas=5095 @109 q=1}]
    [BUG  ] step 6282 [SUBMIT id=5142 BUY MARKET IOC px=0 q=3] cancelled:
          shadow = []
          real   = [{5101:FOK_NOT_SATISFIABLE}, {5130:FOK_NOT_SATISFIABLE}, {5132:IOC_REMAINDER}, {5107:FOK_NOT_SATISFIABLE}, {5115:FOK_NOT_SATISFIABLE}, {5137:IOC_REMAINDER}, {5140:IOC_REMAINDER}, {5133:IOC_REMAINDER}, {5138:FOK_NOT_SATISFIABLE}]
    [BUG  ] step 6282 [SUBMIT id=5142 BUY MARKET IOC px=0 q=3] bestBid:
          shadow = 0
          real   = 97
    [BUG  ] step 6282 [SUBMIT id=5142 BUY MARKET IOC px=0 q=3] bestAsk:
          shadow = 96
          real   = 0
    [BUG  ] step 6282 [SUBMIT id=5142 BUY MARKET IOC px=0 q=3] orderCount:
          shadow = 3
          real   = 1
    [BUG  ] step 6282 [SUBMIT id=5142 BUY MARKET IOC px=0 q=3] lastTradePrice:
          shadow = 96
          real   = 109
    [BUG  ] step 6282 [SUBMIT id=5142 BUY MARKET IOC px=0 q=3] stopCount:
          shadow = 87
          real   = 77
    [BUG  ] step 6283 [SUBMIT id=5143 BUY LIMIT FOK px=106 q=5] trades:
          shadow = [{agg=5143 pas=5121 @96 q=5}]
          real   = []
    [BUG  ] step 6283 [SUBMIT id=5143 BUY LIMIT FOK px=106 q=5] cancelled:
          shadow = []
          real   = [{5143:FOK_NOT_SATISFIABLE}]
    [BUG  ] step 6283 [SUBMIT id=5143 BUY LIMIT FOK px=106 q=5] bestBid:
          shadow = 0
          real   = 97
    [BUG  ] step 6283 [SUBMIT id=5143 BUY LIMIT FOK px=106 q=5] bestAsk:
          shadow = 96
          real   = 0
    [BUG  ] step 6283 [SUBMIT id=5143 BUY LIMIT FOK px=106 q=5] orderCount:
          shadow = 3
          real   = 1
    [BUG  ] step 6283 [SUBMIT id=5143 BUY LIMIT FOK px=106 q=5] lastTradePrice:
          shadow = 96
          real   = 109
    [BUG  ] step 6283 [SUBMIT id=5143 BUY LIMIT FOK px=106 q=5] stopCount:
          shadow = 87
          real   = 77

  Result: FAIL
=========================================================
