Shadow Model Test
  Steps: 5000000
  Seed:  344

  BUG   step 523 [SUBMIT id=425 SELL STP_MKT IOC px=0 q=2 sp=108] field=trades shadow=[{agg=425 pas=401 @107 q=2}] real=[{agg=425 pas=421 @107 q=2}]
  BUG   step 732 [SUBMIT id=602 SELL STP_MKT FOK px=0 q=10 sp=104] field=trades shadow=[{agg=602 pas=572 @104 q=10}] real=[{agg=602 pas=596 @104 q=5}, {agg=602 pas=572 @104 q=5}]
  BUG   step 732 [SUBMIT id=602 SELL STP_MKT FOK px=0 q=10 sp=104] field=orderCount shadow=2 real=1
  BUG   step 733 [SUBMIT id=603 SELL STP_MKT IOC px=0 q=3 sp=101] field=orderCount shadow=2 real=1
  BUG   step 734 [SUBMIT id=604 BUY STP_MKT IOC px=0 q=2 sp=102] field=orderCount shadow=2 real=1
  BUG   step 735 [SUBMIT id=605 SELL STP_LIM FOK px=103 q=5 sp=101] field=orderCount shadow=2 real=1
  BUG   step 736 [SUBMIT id=606 BUY LIMIT IOC px=103 q=20] field=orderCount shadow=2 real=1
  BUG   step 737 [CANCEL id=572] field=bestBid shadow=104 real=0
  BUG   step 737 [CANCEL id=572] field=orderCount shadow=1 real=0
  BUG   step 738 [SUBMIT id=607 BUY STP_LIM GTC px=99 q=5 sp=107] field=bestBid shadow=104 real=0
  BUG   step 738 [SUBMIT id=607 BUY STP_LIM GTC px=99 q=5 sp=107] field=orderCount shadow=1 real=0
  BUG   step 739 [SUBMIT id=608 SELL MARKET IOC px=0 q=8] field=trades shadow=[{agg=608 pas=596 @104 q=5}] real=[]
  BUG   step 6074 [SUBMIT id=4994 SELL LIMIT GTC px=103 q=15] field=trades shadow=[{agg=4994 pas=4982 @108 q=2}, {agg=4994 pas=4981 @105 q=1}, {agg=4989 pas=4972 @103 q=16}, {agg=4989 pas=4985 @103 q=4}, {agg=4994 pas=4965 @104 q=10}, {agg=4994 pas=4979 @104 q=2}] real=[{agg=4994 pas=4982 @108 q=2}, {agg=4994 pas=4981 @105 q=1}, {agg=4989 pas=4972 @103 q=16}, {agg=4989 pas=4985 @103 q=4}, {agg=4994 pas=4979 @104 q=2}, {agg=4994 pas=4965 @104 q=10}]
  BUG   step 9927 [SUBMIT id=8159 BUY LIMIT FOK px=95 q=8] field=trades shadow=[{agg=8159 pas=8135 @95 q=8}] real=[{agg=8159 pas=8155 @95 q=5}, {agg=8159 pas=8135 @95 q=3}]
  BUG   step 9927 [SUBMIT id=8159 BUY LIMIT FOK px=95 q=8] field=orderCount shadow=3 real=2
  BUG   step 9928 [CANCEL id=8135] field=bestAsk shadow=95 real=112
  BUG   step 9928 [CANCEL id=8135] field=orderCount shadow=2 real=1
  BUG   step 9929 [SUBMIT id=8160 BUY LIMIT GTC px=94 q=10] field=bestAsk shadow=95 real=112
  BUG   step 9929 [SUBMIT id=8160 BUY LIMIT GTC px=94 q=10] field=orderCount shadow=3 real=2
  BUG   step 9930 [SUBMIT id=8161 BUY STP_MKT IOC px=0 q=15 sp=95] field=trades shadow=[{agg=8161 pas=8155 @95 q=5}, {agg=8161 pas=8144 @112 q=1}] real=[{agg=8161 pas=8144 @112 q=1}]
  (halting after 20 BUG divergences)

=========================================================
  Shadow Model Test Report
=========================================================
  Steps run:         9930
  Submits:           8161
  Cancels:           1048
  Amends:            721
  Trades produced:   1981
  Divergences total: 20  (BUG=20  KNOWN=0)

  Divergence details (first 30):
    [BUG  ] step 523 [SUBMIT id=425 SELL STP_MKT IOC px=0 q=2 sp=108] trades:
          shadow = [{agg=425 pas=401 @107 q=2}]
          real   = [{agg=425 pas=421 @107 q=2}]
    [BUG  ] step 732 [SUBMIT id=602 SELL STP_MKT FOK px=0 q=10 sp=104] trades:
          shadow = [{agg=602 pas=572 @104 q=10}]
          real   = [{agg=602 pas=596 @104 q=5}, {agg=602 pas=572 @104 q=5}]
    [BUG  ] step 732 [SUBMIT id=602 SELL STP_MKT FOK px=0 q=10 sp=104] orderCount:
          shadow = 2
          real   = 1
    [BUG  ] step 733 [SUBMIT id=603 SELL STP_MKT IOC px=0 q=3 sp=101] orderCount:
          shadow = 2
          real   = 1
    [BUG  ] step 734 [SUBMIT id=604 BUY STP_MKT IOC px=0 q=2 sp=102] orderCount:
          shadow = 2
          real   = 1
    [BUG  ] step 735 [SUBMIT id=605 SELL STP_LIM FOK px=103 q=5 sp=101] orderCount:
          shadow = 2
          real   = 1
    [BUG  ] step 736 [SUBMIT id=606 BUY LIMIT IOC px=103 q=20] orderCount:
          shadow = 2
          real   = 1
    [BUG  ] step 737 [CANCEL id=572] bestBid:
          shadow = 104
          real   = 0
    [BUG  ] step 737 [CANCEL id=572] orderCount:
          shadow = 1
          real   = 0
    [BUG  ] step 738 [SUBMIT id=607 BUY STP_LIM GTC px=99 q=5 sp=107] bestBid:
          shadow = 104
          real   = 0
    [BUG  ] step 738 [SUBMIT id=607 BUY STP_LIM GTC px=99 q=5 sp=107] orderCount:
          shadow = 1
          real   = 0
    [BUG  ] step 739 [SUBMIT id=608 SELL MARKET IOC px=0 q=8] trades:
          shadow = [{agg=608 pas=596 @104 q=5}]
          real   = []
    [BUG  ] step 6074 [SUBMIT id=4994 SELL LIMIT GTC px=103 q=15] trades:
          shadow = [{agg=4994 pas=4982 @108 q=2}, {agg=4994 pas=4981 @105 q=1}, {agg=4989 pas=4972 @103 q=16}, {agg=4989 pas=4985 @103 q=4}, {agg=4994 pas=4965 @104 q=10}, {agg=4994 pas=4979 @104 q=2}]
          real   = [{agg=4994 pas=4982 @108 q=2}, {agg=4994 pas=4981 @105 q=1}, {agg=4989 pas=4972 @103 q=16}, {agg=4989 pas=4985 @103 q=4}, {agg=4994 pas=4979 @104 q=2}, {agg=4994 pas=4965 @104 q=10}]
    [BUG  ] step 9927 [SUBMIT id=8159 BUY LIMIT FOK px=95 q=8] trades:
          shadow = [{agg=8159 pas=8135 @95 q=8}]
          real   = [{agg=8159 pas=8155 @95 q=5}, {agg=8159 pas=8135 @95 q=3}]
    [BUG  ] step 9927 [SUBMIT id=8159 BUY LIMIT FOK px=95 q=8] orderCount:
          shadow = 3
          real   = 2
    [BUG  ] step 9928 [CANCEL id=8135] bestAsk:
          shadow = 95
          real   = 112
    [BUG  ] step 9928 [CANCEL id=8135] orderCount:
          shadow = 2
          real   = 1
    [BUG  ] step 9929 [SUBMIT id=8160 BUY LIMIT GTC px=94 q=10] bestAsk:
          shadow = 95
          real   = 112
    [BUG  ] step 9929 [SUBMIT id=8160 BUY LIMIT GTC px=94 q=10] orderCount:
          shadow = 3
          real   = 2
    [BUG  ] step 9930 [SUBMIT id=8161 BUY STP_MKT IOC px=0 q=15 sp=95] trades:
          shadow = [{agg=8161 pas=8155 @95 q=5}, {agg=8161 pas=8144 @112 q=1}]
          real   = [{agg=8161 pas=8144 @112 q=1}]

  Result: FAIL
=========================================================
