Shadow Model Test
  Steps: 5000000
  Seed:  322

  BUG   step 2751 [SUBMIT id=2237 SELL LIMIT IOC px=100 q=20 stg=1] field=trades shadow=[{agg=2237 pas=2235 @105 q=10}, {agg=2237 pas=2152 @101 q=10}] real=[{agg=2237 pas=2235 @105 q=10}, {agg=2237 pas=2231 @101 q=10}]
  BUG   step 2758 [SUBMIT id=2243 SELL MARKET IOC px=0 q=10] field=trades shadow=[{agg=2243 pas=2231 @101 q=10}] real=[{agg=2243 pas=2231 @101 q=5}, {agg=2243 pas=2152 @98 q=5}, {agg=2163 pas=2152 @98 q=2}, {agg=2167 pas=2152 @98 q=8}, {agg=2234 pas=2152 @98 q=3}]
  BUG   step 2758 [SUBMIT id=2243 SELL MARKET IOC px=0 q=10] field=bestBid shadow=101 real=98
  BUG   step 2758 [SUBMIT id=2243 SELL MARKET IOC px=0 q=10] field=bestAsk shadow=0 real=100
  BUG   step 2758 [SUBMIT id=2243 SELL MARKET IOC px=0 q=10] field=lastTradePrice shadow=101 real=98
  BUG   step 2758 [SUBMIT id=2243 SELL MARKET IOC px=0 q=10] field=stopCount shadow=39 real=35
  BUG   step 2759 [CANCEL id=2152] field=bestBid shadow=101 real=0
  BUG   step 2759 [CANCEL id=2152] field=bestAsk shadow=0 real=100
  BUG   step 2759 [CANCEL id=2152] field=lastTradePrice shadow=101 real=98
  BUG   step 2759 [CANCEL id=2152] field=stopCount shadow=39 real=35
  BUG   step 2760 [SUBMIT id=2244 SELL LIMIT DAY px=102 q=2] field=bestBid shadow=101 real=0
  BUG   step 2760 [SUBMIT id=2244 SELL LIMIT DAY px=102 q=2] field=bestAsk shadow=102 real=100
  BUG   step 2760 [SUBMIT id=2244 SELL LIMIT DAY px=102 q=2] field=lastTradePrice shadow=101 real=98
  BUG   step 2760 [SUBMIT id=2244 SELL LIMIT DAY px=102 q=2] field=stopCount shadow=39 real=35
  BUG   step 2761 [SUBMIT id=2245 BUY STP_MKT FOK px=0 q=15 sp=100] field=cancelled shadow=[{2245:FOK_NOT_SATISFIABLE}] real=[]
  BUG   step 2761 [SUBMIT id=2245 BUY STP_MKT FOK px=0 q=15 sp=100] field=bestBid shadow=101 real=0
  BUG   step 2761 [SUBMIT id=2245 BUY STP_MKT FOK px=0 q=15 sp=100] field=bestAsk shadow=102 real=100
  BUG   step 2761 [SUBMIT id=2245 BUY STP_MKT FOK px=0 q=15 sp=100] field=lastTradePrice shadow=101 real=98
  BUG   step 2761 [SUBMIT id=2245 BUY STP_MKT FOK px=0 q=15 sp=100] field=stopCount shadow=39 real=36
  (halting after 20 BUG divergences)

=========================================================
  Shadow Model Test Report
=========================================================
  Steps run:         2762
  Submits:           2245
  Cancels:           296
  Amends:            221
  Trades produced:   545
  Divergences total: 23  (BUG=23  KNOWN=0)

  Divergence details (first 30):
    [BUG  ] step 2751 [SUBMIT id=2237 SELL LIMIT IOC px=100 q=20 stg=1] trades:
          shadow = [{agg=2237 pas=2235 @105 q=10}, {agg=2237 pas=2152 @101 q=10}]
          real   = [{agg=2237 pas=2235 @105 q=10}, {agg=2237 pas=2231 @101 q=10}]
    [BUG  ] step 2758 [SUBMIT id=2243 SELL MARKET IOC px=0 q=10] trades:
          shadow = [{agg=2243 pas=2231 @101 q=10}]
          real   = [{agg=2243 pas=2231 @101 q=5}, {agg=2243 pas=2152 @98 q=5}, {agg=2163 pas=2152 @98 q=2}, {agg=2167 pas=2152 @98 q=8}, {agg=2234 pas=2152 @98 q=3}]
    [BUG  ] step 2758 [SUBMIT id=2243 SELL MARKET IOC px=0 q=10] bestBid:
          shadow = 101
          real   = 98
    [BUG  ] step 2758 [SUBMIT id=2243 SELL MARKET IOC px=0 q=10] bestAsk:
          shadow = 0
          real   = 100
    [BUG  ] step 2758 [SUBMIT id=2243 SELL MARKET IOC px=0 q=10] lastTradePrice:
          shadow = 101
          real   = 98
    [BUG  ] step 2758 [SUBMIT id=2243 SELL MARKET IOC px=0 q=10] stopCount:
          shadow = 39
          real   = 35
    [BUG  ] step 2759 [CANCEL id=2152] bestBid:
          shadow = 101
          real   = 0
    [BUG  ] step 2759 [CANCEL id=2152] bestAsk:
          shadow = 0
          real   = 100
    [BUG  ] step 2759 [CANCEL id=2152] lastTradePrice:
          shadow = 101
          real   = 98
    [BUG  ] step 2759 [CANCEL id=2152] stopCount:
          shadow = 39
          real   = 35
    [BUG  ] step 2760 [SUBMIT id=2244 SELL LIMIT DAY px=102 q=2] bestBid:
          shadow = 101
          real   = 0
    [BUG  ] step 2760 [SUBMIT id=2244 SELL LIMIT DAY px=102 q=2] bestAsk:
          shadow = 102
          real   = 100
    [BUG  ] step 2760 [SUBMIT id=2244 SELL LIMIT DAY px=102 q=2] lastTradePrice:
          shadow = 101
          real   = 98
    [BUG  ] step 2760 [SUBMIT id=2244 SELL LIMIT DAY px=102 q=2] stopCount:
          shadow = 39
          real   = 35
    [BUG  ] step 2761 [SUBMIT id=2245 BUY STP_MKT FOK px=0 q=15 sp=100] cancelled:
          shadow = [{2245:FOK_NOT_SATISFIABLE}]
          real   = []
    [BUG  ] step 2761 [SUBMIT id=2245 BUY STP_MKT FOK px=0 q=15 sp=100] bestBid:
          shadow = 101
          real   = 0
    [BUG  ] step 2761 [SUBMIT id=2245 BUY STP_MKT FOK px=0 q=15 sp=100] bestAsk:
          shadow = 102
          real   = 100
    [BUG  ] step 2761 [SUBMIT id=2245 BUY STP_MKT FOK px=0 q=15 sp=100] lastTradePrice:
          shadow = 101
          real   = 98
    [BUG  ] step 2761 [SUBMIT id=2245 BUY STP_MKT FOK px=0 q=15 sp=100] stopCount:
          shadow = 39
          real   = 36
    [BUG  ] step 2762 [AMEND id=2231 px=0 qty=3] bestBid:
          shadow = 101
          real   = 0
    [BUG  ] step 2762 [AMEND id=2231 px=0 qty=3] bestAsk:
          shadow = 102
          real   = 100
    [BUG  ] step 2762 [AMEND id=2231 px=0 qty=3] lastTradePrice:
          shadow = 101
          real   = 98
    [BUG  ] step 2762 [AMEND id=2231 px=0 qty=3] stopCount:
          shadow = 39
          real   = 36

  Result: FAIL
=========================================================
