Shadow Model Test
  Steps: 5000000
  Seed:  304

  BUG   step 125 [SUBMIT id=107 BUY LIMIT DAY px=110 q=5] field=trades shadow=[{agg=107 pas=102 @99 q=2}, {agg=107 pas=103 @99 q=2}, {agg=107 pas=94 @101 q=1}] real=[{agg=107 pas=103 @99 q=2}, {agg=107 pas=102 @99 q=2}, {agg=107 pas=94 @101 q=1}]
  BUG   step 933 [SUBMIT id=782 BUY LIMIT GTC px=108 q=15] field=trades shadow=[{agg=782 pas=775 @96 q=2}, {agg=782 pas=756 @105 q=8}, {agg=782 pas=766 @105 q=5}] real=[{agg=782 pas=775 @96 q=2}, {agg=782 pas=766 @105 q=8}, {agg=782 pas=756 @105 q=5}]
  BUG   step 939 [AMEND id=766 px=101 qty=18] field=trades shadow=[{agg=766 pas=784 @104 q=3}] real=[]
  BUG   step 939 [AMEND id=766 px=101 qty=18] field=bestBid shadow=0 real=104
  BUG   step 939 [AMEND id=766 px=101 qty=18] field=bestAsk shadow=101 real=105
  BUG   step 939 [AMEND id=766 px=101 qty=18] field=orderCount shadow=1 real=2
  BUG   step 940 [SUBMIT id=787 SELL STP_LIM FOK px=102 q=2 sp=102] field=bestBid shadow=0 real=104
  BUG   step 940 [SUBMIT id=787 SELL STP_LIM FOK px=102 q=2 sp=102] field=bestAsk shadow=101 real=105
  BUG   step 940 [SUBMIT id=787 SELL STP_LIM FOK px=102 q=2 sp=102] field=orderCount shadow=1 real=2
  BUG   step 941 [SUBMIT id=788 BUY MTL GTC px=101 q=5 stg=2] field=bestBid shadow=0 real=104
  BUG   step 941 [SUBMIT id=788 BUY MTL GTC px=101 q=5 stg=2] field=bestAsk shadow=101 real=105
  BUG   step 941 [SUBMIT id=788 BUY MTL GTC px=101 q=5 stg=2] field=orderCount shadow=1 real=2
  BUG   step 942 [SUBMIT id=789 BUY STP_MKT IOC px=0 q=3 sp=105] field=bestBid shadow=0 real=104
  BUG   step 942 [SUBMIT id=789 BUY STP_MKT IOC px=0 q=3 sp=105] field=bestAsk shadow=101 real=105
  BUG   step 942 [SUBMIT id=789 BUY STP_MKT IOC px=0 q=3 sp=105] field=orderCount shadow=1 real=2
  BUG   step 943 [SUBMIT id=790 BUY STP_MKT IOC px=0 q=3 sp=107] field=bestBid shadow=0 real=104
  BUG   step 943 [SUBMIT id=790 BUY STP_MKT IOC px=0 q=3 sp=107] field=bestAsk shadow=101 real=105
  BUG   step 943 [SUBMIT id=790 BUY STP_MKT IOC px=0 q=3 sp=107] field=orderCount shadow=1 real=2
  (halting after 20 BUG divergences)

=========================================================
  Shadow Model Test Report
=========================================================
  Steps run:         944
  Submits:           791
  Cancels:           94
  Amends:            59
  Trades produced:   171
  Divergences total: 21  (BUG=21  KNOWN=0)

  Divergence details (first 30):
    [BUG  ] step 125 [SUBMIT id=107 BUY LIMIT DAY px=110 q=5] trades:
          shadow = [{agg=107 pas=102 @99 q=2}, {agg=107 pas=103 @99 q=2}, {agg=107 pas=94 @101 q=1}]
          real   = [{agg=107 pas=103 @99 q=2}, {agg=107 pas=102 @99 q=2}, {agg=107 pas=94 @101 q=1}]
    [BUG  ] step 933 [SUBMIT id=782 BUY LIMIT GTC px=108 q=15] trades:
          shadow = [{agg=782 pas=775 @96 q=2}, {agg=782 pas=756 @105 q=8}, {agg=782 pas=766 @105 q=5}]
          real   = [{agg=782 pas=775 @96 q=2}, {agg=782 pas=766 @105 q=8}, {agg=782 pas=756 @105 q=5}]
    [BUG  ] step 939 [AMEND id=766 px=101 qty=18] trades:
          shadow = [{agg=766 pas=784 @104 q=3}]
          real   = []
    [BUG  ] step 939 [AMEND id=766 px=101 qty=18] bestBid:
          shadow = 0
          real   = 104
    [BUG  ] step 939 [AMEND id=766 px=101 qty=18] bestAsk:
          shadow = 101
          real   = 105
    [BUG  ] step 939 [AMEND id=766 px=101 qty=18] orderCount:
          shadow = 1
          real   = 2
    [BUG  ] step 940 [SUBMIT id=787 SELL STP_LIM FOK px=102 q=2 sp=102] bestBid:
          shadow = 0
          real   = 104
    [BUG  ] step 940 [SUBMIT id=787 SELL STP_LIM FOK px=102 q=2 sp=102] bestAsk:
          shadow = 101
          real   = 105
    [BUG  ] step 940 [SUBMIT id=787 SELL STP_LIM FOK px=102 q=2 sp=102] orderCount:
          shadow = 1
          real   = 2
    [BUG  ] step 941 [SUBMIT id=788 BUY MTL GTC px=101 q=5 stg=2] bestBid:
          shadow = 0
          real   = 104
    [BUG  ] step 941 [SUBMIT id=788 BUY MTL GTC px=101 q=5 stg=2] bestAsk:
          shadow = 101
          real   = 105
    [BUG  ] step 941 [SUBMIT id=788 BUY MTL GTC px=101 q=5 stg=2] orderCount:
          shadow = 1
          real   = 2
    [BUG  ] step 942 [SUBMIT id=789 BUY STP_MKT IOC px=0 q=3 sp=105] bestBid:
          shadow = 0
          real   = 104
    [BUG  ] step 942 [SUBMIT id=789 BUY STP_MKT IOC px=0 q=3 sp=105] bestAsk:
          shadow = 101
          real   = 105
    [BUG  ] step 942 [SUBMIT id=789 BUY STP_MKT IOC px=0 q=3 sp=105] orderCount:
          shadow = 1
          real   = 2
    [BUG  ] step 943 [SUBMIT id=790 BUY STP_MKT IOC px=0 q=3 sp=107] bestBid:
          shadow = 0
          real   = 104
    [BUG  ] step 943 [SUBMIT id=790 BUY STP_MKT IOC px=0 q=3 sp=107] bestAsk:
          shadow = 101
          real   = 105
    [BUG  ] step 943 [SUBMIT id=790 BUY STP_MKT IOC px=0 q=3 sp=107] orderCount:
          shadow = 1
          real   = 2
    [BUG  ] step 944 [SUBMIT id=791 BUY LIMIT GTC px=100 q=2] bestBid:
          shadow = 100
          real   = 104
    [BUG  ] step 944 [SUBMIT id=791 BUY LIMIT GTC px=100 q=2] bestAsk:
          shadow = 101
          real   = 105
    [BUG  ] step 944 [SUBMIT id=791 BUY LIMIT GTC px=100 q=2] orderCount:
          shadow = 2
          real   = 3

  Result: FAIL
=========================================================
