Shadow Model Test
  Steps: 5000000
  Seed:  90

  BUG   step 2805 [SUBMIT id=2329 BUY LIMIT IOC px=106 q=10] field=trades shadow=[{agg=2329 pas=2228 @105 q=10}] real=[{agg=2329 pas=2321 @105 q=10}]
  BUG   step 2808 [SUBMIT id=2332 BUY LIMIT DAY px=110 q=2] field=trades shadow=[{agg=2332 pas=2228 @105 q=2}] real=[{agg=2332 pas=2321 @105 q=2}]
  BUG   step 2843 [SUBMIT id=2358 BUY MARKET IOC px=0 q=10] field=trades shadow=[{agg=2358 pas=2228 @105 q=8}, {agg=2345 pas=2352 @107 q=2}, {agg=2335 pas=2352 @107 q=1}, {agg=2354 pas=2352 @107 q=2}, {agg=2354 pas=2352 @107 q=3}, {agg=2358 pas=2352 @107 q=2}] real=[{agg=2358 pas=2228 @105 q=10}, {agg=2345 pas=2228 @105 q=2}]
  BUG   step 2843 [SUBMIT id=2358 BUY MARKET IOC px=0 q=10] field=bestAsk shadow=0 real=105
  BUG   step 2843 [SUBMIT id=2358 BUY MARKET IOC px=0 q=10] field=orderCount shadow=1 real=3
  BUG   step 2843 [SUBMIT id=2358 BUY MARKET IOC px=0 q=10] field=lastTradePrice shadow=107 real=105
  BUG   step 2843 [SUBMIT id=2358 BUY MARKET IOC px=0 q=10] field=stopCount shadow=46 real=48
  BUG   step 2844 [SUBMIT id=2359 SELL MARKET FOK px=0 q=15] field=bestAsk shadow=0 real=105
  BUG   step 2844 [SUBMIT id=2359 SELL MARKET FOK px=0 q=15] field=orderCount shadow=1 real=3
  BUG   step 2844 [SUBMIT id=2359 SELL MARKET FOK px=0 q=15] field=lastTradePrice shadow=107 real=105
  BUG   step 2844 [SUBMIT id=2359 SELL MARKET FOK px=0 q=15] field=stopCount shadow=46 real=48
  BUG   step 2845 [SUBMIT id=2360 BUY STP_MKT FOK px=0 q=2 sp=102 stg=1] field=trades shadow=[] real=[{agg=2360 pas=2228 @105 q=2}]
  BUG   step 2845 [SUBMIT id=2360 BUY STP_MKT FOK px=0 q=2 sp=102 stg=1] field=cancelled shadow=[{2360:FOK_NOT_SATISFIABLE}] real=[]
  BUG   step 2845 [SUBMIT id=2360 BUY STP_MKT FOK px=0 q=2 sp=102 stg=1] field=bestAsk shadow=0 real=105
  BUG   step 2845 [SUBMIT id=2360 BUY STP_MKT FOK px=0 q=2 sp=102 stg=1] field=orderCount shadow=1 real=3
  BUG   step 2845 [SUBMIT id=2360 BUY STP_MKT FOK px=0 q=2 sp=102 stg=1] field=lastTradePrice shadow=107 real=105
  BUG   step 2845 [SUBMIT id=2360 BUY STP_MKT FOK px=0 q=2 sp=102 stg=1] field=stopCount shadow=46 real=48
  (halting after 20 BUG divergences)

=========================================================
  Shadow Model Test Report
=========================================================
  Steps run:         2846
  Submits:           2361
  Cancels:           290
  Amends:            195
  Trades produced:   573
  Divergences total: 21  (BUG=21  KNOWN=0)

  Divergence details (first 30):
    [BUG  ] step 2805 [SUBMIT id=2329 BUY LIMIT IOC px=106 q=10] trades:
          shadow = [{agg=2329 pas=2228 @105 q=10}]
          real   = [{agg=2329 pas=2321 @105 q=10}]
    [BUG  ] step 2808 [SUBMIT id=2332 BUY LIMIT DAY px=110 q=2] trades:
          shadow = [{agg=2332 pas=2228 @105 q=2}]
          real   = [{agg=2332 pas=2321 @105 q=2}]
    [BUG  ] step 2843 [SUBMIT id=2358 BUY MARKET IOC px=0 q=10] trades:
          shadow = [{agg=2358 pas=2228 @105 q=8}, {agg=2345 pas=2352 @107 q=2}, {agg=2335 pas=2352 @107 q=1}, {agg=2354 pas=2352 @107 q=2}, {agg=2354 pas=2352 @107 q=3}, {agg=2358 pas=2352 @107 q=2}]
          real   = [{agg=2358 pas=2228 @105 q=10}, {agg=2345 pas=2228 @105 q=2}]
    [BUG  ] step 2843 [SUBMIT id=2358 BUY MARKET IOC px=0 q=10] bestAsk:
          shadow = 0
          real   = 105
    [BUG  ] step 2843 [SUBMIT id=2358 BUY MARKET IOC px=0 q=10] orderCount:
          shadow = 1
          real   = 3
    [BUG  ] step 2843 [SUBMIT id=2358 BUY MARKET IOC px=0 q=10] lastTradePrice:
          shadow = 107
          real   = 105
    [BUG  ] step 2843 [SUBMIT id=2358 BUY MARKET IOC px=0 q=10] stopCount:
          shadow = 46
          real   = 48
    [BUG  ] step 2844 [SUBMIT id=2359 SELL MARKET FOK px=0 q=15] bestAsk:
          shadow = 0
          real   = 105
    [BUG  ] step 2844 [SUBMIT id=2359 SELL MARKET FOK px=0 q=15] orderCount:
          shadow = 1
          real   = 3
    [BUG  ] step 2844 [SUBMIT id=2359 SELL MARKET FOK px=0 q=15] lastTradePrice:
          shadow = 107
          real   = 105
    [BUG  ] step 2844 [SUBMIT id=2359 SELL MARKET FOK px=0 q=15] stopCount:
          shadow = 46
          real   = 48
    [BUG  ] step 2845 [SUBMIT id=2360 BUY STP_MKT FOK px=0 q=2 sp=102 stg=1] trades:
          shadow = []
          real   = [{agg=2360 pas=2228 @105 q=2}]
    [BUG  ] step 2845 [SUBMIT id=2360 BUY STP_MKT FOK px=0 q=2 sp=102 stg=1] cancelled:
          shadow = [{2360:FOK_NOT_SATISFIABLE}]
          real   = []
    [BUG  ] step 2845 [SUBMIT id=2360 BUY STP_MKT FOK px=0 q=2 sp=102 stg=1] bestAsk:
          shadow = 0
          real   = 105
    [BUG  ] step 2845 [SUBMIT id=2360 BUY STP_MKT FOK px=0 q=2 sp=102 stg=1] orderCount:
          shadow = 1
          real   = 3
    [BUG  ] step 2845 [SUBMIT id=2360 BUY STP_MKT FOK px=0 q=2 sp=102 stg=1] lastTradePrice:
          shadow = 107
          real   = 105
    [BUG  ] step 2845 [SUBMIT id=2360 BUY STP_MKT FOK px=0 q=2 sp=102 stg=1] stopCount:
          shadow = 46
          real   = 48
    [BUG  ] step 2846 [SUBMIT id=2361 BUY LIMIT DAY px=102 q=2] bestAsk:
          shadow = 0
          real   = 105
    [BUG  ] step 2846 [SUBMIT id=2361 BUY LIMIT DAY px=102 q=2] orderCount:
          shadow = 2
          real   = 4
    [BUG  ] step 2846 [SUBMIT id=2361 BUY LIMIT DAY px=102 q=2] lastTradePrice:
          shadow = 107
          real   = 105
    [BUG  ] step 2846 [SUBMIT id=2361 BUY LIMIT DAY px=102 q=2] stopCount:
          shadow = 46
          real   = 48

  Result: FAIL
=========================================================
