Shadow Model Test
  Steps: 5000000
  Seed:  401

  BUG   step 2146 [SUBMIT id=1772 BUY LIMIT DAY px=108 q=20] field=trades shadow=[{agg=1772 pas=1737 @96 q=3}, {agg=1772 pas=1770 @97 q=15}, {agg=1772 pas=1767 @98 q=2}] real=[{agg=1772 pas=1737 @96 q=3}, {agg=1772 pas=1770 @97 q=15}, {agg=1772 pas=1763 @98 q=2}]
  BUG   step 2147 [SUBMIT id=1773 BUY LIMIT FOK px=99 q=8] field=trades shadow=[{agg=1773 pas=1767 @98 q=8}] real=[{agg=1773 pas=1763 @98 q=8}]
  BUG   step 2147 [SUBMIT id=1773 BUY LIMIT FOK px=99 q=8] field=orderCount shadow=4 real=5
  BUG   step 2148 [SUBMIT id=1774 BUY MARKET FOK px=0 q=15] field=trades shadow=[{agg=1774 pas=1763 @98 q=15}] real=[{agg=1774 pas=1763 @98 q=5}, {agg=1774 pas=1767 @98 q=10}]
  BUG   step 2183 [SUBMIT id=1799 BUY MARKET IOC px=0 q=3] field=trades shadow=[{agg=1799 pas=1552 @103 q=3}] real=[{agg=1799 pas=1790 @103 q=3}]
  BUG   step 5878 [SUBMIT id=4839 BUY MARKET IOC px=0 q=10] field=trades shadow=[{agg=4839 pas=4567 @105 q=5}, {agg=4826 pas=4829 @105 q=15}, {agg=4839 pas=4812 @105 q=1}, {agg=4839 pas=4829 @105 q=4}] real=[{agg=4839 pas=4829 @105 q=10}, {agg=4826 pas=4829 @105 q=10}, {agg=4826 pas=4567 @105 q=5}]
  BUG   step 5883 [SUBMIT id=4844 BUY STP_MKT IOC px=0 q=15 sp=102] field=trades shadow=[{agg=4844 pas=4829 @105 q=1}, {agg=4844 pas=4831 @109 q=11}, {agg=4844 pas=4841 @110 q=1}] real=[{agg=4844 pas=4812 @105 q=1}, {agg=4844 pas=4831 @109 q=11}, {agg=4844 pas=4841 @110 q=1}]
  BUG   step 6172 [SUBMIT id=5083 BUY STP_MKT IOC px=0 q=8 sp=95] field=trades shadow=[{agg=5083 pas=5037 @96 q=8}] real=[{agg=5083 pas=5076 @96 q=8}]
  BUG   step 6172 [SUBMIT id=5083 BUY STP_MKT IOC px=0 q=8 sp=95] field=orderCount shadow=5 real=6
  BUG   step 6173 [SUBMIT id=5084 SELL LIMIT DAY px=101 q=15] field=orderCount shadow=6 real=7
  BUG   step 6174 [AMEND id=5081 px=110 qty=0] field=trades shadow=[{agg=5081 pas=5076 @96 q=12}, {agg=5081 pas=5077 @96 q=2}] real=[{agg=5081 pas=5076 @96 q=4}, {agg=5081 pas=5077 @96 q=2}, {agg=5081 pas=5037 @96 q=8}]
  BUG   step 13396 [SUBMIT id=11033 BUY LIMIT FOK px=95 q=5] field=trades shadow=[{agg=11033 pas=11022 @95 q=1}, {agg=11032 pas=11021 @95 q=8}, {agg=11033 pas=11021 @95 q=4}] real=[{agg=11033 pas=11021 @95 q=5}, {agg=11032 pas=11021 @95 q=7}, {agg=11032 pas=11022 @95 q=1}]
  BUG   step 15883 [SUBMIT id=13069 BUY LIMIT FOK px=109 q=20] field=trades shadow=[{agg=13069 pas=13014 @98 q=10}, {agg=13069 pas=13053 @98 q=4}, {agg=13069 pas=13022 @100 q=6}] real=[{agg=13069 pas=13053 @98 q=4}, {agg=13069 pas=13014 @98 q=10}, {agg=13069 pas=13022 @100 q=6}]
  BUG   step 16180 [SUBMIT id=13316 BUY LIMIT FOK px=99 q=15] field=trades shadow=[{agg=13316 pas=13247 @98 q=8}, {agg=13316 pas=13309 @98 q=7}] real=[{agg=13316 pas=13309 @98 q=15}]
  BUG   step 16180 [SUBMIT id=13316 BUY LIMIT FOK px=99 q=15] field=orderCount shadow=2 real=3
  BUG   step 16181 [CANCEL id=13309] field=bestAsk shadow=103 real=98
  BUG   step 16181 [CANCEL id=13309] field=orderCount shadow=1 real=2
  (halting after 20 BUG divergences)

=========================================================
  Shadow Model Test Report
=========================================================
  Steps run:         16182
  Submits:           13317
  Cancels:           1738
  Amends:            1127
  Trades produced:   3273
  Divergences total: 21  (BUG=21  KNOWN=0)

  Divergence details (first 30):
    [BUG  ] step 2146 [SUBMIT id=1772 BUY LIMIT DAY px=108 q=20] trades:
          shadow = [{agg=1772 pas=1737 @96 q=3}, {agg=1772 pas=1770 @97 q=15}, {agg=1772 pas=1767 @98 q=2}]
          real   = [{agg=1772 pas=1737 @96 q=3}, {agg=1772 pas=1770 @97 q=15}, {agg=1772 pas=1763 @98 q=2}]
    [BUG  ] step 2147 [SUBMIT id=1773 BUY LIMIT FOK px=99 q=8] trades:
          shadow = [{agg=1773 pas=1767 @98 q=8}]
          real   = [{agg=1773 pas=1763 @98 q=8}]
    [BUG  ] step 2147 [SUBMIT id=1773 BUY LIMIT FOK px=99 q=8] orderCount:
          shadow = 4
          real   = 5
    [BUG  ] step 2148 [SUBMIT id=1774 BUY MARKET FOK px=0 q=15] trades:
          shadow = [{agg=1774 pas=1763 @98 q=15}]
          real   = [{agg=1774 pas=1763 @98 q=5}, {agg=1774 pas=1767 @98 q=10}]
    [BUG  ] step 2183 [SUBMIT id=1799 BUY MARKET IOC px=0 q=3] trades:
          shadow = [{agg=1799 pas=1552 @103 q=3}]
          real   = [{agg=1799 pas=1790 @103 q=3}]
    [BUG  ] step 5878 [SUBMIT id=4839 BUY MARKET IOC px=0 q=10] trades:
          shadow = [{agg=4839 pas=4567 @105 q=5}, {agg=4826 pas=4829 @105 q=15}, {agg=4839 pas=4812 @105 q=1}, {agg=4839 pas=4829 @105 q=4}]
          real   = [{agg=4839 pas=4829 @105 q=10}, {agg=4826 pas=4829 @105 q=10}, {agg=4826 pas=4567 @105 q=5}]
    [BUG  ] step 5883 [SUBMIT id=4844 BUY STP_MKT IOC px=0 q=15 sp=102] trades:
          shadow = [{agg=4844 pas=4829 @105 q=1}, {agg=4844 pas=4831 @109 q=11}, {agg=4844 pas=4841 @110 q=1}]
          real   = [{agg=4844 pas=4812 @105 q=1}, {agg=4844 pas=4831 @109 q=11}, {agg=4844 pas=4841 @110 q=1}]
    [BUG  ] step 6172 [SUBMIT id=5083 BUY STP_MKT IOC px=0 q=8 sp=95] trades:
          shadow = [{agg=5083 pas=5037 @96 q=8}]
          real   = [{agg=5083 pas=5076 @96 q=8}]
    [BUG  ] step 6172 [SUBMIT id=5083 BUY STP_MKT IOC px=0 q=8 sp=95] orderCount:
          shadow = 5
          real   = 6
    [BUG  ] step 6173 [SUBMIT id=5084 SELL LIMIT DAY px=101 q=15] orderCount:
          shadow = 6
          real   = 7
    [BUG  ] step 6174 [AMEND id=5081 px=110 qty=0] trades:
          shadow = [{agg=5081 pas=5076 @96 q=12}, {agg=5081 pas=5077 @96 q=2}]
          real   = [{agg=5081 pas=5076 @96 q=4}, {agg=5081 pas=5077 @96 q=2}, {agg=5081 pas=5037 @96 q=8}]
    [BUG  ] step 13396 [SUBMIT id=11033 BUY LIMIT FOK px=95 q=5] trades:
          shadow = [{agg=11033 pas=11022 @95 q=1}, {agg=11032 pas=11021 @95 q=8}, {agg=11033 pas=11021 @95 q=4}]
          real   = [{agg=11033 pas=11021 @95 q=5}, {agg=11032 pas=11021 @95 q=7}, {agg=11032 pas=11022 @95 q=1}]
    [BUG  ] step 15883 [SUBMIT id=13069 BUY LIMIT FOK px=109 q=20] trades:
          shadow = [{agg=13069 pas=13014 @98 q=10}, {agg=13069 pas=13053 @98 q=4}, {agg=13069 pas=13022 @100 q=6}]
          real   = [{agg=13069 pas=13053 @98 q=4}, {agg=13069 pas=13014 @98 q=10}, {agg=13069 pas=13022 @100 q=6}]
    [BUG  ] step 16180 [SUBMIT id=13316 BUY LIMIT FOK px=99 q=15] trades:
          shadow = [{agg=13316 pas=13247 @98 q=8}, {agg=13316 pas=13309 @98 q=7}]
          real   = [{agg=13316 pas=13309 @98 q=15}]
    [BUG  ] step 16180 [SUBMIT id=13316 BUY LIMIT FOK px=99 q=15] orderCount:
          shadow = 2
          real   = 3
    [BUG  ] step 16181 [CANCEL id=13309] bestAsk:
          shadow = 103
          real   = 98
    [BUG  ] step 16181 [CANCEL id=13309] orderCount:
          shadow = 1
          real   = 2
    [BUG  ] step 16182 [SUBMIT id=13317 BUY MARKET FOK px=0 q=3] trades:
          shadow = [{agg=13317 pas=13284 @103 q=3}]
          real   = [{agg=13317 pas=13247 @98 q=3}]
    [BUG  ] step 16182 [SUBMIT id=13317 BUY MARKET FOK px=0 q=3] bestAsk:
          shadow = 0
          real   = 98
    [BUG  ] step 16182 [SUBMIT id=13317 BUY MARKET FOK px=0 q=3] orderCount:
          shadow = 0
          real   = 2
    [BUG  ] step 16182 [SUBMIT id=13317 BUY MARKET FOK px=0 q=3] lastTradePrice:
          shadow = 103
          real   = 98

  Result: FAIL
=========================================================
