Shadow Model Test
  Steps: 5000000
  Seed:  486

  BUG   step 128 [SUBMIT id=107 BUY STP_LIM GTC px=105 q=20 sp=104] field=trades shadow=[{agg=107 pas=95 @105 q=10}, {agg=107 pas=89 @105 q=10}] real=[{agg=107 pas=89 @105 q=12}, {agg=107 pas=95 @105 q=8}]
  BUG   step 129 [CANCEL id=89] field=cancelled shadow=[{89:USER_REQUESTED}] real=[]
  BUG   step 129 [CANCEL id=89] field=bestAsk shadow=0 real=105
  BUG   step 129 [CANCEL id=89] field=orderCount shadow=0 real=1
  BUG   step 130 [SUBMIT id=108 BUY MARKET FOK px=0 q=15] field=bestAsk shadow=0 real=105
  BUG   step 130 [SUBMIT id=108 BUY MARKET FOK px=0 q=15] field=orderCount shadow=0 real=1
  BUG   step 131 [SUBMIT id=109 BUY LIMIT DAY px=96 q=2] field=bestAsk shadow=0 real=105
  BUG   step 131 [SUBMIT id=109 BUY LIMIT DAY px=96 q=2] field=orderCount shadow=1 real=2
  BUG   step 132 [SUBMIT id=110 SELL LIMIT FOK px=103 q=10] field=bestAsk shadow=0 real=105
  BUG   step 132 [SUBMIT id=110 SELL LIMIT FOK px=103 q=10] field=orderCount shadow=1 real=2
  BUG   step 133 [SUBMIT id=111 BUY STP_LIM FOK px=107 q=2 sp=96] field=trades shadow=[] real=[{agg=111 pas=95 @105 q=2}]
  BUG   step 133 [SUBMIT id=111 BUY STP_LIM FOK px=107 q=2 sp=96] field=cancelled shadow=[{111:FOK_NOT_SATISFIABLE}] real=[]
  BUG   step 3410 [SUBMIT id=2821 SELL LIMIT IOC px=101 q=10] field=trades shadow=[{agg=2821 pas=2811 @106 q=1}, {agg=2821 pas=2816 @106 q=9}] real=[{agg=2821 pas=2816 @106 q=10}]
  BUG   step 3410 [SUBMIT id=2821 SELL LIMIT IOC px=101 q=10] field=orderCount shadow=1 real=2
  BUG   step 3411 [SUBMIT id=2822 BUY MTL GTC px=106 q=3 stg=2] field=orderCount shadow=1 real=2
  BUG   step 3412 [SUBMIT id=2823 SELL STP_LIM IOC px=107 q=2 sp=98] field=orderCount shadow=1 real=2
  BUG   step 3413 [AMEND id=2816 px=107 qty=16] field=orderCount shadow=1 real=2
  BUG   step 3414 [SUBMIT id=2824 SELL LIMIT FOK px=107 q=3] field=orderCount shadow=1 real=2
  BUG   step 3415 [AMEND id=2816 px=109 qty=5] field=orderCount shadow=1 real=2
  BUG   step 3416 [SUBMIT id=2825 SELL MTL DAY px=108 q=8] field=orderCount shadow=1 real=2
  (halting after 20 BUG divergences)

=========================================================
  Shadow Model Test Report
=========================================================
  Steps run:         3416
  Submits:           2825
  Cancels:           343
  Amends:            248
  Trades produced:   753
  Divergences total: 20  (BUG=20  KNOWN=0)

  Divergence details (first 30):
    [BUG  ] step 128 [SUBMIT id=107 BUY STP_LIM GTC px=105 q=20 sp=104] trades:
          shadow = [{agg=107 pas=95 @105 q=10}, {agg=107 pas=89 @105 q=10}]
          real   = [{agg=107 pas=89 @105 q=12}, {agg=107 pas=95 @105 q=8}]
    [BUG  ] step 129 [CANCEL id=89] cancelled:
          shadow = [{89:USER_REQUESTED}]
          real   = []
    [BUG  ] step 129 [CANCEL id=89] bestAsk:
          shadow = 0
          real   = 105
    [BUG  ] step 129 [CANCEL id=89] orderCount:
          shadow = 0
          real   = 1
    [BUG  ] step 130 [SUBMIT id=108 BUY MARKET FOK px=0 q=15] bestAsk:
          shadow = 0
          real   = 105
    [BUG  ] step 130 [SUBMIT id=108 BUY MARKET FOK px=0 q=15] orderCount:
          shadow = 0
          real   = 1
    [BUG  ] step 131 [SUBMIT id=109 BUY LIMIT DAY px=96 q=2] bestAsk:
          shadow = 0
          real   = 105
    [BUG  ] step 131 [SUBMIT id=109 BUY LIMIT DAY px=96 q=2] orderCount:
          shadow = 1
          real   = 2
    [BUG  ] step 132 [SUBMIT id=110 SELL LIMIT FOK px=103 q=10] bestAsk:
          shadow = 0
          real   = 105
    [BUG  ] step 132 [SUBMIT id=110 SELL LIMIT FOK px=103 q=10] orderCount:
          shadow = 1
          real   = 2
    [BUG  ] step 133 [SUBMIT id=111 BUY STP_LIM FOK px=107 q=2 sp=96] trades:
          shadow = []
          real   = [{agg=111 pas=95 @105 q=2}]
    [BUG  ] step 133 [SUBMIT id=111 BUY STP_LIM FOK px=107 q=2 sp=96] cancelled:
          shadow = [{111:FOK_NOT_SATISFIABLE}]
          real   = []
    [BUG  ] step 3410 [SUBMIT id=2821 SELL LIMIT IOC px=101 q=10] trades:
          shadow = [{agg=2821 pas=2811 @106 q=1}, {agg=2821 pas=2816 @106 q=9}]
          real   = [{agg=2821 pas=2816 @106 q=10}]
    [BUG  ] step 3410 [SUBMIT id=2821 SELL LIMIT IOC px=101 q=10] orderCount:
          shadow = 1
          real   = 2
    [BUG  ] step 3411 [SUBMIT id=2822 BUY MTL GTC px=106 q=3 stg=2] orderCount:
          shadow = 1
          real   = 2
    [BUG  ] step 3412 [SUBMIT id=2823 SELL STP_LIM IOC px=107 q=2 sp=98] orderCount:
          shadow = 1
          real   = 2
    [BUG  ] step 3413 [AMEND id=2816 px=107 qty=16] orderCount:
          shadow = 1
          real   = 2
    [BUG  ] step 3414 [SUBMIT id=2824 SELL LIMIT FOK px=107 q=3] orderCount:
          shadow = 1
          real   = 2
    [BUG  ] step 3415 [AMEND id=2816 px=109 qty=5] orderCount:
          shadow = 1
          real   = 2
    [BUG  ] step 3416 [SUBMIT id=2825 SELL MTL DAY px=108 q=8] orderCount:
          shadow = 1
          real   = 2

  Result: FAIL
=========================================================
