Shadow Model Test
  Steps: 5000000
  Seed:  206

  BUG   step 1420 [SUBMIT id=1163 SELL MARKET FOK px=0 q=10] field=trades shadow=[{agg=1163 pas=1092 @106 q=10}] real=[{agg=1163 pas=1153 @106 q=10}]
  BUG   step 1420 [SUBMIT id=1163 SELL MARKET FOK px=0 q=10] field=orderCount shadow=2 real=3
  BUG   step 1421 [SUBMIT id=1164 BUY STP_LIM IOC px=102 q=10 sp=107] field=orderCount shadow=2 real=3
  BUG   step 1422 [SUBMIT id=1165 BUY LIMIT GTC px=107 q=20 PO] field=orderCount shadow=3 real=4
  BUG   step 1423 [SUBMIT id=1166 SELL STP_LIM IOC px=106 q=3 sp=98] field=orderCount shadow=3 real=4
  BUG   step 1424 [SUBMIT id=1167 BUY STP_MKT FOK px=0 q=20 sp=102] field=orderCount shadow=3 real=4
  BUG   step 1425 [SUBMIT id=1168 BUY LIMIT GTC px=106 q=1 stg=1] field=orderCount shadow=4 real=5
  BUG   step 1426 [CANCEL id=1168] field=orderCount shadow=3 real=4
  BUG   step 1427 [SUBMIT id=1169 BUY LIMIT FOK px=106 q=15] field=orderCount shadow=3 real=4
  BUG   step 1428 [SUBMIT id=1170 SELL LIMIT DAY px=108 q=5] field=orderCount shadow=4 real=5
  BUG   step 1429 [AMEND id=1165 px=0 qty=5] field=orderCount shadow=4 real=5
  BUG   step 1430 [CANCEL id=1165] field=orderCount shadow=3 real=4
  BUG   step 1431 [SUBMIT id=1171 SELL LIMIT GTC px=101 q=8 PO stg=2] field=orderCount shadow=3 real=4
  BUG   step 1432 [SUBMIT id=1172 BUY LIMIT FOK px=107 q=3] field=orderCount shadow=3 real=4
  BUG   step 1433 [SUBMIT id=1173 BUY MTL GTC px=107 q=15 stg=1] field=orderCount shadow=3 real=4
  BUG   step 1434 [SUBMIT id=1174 BUY LIMIT DAY px=106 q=8] field=orderCount shadow=4 real=5
  BUG   step 1435 [CANCEL id=1174] field=orderCount shadow=3 real=4
  BUG   step 1436 [SUBMIT id=1175 BUY MTL GTC px=103 q=20] field=orderCount shadow=3 real=4
  BUG   step 1437 [SUBMIT id=1176 BUY LIMIT FOK px=101 q=8] field=orderCount shadow=3 real=4
  BUG   step 1438 [SUBMIT id=1177 SELL LIMIT DAY px=107 q=8] field=orderCount shadow=4 real=5
  (halting after 20 BUG divergences)

=========================================================
  Shadow Model Test Report
=========================================================
  Steps run:         1438
  Submits:           1177
  Cancels:           150
  Amends:            111
  Trades produced:   309
  Divergences total: 20  (BUG=20  KNOWN=0)

  Divergence details (first 30):
    [BUG  ] step 1420 [SUBMIT id=1163 SELL MARKET FOK px=0 q=10] trades:
          shadow = [{agg=1163 pas=1092 @106 q=10}]
          real   = [{agg=1163 pas=1153 @106 q=10}]
    [BUG  ] step 1420 [SUBMIT id=1163 SELL MARKET FOK px=0 q=10] orderCount:
          shadow = 2
          real   = 3
    [BUG  ] step 1421 [SUBMIT id=1164 BUY STP_LIM IOC px=102 q=10 sp=107] orderCount:
          shadow = 2
          real   = 3
    [BUG  ] step 1422 [SUBMIT id=1165 BUY LIMIT GTC px=107 q=20 PO] orderCount:
          shadow = 3
          real   = 4
    [BUG  ] step 1423 [SUBMIT id=1166 SELL STP_LIM IOC px=106 q=3 sp=98] orderCount:
          shadow = 3
          real   = 4
    [BUG  ] step 1424 [SUBMIT id=1167 BUY STP_MKT FOK px=0 q=20 sp=102] orderCount:
          shadow = 3
          real   = 4
    [BUG  ] step 1425 [SUBMIT id=1168 BUY LIMIT GTC px=106 q=1 stg=1] orderCount:
          shadow = 4
          real   = 5
    [BUG  ] step 1426 [CANCEL id=1168] orderCount:
          shadow = 3
          real   = 4
    [BUG  ] step 1427 [SUBMIT id=1169 BUY LIMIT FOK px=106 q=15] orderCount:
          shadow = 3
          real   = 4
    [BUG  ] step 1428 [SUBMIT id=1170 SELL LIMIT DAY px=108 q=5] orderCount:
          shadow = 4
          real   = 5
    [BUG  ] step 1429 [AMEND id=1165 px=0 qty=5] orderCount:
          shadow = 4
          real   = 5
    [BUG  ] step 1430 [CANCEL id=1165] orderCount:
          shadow = 3
          real   = 4
    [BUG  ] step 1431 [SUBMIT id=1171 SELL LIMIT GTC px=101 q=8 PO stg=2] orderCount:
          shadow = 3
          real   = 4
    [BUG  ] step 1432 [SUBMIT id=1172 BUY LIMIT FOK px=107 q=3] orderCount:
          shadow = 3
          real   = 4
    [BUG  ] step 1433 [SUBMIT id=1173 BUY MTL GTC px=107 q=15 stg=1] orderCount:
          shadow = 3
          real   = 4
    [BUG  ] step 1434 [SUBMIT id=1174 BUY LIMIT DAY px=106 q=8] orderCount:
          shadow = 4
          real   = 5
    [BUG  ] step 1435 [CANCEL id=1174] orderCount:
          shadow = 3
          real   = 4
    [BUG  ] step 1436 [SUBMIT id=1175 BUY MTL GTC px=103 q=20] orderCount:
          shadow = 3
          real   = 4
    [BUG  ] step 1437 [SUBMIT id=1176 BUY LIMIT FOK px=101 q=8] orderCount:
          shadow = 3
          real   = 4
    [BUG  ] step 1438 [SUBMIT id=1177 SELL LIMIT DAY px=107 q=8] orderCount:
          shadow = 4
          real   = 5

  Result: FAIL
=========================================================
