Shadow Model Test
  Steps: 5000000
  Seed:  339

  BUG   step 712 [SUBMIT id=608 BUY LIMIT DAY px=96 q=1] field=trades shadow=[{agg=608 pas=358 @96 q=1}, {agg=607 pas=358 @96 q=9}, {agg=607 pas=599 @96 q=1}] real=[{agg=608 pas=599 @96 q=1}, {agg=607 pas=358 @96 q=10}]
  BUG   step 1785 [SUBMIT id=1500 BUY LIMIT IOC px=110 q=15] field=trades shadow=[{agg=1500 pas=1495 @96 q=10}, {agg=1500 pas=1497 @96 q=5}] real=[{agg=1500 pas=1497 @96 q=9}, {agg=1500 pas=1495 @96 q=6}]
  BUG   step 1796 [SUBMIT id=1507 BUY MARKET FOK px=0 q=10] field=trades shadow=[{agg=1507 pas=1497 @96 q=10}] real=[{agg=1507 pas=1495 @96 q=4}, {agg=1507 pas=1501 @97 q=1}, {agg=1507 pas=1506 @97 q=5}]
  BUG   step 1796 [SUBMIT id=1507 BUY MARKET FOK px=0 q=10] field=bestAsk shadow=96 real=97
  BUG   step 1796 [SUBMIT id=1507 BUY MARKET FOK px=0 q=10] field=orderCount shadow=4 real=2
  BUG   step 1796 [SUBMIT id=1507 BUY MARKET FOK px=0 q=10] field=lastTradePrice shadow=96 real=97
  BUG   step 1797 [SUBMIT id=1508 SELL LIMIT IOC px=96 q=15 mq=15] field=bestAsk shadow=96 real=97
  BUG   step 1797 [SUBMIT id=1508 SELL LIMIT IOC px=96 q=15 mq=15] field=orderCount shadow=4 real=2
  BUG   step 1797 [SUBMIT id=1508 SELL LIMIT IOC px=96 q=15 mq=15] field=lastTradePrice shadow=96 real=97
  BUG   step 1798 [SUBMIT id=1509 BUY MARKET IOC px=0 q=5] field=trades shadow=[{agg=1509 pas=1497 @96 q=4}, {agg=1509 pas=1501 @97 q=1}] real=[{agg=1509 pas=1506 @97 q=5}]
  BUG   step 2334 [SUBMIT id=1952 BUY LIMIT FOK px=98 q=5] field=trades shadow=[{agg=1952 pas=1940 @98 q=5}] real=[{agg=1952 pas=1941 @98 q=2}, {agg=1952 pas=1940 @98 q=3}]
  BUG   step 2334 [SUBMIT id=1952 BUY LIMIT FOK px=98 q=5] field=orderCount shadow=4 real=3
  BUG   step 2335 [SUBMIT id=1953 SELL STP_MKT IOC px=0 q=10 sp=97 stg=2] field=orderCount shadow=4 real=3
  BUG   step 2336 [SUBMIT id=1954 BUY STP_MKT FOK px=0 q=10 sp=105] field=orderCount shadow=4 real=3
  BUG   step 2337 [SUBMIT id=1955 SELL LIMIT IOC px=97 q=1] field=orderCount shadow=3 real=2
  BUG   step 2338 [SUBMIT id=1956 SELL MARKET IOC px=0 q=10] field=orderCount shadow=3 real=2
  BUG   step 2339 [SUBMIT id=1957 SELL LIMIT FOK px=105 q=8] field=orderCount shadow=3 real=2
  BUG   step 2340 [CANCEL id=1947] field=orderCount shadow=2 real=1
  BUG   step 2341 [SUBMIT id=1958 BUY LIMIT FOK px=103 q=10] field=orderCount shadow=2 real=1
  BUG   step 2342 [SUBMIT id=1959 BUY LIMIT DAY px=97 q=3] field=orderCount shadow=3 real=2
  (halting after 20 BUG divergences)

=========================================================
  Shadow Model Test Report
=========================================================
  Steps run:         2342
  Submits:           1959
  Cancels:           241
  Amends:            142
  Trades produced:   521
  Divergences total: 20  (BUG=20  KNOWN=0)

  Divergence details (first 30):
    [BUG  ] step 712 [SUBMIT id=608 BUY LIMIT DAY px=96 q=1] trades:
          shadow = [{agg=608 pas=358 @96 q=1}, {agg=607 pas=358 @96 q=9}, {agg=607 pas=599 @96 q=1}]
          real   = [{agg=608 pas=599 @96 q=1}, {agg=607 pas=358 @96 q=10}]
    [BUG  ] step 1785 [SUBMIT id=1500 BUY LIMIT IOC px=110 q=15] trades:
          shadow = [{agg=1500 pas=1495 @96 q=10}, {agg=1500 pas=1497 @96 q=5}]
          real   = [{agg=1500 pas=1497 @96 q=9}, {agg=1500 pas=1495 @96 q=6}]
    [BUG  ] step 1796 [SUBMIT id=1507 BUY MARKET FOK px=0 q=10] trades:
          shadow = [{agg=1507 pas=1497 @96 q=10}]
          real   = [{agg=1507 pas=1495 @96 q=4}, {agg=1507 pas=1501 @97 q=1}, {agg=1507 pas=1506 @97 q=5}]
    [BUG  ] step 1796 [SUBMIT id=1507 BUY MARKET FOK px=0 q=10] bestAsk:
          shadow = 96
          real   = 97
    [BUG  ] step 1796 [SUBMIT id=1507 BUY MARKET FOK px=0 q=10] orderCount:
          shadow = 4
          real   = 2
    [BUG  ] step 1796 [SUBMIT id=1507 BUY MARKET FOK px=0 q=10] lastTradePrice:
          shadow = 96
          real   = 97
    [BUG  ] step 1797 [SUBMIT id=1508 SELL LIMIT IOC px=96 q=15 mq=15] bestAsk:
          shadow = 96
          real   = 97
    [BUG  ] step 1797 [SUBMIT id=1508 SELL LIMIT IOC px=96 q=15 mq=15] orderCount:
          shadow = 4
          real   = 2
    [BUG  ] step 1797 [SUBMIT id=1508 SELL LIMIT IOC px=96 q=15 mq=15] lastTradePrice:
          shadow = 96
          real   = 97
    [BUG  ] step 1798 [SUBMIT id=1509 BUY MARKET IOC px=0 q=5] trades:
          shadow = [{agg=1509 pas=1497 @96 q=4}, {agg=1509 pas=1501 @97 q=1}]
          real   = [{agg=1509 pas=1506 @97 q=5}]
    [BUG  ] step 2334 [SUBMIT id=1952 BUY LIMIT FOK px=98 q=5] trades:
          shadow = [{agg=1952 pas=1940 @98 q=5}]
          real   = [{agg=1952 pas=1941 @98 q=2}, {agg=1952 pas=1940 @98 q=3}]
    [BUG  ] step 2334 [SUBMIT id=1952 BUY LIMIT FOK px=98 q=5] orderCount:
          shadow = 4
          real   = 3
    [BUG  ] step 2335 [SUBMIT id=1953 SELL STP_MKT IOC px=0 q=10 sp=97 stg=2] orderCount:
          shadow = 4
          real   = 3
    [BUG  ] step 2336 [SUBMIT id=1954 BUY STP_MKT FOK px=0 q=10 sp=105] orderCount:
          shadow = 4
          real   = 3
    [BUG  ] step 2337 [SUBMIT id=1955 SELL LIMIT IOC px=97 q=1] orderCount:
          shadow = 3
          real   = 2
    [BUG  ] step 2338 [SUBMIT id=1956 SELL MARKET IOC px=0 q=10] orderCount:
          shadow = 3
          real   = 2
    [BUG  ] step 2339 [SUBMIT id=1957 SELL LIMIT FOK px=105 q=8] orderCount:
          shadow = 3
          real   = 2
    [BUG  ] step 2340 [CANCEL id=1947] orderCount:
          shadow = 2
          real   = 1
    [BUG  ] step 2341 [SUBMIT id=1958 BUY LIMIT FOK px=103 q=10] orderCount:
          shadow = 2
          real   = 1
    [BUG  ] step 2342 [SUBMIT id=1959 BUY LIMIT DAY px=97 q=3] orderCount:
          shadow = 3
          real   = 2

  Result: FAIL
=========================================================
