Shadow Model Test
  Steps: 5000000
  Seed:  228

  BUG   step 1249 [SUBMIT id=1036 SELL LIMIT GTC px=108 q=20] field=trades shadow=[{agg=1036 pas=957 @113 q=5}, {agg=1036 pas=1027 @113 q=1}, {agg=1036 pas=1029 @113 q=2}] real=[{agg=1036 pas=1027 @113 q=1}, {agg=1036 pas=957 @113 q=5}, {agg=1036 pas=1029 @113 q=2}]
  BUG   step 2836 [SUBMIT id=2347 SELL LIMIT GTC px=105 q=3 mq=3] field=trades shadow=[{agg=2347 pas=2340 @105 q=2}, {agg=2347 pas=2344 @105 q=1}] real=[{agg=2347 pas=2344 @105 q=2}, {agg=2347 pas=2340 @105 q=1}]
  BUG   step 2837 [SUBMIT id=2348 SELL LIMIT DAY px=104 q=3 stg=1] field=trades shadow=[{agg=2348 pas=2344 @105 q=1}] real=[{agg=2348 pas=2340 @105 q=1}]
  BUG   step 3314 [SUBMIT id=2740 SELL STP_MKT IOC px=0 q=20 sp=110] field=trades shadow=[{agg=2740 pas=2705 @105 q=15}, {agg=2740 pas=2690 @100 q=5}] real=[{agg=2740 pas=2705 @105 q=15}, {agg=2740 pas=2734 @100 q=5}]
  BUG   step 3316 [SUBMIT id=2742 SELL MARKET FOK px=0 q=2] field=trades shadow=[{agg=2742 pas=2690 @100 q=2}] real=[{agg=2742 pas=2734 @100 q=2}]
  BUG   step 3317 [SUBMIT id=2743 SELL STP_MKT IOC px=0 q=3 sp=102] field=trades shadow=[{agg=2743 pas=2690 @100 q=3}] real=[{agg=2743 pas=2734 @100 q=3}]
  BUG   step 3327 [SUBMIT id=2751 SELL STP_MKT FOK px=0 q=15 sp=114] field=trades shadow=[] real=[{agg=2751 pas=2690 @100 q=10}, {agg=2751 pas=2188 @98 q=5}]
  BUG   step 3327 [SUBMIT id=2751 SELL STP_MKT FOK px=0 q=15 sp=114] field=cancelled shadow=[{2751:FOK_NOT_SATISFIABLE}] real=[{2716:FOK_NOT_SATISFIABLE}]
  BUG   step 3327 [SUBMIT id=2751 SELL STP_MKT FOK px=0 q=15 sp=114] field=bestBid shadow=100 real=0
  BUG   step 3327 [SUBMIT id=2751 SELL STP_MKT FOK px=0 q=15 sp=114] field=orderCount shadow=2 real=0
  BUG   step 3327 [SUBMIT id=2751 SELL STP_MKT FOK px=0 q=15 sp=114] field=lastTradePrice shadow=114 real=98
  BUG   step 3327 [SUBMIT id=2751 SELL STP_MKT FOK px=0 q=15 sp=114] field=stopCount shadow=45 real=44
  BUG   step 3328 [SUBMIT id=2752 BUY STP_MKT FOK px=0 q=15 sp=105] field=cancelled shadow=[{2752:FOK_NOT_SATISFIABLE}] real=[]
  BUG   step 3328 [SUBMIT id=2752 BUY STP_MKT FOK px=0 q=15 sp=105] field=bestBid shadow=100 real=0
  BUG   step 3328 [SUBMIT id=2752 BUY STP_MKT FOK px=0 q=15 sp=105] field=orderCount shadow=2 real=0
  BUG   step 3328 [SUBMIT id=2752 BUY STP_MKT FOK px=0 q=15 sp=105] field=lastTradePrice shadow=114 real=98
  BUG   step 3329 [SUBMIT id=2753 SELL LIMIT DAY px=101 q=2] field=bestBid shadow=100 real=0
  BUG   step 3329 [SUBMIT id=2753 SELL LIMIT DAY px=101 q=2] field=orderCount shadow=3 real=1
  BUG   step 3329 [SUBMIT id=2753 SELL LIMIT DAY px=101 q=2] field=lastTradePrice shadow=114 real=98
  (halting after 20 BUG divergences)

=========================================================
  Shadow Model Test Report
=========================================================
  Steps run:         3330
  Submits:           2754
  Cancels:           338
  Amends:            238
  Trades produced:   753
  Divergences total: 24  (BUG=24  KNOWN=0)

  Divergence details (first 30):
    [BUG  ] step 1249 [SUBMIT id=1036 SELL LIMIT GTC px=108 q=20] trades:
          shadow = [{agg=1036 pas=957 @113 q=5}, {agg=1036 pas=1027 @113 q=1}, {agg=1036 pas=1029 @113 q=2}]
          real   = [{agg=1036 pas=1027 @113 q=1}, {agg=1036 pas=957 @113 q=5}, {agg=1036 pas=1029 @113 q=2}]
    [BUG  ] step 2836 [SUBMIT id=2347 SELL LIMIT GTC px=105 q=3 mq=3] trades:
          shadow = [{agg=2347 pas=2340 @105 q=2}, {agg=2347 pas=2344 @105 q=1}]
          real   = [{agg=2347 pas=2344 @105 q=2}, {agg=2347 pas=2340 @105 q=1}]
    [BUG  ] step 2837 [SUBMIT id=2348 SELL LIMIT DAY px=104 q=3 stg=1] trades:
          shadow = [{agg=2348 pas=2344 @105 q=1}]
          real   = [{agg=2348 pas=2340 @105 q=1}]
    [BUG  ] step 3314 [SUBMIT id=2740 SELL STP_MKT IOC px=0 q=20 sp=110] trades:
          shadow = [{agg=2740 pas=2705 @105 q=15}, {agg=2740 pas=2690 @100 q=5}]
          real   = [{agg=2740 pas=2705 @105 q=15}, {agg=2740 pas=2734 @100 q=5}]
    [BUG  ] step 3316 [SUBMIT id=2742 SELL MARKET FOK px=0 q=2] trades:
          shadow = [{agg=2742 pas=2690 @100 q=2}]
          real   = [{agg=2742 pas=2734 @100 q=2}]
    [BUG  ] step 3317 [SUBMIT id=2743 SELL STP_MKT IOC px=0 q=3 sp=102] trades:
          shadow = [{agg=2743 pas=2690 @100 q=3}]
          real   = [{agg=2743 pas=2734 @100 q=3}]
    [BUG  ] step 3327 [SUBMIT id=2751 SELL STP_MKT FOK px=0 q=15 sp=114] trades:
          shadow = []
          real   = [{agg=2751 pas=2690 @100 q=10}, {agg=2751 pas=2188 @98 q=5}]
    [BUG  ] step 3327 [SUBMIT id=2751 SELL STP_MKT FOK px=0 q=15 sp=114] cancelled:
          shadow = [{2751:FOK_NOT_SATISFIABLE}]
          real   = [{2716:FOK_NOT_SATISFIABLE}]
    [BUG  ] step 3327 [SUBMIT id=2751 SELL STP_MKT FOK px=0 q=15 sp=114] bestBid:
          shadow = 100
          real   = 0
    [BUG  ] step 3327 [SUBMIT id=2751 SELL STP_MKT FOK px=0 q=15 sp=114] orderCount:
          shadow = 2
          real   = 0
    [BUG  ] step 3327 [SUBMIT id=2751 SELL STP_MKT FOK px=0 q=15 sp=114] lastTradePrice:
          shadow = 114
          real   = 98
    [BUG  ] step 3327 [SUBMIT id=2751 SELL STP_MKT FOK px=0 q=15 sp=114] stopCount:
          shadow = 45
          real   = 44
    [BUG  ] step 3328 [SUBMIT id=2752 BUY STP_MKT FOK px=0 q=15 sp=105] cancelled:
          shadow = [{2752:FOK_NOT_SATISFIABLE}]
          real   = []
    [BUG  ] step 3328 [SUBMIT id=2752 BUY STP_MKT FOK px=0 q=15 sp=105] bestBid:
          shadow = 100
          real   = 0
    [BUG  ] step 3328 [SUBMIT id=2752 BUY STP_MKT FOK px=0 q=15 sp=105] orderCount:
          shadow = 2
          real   = 0
    [BUG  ] step 3328 [SUBMIT id=2752 BUY STP_MKT FOK px=0 q=15 sp=105] lastTradePrice:
          shadow = 114
          real   = 98
    [BUG  ] step 3329 [SUBMIT id=2753 SELL LIMIT DAY px=101 q=2] bestBid:
          shadow = 100
          real   = 0
    [BUG  ] step 3329 [SUBMIT id=2753 SELL LIMIT DAY px=101 q=2] orderCount:
          shadow = 3
          real   = 1
    [BUG  ] step 3329 [SUBMIT id=2753 SELL LIMIT DAY px=101 q=2] lastTradePrice:
          shadow = 114
          real   = 98
    [BUG  ] step 3330 [SUBMIT id=2754 BUY STP_MKT FOK px=0 q=5 sp=102] cancelled:
          shadow = [{2754:FOK_NOT_SATISFIABLE}]
          real   = []
    [BUG  ] step 3330 [SUBMIT id=2754 BUY STP_MKT FOK px=0 q=5 sp=102] bestBid:
          shadow = 100
          real   = 0
    [BUG  ] step 3330 [SUBMIT id=2754 BUY STP_MKT FOK px=0 q=5 sp=102] orderCount:
          shadow = 3
          real   = 1
    [BUG  ] step 3330 [SUBMIT id=2754 BUY STP_MKT FOK px=0 q=5 sp=102] lastTradePrice:
          shadow = 114
          real   = 98
    [BUG  ] step 3330 [SUBMIT id=2754 BUY STP_MKT FOK px=0 q=5 sp=102] stopCount:
          shadow = 45
          real   = 46

  Result: FAIL
=========================================================
