Shadow Model Test
  Steps: 5000000
  Seed:  127

  BUG   step 1056 [SUBMIT id=857 BUY LIMIT DAY px=111 q=10 stg=2] field=trades shadow=[{agg=857 pas=843 @106 q=3}, {agg=851 pas=855 @111 q=2}, {agg=257 pas=855 @111 q=8}, {agg=835 pas=855 @111 q=1}, {agg=857 pas=836 @106 q=1}, {agg=857 pas=836 @106 q=1}, {agg=857 pas=855 @111 q=5}] real=[{agg=857 pas=836 @106 q=1}, {agg=851 pas=855 @111 q=2}, {agg=257 pas=855 @111 q=8}, {agg=835 pas=855 @111 q=1}, {agg=857 pas=843 @106 q=3}, {agg=857 pas=836 @106 q=1}, {agg=857 pas=855 @111 q=5}]
  BUG   step 1917 [SUBMIT id=1574 BUY STP_MKT IOC px=0 q=20 sp=102] field=trades shadow=[{agg=1574 pas=1571 @103 q=5}, {agg=1574 pas=1565 @107 q=5}, {agg=1574 pas=1549 @108 q=10}] real=[{agg=1574 pas=1571 @103 q=5}, {agg=1574 pas=1565 @107 q=5}, {agg=1574 pas=1570 @108 q=10}]
  BUG   step 1917 [SUBMIT id=1574 BUY STP_MKT IOC px=0 q=20 sp=102] field=orderCount shadow=2 real=3
  BUG   step 1918 [SUBMIT id=1575 BUY STP_MKT IOC px=0 q=10 sp=111] field=orderCount shadow=2 real=3
  BUG   step 1919 [SUBMIT id=1576 BUY STP_LIM FOK px=109 q=20 sp=118] field=orderCount shadow=2 real=3
  BUG   step 1920 [SUBMIT id=1577 BUY STP_MKT FOK px=0 q=2 sp=118] field=orderCount shadow=2 real=3
  BUG   step 1921 [SUBMIT id=1578 BUY STP_MKT IOC px=0 q=15 sp=108] field=trades shadow=[{agg=1578 pas=1570 @108 q=15}] real=[{agg=1578 pas=1570 @108 q=7}, {agg=1578 pas=1549 @108 q=8}]
  BUG   step 1922 [CANCEL id=1570] field=cancelled shadow=[{1570:USER_REQUESTED}] real=[]
  BUG   step 1922 [CANCEL id=1570] field=bestAsk shadow=109 real=108
  BUG   step 1922 [CANCEL id=1570] field=orderCount shadow=1 real=2
  BUG   step 1923 [CANCEL id=1553] field=bestAsk shadow=0 real=108
  BUG   step 1923 [CANCEL id=1553] field=orderCount shadow=0 real=1
  BUG   step 1924 [SUBMIT id=1579 BUY LIMIT IOC px=97 q=20 stg=1] field=bestAsk shadow=0 real=108
  BUG   step 1924 [SUBMIT id=1579 BUY LIMIT IOC px=97 q=20 stg=1] field=orderCount shadow=0 real=1
  BUG   step 1925 [SUBMIT id=1580 SELL LIMIT FOK px=108 q=8] field=bestAsk shadow=0 real=108
  BUG   step 1925 [SUBMIT id=1580 SELL LIMIT FOK px=108 q=8] field=orderCount shadow=0 real=1
  BUG   step 1926 [SUBMIT id=1581 BUY LIMIT IOC px=96 q=3] field=bestAsk shadow=0 real=108
  BUG   step 1926 [SUBMIT id=1581 BUY LIMIT IOC px=96 q=3] field=orderCount shadow=0 real=1
  BUG   step 1927 [SUBMIT id=1582 BUY LIMIT FOK px=95 q=20 stg=1] field=bestAsk shadow=0 real=108
  BUG   step 1927 [SUBMIT id=1582 BUY LIMIT FOK px=95 q=20 stg=1] field=orderCount shadow=0 real=1
  (halting after 20 BUG divergences)

=========================================================
  Shadow Model Test Report
=========================================================
  Steps run:         1927
  Submits:           1582
  Cancels:           204
  Amends:            141
  Trades produced:   420
  Divergences total: 20  (BUG=20  KNOWN=0)

  Divergence details (first 30):
    [BUG  ] step 1056 [SUBMIT id=857 BUY LIMIT DAY px=111 q=10 stg=2] trades:
          shadow = [{agg=857 pas=843 @106 q=3}, {agg=851 pas=855 @111 q=2}, {agg=257 pas=855 @111 q=8}, {agg=835 pas=855 @111 q=1}, {agg=857 pas=836 @106 q=1}, {agg=857 pas=836 @106 q=1}, {agg=857 pas=855 @111 q=5}]
          real   = [{agg=857 pas=836 @106 q=1}, {agg=851 pas=855 @111 q=2}, {agg=257 pas=855 @111 q=8}, {agg=835 pas=855 @111 q=1}, {agg=857 pas=843 @106 q=3}, {agg=857 pas=836 @106 q=1}, {agg=857 pas=855 @111 q=5}]
    [BUG  ] step 1917 [SUBMIT id=1574 BUY STP_MKT IOC px=0 q=20 sp=102] trades:
          shadow = [{agg=1574 pas=1571 @103 q=5}, {agg=1574 pas=1565 @107 q=5}, {agg=1574 pas=1549 @108 q=10}]
          real   = [{agg=1574 pas=1571 @103 q=5}, {agg=1574 pas=1565 @107 q=5}, {agg=1574 pas=1570 @108 q=10}]
    [BUG  ] step 1917 [SUBMIT id=1574 BUY STP_MKT IOC px=0 q=20 sp=102] orderCount:
          shadow = 2
          real   = 3
    [BUG  ] step 1918 [SUBMIT id=1575 BUY STP_MKT IOC px=0 q=10 sp=111] orderCount:
          shadow = 2
          real   = 3
    [BUG  ] step 1919 [SUBMIT id=1576 BUY STP_LIM FOK px=109 q=20 sp=118] orderCount:
          shadow = 2
          real   = 3
    [BUG  ] step 1920 [SUBMIT id=1577 BUY STP_MKT FOK px=0 q=2 sp=118] orderCount:
          shadow = 2
          real   = 3
    [BUG  ] step 1921 [SUBMIT id=1578 BUY STP_MKT IOC px=0 q=15 sp=108] trades:
          shadow = [{agg=1578 pas=1570 @108 q=15}]
          real   = [{agg=1578 pas=1570 @108 q=7}, {agg=1578 pas=1549 @108 q=8}]
    [BUG  ] step 1922 [CANCEL id=1570] cancelled:
          shadow = [{1570:USER_REQUESTED}]
          real   = []
    [BUG  ] step 1922 [CANCEL id=1570] bestAsk:
          shadow = 109
          real   = 108
    [BUG  ] step 1922 [CANCEL id=1570] orderCount:
          shadow = 1
          real   = 2
    [BUG  ] step 1923 [CANCEL id=1553] bestAsk:
          shadow = 0
          real   = 108
    [BUG  ] step 1923 [CANCEL id=1553] orderCount:
          shadow = 0
          real   = 1
    [BUG  ] step 1924 [SUBMIT id=1579 BUY LIMIT IOC px=97 q=20 stg=1] bestAsk:
          shadow = 0
          real   = 108
    [BUG  ] step 1924 [SUBMIT id=1579 BUY LIMIT IOC px=97 q=20 stg=1] orderCount:
          shadow = 0
          real   = 1
    [BUG  ] step 1925 [SUBMIT id=1580 SELL LIMIT FOK px=108 q=8] bestAsk:
          shadow = 0
          real   = 108
    [BUG  ] step 1925 [SUBMIT id=1580 SELL LIMIT FOK px=108 q=8] orderCount:
          shadow = 0
          real   = 1
    [BUG  ] step 1926 [SUBMIT id=1581 BUY LIMIT IOC px=96 q=3] bestAsk:
          shadow = 0
          real   = 108
    [BUG  ] step 1926 [SUBMIT id=1581 BUY LIMIT IOC px=96 q=3] orderCount:
          shadow = 0
          real   = 1
    [BUG  ] step 1927 [SUBMIT id=1582 BUY LIMIT FOK px=95 q=20 stg=1] bestAsk:
          shadow = 0
          real   = 108
    [BUG  ] step 1927 [SUBMIT id=1582 BUY LIMIT FOK px=95 q=20 stg=1] orderCount:
          shadow = 0
          real   = 1

  Result: FAIL
=========================================================
